[ 2015-11-02T11:02:07+08:00 ] ::1 /NewBlog/index.php?m=admin
INFO: [ app_init ] --START--
INFO: Run Behavior\BuildLiteBehavior [ RunTime:0.000211s ]
INFO: [ app_init ] --END-- [ RunTime:0.001415s ]
INFO: [ app_begin ] --START--
INFO: Run Behavior\ReadHtmlCacheBehavior [ RunTime:0.000733s ]
INFO: [ app_begin ] --END-- [ RunTime:0.000830s ]
SQL: SHOW COLUMNS FROM `blog_user` [ RunTime:0.3936s ]
SQL: SELECT * FROM `blog_user` LIMIT 1   [ RunTime:0.0003s ]
SQL: SHOW COLUMNS FROM `blog_article_detail` [ RunTime:0.0022s ]
NOTIC: [8] Undefined index: p D:\wamp\www\NewBlog\Class\Admin\Model\ArticleDetailModel.class.php 第 16 行.
SQL: SELECT ad.id,ad.title,ad.content,ad.create_time,ac.name,ad.update_time FROM blog_article_detail ad INNER JOIN blog_article_category AS ac ON ad.category_id = ac.id  WHERE ad.status = 1 ORDER BY update_time desc LIMIT 0,5   [ RunTime:0.0509s ]
INFO: [ view_parse ] --START--
INFO: [ template_filter ] --START--
INFO: Run Behavior\ContentReplaceBehavior [ RunTime:0.000056s ]
INFO: [ template_filter ] --END-- [ RunTime:0.000145s ]
NOTIC: [8] Undefined variable: module D:\wamp\www\NewBlog\ThinkPHP\Common\functions.php 第 988 行.
NOTIC: [8] Undefined variable: var D:\wamp\www\NewBlog\ThinkPHP\Common\functions.php 第 988 行.
NOTIC: [2] array_reverse() expects parameter 1 to be array, null given D:\wamp\www\NewBlog\ThinkPHP\Common\functions.php 第 988 行.
NOTIC: [2] http_build_query() [<a href='function.http-build-query'>function.http-build-query</a>]: Parameter 1 expected to be Array or Object.  Incorrect value given D:\wamp\www\NewBlog\ThinkPHP\Common\functions.php 第 988 行.
INFO: Run Behavior\ParseTemplateBehavior [ RunTime:0.233608s ]
INFO: [ view_parse ] --END-- [ RunTime:0.233724s ]
INFO: [ view_filter ] --START--
INFO: Run Behavior\WriteHtmlCacheBehavior [ RunTime:0.041471s ]
INFO: [ view_filter ] --END-- [ RunTime:0.041564s ]
INFO: [ app_end ] --START--
INFO: Run Behavior\ShowPageTraceBehavior [ RunTime:0.000923s ]
INFO: [ app_end ] --END-- [ RunTime:0.001007s ]

[ 2015-11-02T11:14:04+08:00 ] ::1 /NewBlog/index.php?m=admin
INFO: [ app_init ] --START--
INFO: Run Behavior\BuildLiteBehavior [ RunTime:0.000053s ]
INFO: [ app_init ] --END-- [ RunTime:0.000570s ]
INFO: [ app_begin ] --START--
INFO: Run Behavior\ReadHtmlCacheBehavior [ RunTime:0.000655s ]
INFO: [ app_begin ] --END-- [ RunTime:0.000770s ]
SQL: SHOW COLUMNS FROM `blog_user` [ RunTime:0.0022s ]
SQL: SELECT * FROM `blog_user` LIMIT 1   [ RunTime:0.0003s ]
SQL: SHOW COLUMNS FROM `blog_article_detail` [ RunTime:0.0022s ]
NOTIC: [8] Undefined index: p D:\wamp\www\NewBlog\Class\Admin\Model\ArticleDetailModel.class.php 第 16 行.
SQL: SELECT ad.id,ad.title,ad.content,ad.create_time,ac.name,ad.update_time FROM blog_article_detail ad INNER JOIN blog_article_category AS ac ON ad.category_id = ac.id  WHERE ad.status = 1 ORDER BY update_time desc LIMIT 0,5   [ RunTime:0.0004s ]
INFO: [ view_parse ] --START--
INFO: [ template_filter ] --START--
INFO: Run Behavior\ContentReplaceBehavior [ RunTime:0.000055s ]
INFO: [ template_filter ] --END-- [ RunTime:0.000142s ]
NOTIC: [8] Undefined variable: module D:\wamp\www\NewBlog\ThinkPHP\Common\functions.php 第 988 行.
NOTIC: [8] Undefined variable: var D:\wamp\www\NewBlog\ThinkPHP\Common\functions.php 第 988 行.
NOTIC: [2] array_reverse() expects parameter 1 to be array, null given D:\wamp\www\NewBlog\ThinkPHP\Common\functions.php 第 988 行.
NOTIC: [2] http_build_query() [<a href='function.http-build-query'>function.http-build-query</a>]: Parameter 1 expected to be Array or Object.  Incorrect value given D:\wamp\www\NewBlog\ThinkPHP\Common\functions.php 第 988 行.
INFO: Run Behavior\ParseTemplateBehavior [ RunTime:0.039068s ]
INFO: [ view_parse ] --END-- [ RunTime:0.039171s ]
INFO: [ view_filter ] --START--
INFO: Run Behavior\WriteHtmlCacheBehavior [ RunTime:0.000499s ]
INFO: [ view_filter ] --END-- [ RunTime:0.000577s ]
INFO: [ app_end ] --START--
INFO: Run Behavior\ShowPageTraceBehavior [ RunTime:0.000700s ]
INFO: [ app_end ] --END-- [ RunTime:0.000783s ]

