[ 2015-10-23T17:13:37+08:00 ] ::1 /NewBlog/index.php?m=Admin&c=index&a=login
INFO: [ app_init ] --START--
INFO: Run Behavior\BuildLiteBehavior [ RunTime:0.000022s ]
INFO: [ app_init ] --END-- [ RunTime:0.000376s ]
INFO: [ app_begin ] --START--
INFO: Run Behavior\ReadHtmlCacheBehavior [ RunTime:0.000625s ]
INFO: [ app_begin ] --END-- [ RunTime:0.000726s ]
SQL: SHOW COLUMNS FROM `blog_user` [ RunTime:0.0223s ]
SQL: SELECT * FROM `blog_user` LIMIT 1   [ RunTime:0.0003s ]
INFO: [ view_parse ] --START--
INFO: [ template_filter ] --START--
INFO: Run Behavior\ContentReplaceBehavior [ RunTime:0.000055s ]
INFO: [ template_filter ] --END-- [ RunTime:0.000142s ]
INFO: Run Behavior\ParseTemplateBehavior [ RunTime:0.011850s ]
INFO: [ view_parse ] --END-- [ RunTime:0.011935s ]
INFO: [ view_filter ] --START--
INFO: Run Behavior\WriteHtmlCacheBehavior [ RunTime:0.000338s ]
INFO: [ view_filter ] --END-- [ RunTime:0.000427s ]
INFO: [ app_end ] --START--
INFO: Run Behavior\ShowPageTraceBehavior [ RunTime:0.000515s ]
INFO: [ app_end ] --END-- [ RunTime:0.000591s ]

[ 2015-10-23T17:14:54+08:00 ] ::1 /NewBlog/index.php?m=Admin&c=Index&a=dologin
INFO: [ app_init ] --START--
INFO: Run Behavior\BuildLiteBehavior [ RunTime:0.000032s ]
INFO: [ app_init ] --END-- [ RunTime:0.000622s ]
INFO: [ app_begin ] --START--
INFO: Run Behavior\ReadHtmlCacheBehavior [ RunTime:0.000765s ]
INFO: [ app_begin ] --END-- [ RunTime:0.000912s ]
SQL: SHOW COLUMNS FROM `blog_user` [ RunTime:0.0183s ]
SQL: SELECT * FROM `blog_user` LIMIT 1   [ RunTime:0.0005s ]
SQL: SHOW COLUMNS FROM `blog_user` [ RunTime:0.0097s ]
SQL: SELECT * FROM `blog_user` WHERE `user_id` = 2147483647 AND `password` = '' LIMIT 1   [ RunTime:0.0024s ]
INFO: [ view_parse ] --START--
INFO: [ template_filter ] --START--
INFO: Run Behavior\ContentReplaceBehavior [ RunTime:0.000080s ]
INFO: [ template_filter ] --END-- [ RunTime:0.000230s ]
INFO: Run Behavior\ParseTemplateBehavior [ RunTime:0.037610s ]
INFO: [ view_parse ] --END-- [ RunTime:0.037869s ]
INFO: [ view_filter ] --START--
INFO: Run Behavior\WriteHtmlCacheBehavior [ RunTime:0.000451s ]
INFO: [ view_filter ] --END-- [ RunTime:0.000569s ]

[ 2015-10-23T17:15:11+08:00 ] ::1 /NewBlog/index.php?m=Admin&c=Index&a=dologin
INFO: [ app_init ] --START--
INFO: Run Behavior\BuildLiteBehavior [ RunTime:0.000039s ]
INFO: [ app_init ] --END-- [ RunTime:0.000775s ]
INFO: [ app_begin ] --START--
INFO: Run Behavior\ReadHtmlCacheBehavior [ RunTime:0.001534s ]
INFO: [ app_begin ] --END-- [ RunTime:0.002234s ]
SQL: SHOW COLUMNS FROM `blog_user` [ RunTime:0.0150s ]
SQL: SELECT * FROM `blog_user` LIMIT 1   [ RunTime:0.0005s ]
SQL: SHOW COLUMNS FROM `blog_user` [ RunTime:0.0147s ]
SQL: SELECT * FROM `blog_user` WHERE `user_id` = 1408091071 AND `password` = '' LIMIT 1   [ RunTime:0.0005s ]
INFO: [ view_parse ] --START--
INFO: [ template_filter ] --START--
INFO: Run Behavior\ContentReplaceBehavior [ RunTime:0.000154s ]
INFO: [ template_filter ] --END-- [ RunTime:0.000370s ]
INFO: Run Behavior\ParseTemplateBehavior [ RunTime:0.014871s ]
INFO: [ view_parse ] --END-- [ RunTime:0.015042s ]
INFO: [ view_filter ] --START--
INFO: Run Behavior\WriteHtmlCacheBehavior [ RunTime:0.000451s ]
INFO: [ view_filter ] --END-- [ RunTime:0.000573s ]

[ 2015-10-23T17:15:19+08:00 ] ::1 /NewBlog/index.php?m=Admin&c=Index&a=dologin
INFO: [ app_init ] --START--
INFO: Run Behavior\BuildLiteBehavior [ RunTime:0.000077s ]
INFO: [ app_init ] --END-- [ RunTime:0.000894s ]
INFO: [ app_begin ] --START--
INFO: Run Behavior\ReadHtmlCacheBehavior [ RunTime:0.000943s ]
INFO: [ app_begin ] --END-- [ RunTime:0.001195s ]
SQL: SHOW COLUMNS FROM `blog_user` [ RunTime:0.0032s ]
SQL: SELECT * FROM `blog_user` LIMIT 1   [ RunTime:0.0003s ]
SQL: SHOW COLUMNS FROM `blog_user` [ RunTime:0.0028s ]
SQL: SELECT * FROM `blog_user` WHERE `user_id` = 1408091071 AND `password` = '123456' LIMIT 1   [ RunTime:0.0003s ]
INFO: [ view_parse ] --START--
INFO: [ template_filter ] --START--
INFO: Run Behavior\ContentReplaceBehavior [ RunTime:0.000252s ]
INFO: [ template_filter ] --END-- [ RunTime:0.000729s ]
INFO: Run Behavior\ParseTemplateBehavior [ RunTime:0.017720s ]
INFO: [ view_parse ] --END-- [ RunTime:0.017871s ]
INFO: [ view_filter ] --START--
INFO: Run Behavior\WriteHtmlCacheBehavior [ RunTime:0.002834s ]
INFO: [ view_filter ] --END-- [ RunTime:0.003312s ]
INFO: [ app_end ] --START--
INFO: Run Behavior\ShowPageTraceBehavior [ RunTime:0.001530s ]
INFO: [ app_end ] --END-- [ RunTime:0.001896s ]

[ 2015-10-23T17:15:20+08:00 ] ::1 /NewBlog/index.php?m=Admin&c=Index&a=index
INFO: [ app_init ] --START--
INFO: Run Behavior\BuildLiteBehavior [ RunTime:0.000103s ]
INFO: [ app_init ] --END-- [ RunTime:0.000779s ]
INFO: [ app_begin ] --START--
INFO: Run Behavior\ReadHtmlCacheBehavior [ RunTime:0.000853s ]
INFO: [ app_begin ] --END-- [ RunTime:0.001032s ]
SQL: SHOW COLUMNS FROM `blog_user` [ RunTime:0.0030s ]
SQL: SELECT * FROM `blog_user` LIMIT 1   [ RunTime:0.0003s ]
SQL: SHOW COLUMNS FROM `blog_article_detail` [ RunTime:0.0034s ]
NOTIC: [8] Undefined index: p D:\wamp\www\NewBlog\Class\Admin\Model\ArticleDetailModel.class.php 第 16 行.
SQL: SELECT ad.id,ad.title,ad.content,ad.create_time,ac.name,ad.update_time FROM blog_article_detail ad INNER JOIN blog_article_category AS ac ON ad.category_id = ac.id  WHERE ad.status = 1 ORDER BY update_time desc LIMIT 0,5   [ RunTime:0.0197s ]
INFO: [ view_parse ] --START--
INFO: [ template_filter ] --START--
INFO: Run Behavior\ContentReplaceBehavior [ RunTime:0.000057s ]
INFO: [ template_filter ] --END-- [ RunTime:0.000167s ]
NOTIC: [8] Undefined variable: module D:\wamp\www\NewBlog\ThinkPHP\Common\functions.php 第 988 行.
NOTIC: [8] Undefined variable: var D:\wamp\www\NewBlog\ThinkPHP\Common\functions.php 第 988 行.
NOTIC: [2] array_reverse() expects parameter 1 to be array, null given D:\wamp\www\NewBlog\ThinkPHP\Common\functions.php 第 988 行.
NOTIC: [2] http_build_query() [<a href='function.http-build-query'>function.http-build-query</a>]: Parameter 1 expected to be Array or Object.  Incorrect value given D:\wamp\www\NewBlog\ThinkPHP\Common\functions.php 第 988 行.
INFO: Run Behavior\ParseTemplateBehavior [ RunTime:0.042534s ]
INFO: [ view_parse ] --END-- [ RunTime:0.042773s ]
INFO: [ view_filter ] --START--
INFO: Run Behavior\WriteHtmlCacheBehavior [ RunTime:0.001544s ]
INFO: [ view_filter ] --END-- [ RunTime:0.001842s ]
INFO: [ app_end ] --START--
INFO: Run Behavior\ShowPageTraceBehavior [ RunTime:0.000555s ]
INFO: [ app_end ] --END-- [ RunTime:0.000672s ]

[ 2015-10-23T17:15:24+08:00 ] ::1 /NewBlog/index.php?m=Admin&c=index&a=editBlog&id=33
INFO: [ app_init ] --START--
INFO: Run Behavior\BuildLiteBehavior [ RunTime:0.000019s ]
INFO: [ app_init ] --END-- [ RunTime:0.000415s ]
INFO: [ app_begin ] --START--
INFO: Run Behavior\ReadHtmlCacheBehavior [ RunTime:0.000480s ]
INFO: [ app_begin ] --END-- [ RunTime:0.000597s ]
SQL: SHOW COLUMNS FROM `blog_user` [ RunTime:0.0037s ]
SQL: SELECT * FROM `blog_user` LIMIT 1   [ RunTime:0.0028s ]
SQL: SHOW COLUMNS FROM `blog_article_detail` [ RunTime:0.0034s ]
SQL: SELECT * FROM `blog_article_detail` WHERE `id` = 33 LIMIT 1   [ RunTime:0.0003s ]
INFO: [ view_parse ] --START--
INFO: [ template_filter ] --START--
INFO: Run Behavior\ContentReplaceBehavior [ RunTime:0.000177s ]
INFO: [ template_filter ] --END-- [ RunTime:0.000321s ]
NOTIC: [8] Undefined variable: module D:\wamp\www\NewBlog\ThinkPHP\Common\functions.php 第 988 行.
NOTIC: [8] Undefined variable: var D:\wamp\www\NewBlog\ThinkPHP\Common\functions.php 第 988 行.
NOTIC: [2] array_reverse() expects parameter 1 to be array, null given D:\wamp\www\NewBlog\ThinkPHP\Common\functions.php 第 988 行.
NOTIC: [2] http_build_query() [<a href='function.http-build-query'>function.http-build-query</a>]: Parameter 1 expected to be Array or Object.  Incorrect value given D:\wamp\www\NewBlog\ThinkPHP\Common\functions.php 第 988 行.
INFO: Run Behavior\ParseTemplateBehavior [ RunTime:0.040912s ]
INFO: [ view_parse ] --END-- [ RunTime:0.041043s ]
INFO: [ view_filter ] --START--
INFO: Run Behavior\WriteHtmlCacheBehavior [ RunTime:0.000354s ]
INFO: [ view_filter ] --END-- [ RunTime:0.000429s ]
INFO: [ app_end ] --START--
INFO: Run Behavior\ShowPageTraceBehavior [ RunTime:0.000509s ]
INFO: [ app_end ] --END-- [ RunTime:0.000587s ]

[ 2015-10-23T17:15:31+08:00 ] ::1 /NewBlog/index.php?m=Admin&c=Index&a=addBlog
INFO: [ app_init ] --START--
INFO: Run Behavior\BuildLiteBehavior [ RunTime:0.000024s ]
INFO: [ app_init ] --END-- [ RunTime:0.000724s ]
INFO: [ app_begin ] --START--
INFO: Run Behavior\ReadHtmlCacheBehavior [ RunTime:0.000702s ]
INFO: [ app_begin ] --END-- [ RunTime:0.000824s ]
SQL: SHOW COLUMNS FROM `blog_user` [ RunTime:0.0149s ]
SQL: SELECT * FROM `blog_user` LIMIT 1   [ RunTime:0.0003s ]
INFO: [ view_parse ] --START--
INFO: [ template_filter ] --START--
INFO: Run Behavior\ContentReplaceBehavior [ RunTime:0.000151s ]
INFO: [ template_filter ] --END-- [ RunTime:0.000270s ]
NOTIC: [8] Undefined variable: module D:\wamp\www\NewBlog\ThinkPHP\Common\functions.php 第 988 行.
NOTIC: [8] Undefined variable: var D:\wamp\www\NewBlog\ThinkPHP\Common\functions.php 第 988 行.
NOTIC: [2] array_reverse() expects parameter 1 to be array, null given D:\wamp\www\NewBlog\ThinkPHP\Common\functions.php 第 988 行.
NOTIC: [2] http_build_query() [<a href='function.http-build-query'>function.http-build-query</a>]: Parameter 1 expected to be Array or Object.  Incorrect value given D:\wamp\www\NewBlog\ThinkPHP\Common\functions.php 第 988 行.
NOTIC: [8] Undefined variable: id D:\wamp\www\NewBlog\Class\Runtime\Cache\Admin\c271be4512c91459c67cb6b11f9918c9.php 第 42 行.
INFO: Run Behavior\ParseTemplateBehavior [ RunTime:0.049823s ]
INFO: [ view_parse ] --END-- [ RunTime:0.050022s ]
INFO: [ view_filter ] --START--
INFO: Run Behavior\WriteHtmlCacheBehavior [ RunTime:0.000438s ]
INFO: [ view_filter ] --END-- [ RunTime:0.000542s ]
INFO: [ app_end ] --START--
INFO: Run Behavior\ShowPageTraceBehavior [ RunTime:0.000567s ]
INFO: [ app_end ] --END-- [ RunTime:0.000644s ]

[ 2015-10-23T17:15:36+08:00 ] ::1 /NewBlog/index.php?m=Admin&c=Index&a=addBlog
INFO: [ app_init ] --START--
INFO: Run Behavior\BuildLiteBehavior [ RunTime:0.000022s ]
INFO: [ app_init ] --END-- [ RunTime:0.000478s ]
INFO: [ app_begin ] --START--
INFO: Run Behavior\ReadHtmlCacheBehavior [ RunTime:0.000430s ]
INFO: [ app_begin ] --END-- [ RunTime:0.000533s ]
SQL: SHOW COLUMNS FROM `blog_user` [ RunTime:0.0068s ]
SQL: SELECT * FROM `blog_user` LIMIT 1   [ RunTime:0.0005s ]
INFO: [ view_parse ] --START--
INFO: [ template_filter ] --START--
INFO: Run Behavior\ContentReplaceBehavior [ RunTime:0.000152s ]
INFO: [ template_filter ] --END-- [ RunTime:0.000245s ]
NOTIC: [8] Undefined variable: module D:\wamp\www\NewBlog\ThinkPHP\Common\functions.php 第 988 行.
NOTIC: [8] Undefined variable: var D:\wamp\www\NewBlog\ThinkPHP\Common\functions.php 第 988 行.
NOTIC: [2] array_reverse() expects parameter 1 to be array, null given D:\wamp\www\NewBlog\ThinkPHP\Common\functions.php 第 988 行.
NOTIC: [2] http_build_query() [<a href='function.http-build-query'>function.http-build-query</a>]: Parameter 1 expected to be Array or Object.  Incorrect value given D:\wamp\www\NewBlog\ThinkPHP\Common\functions.php 第 988 行.
NOTIC: [8] Undefined variable: id D:\wamp\www\NewBlog\Class\Runtime\Cache\Admin\c271be4512c91459c67cb6b11f9918c9.php 第 42 行.
INFO: Run Behavior\ParseTemplateBehavior [ RunTime:0.020376s ]
INFO: [ view_parse ] --END-- [ RunTime:0.020474s ]
INFO: [ view_filter ] --START--
INFO: Run Behavior\WriteHtmlCacheBehavior [ RunTime:0.000332s ]
INFO: [ view_filter ] --END-- [ RunTime:0.000403s ]
INFO: [ app_end ] --START--
INFO: Run Behavior\ShowPageTraceBehavior [ RunTime:0.000506s ]
INFO: [ app_end ] --END-- [ RunTime:0.000583s ]

[ 2015-10-23T17:15:38+08:00 ] ::1 /NewBlog/index.php?m=Admin&c=Index&a=userinfo
INFO: [ app_init ] --START--
INFO: Run Behavior\BuildLiteBehavior [ RunTime:0.000019s ]
INFO: [ app_init ] --END-- [ RunTime:0.000383s ]
INFO: [ app_begin ] --START--
INFO: Run Behavior\ReadHtmlCacheBehavior [ RunTime:0.000434s ]
INFO: [ app_begin ] --END-- [ RunTime:0.000528s ]
SQL: SHOW COLUMNS FROM `blog_user` [ RunTime:0.0033s ]
SQL: SELECT * FROM `blog_user` LIMIT 1   [ RunTime:0.0003s ]
SQL: SELECT * FROM `blog_user` LIMIT 1   [ RunTime:0.0004s ]
INFO: [ view_parse ] --START--
INFO: [ template_filter ] --START--
INFO: Run Behavior\ContentReplaceBehavior [ RunTime:0.000087s ]
INFO: [ template_filter ] --END-- [ RunTime:0.000208s ]
NOTIC: [8] Undefined variable: module D:\wamp\www\NewBlog\ThinkPHP\Common\functions.php 第 988 行.
NOTIC: [8] Undefined variable: var D:\wamp\www\NewBlog\ThinkPHP\Common\functions.php 第 988 行.
NOTIC: [2] array_reverse() expects parameter 1 to be array, null given D:\wamp\www\NewBlog\ThinkPHP\Common\functions.php 第 988 行.
NOTIC: [2] http_build_query() [<a href='function.http-build-query'>function.http-build-query</a>]: Parameter 1 expected to be Array or Object.  Incorrect value given D:\wamp\www\NewBlog\ThinkPHP\Common\functions.php 第 988 行.
NOTIC: [8] Undefined variable: id D:\wamp\www\NewBlog\Class\Runtime\Cache\Admin\2ad3a247a0d981dd2fb66c85e0f35ef2.php 第 39 行.
NOTIC: [8] Undefined variable: id D:\wamp\www\NewBlog\Class\Runtime\Cache\Admin\2ad3a247a0d981dd2fb66c85e0f35ef2.php 第 41 行.
INFO: Run Behavior\ParseTemplateBehavior [ RunTime:0.025016s ]
INFO: [ view_parse ] --END-- [ RunTime:0.025154s ]
INFO: [ view_filter ] --START--
INFO: Run Behavior\WriteHtmlCacheBehavior [ RunTime:0.000345s ]
INFO: [ view_filter ] --END-- [ RunTime:0.000418s ]
INFO: [ app_end ] --START--
INFO: Run Behavior\ShowPageTraceBehavior [ RunTime:0.000706s ]
INFO: [ app_end ] --END-- [ RunTime:0.000817s ]

[ 2015-10-23T17:15:42+08:00 ] ::1 /NewBlog/index.php?m=Admin&c=Index&a=pageChange
INFO: [ app_init ] --START--
INFO: Run Behavior\BuildLiteBehavior [ RunTime:0.000020s ]
INFO: [ app_init ] --END-- [ RunTime:0.000358s ]
INFO: [ app_begin ] --START--
INFO: Run Behavior\ReadHtmlCacheBehavior [ RunTime:0.000440s ]
INFO: [ app_begin ] --END-- [ RunTime:0.000535s ]
SQL: SHOW COLUMNS FROM `blog_user` [ RunTime:0.0071s ]
SQL: SELECT * FROM `blog_user` LIMIT 1   [ RunTime:0.0003s ]
SQL: SHOW COLUMNS FROM `blog_article_category` [ RunTime:0.0029s ]
SQL: SELECT * FROM `blog_article_category`  [ RunTime:0.0003s ]
INFO: [ view_parse ] --START--
INFO: [ template_filter ] --START--
INFO: Run Behavior\ContentReplaceBehavior [ RunTime:0.000150s ]
INFO: [ template_filter ] --END-- [ RunTime:0.000400s ]
NOTIC: [8] Undefined variable: module D:\wamp\www\NewBlog\ThinkPHP\Common\functions.php 第 988 行.
NOTIC: [8] Undefined variable: var D:\wamp\www\NewBlog\ThinkPHP\Common\functions.php 第 988 行.
NOTIC: [2] array_reverse() expects parameter 1 to be array, null given D:\wamp\www\NewBlog\ThinkPHP\Common\functions.php 第 988 行.
NOTIC: [2] http_build_query() [<a href='function.http-build-query'>function.http-build-query</a>]: Parameter 1 expected to be Array or Object.  Incorrect value given D:\wamp\www\NewBlog\ThinkPHP\Common\functions.php 第 988 行.
INFO: Run Behavior\ParseTemplateBehavior [ RunTime:0.017487s ]
INFO: [ view_parse ] --END-- [ RunTime:0.017729s ]
INFO: [ view_filter ] --START--
INFO: Run Behavior\WriteHtmlCacheBehavior [ RunTime:0.000383s ]
INFO: [ view_filter ] --END-- [ RunTime:0.000469s ]
INFO: [ app_end ] --START--
INFO: Run Behavior\ShowPageTraceBehavior [ RunTime:0.000497s ]
INFO: [ app_end ] --END-- [ RunTime:0.000589s ]

[ 2015-10-23T17:15:43+08:00 ] ::1 /NewBlog/index.php?m=Admin&c=Index&a=addBlog
INFO: [ app_init ] --START--
INFO: Run Behavior\BuildLiteBehavior [ RunTime:0.000022s ]
INFO: [ app_init ] --END-- [ RunTime:0.000401s ]
INFO: [ app_begin ] --START--
INFO: Run Behavior\ReadHtmlCacheBehavior [ RunTime:0.000480s ]
INFO: [ app_begin ] --END-- [ RunTime:0.000570s ]
SQL: SHOW COLUMNS FROM `blog_user` [ RunTime:0.0090s ]
SQL: SELECT * FROM `blog_user` LIMIT 1   [ RunTime:0.0004s ]
INFO: [ view_parse ] --START--
INFO: [ template_filter ] --START--
INFO: Run Behavior\ContentReplaceBehavior [ RunTime:0.000167s ]
INFO: [ template_filter ] --END-- [ RunTime:0.000274s ]
NOTIC: [8] Undefined variable: module D:\wamp\www\NewBlog\ThinkPHP\Common\functions.php 第 988 行.
NOTIC: [8] Undefined variable: var D:\wamp\www\NewBlog\ThinkPHP\Common\functions.php 第 988 行.
NOTIC: [2] array_reverse() expects parameter 1 to be array, null given D:\wamp\www\NewBlog\ThinkPHP\Common\functions.php 第 988 行.
NOTIC: [2] http_build_query() [<a href='function.http-build-query'>function.http-build-query</a>]: Parameter 1 expected to be Array or Object.  Incorrect value given D:\wamp\www\NewBlog\ThinkPHP\Common\functions.php 第 988 行.
NOTIC: [8] Undefined variable: id D:\wamp\www\NewBlog\Class\Runtime\Cache\Admin\c271be4512c91459c67cb6b11f9918c9.php 第 42 行.
INFO: Run Behavior\ParseTemplateBehavior [ RunTime:0.016679s ]
INFO: [ view_parse ] --END-- [ RunTime:0.016768s ]
INFO: [ view_filter ] --START--
INFO: Run Behavior\WriteHtmlCacheBehavior [ RunTime:0.000271s ]
INFO: [ view_filter ] --END-- [ RunTime:0.000343s ]
INFO: [ app_end ] --START--
INFO: Run Behavior\ShowPageTraceBehavior [ RunTime:0.000420s ]
INFO: [ app_end ] --END-- [ RunTime:0.000496s ]

[ 2015-10-23T17:15:44+08:00 ] ::1 /NewBlog/index.php?m=Admin&c=Index&a=pageChange
INFO: [ app_init ] --START--
INFO: Run Behavior\BuildLiteBehavior [ RunTime:0.000021s ]
INFO: [ app_init ] --END-- [ RunTime:0.000345s ]
INFO: [ app_begin ] --START--
INFO: Run Behavior\ReadHtmlCacheBehavior [ RunTime:0.000418s ]
INFO: [ app_begin ] --END-- [ RunTime:0.000519s ]
SQL: SHOW COLUMNS FROM `blog_user` [ RunTime:0.0057s ]
SQL: SELECT * FROM `blog_user` LIMIT 1   [ RunTime:0.0003s ]
SQL: SHOW COLUMNS FROM `blog_article_category` [ RunTime:0.0031s ]
SQL: SELECT * FROM `blog_article_category`  [ RunTime:0.0012s ]
INFO: [ view_parse ] --START--
INFO: [ template_filter ] --START--
INFO: Run Behavior\ContentReplaceBehavior [ RunTime:0.000072s ]
INFO: [ template_filter ] --END-- [ RunTime:0.000165s ]
NOTIC: [8] Undefined variable: module D:\wamp\www\NewBlog\ThinkPHP\Common\functions.php 第 988 行.
NOTIC: [8] Undefined variable: var D:\wamp\www\NewBlog\ThinkPHP\Common\functions.php 第 988 行.
NOTIC: [2] array_reverse() expects parameter 1 to be array, null given D:\wamp\www\NewBlog\ThinkPHP\Common\functions.php 第 988 行.
NOTIC: [2] http_build_query() [<a href='function.http-build-query'>function.http-build-query</a>]: Parameter 1 expected to be Array or Object.  Incorrect value given D:\wamp\www\NewBlog\ThinkPHP\Common\functions.php 第 988 行.
INFO: Run Behavior\ParseTemplateBehavior [ RunTime:0.018963s ]
INFO: [ view_parse ] --END-- [ RunTime:0.019246s ]
INFO: [ view_filter ] --START--
INFO: Run Behavior\WriteHtmlCacheBehavior [ RunTime:0.000276s ]
INFO: [ view_filter ] --END-- [ RunTime:0.000352s ]
INFO: [ app_end ] --START--
INFO: Run Behavior\ShowPageTraceBehavior [ RunTime:0.000442s ]
INFO: [ app_end ] --END-- [ RunTime:0.000520s ]

[ 2015-10-23T17:15:56+08:00 ] ::1 /NewBlog/index.php?m=Admin&c=index&a=change&id=1
INFO: [ app_init ] --START--
INFO: Run Behavior\BuildLiteBehavior [ RunTime:0.000020s ]
INFO: [ app_init ] --END-- [ RunTime:0.000366s ]
INFO: [ app_begin ] --START--
INFO: Run Behavior\ReadHtmlCacheBehavior [ RunTime:0.000535s ]
INFO: [ app_begin ] --END-- [ RunTime:0.000651s ]
SQL: SHOW COLUMNS FROM `blog_user` [ RunTime:0.0456s ]
SQL: SELECT * FROM `blog_user` LIMIT 1   [ RunTime:0.0003s ]
SQL: SHOW COLUMNS FROM `blog_article_category` [ RunTime:0.0030s ]
SQL: SELECT * FROM `blog_article_category` WHERE `id` = 1 LIMIT 1   [ RunTime:0.0003s ]
INFO: [ view_parse ] --START--
INFO: [ template_filter ] --START--
INFO: Run Behavior\ContentReplaceBehavior [ RunTime:0.000056s ]
INFO: [ template_filter ] --END-- [ RunTime:0.000150s ]
NOTIC: [8] Undefined variable: module D:\wamp\www\NewBlog\ThinkPHP\Common\functions.php 第 988 行.
NOTIC: [8] Undefined variable: var D:\wamp\www\NewBlog\ThinkPHP\Common\functions.php 第 988 行.
NOTIC: [2] array_reverse() expects parameter 1 to be array, null given D:\wamp\www\NewBlog\ThinkPHP\Common\functions.php 第 988 行.
NOTIC: [2] http_build_query() [<a href='function.http-build-query'>function.http-build-query</a>]: Parameter 1 expected to be Array or Object.  Incorrect value given D:\wamp\www\NewBlog\ThinkPHP\Common\functions.php 第 988 行.
INFO: Run Behavior\ParseTemplateBehavior [ RunTime:0.024150s ]
INFO: [ view_parse ] --END-- [ RunTime:0.024333s ]
INFO: [ view_filter ] --START--
INFO: Run Behavior\WriteHtmlCacheBehavior [ RunTime:0.001615s ]
INFO: [ view_filter ] --END-- [ RunTime:0.001812s ]
INFO: [ app_end ] --START--
INFO: Run Behavior\ShowPageTraceBehavior [ RunTime:0.002830s ]
INFO: [ app_end ] --END-- [ RunTime:0.003381s ]

[ 2015-10-23T17:16:14+08:00 ] ::1 /NewBlog/index.php?m=Admin&c=Index&a=upload&id=1
INFO: [ app_init ] --START--
INFO: Run Behavior\BuildLiteBehavior [ RunTime:0.000021s ]
INFO: [ app_init ] --END-- [ RunTime:0.000438s ]
INFO: [ app_begin ] --START--
INFO: Run Behavior\ReadHtmlCacheBehavior [ RunTime:0.000474s ]
INFO: [ app_begin ] --END-- [ RunTime:0.000564s ]
SQL: SHOW COLUMNS FROM `blog_user` [ RunTime:0.0124s ]
SQL: SELECT * FROM `blog_user` LIMIT 1   [ RunTime:0.0003s ]
NOTIC: [2] call_user_func() expects parameter 1 to be a valid callback, no array or string given D:\wamp\www\NewBlog\ThinkPHP\Library\Think\Upload.class.php 第 170 行.
SQL: SHOW COLUMNS FROM `blog_article_category` [ RunTime:0.0051s ]
SQL: UPDATE `blog_article_category` SET `index_show`='',`img`='2015-10-23/5629fadde7a42.jpg' WHERE `id` = 1 [ RunTime:0.1403s ]
INFO: [ view_parse ] --START--
INFO: [ template_filter ] --START--
INFO: Run Behavior\ContentReplaceBehavior [ RunTime:0.000050s ]
INFO: [ template_filter ] --END-- [ RunTime:0.000146s ]
INFO: Run Behavior\ParseTemplateBehavior [ RunTime:0.006805s ]
INFO: [ view_parse ] --END-- [ RunTime:0.006907s ]
INFO: [ view_filter ] --START--
INFO: Run Behavior\WriteHtmlCacheBehavior [ RunTime:0.000827s ]
INFO: [ view_filter ] --END-- [ RunTime:0.000901s ]
INFO: [ app_end ] --START--
INFO: Run Behavior\ShowPageTraceBehavior [ RunTime:0.000950s ]
INFO: [ app_end ] --END-- [ RunTime:0.001029s ]

[ 2015-10-23T17:16:15+08:00 ] ::1 /NewBlog/index.php?m=Admin&c=index&a=change&id=1
INFO: [ app_init ] --START--
INFO: Run Behavior\BuildLiteBehavior [ RunTime:0.000029s ]
INFO: [ app_init ] --END-- [ RunTime:0.000644s ]
INFO: [ app_begin ] --START--
INFO: Run Behavior\ReadHtmlCacheBehavior [ RunTime:0.000889s ]
INFO: [ app_begin ] --END-- [ RunTime:0.000992s ]
SQL: SHOW COLUMNS FROM `blog_user` [ RunTime:0.0034s ]
SQL: SELECT * FROM `blog_user` LIMIT 1   [ RunTime:0.0003s ]
SQL: SHOW COLUMNS FROM `blog_article_category` [ RunTime:0.0032s ]
SQL: SELECT * FROM `blog_article_category` WHERE `id` = 1 LIMIT 1   [ RunTime:0.0002s ]
INFO: [ view_parse ] --START--
INFO: [ template_filter ] --START--
INFO: Run Behavior\ContentReplaceBehavior [ RunTime:0.000053s ]
INFO: [ template_filter ] --END-- [ RunTime:0.000138s ]
NOTIC: [8] Undefined variable: module D:\wamp\www\NewBlog\ThinkPHP\Common\functions.php 第 988 行.
NOTIC: [8] Undefined variable: var D:\wamp\www\NewBlog\ThinkPHP\Common\functions.php 第 988 行.
NOTIC: [2] array_reverse() expects parameter 1 to be array, null given D:\wamp\www\NewBlog\ThinkPHP\Common\functions.php 第 988 行.
NOTIC: [2] http_build_query() [<a href='function.http-build-query'>function.http-build-query</a>]: Parameter 1 expected to be Array or Object.  Incorrect value given D:\wamp\www\NewBlog\ThinkPHP\Common\functions.php 第 988 行.
INFO: Run Behavior\ParseTemplateBehavior [ RunTime:0.010311s ]
INFO: [ view_parse ] --END-- [ RunTime:0.010615s ]
INFO: [ view_filter ] --START--
INFO: Run Behavior\WriteHtmlCacheBehavior [ RunTime:0.002896s ]
INFO: [ view_filter ] --END-- [ RunTime:0.003176s ]
INFO: [ app_end ] --START--
INFO: Run Behavior\ShowPageTraceBehavior [ RunTime:0.003020s ]
INFO: [ app_end ] --END-- [ RunTime:0.003237s ]

[ 2015-10-23T17:16:21+08:00 ] ::1 /NewBlog/index.php?m=Admin&c=Index&a=userinfo
INFO: [ app_init ] --START--
INFO: Run Behavior\BuildLiteBehavior [ RunTime:0.000025s ]
INFO: [ app_init ] --END-- [ RunTime:0.000675s ]
INFO: [ app_begin ] --START--
INFO: Run Behavior\ReadHtmlCacheBehavior [ RunTime:0.000885s ]
INFO: [ app_begin ] --END-- [ RunTime:0.000986s ]
SQL: SHOW COLUMNS FROM `blog_user` [ RunTime:0.0031s ]
SQL: SELECT * FROM `blog_user` LIMIT 1   [ RunTime:0.0003s ]
SQL: SELECT * FROM `blog_user` LIMIT 1   [ RunTime:0.0002s ]
INFO: [ view_parse ] --START--
INFO: [ template_filter ] --START--
INFO: Run Behavior\ContentReplaceBehavior [ RunTime:0.000288s ]
INFO: [ template_filter ] --END-- [ RunTime:0.001240s ]
NOTIC: [8] Undefined variable: module D:\wamp\www\NewBlog\ThinkPHP\Common\functions.php 第 988 行.
NOTIC: [8] Undefined variable: var D:\wamp\www\NewBlog\ThinkPHP\Common\functions.php 第 988 行.
NOTIC: [2] array_reverse() expects parameter 1 to be array, null given D:\wamp\www\NewBlog\ThinkPHP\Common\functions.php 第 988 行.
NOTIC: [2] http_build_query() [<a href='function.http-build-query'>function.http-build-query</a>]: Parameter 1 expected to be Array or Object.  Incorrect value given D:\wamp\www\NewBlog\ThinkPHP\Common\functions.php 第 988 行.
NOTIC: [8] Undefined variable: id D:\wamp\www\NewBlog\Class\Runtime\Cache\Admin\2ad3a247a0d981dd2fb66c85e0f35ef2.php 第 39 行.
NOTIC: [8] Undefined variable: id D:\wamp\www\NewBlog\Class\Runtime\Cache\Admin\2ad3a247a0d981dd2fb66c85e0f35ef2.php 第 41 行.
INFO: Run Behavior\ParseTemplateBehavior [ RunTime:0.017987s ]
INFO: [ view_parse ] --END-- [ RunTime:0.018077s ]
INFO: [ view_filter ] --START--
INFO: Run Behavior\WriteHtmlCacheBehavior [ RunTime:0.000762s ]
INFO: [ view_filter ] --END-- [ RunTime:0.000837s ]
INFO: [ app_end ] --START--
INFO: Run Behavior\ShowPageTraceBehavior [ RunTime:0.000870s ]
INFO: [ app_end ] --END-- [ RunTime:0.000947s ]

[ 2015-10-23T17:16:24+08:00 ] ::1 /NewBlog/index.php?m=Admin&c=index&a=editUser&id=1
INFO: [ app_init ] --START--
INFO: Run Behavior\BuildLiteBehavior [ RunTime:0.000022s ]
INFO: [ app_init ] --END-- [ RunTime:0.000649s ]
INFO: [ app_begin ] --START--
INFO: Run Behavior\ReadHtmlCacheBehavior [ RunTime:0.005799s ]
INFO: [ app_begin ] --END-- [ RunTime:0.006170s ]
SQL: SHOW COLUMNS FROM `blog_user` [ RunTime:0.0070s ]
SQL: SELECT * FROM `blog_user` LIMIT 1   [ RunTime:0.0003s ]
SQL: SELECT * FROM `blog_user` WHERE `id` = 1 LIMIT 1   [ RunTime:0.0003s ]
INFO: [ view_parse ] --START--
INFO: [ template_filter ] --START--
INFO: Run Behavior\ContentReplaceBehavior [ RunTime:0.000070s ]
INFO: [ template_filter ] --END-- [ RunTime:0.000177s ]
NOTIC: [8] Undefined variable: module D:\wamp\www\NewBlog\ThinkPHP\Common\functions.php 第 988 行.
NOTIC: [8] Undefined variable: var D:\wamp\www\NewBlog\ThinkPHP\Common\functions.php 第 988 行.
NOTIC: [2] array_reverse() expects parameter 1 to be array, null given D:\wamp\www\NewBlog\ThinkPHP\Common\functions.php 第 988 行.
NOTIC: [2] http_build_query() [<a href='function.http-build-query'>function.http-build-query</a>]: Parameter 1 expected to be Array or Object.  Incorrect value given D:\wamp\www\NewBlog\ThinkPHP\Common\functions.php 第 988 行.
INFO: Run Behavior\ParseTemplateBehavior [ RunTime:0.027106s ]
INFO: [ view_parse ] --END-- [ RunTime:0.027203s ]
INFO: [ view_filter ] --START--
INFO: Run Behavior\WriteHtmlCacheBehavior [ RunTime:0.000772s ]
INFO: [ view_filter ] --END-- [ RunTime:0.000845s ]
INFO: [ app_end ] --START--
INFO: Run Behavior\ShowPageTraceBehavior [ RunTime:0.000947s ]
INFO: [ app_end ] --END-- [ RunTime:0.001025s ]

[ 2015-10-23T17:16:37+08:00 ] ::1 /NewBlog/index.php?m=Admin&c=index&a=userupload&id=1
INFO: [ app_init ] --START--
INFO: Run Behavior\BuildLiteBehavior [ RunTime:0.000019s ]
INFO: [ app_init ] --END-- [ RunTime:0.000494s ]
INFO: [ app_begin ] --START--
INFO: Run Behavior\ReadHtmlCacheBehavior [ RunTime:0.000808s ]
INFO: [ app_begin ] --END-- [ RunTime:0.000895s ]
SQL: SHOW COLUMNS FROM `blog_user` [ RunTime:0.0031s ]
SQL: SELECT * FROM `blog_user` LIMIT 1   [ RunTime:0.0004s ]
SQL: SHOW COLUMNS FROM `blog_user` [ RunTime:0.0063s ]
SQL: UPDATE `blog_user` SET `user_id`='1408091071',`name`='我里面有花生',`password`='123456',`avatar_file`='2015-10-23/' WHERE `id` = 1 [ RunTime:0.0658s ]
INFO: [ view_parse ] --START--
INFO: [ template_filter ] --START--
INFO: Run Behavior\ContentReplaceBehavior [ RunTime:0.000050s ]
INFO: [ template_filter ] --END-- [ RunTime:0.000132s ]
INFO: Run Behavior\ParseTemplateBehavior [ RunTime:0.006847s ]
INFO: [ view_parse ] --END-- [ RunTime:0.006963s ]
INFO: [ view_filter ] --START--
INFO: Run Behavior\WriteHtmlCacheBehavior [ RunTime:0.001000s ]
INFO: [ view_filter ] --END-- [ RunTime:0.001101s ]
INFO: [ app_end ] --START--
INFO: Run Behavior\ShowPageTraceBehavior [ RunTime:0.001023s ]
INFO: [ app_end ] --END-- [ RunTime:0.001126s ]

[ 2015-10-23T17:16:38+08:00 ] ::1 /NewBlog/index.php?m=Admin&c=index&a=editUser&id=1
INFO: [ app_init ] --START--
INFO: Run Behavior\BuildLiteBehavior [ RunTime:0.000021s ]
INFO: [ app_init ] --END-- [ RunTime:0.000556s ]
INFO: [ app_begin ] --START--
INFO: Run Behavior\ReadHtmlCacheBehavior [ RunTime:0.000949s ]
INFO: [ app_begin ] --END-- [ RunTime:0.001037s ]
SQL: SHOW COLUMNS FROM `blog_user` [ RunTime:0.0035s ]
SQL: SELECT * FROM `blog_user` LIMIT 1   [ RunTime:0.0005s ]
SQL: SELECT * FROM `blog_user` WHERE `id` = 1 LIMIT 1   [ RunTime:0.0010s ]
INFO: [ view_parse ] --START--
INFO: [ template_filter ] --START--
INFO: Run Behavior\ContentReplaceBehavior [ RunTime:0.000054s ]
INFO: [ template_filter ] --END-- [ RunTime:0.000142s ]
NOTIC: [8] Undefined variable: module D:\wamp\www\NewBlog\ThinkPHP\Common\functions.php 第 988 行.
NOTIC: [8] Undefined variable: var D:\wamp\www\NewBlog\ThinkPHP\Common\functions.php 第 988 行.
NOTIC: [2] array_reverse() expects parameter 1 to be array, null given D:\wamp\www\NewBlog\ThinkPHP\Common\functions.php 第 988 行.
NOTIC: [2] http_build_query() [<a href='function.http-build-query'>function.http-build-query</a>]: Parameter 1 expected to be Array or Object.  Incorrect value given D:\wamp\www\NewBlog\ThinkPHP\Common\functions.php 第 988 行.
INFO: Run Behavior\ParseTemplateBehavior [ RunTime:0.008808s ]
INFO: [ view_parse ] --END-- [ RunTime:0.008906s ]
INFO: [ view_filter ] --START--
INFO: Run Behavior\WriteHtmlCacheBehavior [ RunTime:0.000940s ]
INFO: [ view_filter ] --END-- [ RunTime:0.001079s ]
INFO: [ app_end ] --START--
INFO: Run Behavior\ShowPageTraceBehavior [ RunTime:0.001060s ]
INFO: [ app_end ] --END-- [ RunTime:0.001144s ]

[ 2015-10-23T17:16:50+08:00 ] ::1 /NewBlog/index.php?m=Admin&c=index&a=userupload&id=1
INFO: [ app_init ] --START--
INFO: Run Behavior\BuildLiteBehavior [ RunTime:0.000022s ]
INFO: [ app_init ] --END-- [ RunTime:0.000799s ]
INFO: [ app_begin ] --START--
INFO: Run Behavior\ReadHtmlCacheBehavior [ RunTime:0.000871s ]
INFO: [ app_begin ] --END-- [ RunTime:0.000963s ]
SQL: SHOW COLUMNS FROM `blog_user` [ RunTime:0.0036s ]
SQL: SELECT * FROM `blog_user` LIMIT 1   [ RunTime:0.0003s ]
NOTIC: [2] call_user_func() expects parameter 1 to be a valid callback, no array or string given D:\wamp\www\NewBlog\ThinkPHP\Library\Think\Upload.class.php 第 170 行.
SQL: SHOW COLUMNS FROM `blog_user` [ RunTime:0.0099s ]
SQL: UPDATE `blog_user` SET `user_id`='1408091071',`name`='我里面有花生',`password`='123456',`avatar_file`='2015-10-23/5629fb01ee361.jpg' WHERE `id` = 1 [ RunTime:0.0470s ]
INFO: [ view_parse ] --START--
INFO: [ template_filter ] --START--
INFO: Run Behavior\ContentReplaceBehavior [ RunTime:0.000077s ]
INFO: [ template_filter ] --END-- [ RunTime:0.000177s ]
INFO: Run Behavior\ParseTemplateBehavior [ RunTime:0.010017s ]
INFO: [ view_parse ] --END-- [ RunTime:0.010151s ]
INFO: [ view_filter ] --START--
INFO: Run Behavior\WriteHtmlCacheBehavior [ RunTime:0.000728s ]
INFO: [ view_filter ] --END-- [ RunTime:0.000810s ]
INFO: [ app_end ] --START--
INFO: Run Behavior\ShowPageTraceBehavior [ RunTime:0.000991s ]
INFO: [ app_end ] --END-- [ RunTime:0.001074s ]

[ 2015-10-23T17:16:51+08:00 ] ::1 /NewBlog/index.php?m=Admin&c=index&a=editUser&id=1
INFO: [ app_init ] --START--
INFO: Run Behavior\BuildLiteBehavior [ RunTime:0.000020s ]
INFO: [ app_init ] --END-- [ RunTime:0.000526s ]
INFO: [ app_begin ] --START--
INFO: Run Behavior\ReadHtmlCacheBehavior [ RunTime:0.000909s ]
INFO: [ app_begin ] --END-- [ RunTime:0.000995s ]
SQL: SHOW COLUMNS FROM `blog_user` [ RunTime:0.0034s ]
SQL: SELECT * FROM `blog_user` LIMIT 1   [ RunTime:0.0003s ]
SQL: SELECT * FROM `blog_user` WHERE `id` = 1 LIMIT 1   [ RunTime:0.0003s ]
INFO: [ view_parse ] --START--
INFO: [ template_filter ] --START--
INFO: Run Behavior\ContentReplaceBehavior [ RunTime:0.000056s ]
INFO: [ template_filter ] --END-- [ RunTime:0.000150s ]
NOTIC: [8] Undefined variable: module D:\wamp\www\NewBlog\ThinkPHP\Common\functions.php 第 988 行.
NOTIC: [8] Undefined variable: var D:\wamp\www\NewBlog\ThinkPHP\Common\functions.php 第 988 行.
NOTIC: [2] array_reverse() expects parameter 1 to be array, null given D:\wamp\www\NewBlog\ThinkPHP\Common\functions.php 第 988 行.
NOTIC: [2] http_build_query() [<a href='function.http-build-query'>function.http-build-query</a>]: Parameter 1 expected to be Array or Object.  Incorrect value given D:\wamp\www\NewBlog\ThinkPHP\Common\functions.php 第 988 行.
INFO: Run Behavior\ParseTemplateBehavior [ RunTime:0.012280s ]
INFO: [ view_parse ] --END-- [ RunTime:0.012373s ]
INFO: [ view_filter ] --START--
INFO: Run Behavior\WriteHtmlCacheBehavior [ RunTime:0.000705s ]
INFO: [ view_filter ] --END-- [ RunTime:0.000784s ]
INFO: [ app_end ] --START--
INFO: Run Behavior\ShowPageTraceBehavior [ RunTime:0.000876s ]
INFO: [ app_end ] --END-- [ RunTime:0.000977s ]

[ 2015-10-23T17:17:35+08:00 ] ::1 /NewBlog/index.php?m=Admin&c=index&a=userupload&id=1
INFO: [ app_init ] --START--
INFO: Run Behavior\BuildLiteBehavior [ RunTime:0.000166s ]
INFO: [ app_init ] --END-- [ RunTime:0.001751s ]
INFO: [ app_begin ] --START--
INFO: Run Behavior\ReadHtmlCacheBehavior [ RunTime:0.000908s ]
INFO: [ app_begin ] --END-- [ RunTime:0.001037s ]
SQL: SHOW COLUMNS FROM `blog_user` [ RunTime:0.0086s ]
SQL: SELECT * FROM `blog_user` LIMIT 1   [ RunTime:0.0004s ]
NOTIC: [2] call_user_func() expects parameter 1 to be a valid callback, no array or string given D:\wamp\www\NewBlog\ThinkPHP\Library\Think\Upload.class.php 第 170 行.
SQL: SHOW COLUMNS FROM `blog_user` [ RunTime:0.0033s ]
SQL: UPDATE `blog_user` SET `user_id`='1408091071',`name`='我里面有花生',`password`='123456',`avatar_file`='2015-10-23/5629fb2f3a230.jpg' WHERE `id` = 1 [ RunTime:0.0486s ]
INFO: [ view_parse ] --START--
INFO: [ template_filter ] --START--
INFO: Run Behavior\ContentReplaceBehavior [ RunTime:0.000050s ]
INFO: [ template_filter ] --END-- [ RunTime:0.000136s ]
INFO: Run Behavior\ParseTemplateBehavior [ RunTime:0.006254s ]
INFO: [ view_parse ] --END-- [ RunTime:0.006372s ]
INFO: [ view_filter ] --START--
INFO: Run Behavior\WriteHtmlCacheBehavior [ RunTime:0.000530s ]
INFO: [ view_filter ] --END-- [ RunTime:0.000605s ]
INFO: [ app_end ] --START--
INFO: Run Behavior\ShowPageTraceBehavior [ RunTime:0.000659s ]
INFO: [ app_end ] --END-- [ RunTime:0.000749s ]

[ 2015-10-23T17:17:36+08:00 ] ::1 /NewBlog/index.php?m=Admin&c=index&a=editUser&id=1
INFO: [ app_init ] --START--
INFO: Run Behavior\BuildLiteBehavior [ RunTime:0.000021s ]
INFO: [ app_init ] --END-- [ RunTime:0.000481s ]
INFO: [ app_begin ] --START--
INFO: Run Behavior\ReadHtmlCacheBehavior [ RunTime:0.000685s ]
INFO: [ app_begin ] --END-- [ RunTime:0.000770s ]
SQL: SHOW COLUMNS FROM `blog_user` [ RunTime:0.0093s ]
SQL: SELECT * FROM `blog_user` LIMIT 1   [ RunTime:0.0003s ]
SQL: SELECT * FROM `blog_user` WHERE `id` = 1 LIMIT 1   [ RunTime:0.0003s ]
INFO: [ view_parse ] --START--
INFO: [ template_filter ] --START--
INFO: Run Behavior\ContentReplaceBehavior [ RunTime:0.000235s ]
INFO: [ template_filter ] --END-- [ RunTime:0.000611s ]
NOTIC: [8] Undefined variable: module D:\wamp\www\NewBlog\ThinkPHP\Common\functions.php 第 988 行.
NOTIC: [8] Undefined variable: var D:\wamp\www\NewBlog\ThinkPHP\Common\functions.php 第 988 行.
NOTIC: [2] array_reverse() expects parameter 1 to be array, null given D:\wamp\www\NewBlog\ThinkPHP\Common\functions.php 第 988 行.
NOTIC: [2] http_build_query() [<a href='function.http-build-query'>function.http-build-query</a>]: Parameter 1 expected to be Array or Object.  Incorrect value given D:\wamp\www\NewBlog\ThinkPHP\Common\functions.php 第 988 行.
INFO: Run Behavior\ParseTemplateBehavior [ RunTime:0.011271s ]
INFO: [ view_parse ] --END-- [ RunTime:0.011362s ]
INFO: [ view_filter ] --START--
INFO: Run Behavior\WriteHtmlCacheBehavior [ RunTime:0.000562s ]
INFO: [ view_filter ] --END-- [ RunTime:0.000640s ]
INFO: [ app_end ] --START--
INFO: Run Behavior\ShowPageTraceBehavior [ RunTime:0.000759s ]
INFO: [ app_end ] --END-- [ RunTime:0.000837s ]

[ 2015-10-23T17:17:54+08:00 ] ::1 /NewBlog/index.php?m=Admin&c=index&a=userupload&id=1
INFO: [ app_init ] --START--
INFO: Run Behavior\BuildLiteBehavior [ RunTime:0.000021s ]
INFO: [ app_init ] --END-- [ RunTime:0.000524s ]
INFO: [ app_begin ] --START--
INFO: Run Behavior\ReadHtmlCacheBehavior [ RunTime:0.000636s ]
INFO: [ app_begin ] --END-- [ RunTime:0.000722s ]
SQL: SHOW COLUMNS FROM `blog_user` [ RunTime:0.0146s ]
SQL: SELECT * FROM `blog_user` LIMIT 1   [ RunTime:0.0003s ]
NOTIC: [2] call_user_func() expects parameter 1 to be a valid callback, no array or string given D:\wamp\www\NewBlog\ThinkPHP\Library\Think\Upload.class.php 第 170 行.
SQL: SHOW COLUMNS FROM `blog_user` [ RunTime:0.0030s ]
SQL: UPDATE `blog_user` SET `user_id`='1408091071',`name`='我里面有花生',`password`='123456',`avatar_file`='2015-10-23/5629fb425c705.jpg' WHERE `id` = 1 [ RunTime:0.0633s ]
INFO: [ view_parse ] --START--
INFO: [ template_filter ] --START--
INFO: Run Behavior\ContentReplaceBehavior [ RunTime:0.000167s ]
INFO: [ template_filter ] --END-- [ RunTime:0.000491s ]
INFO: Run Behavior\ParseTemplateBehavior [ RunTime:0.010615s ]
INFO: [ view_parse ] --END-- [ RunTime:0.010805s ]
INFO: [ view_filter ] --START--
INFO: Run Behavior\WriteHtmlCacheBehavior [ RunTime:0.002593s ]
INFO: [ view_filter ] --END-- [ RunTime:0.002911s ]
INFO: [ app_end ] --START--
INFO: Run Behavior\ShowPageTraceBehavior [ RunTime:0.002867s ]
INFO: [ app_end ] --END-- [ RunTime:0.003069s ]

[ 2015-10-23T17:17:55+08:00 ] ::1 /NewBlog/index.php?m=Admin&c=index&a=editUser&id=1
INFO: [ app_init ] --START--
INFO: Run Behavior\BuildLiteBehavior [ RunTime:0.000018s ]
INFO: [ app_init ] --END-- [ RunTime:0.000470s ]
INFO: [ app_begin ] --START--
INFO: Run Behavior\ReadHtmlCacheBehavior [ RunTime:0.000597s ]
INFO: [ app_begin ] --END-- [ RunTime:0.000680s ]
SQL: SHOW COLUMNS FROM `blog_user` [ RunTime:0.0126s ]
SQL: SELECT * FROM `blog_user` LIMIT 1   [ RunTime:0.0003s ]
SQL: SELECT * FROM `blog_user` WHERE `id` = 1 LIMIT 1   [ RunTime:0.0002s ]
INFO: [ view_parse ] --START--
INFO: [ template_filter ] --START--
INFO: Run Behavior\ContentReplaceBehavior [ RunTime:0.000054s ]
INFO: [ template_filter ] --END-- [ RunTime:0.000139s ]
NOTIC: [8] Undefined variable: module D:\wamp\www\NewBlog\ThinkPHP\Common\functions.php 第 988 行.
NOTIC: [8] Undefined variable: var D:\wamp\www\NewBlog\ThinkPHP\Common\functions.php 第 988 行.
NOTIC: [2] array_reverse() expects parameter 1 to be array, null given D:\wamp\www\NewBlog\ThinkPHP\Common\functions.php 第 988 行.
NOTIC: [2] http_build_query() [<a href='function.http-build-query'>function.http-build-query</a>]: Parameter 1 expected to be Array or Object.  Incorrect value given D:\wamp\www\NewBlog\ThinkPHP\Common\functions.php 第 988 行.
INFO: Run Behavior\ParseTemplateBehavior [ RunTime:0.008127s ]
INFO: [ view_parse ] --END-- [ RunTime:0.008227s ]
INFO: [ view_filter ] --START--
INFO: Run Behavior\WriteHtmlCacheBehavior [ RunTime:0.000496s ]
INFO: [ view_filter ] --END-- [ RunTime:0.000571s ]
INFO: [ app_end ] --START--
INFO: Run Behavior\ShowPageTraceBehavior [ RunTime:0.000761s ]
INFO: [ app_end ] --END-- [ RunTime:0.000840s ]

[ 2015-10-23T17:51:03+08:00 ] ::1 /NewBlog/index.php?m=Admin&c=Index&a=userinfo
INFO: [ app_init ] --START--
INFO: Run Behavior\BuildLiteBehavior [ RunTime:0.000021s ]
INFO: [ app_init ] --END-- [ RunTime:0.000385s ]
INFO: [ app_begin ] --START--
INFO: Run Behavior\ReadHtmlCacheBehavior [ RunTime:0.000829s ]
INFO: [ app_begin ] --END-- [ RunTime:0.000994s ]
SQL: SHOW COLUMNS FROM `blog_user` [ RunTime:0.0078s ]
SQL: SELECT * FROM `blog_user` LIMIT 1   [ RunTime:0.0004s ]
SQL: SELECT * FROM `blog_user` LIMIT 1   [ RunTime:0.0002s ]
INFO: [ view_parse ] --START--
INFO: [ template_filter ] --START--
INFO: Run Behavior\ContentReplaceBehavior [ RunTime:0.000094s ]
INFO: [ template_filter ] --END-- [ RunTime:0.000238s ]
NOTIC: [8] Undefined variable: module D:\wamp\www\NewBlog\ThinkPHP\Common\functions.php 第 988 行.
NOTIC: [8] Undefined variable: var D:\wamp\www\NewBlog\ThinkPHP\Common\functions.php 第 988 行.
NOTIC: [2] array_reverse() expects parameter 1 to be array, null given D:\wamp\www\NewBlog\ThinkPHP\Common\functions.php 第 988 行.
NOTIC: [2] http_build_query() [<a href='function.http-build-query'>function.http-build-query</a>]: Parameter 1 expected to be Array or Object.  Incorrect value given D:\wamp\www\NewBlog\ThinkPHP\Common\functions.php 第 988 行.
NOTIC: [8] Undefined variable: id D:\wamp\www\NewBlog\Class\Runtime\Cache\Admin\2ad3a247a0d981dd2fb66c85e0f35ef2.php 第 39 行.
NOTIC: [8] Undefined variable: id D:\wamp\www\NewBlog\Class\Runtime\Cache\Admin\2ad3a247a0d981dd2fb66c85e0f35ef2.php 第 41 行.
INFO: Run Behavior\ParseTemplateBehavior [ RunTime:0.008732s ]
INFO: [ view_parse ] --END-- [ RunTime:0.008862s ]
INFO: [ view_filter ] --START--
INFO: Run Behavior\WriteHtmlCacheBehavior [ RunTime:0.003749s ]
INFO: [ view_filter ] --END-- [ RunTime:0.003859s ]
INFO: [ app_end ] --START--
INFO: Run Behavior\ShowPageTraceBehavior [ RunTime:0.000744s ]
INFO: [ app_end ] --END-- [ RunTime:0.000835s ]

[ 2015-10-23T17:51:04+08:00 ] ::1 /NewBlog/index.php?m=Admin&c=Index&a=pageChange
INFO: [ app_init ] --START--
INFO: Run Behavior\BuildLiteBehavior [ RunTime:0.000123s ]
INFO: [ app_init ] --END-- [ RunTime:0.002282s ]
INFO: [ app_begin ] --START--
INFO: Run Behavior\ReadHtmlCacheBehavior [ RunTime:0.000621s ]
INFO: [ app_begin ] --END-- [ RunTime:0.000722s ]
SQL: SHOW COLUMNS FROM `blog_user` [ RunTime:0.0031s ]
SQL: SELECT * FROM `blog_user` LIMIT 1   [ RunTime:0.0002s ]
SQL: SHOW COLUMNS FROM `blog_article_category` [ RunTime:0.0031s ]
SQL: SELECT * FROM `blog_article_category`  [ RunTime:0.0003s ]
INFO: [ view_parse ] --START--
INFO: [ template_filter ] --START--
INFO: Run Behavior\ContentReplaceBehavior [ RunTime:0.000059s ]
INFO: [ template_filter ] --END-- [ RunTime:0.000147s ]
NOTIC: [8] Undefined variable: module D:\wamp\www\NewBlog\ThinkPHP\Common\functions.php 第 988 行.
NOTIC: [8] Undefined variable: var D:\wamp\www\NewBlog\ThinkPHP\Common\functions.php 第 988 行.
NOTIC: [2] array_reverse() expects parameter 1 to be array, null given D:\wamp\www\NewBlog\ThinkPHP\Common\functions.php 第 988 行.
NOTIC: [2] http_build_query() [<a href='function.http-build-query'>function.http-build-query</a>]: Parameter 1 expected to be Array or Object.  Incorrect value given D:\wamp\www\NewBlog\ThinkPHP\Common\functions.php 第 988 行.
INFO: Run Behavior\ParseTemplateBehavior [ RunTime:0.018547s ]
INFO: [ view_parse ] --END-- [ RunTime:0.018637s ]
INFO: [ view_filter ] --START--
INFO: Run Behavior\WriteHtmlCacheBehavior [ RunTime:0.002245s ]
INFO: [ view_filter ] --END-- [ RunTime:0.002480s ]
INFO: [ app_end ] --START--
INFO: Run Behavior\ShowPageTraceBehavior [ RunTime:0.001831s ]
INFO: [ app_end ] --END-- [ RunTime:0.001981s ]

[ 2015-10-23T17:51:06+08:00 ] ::1 /NewBlog/index.php?m=Admin&c=Index&a=addBlog
INFO: [ app_init ] --START--
INFO: Run Behavior\BuildLiteBehavior [ RunTime:0.000021s ]
INFO: [ app_init ] --END-- [ RunTime:0.000421s ]
INFO: [ app_begin ] --START--
INFO: Run Behavior\ReadHtmlCacheBehavior [ RunTime:0.000761s ]
INFO: [ app_begin ] --END-- [ RunTime:0.000859s ]
SQL: SHOW COLUMNS FROM `blog_user` [ RunTime:0.0040s ]
SQL: SELECT * FROM `blog_user` LIMIT 1   [ RunTime:0.0008s ]
INFO: [ view_parse ] --START--
INFO: [ template_filter ] --START--
INFO: Run Behavior\ContentReplaceBehavior [ RunTime:0.000152s ]
INFO: [ template_filter ] --END-- [ RunTime:0.000248s ]
NOTIC: [8] Undefined variable: module D:\wamp\www\NewBlog\ThinkPHP\Common\functions.php 第 988 行.
NOTIC: [8] Undefined variable: var D:\wamp\www\NewBlog\ThinkPHP\Common\functions.php 第 988 行.
NOTIC: [2] array_reverse() expects parameter 1 to be array, null given D:\wamp\www\NewBlog\ThinkPHP\Common\functions.php 第 988 行.
NOTIC: [2] http_build_query() [<a href='function.http-build-query'>function.http-build-query</a>]: Parameter 1 expected to be Array or Object.  Incorrect value given D:\wamp\www\NewBlog\ThinkPHP\Common\functions.php 第 988 行.
NOTIC: [8] Undefined variable: id D:\wamp\www\NewBlog\Class\Runtime\Cache\Admin\c271be4512c91459c67cb6b11f9918c9.php 第 42 行.
INFO: Run Behavior\ParseTemplateBehavior [ RunTime:0.020693s ]
INFO: [ view_parse ] --END-- [ RunTime:0.020816s ]
INFO: [ view_filter ] --START--
INFO: Run Behavior\WriteHtmlCacheBehavior [ RunTime:0.000513s ]
INFO: [ view_filter ] --END-- [ RunTime:0.000603s ]
INFO: [ app_end ] --START--
INFO: Run Behavior\ShowPageTraceBehavior [ RunTime:0.000691s ]
INFO: [ app_end ] --END-- [ RunTime:0.000771s ]

[ 2015-10-23T17:51:08+08:00 ] ::1 /NewBlog/index.php?m=Admin&c=Index&a=index
INFO: [ app_init ] --START--
INFO: Run Behavior\BuildLiteBehavior [ RunTime:0.000022s ]
INFO: [ app_init ] --END-- [ RunTime:0.000438s ]
INFO: [ app_begin ] --START--
INFO: Run Behavior\ReadHtmlCacheBehavior [ RunTime:0.000626s ]
INFO: [ app_begin ] --END-- [ RunTime:0.000721s ]
SQL: SHOW COLUMNS FROM `blog_user` [ RunTime:0.0129s ]
SQL: SELECT * FROM `blog_user` LIMIT 1   [ RunTime:0.0003s ]
SQL: SHOW COLUMNS FROM `blog_article_detail` [ RunTime:0.0063s ]
NOTIC: [8] Undefined index: p D:\wamp\www\NewBlog\Class\Admin\Model\ArticleDetailModel.class.php 第 16 行.
SQL: SELECT ad.id,ad.title,ad.content,ad.create_time,ac.name,ad.update_time FROM blog_article_detail ad INNER JOIN blog_article_category AS ac ON ad.category_id = ac.id  WHERE ad.status = 1 ORDER BY update_time desc LIMIT 0,5   [ RunTime:0.0006s ]
INFO: [ view_parse ] --START--
INFO: [ template_filter ] --START--
INFO: Run Behavior\ContentReplaceBehavior [ RunTime:0.000055s ]
INFO: [ template_filter ] --END-- [ RunTime:0.000146s ]
NOTIC: [8] Undefined variable: module D:\wamp\www\NewBlog\ThinkPHP\Common\functions.php 第 988 行.
NOTIC: [8] Undefined variable: var D:\wamp\www\NewBlog\ThinkPHP\Common\functions.php 第 988 行.
NOTIC: [2] array_reverse() expects parameter 1 to be array, null given D:\wamp\www\NewBlog\ThinkPHP\Common\functions.php 第 988 行.
NOTIC: [2] http_build_query() [<a href='function.http-build-query'>function.http-build-query</a>]: Parameter 1 expected to be Array or Object.  Incorrect value given D:\wamp\www\NewBlog\ThinkPHP\Common\functions.php 第 988 行.
INFO: Run Behavior\ParseTemplateBehavior [ RunTime:0.009556s ]
INFO: [ view_parse ] --END-- [ RunTime:0.009656s ]
INFO: [ view_filter ] --START--
INFO: Run Behavior\WriteHtmlCacheBehavior [ RunTime:0.000478s ]
INFO: [ view_filter ] --END-- [ RunTime:0.000557s ]
INFO: [ app_end ] --START--
INFO: Run Behavior\ShowPageTraceBehavior [ RunTime:0.000721s ]
INFO: [ app_end ] --END-- [ RunTime:0.000810s ]

