[ 2015-10-18T19:16:36+08:00 ] ::1 /NewBlog/index.php?m=Admin&c=index&a=login
INFO: [ app_init ] --START--
INFO: Run Behavior\BuildLiteBehavior [ RunTime:0.000021s ]
INFO: [ app_init ] --END-- [ RunTime:0.000303s ]
INFO: [ app_begin ] --START--
INFO: Run Behavior\ReadHtmlCacheBehavior [ RunTime:0.000385s ]
INFO: [ app_begin ] --END-- [ RunTime:0.000516s ]
SQL: SHOW COLUMNS FROM `blog_user` [ RunTime:0.0300s ]
SQL: SELECT * FROM `blog_user` LIMIT 1   [ RunTime:0.0003s ]
INFO: [ view_parse ] --START--
INFO: [ template_filter ] --START--
INFO: Run Behavior\ContentReplaceBehavior [ RunTime:0.000058s ]
INFO: [ template_filter ] --END-- [ RunTime:0.000154s ]
INFO: Run Behavior\ParseTemplateBehavior [ RunTime:0.016786s ]
INFO: [ view_parse ] --END-- [ RunTime:0.017051s ]
INFO: [ view_filter ] --START--
INFO: Run Behavior\WriteHtmlCacheBehavior [ RunTime:0.000263s ]
INFO: [ view_filter ] --END-- [ RunTime:0.000362s ]
INFO: [ app_end ] --START--
INFO: Run Behavior\ShowPageTraceBehavior [ RunTime:0.000372s ]
INFO: [ app_end ] --END-- [ RunTime:0.000455s ]

[ 2015-10-18T19:16:46+08:00 ] ::1 /NewBlog/index.php?m=Admin&c=index&a=login
INFO: [ app_init ] --START--
INFO: Run Behavior\BuildLiteBehavior [ RunTime:0.000023s ]
INFO: [ app_init ] --END-- [ RunTime:0.000393s ]
INFO: [ app_begin ] --START--
INFO: Run Behavior\ReadHtmlCacheBehavior [ RunTime:0.000511s ]
INFO: [ app_begin ] --END-- [ RunTime:0.000632s ]
SQL: SHOW COLUMNS FROM `blog_user` [ RunTime:0.0022s ]
SQL: SELECT * FROM `blog_user` LIMIT 1   [ RunTime:0.0003s ]
INFO: [ view_parse ] --START--
INFO: [ template_filter ] --START--
INFO: Run Behavior\ContentReplaceBehavior [ RunTime:0.000084s ]
INFO: [ template_filter ] --END-- [ RunTime:0.000271s ]
INFO: Run Behavior\ParseTemplateBehavior [ RunTime:0.006351s ]
INFO: [ view_parse ] --END-- [ RunTime:0.006481s ]
INFO: [ view_filter ] --START--
INFO: Run Behavior\WriteHtmlCacheBehavior [ RunTime:0.000292s ]
INFO: [ view_filter ] --END-- [ RunTime:0.000382s ]
INFO: [ app_end ] --START--
INFO: Run Behavior\ShowPageTraceBehavior [ RunTime:0.000478s ]
INFO: [ app_end ] --END-- [ RunTime:0.000569s ]

[ 2015-10-18T19:17:07+08:00 ] ::1 /NewBlog/index.php?m=Admin&c=index&a=login
INFO: [ app_init ] --START--
INFO: Run Behavior\BuildLiteBehavior [ RunTime:0.000018s ]
INFO: [ app_init ] --END-- [ RunTime:0.000287s ]
INFO: [ app_begin ] --START--
INFO: Run Behavior\ReadHtmlCacheBehavior [ RunTime:0.000358s ]
INFO: [ app_begin ] --END-- [ RunTime:0.000435s ]
SQL: SHOW COLUMNS FROM `blog_user` [ RunTime:0.0053s ]
SQL: SELECT * FROM `blog_user` LIMIT 1   [ RunTime:0.0003s ]
INFO: [ view_parse ] --START--
INFO: [ template_filter ] --START--
INFO: Run Behavior\ContentReplaceBehavior [ RunTime:0.000206s ]
INFO: [ template_filter ] --END-- [ RunTime:0.000603s ]
INFO: Run Behavior\ParseTemplateBehavior [ RunTime:0.010292s ]
INFO: [ view_parse ] --END-- [ RunTime:0.010392s ]
INFO: [ view_filter ] --START--
INFO: Run Behavior\WriteHtmlCacheBehavior [ RunTime:0.000268s ]
INFO: [ view_filter ] --END-- [ RunTime:0.000339s ]
INFO: [ app_end ] --START--
INFO: Run Behavior\ShowPageTraceBehavior [ RunTime:0.000398s ]
INFO: [ app_end ] --END-- [ RunTime:0.000472s ]

[ 2015-10-18T19:17:14+08:00 ] ::1 /NewBlog/index.php?m=Admin&c=Index&a=dologin
INFO: [ app_init ] --START--
INFO: Run Behavior\BuildLiteBehavior [ RunTime:0.000193s ]
INFO: [ app_init ] --END-- [ RunTime:0.003955s ]
INFO: [ app_begin ] --START--
INFO: Run Behavior\ReadHtmlCacheBehavior [ RunTime:0.001698s ]
INFO: [ app_begin ] --END-- [ RunTime:0.002482s ]
SQL: SHOW COLUMNS FROM `blog_user` [ RunTime:0.0034s ]
SQL: SELECT * FROM `blog_user` LIMIT 1   [ RunTime:0.0004s ]
SQL: SHOW COLUMNS FROM `blog_user` [ RunTime:0.0073s ]
SQL: SELECT * FROM `blog_user` WHERE `user_id` = 1408091071 AND `password` = '123123' LIMIT 1   [ RunTime:0.0004s ]
INFO: [ view_parse ] --START--
INFO: [ template_filter ] --START--
INFO: Run Behavior\ContentReplaceBehavior [ RunTime:0.000094s ]
INFO: [ template_filter ] --END-- [ RunTime:0.000400s ]
INFO: Run Behavior\ParseTemplateBehavior [ RunTime:0.031859s ]
INFO: [ view_parse ] --END-- [ RunTime:0.032021s ]
INFO: [ view_filter ] --START--
INFO: Run Behavior\WriteHtmlCacheBehavior [ RunTime:0.000299s ]
INFO: [ view_filter ] --END-- [ RunTime:0.000496s ]

[ 2015-10-18T19:17:24+08:00 ] ::1 /NewBlog/index.php?m=Admin&c=Index&a=dologin
INFO: [ app_init ] --START--
INFO: Run Behavior\BuildLiteBehavior [ RunTime:0.000038s ]
INFO: [ app_init ] --END-- [ RunTime:0.000884s ]
INFO: [ app_begin ] --START--
INFO: Run Behavior\ReadHtmlCacheBehavior [ RunTime:0.000677s ]
INFO: [ app_begin ] --END-- [ RunTime:0.000843s ]
SQL: SHOW COLUMNS FROM `blog_user` [ RunTime:0.0023s ]
SQL: SELECT * FROM `blog_user` LIMIT 1   [ RunTime:0.0003s ]
SQL: SHOW COLUMNS FROM `blog_user` [ RunTime:0.0020s ]
SQL: SELECT * FROM `blog_user` WHERE `user_id` = 1408091071 AND `password` = '123123' LIMIT 1   [ RunTime:0.0002s ]
INFO: [ view_parse ] --START--
INFO: [ template_filter ] --START--
INFO: Run Behavior\ContentReplaceBehavior [ RunTime:0.000051s ]
INFO: [ template_filter ] --END-- [ RunTime:0.000147s ]
INFO: Run Behavior\ParseTemplateBehavior [ RunTime:0.005046s ]
INFO: [ view_parse ] --END-- [ RunTime:0.005154s ]
INFO: [ view_filter ] --START--
INFO: Run Behavior\WriteHtmlCacheBehavior [ RunTime:0.000229s ]
INFO: [ view_filter ] --END-- [ RunTime:0.000327s ]

[ 2015-10-18T19:18:01+08:00 ] ::1 /NewBlog/index.php?m=Admin&c=Index&a=dologin
INFO: [ app_init ] --START--
INFO: Run Behavior\BuildLiteBehavior [ RunTime:0.000032s ]
INFO: [ app_init ] --END-- [ RunTime:0.000613s ]
INFO: [ app_begin ] --START--
INFO: Run Behavior\ReadHtmlCacheBehavior [ RunTime:0.002464s ]
INFO: [ app_begin ] --END-- [ RunTime:0.003445s ]
SQL: SHOW COLUMNS FROM `blog_user` [ RunTime:0.0230s ]
SQL: SELECT * FROM `blog_user` LIMIT 1   [ RunTime:0.0026s ]
SQL: SHOW COLUMNS FROM `blog_user` [ RunTime:0.0033s ]
SQL: SELECT * FROM `blog_user` WHERE `user_id` = 1408091071 AND `password` = '123456' LIMIT 1   [ RunTime:0.0003s ]
INFO: [ view_parse ] --START--
INFO: [ template_filter ] --START--
INFO: Run Behavior\ContentReplaceBehavior [ RunTime:0.000090s ]
INFO: [ template_filter ] --END-- [ RunTime:0.000249s ]
INFO: Run Behavior\ParseTemplateBehavior [ RunTime:0.007843s ]
INFO: [ view_parse ] --END-- [ RunTime:0.008003s ]
INFO: [ view_filter ] --START--
INFO: Run Behavior\WriteHtmlCacheBehavior [ RunTime:0.000541s ]
INFO: [ view_filter ] --END-- [ RunTime:0.000691s ]
INFO: [ app_end ] --START--
INFO: Run Behavior\ShowPageTraceBehavior [ RunTime:0.001179s ]
INFO: [ app_end ] --END-- [ RunTime:0.001394s ]

[ 2015-10-18T19:18:02+08:00 ] ::1 /NewBlog/index.php?m=Admin&c=Index&a=index
INFO: [ app_init ] --START--
INFO: Run Behavior\BuildLiteBehavior [ RunTime:0.000028s ]
INFO: [ app_init ] --END-- [ RunTime:0.000311s ]
INFO: [ app_begin ] --START--
INFO: Run Behavior\ReadHtmlCacheBehavior [ RunTime:0.000368s ]
INFO: [ app_begin ] --END-- [ RunTime:0.000445s ]
SQL: SHOW COLUMNS FROM `blog_user` [ RunTime:0.0022s ]
SQL: SELECT * FROM `blog_user` LIMIT 1   [ RunTime:0.0002s ]
SQL: SHOW COLUMNS FROM `blog_article_detail` [ RunTime:0.0022s ]
NOTIC: [8] Undefined index: p D:\wamp\www\NewBlog\Class\Admin\Model\ArticleDetailModel.class.php 第 16 行.
SQL: SELECT ad.id,ad.title,ad.content,ad.create_time,ac.name,ad.update_time FROM blog_article_detail ad INNER JOIN blog_article_category AS ac ON ad.category_id = ac.id  WHERE ad.status = 1 ORDER BY update_time desc LIMIT 0,5   [ RunTime:0.0005s ]
INFO: [ view_parse ] --START--
INFO: [ template_filter ] --START--
INFO: Run Behavior\ContentReplaceBehavior [ RunTime:0.000091s ]
INFO: [ template_filter ] --END-- [ RunTime:0.000191s ]
NOTIC: [8] Undefined variable: module D:\wamp\www\NewBlog\ThinkPHP\Common\functions.php 第 988 行.
NOTIC: [8] Undefined variable: var D:\wamp\www\NewBlog\ThinkPHP\Common\functions.php 第 988 行.
NOTIC: [2] array_reverse() expects parameter 1 to be array, null given D:\wamp\www\NewBlog\ThinkPHP\Common\functions.php 第 988 行.
NOTIC: [2] http_build_query() [<a href='function.http-build-query'>function.http-build-query</a>]: Parameter 1 expected to be Array or Object.  Incorrect value given D:\wamp\www\NewBlog\ThinkPHP\Common\functions.php 第 988 行.
INFO: Run Behavior\ParseTemplateBehavior [ RunTime:0.043982s ]
INFO: [ view_parse ] --END-- [ RunTime:0.044103s ]
INFO: [ view_filter ] --START--
INFO: Run Behavior\WriteHtmlCacheBehavior [ RunTime:0.000338s ]
INFO: [ view_filter ] --END-- [ RunTime:0.000411s ]
INFO: [ app_end ] --START--
INFO: Run Behavior\ShowPageTraceBehavior [ RunTime:0.000366s ]
INFO: [ app_end ] --END-- [ RunTime:0.000447s ]

[ 2015-10-18T19:18:10+08:00 ] ::1 /NewBlog/index.php?m=Admin&c=Index&a=index
INFO: [ app_init ] --START--
INFO: Run Behavior\BuildLiteBehavior [ RunTime:0.000030s ]
INFO: [ app_init ] --END-- [ RunTime:0.000426s ]
INFO: [ app_begin ] --START--
INFO: Run Behavior\ReadHtmlCacheBehavior [ RunTime:0.000535s ]
INFO: [ app_begin ] --END-- [ RunTime:0.000683s ]
SQL: SHOW COLUMNS FROM `blog_user` [ RunTime:0.0026s ]
SQL: SELECT * FROM `blog_user` LIMIT 1   [ RunTime:0.0003s ]
SQL: SHOW COLUMNS FROM `blog_article_detail` [ RunTime:0.0024s ]
NOTIC: [8] Undefined index: p D:\wamp\www\NewBlog\Class\Admin\Model\ArticleDetailModel.class.php 第 16 行.
SQL: SELECT ad.id,ad.title,ad.content,ad.create_time,ac.name,ad.update_time FROM blog_article_detail ad INNER JOIN blog_article_category AS ac ON ad.category_id = ac.id  WHERE ad.status = 1 ORDER BY update_time desc LIMIT 0,5   [ RunTime:0.0005s ]
INFO: [ view_parse ] --START--
INFO: [ template_filter ] --START--
INFO: Run Behavior\ContentReplaceBehavior [ RunTime:0.000102s ]
INFO: [ template_filter ] --END-- [ RunTime:0.000270s ]
NOTIC: [8] Undefined variable: module D:\wamp\www\NewBlog\ThinkPHP\Common\functions.php 第 988 行.
NOTIC: [8] Undefined variable: var D:\wamp\www\NewBlog\ThinkPHP\Common\functions.php 第 988 行.
NOTIC: [2] array_reverse() expects parameter 1 to be array, null given D:\wamp\www\NewBlog\ThinkPHP\Common\functions.php 第 988 行.
NOTIC: [2] http_build_query() [<a href='function.http-build-query'>function.http-build-query</a>]: Parameter 1 expected to be Array or Object.  Incorrect value given D:\wamp\www\NewBlog\ThinkPHP\Common\functions.php 第 988 行.
INFO: Run Behavior\ParseTemplateBehavior [ RunTime:0.013278s ]
INFO: [ view_parse ] --END-- [ RunTime:0.013447s ]
INFO: [ view_filter ] --START--
INFO: Run Behavior\WriteHtmlCacheBehavior [ RunTime:0.000425s ]
INFO: [ view_filter ] --END-- [ RunTime:0.000565s ]
INFO: [ app_end ] --START--
INFO: Run Behavior\ShowPageTraceBehavior [ RunTime:0.000837s ]
INFO: [ app_end ] --END-- [ RunTime:0.001002s ]

[ 2015-10-18T19:18:14+08:00 ] ::1 /NewBlog/index.php?m=Admin&c=index&a=editBlog&id=33
INFO: [ app_init ] --START--
INFO: Run Behavior\BuildLiteBehavior [ RunTime:0.000051s ]
INFO: [ app_init ] --END-- [ RunTime:0.001829s ]
INFO: [ app_begin ] --START--
INFO: Run Behavior\ReadHtmlCacheBehavior [ RunTime:0.000378s ]
INFO: [ app_begin ] --END-- [ RunTime:0.000458s ]
SQL: SHOW COLUMNS FROM `blog_user` [ RunTime:0.0024s ]
SQL: SELECT * FROM `blog_user` LIMIT 1   [ RunTime:0.0003s ]
SQL: SHOW COLUMNS FROM `blog_article_detail` [ RunTime:0.0022s ]
SQL: SELECT * FROM `blog_article_detail` WHERE `id` = 33 LIMIT 1   [ RunTime:0.0004s ]
INFO: [ view_parse ] --START--
INFO: [ template_filter ] --START--
INFO: Run Behavior\ContentReplaceBehavior [ RunTime:0.000186s ]
INFO: [ template_filter ] --END-- [ RunTime:0.000307s ]
NOTIC: [8] Undefined variable: module D:\wamp\www\NewBlog\ThinkPHP\Common\functions.php 第 988 行.
NOTIC: [8] Undefined variable: var D:\wamp\www\NewBlog\ThinkPHP\Common\functions.php 第 988 行.
NOTIC: [2] array_reverse() expects parameter 1 to be array, null given D:\wamp\www\NewBlog\ThinkPHP\Common\functions.php 第 988 行.
NOTIC: [2] http_build_query() [<a href='function.http-build-query'>function.http-build-query</a>]: Parameter 1 expected to be Array or Object.  Incorrect value given D:\wamp\www\NewBlog\ThinkPHP\Common\functions.php 第 988 行.
INFO: Run Behavior\ParseTemplateBehavior [ RunTime:0.039335s ]
INFO: [ view_parse ] --END-- [ RunTime:0.039624s ]
INFO: [ view_filter ] --START--
INFO: Run Behavior\WriteHtmlCacheBehavior [ RunTime:0.001301s ]
INFO: [ view_filter ] --END-- [ RunTime:0.001643s ]
INFO: [ app_end ] --START--
INFO: Run Behavior\ShowPageTraceBehavior [ RunTime:0.001639s ]
INFO: [ app_end ] --END-- [ RunTime:0.001983s ]

[ 2015-10-18T19:18:34+08:00 ] ::1 /NewBlog/index.php?m=Admin&c=Index&a=addBlog
INFO: [ app_init ] --START--
INFO: Run Behavior\BuildLiteBehavior [ RunTime:0.000019s ]
INFO: [ app_init ] --END-- [ RunTime:0.000320s ]
INFO: [ app_begin ] --START--
INFO: Run Behavior\ReadHtmlCacheBehavior [ RunTime:0.000431s ]
INFO: [ app_begin ] --END-- [ RunTime:0.000522s ]
SQL: SHOW COLUMNS FROM `blog_user` [ RunTime:0.0021s ]
SQL: SELECT * FROM `blog_user` LIMIT 1   [ RunTime:0.0003s ]
INFO: [ view_parse ] --START--
INFO: [ template_filter ] --START--
INFO: Run Behavior\ContentReplaceBehavior [ RunTime:0.000168s ]
INFO: [ template_filter ] --END-- [ RunTime:0.000277s ]
NOTIC: [8] Undefined variable: module D:\wamp\www\NewBlog\ThinkPHP\Common\functions.php 第 988 行.
NOTIC: [8] Undefined variable: var D:\wamp\www\NewBlog\ThinkPHP\Common\functions.php 第 988 行.
NOTIC: [2] array_reverse() expects parameter 1 to be array, null given D:\wamp\www\NewBlog\ThinkPHP\Common\functions.php 第 988 行.
NOTIC: [2] http_build_query() [<a href='function.http-build-query'>function.http-build-query</a>]: Parameter 1 expected to be Array or Object.  Incorrect value given D:\wamp\www\NewBlog\ThinkPHP\Common\functions.php 第 988 行.
NOTIC: [8] Undefined variable: id D:\wamp\www\NewBlog\Class\Runtime\Cache\Admin\c271be4512c91459c67cb6b11f9918c9.php 第 42 行.
INFO: Run Behavior\ParseTemplateBehavior [ RunTime:0.069026s ]
INFO: [ view_parse ] --END-- [ RunTime:0.069230s ]
INFO: [ view_filter ] --START--
INFO: Run Behavior\WriteHtmlCacheBehavior [ RunTime:0.001171s ]
INFO: [ view_filter ] --END-- [ RunTime:0.001326s ]
INFO: [ app_end ] --START--
INFO: Run Behavior\ShowPageTraceBehavior [ RunTime:0.000436s ]
INFO: [ app_end ] --END-- [ RunTime:0.000561s ]

[ 2015-10-18T19:18:37+08:00 ] ::1 /NewBlog/index.php?m=Admin&c=Index&a=addBlog
INFO: [ app_init ] --START--
INFO: Run Behavior\BuildLiteBehavior [ RunTime:0.000021s ]
INFO: [ app_init ] --END-- [ RunTime:0.000324s ]
INFO: [ app_begin ] --START--
INFO: Run Behavior\ReadHtmlCacheBehavior [ RunTime:0.000384s ]
INFO: [ app_begin ] --END-- [ RunTime:0.000471s ]
SQL: SHOW COLUMNS FROM `blog_user` [ RunTime:0.0026s ]
SQL: SELECT * FROM `blog_user` LIMIT 1   [ RunTime:0.0003s ]
INFO: [ view_parse ] --START--
INFO: [ template_filter ] --START--
INFO: Run Behavior\ContentReplaceBehavior [ RunTime:0.000161s ]
INFO: [ template_filter ] --END-- [ RunTime:0.000274s ]
NOTIC: [8] Undefined variable: module D:\wamp\www\NewBlog\ThinkPHP\Common\functions.php 第 988 行.
NOTIC: [8] Undefined variable: var D:\wamp\www\NewBlog\ThinkPHP\Common\functions.php 第 988 行.
NOTIC: [2] array_reverse() expects parameter 1 to be array, null given D:\wamp\www\NewBlog\ThinkPHP\Common\functions.php 第 988 行.
NOTIC: [2] http_build_query() [<a href='function.http-build-query'>function.http-build-query</a>]: Parameter 1 expected to be Array or Object.  Incorrect value given D:\wamp\www\NewBlog\ThinkPHP\Common\functions.php 第 988 行.
NOTIC: [8] Undefined variable: id D:\wamp\www\NewBlog\Class\Runtime\Cache\Admin\c271be4512c91459c67cb6b11f9918c9.php 第 42 行.
INFO: Run Behavior\ParseTemplateBehavior [ RunTime:0.013269s ]
INFO: [ view_parse ] --END-- [ RunTime:0.013403s ]
INFO: [ view_filter ] --START--
INFO: Run Behavior\WriteHtmlCacheBehavior [ RunTime:0.000350s ]
INFO: [ view_filter ] --END-- [ RunTime:0.000460s ]
INFO: [ app_end ] --START--
INFO: Run Behavior\ShowPageTraceBehavior [ RunTime:0.000414s ]
INFO: [ app_end ] --END-- [ RunTime:0.000510s ]

[ 2015-10-18T19:18:43+08:00 ] ::1 /NewBlog/index.php?m=Admin&c=Index&a=pageChange
INFO: [ app_init ] --START--
INFO: Run Behavior\BuildLiteBehavior [ RunTime:0.000021s ]
INFO: [ app_init ] --END-- [ RunTime:0.000309s ]
INFO: [ app_begin ] --START--
INFO: Run Behavior\ReadHtmlCacheBehavior [ RunTime:0.000404s ]
INFO: [ app_begin ] --END-- [ RunTime:0.000499s ]
SQL: SHOW COLUMNS FROM `blog_user` [ RunTime:0.0023s ]
SQL: SELECT * FROM `blog_user` LIMIT 1   [ RunTime:0.0002s ]
SQL: SHOW COLUMNS FROM `blog_article_category` [ RunTime:0.0022s ]
SQL: SELECT * FROM `blog_article_category`  [ RunTime:0.0003s ]
INFO: [ view_parse ] --START--
INFO: [ template_filter ] --START--
INFO: Run Behavior\ContentReplaceBehavior [ RunTime:0.000066s ]
INFO: [ template_filter ] --END-- [ RunTime:0.000198s ]
NOTIC: [8] Undefined variable: module D:\wamp\www\NewBlog\ThinkPHP\Common\functions.php 第 988 行.
NOTIC: [8] Undefined variable: var D:\wamp\www\NewBlog\ThinkPHP\Common\functions.php 第 988 行.
NOTIC: [2] array_reverse() expects parameter 1 to be array, null given D:\wamp\www\NewBlog\ThinkPHP\Common\functions.php 第 988 行.
NOTIC: [2] http_build_query() [<a href='function.http-build-query'>function.http-build-query</a>]: Parameter 1 expected to be Array or Object.  Incorrect value given D:\wamp\www\NewBlog\ThinkPHP\Common\functions.php 第 988 行.
INFO: Run Behavior\ParseTemplateBehavior [ RunTime:0.026816s ]
INFO: [ view_parse ] --END-- [ RunTime:0.026932s ]
INFO: [ view_filter ] --START--
INFO: Run Behavior\WriteHtmlCacheBehavior [ RunTime:0.000283s ]
INFO: [ view_filter ] --END-- [ RunTime:0.000358s ]
INFO: [ app_end ] --START--
INFO: Run Behavior\ShowPageTraceBehavior [ RunTime:0.000384s ]
INFO: [ app_end ] --END-- [ RunTime:0.000472s ]

[ 2015-10-18T19:18:53+08:00 ] ::1 /NewBlog/index.php?m=Admin&c=Index&a=index
INFO: [ app_init ] --START--
INFO: Run Behavior\BuildLiteBehavior [ RunTime:0.000030s ]
INFO: [ app_init ] --END-- [ RunTime:0.000431s ]
INFO: [ app_begin ] --START--
INFO: Run Behavior\ReadHtmlCacheBehavior [ RunTime:0.000602s ]
INFO: [ app_begin ] --END-- [ RunTime:0.000741s ]
SQL: SHOW COLUMNS FROM `blog_user` [ RunTime:0.0027s ]
SQL: SELECT * FROM `blog_user` LIMIT 1   [ RunTime:0.0003s ]
SQL: SHOW COLUMNS FROM `blog_article_detail` [ RunTime:0.0024s ]
NOTIC: [8] Undefined index: p D:\wamp\www\NewBlog\Class\Admin\Model\ArticleDetailModel.class.php 第 16 行.
SQL: SELECT ad.id,ad.title,ad.content,ad.create_time,ac.name,ad.update_time FROM blog_article_detail ad INNER JOIN blog_article_category AS ac ON ad.category_id = ac.id  WHERE ad.status = 1 ORDER BY update_time desc LIMIT 0,5   [ RunTime:0.0006s ]
INFO: [ view_parse ] --START--
INFO: [ template_filter ] --START--
INFO: Run Behavior\ContentReplaceBehavior [ RunTime:0.000063s ]
INFO: [ template_filter ] --END-- [ RunTime:0.000176s ]
NOTIC: [8] Undefined variable: module D:\wamp\www\NewBlog\ThinkPHP\Common\functions.php 第 988 行.
NOTIC: [8] Undefined variable: var D:\wamp\www\NewBlog\ThinkPHP\Common\functions.php 第 988 行.
NOTIC: [2] array_reverse() expects parameter 1 to be array, null given D:\wamp\www\NewBlog\ThinkPHP\Common\functions.php 第 988 行.
NOTIC: [2] http_build_query() [<a href='function.http-build-query'>function.http-build-query</a>]: Parameter 1 expected to be Array or Object.  Incorrect value given D:\wamp\www\NewBlog\ThinkPHP\Common\functions.php 第 988 行.
INFO: Run Behavior\ParseTemplateBehavior [ RunTime:0.010674s ]
INFO: [ view_parse ] --END-- [ RunTime:0.010792s ]
INFO: [ view_filter ] --START--
INFO: Run Behavior\WriteHtmlCacheBehavior [ RunTime:0.000393s ]
INFO: [ view_filter ] --END-- [ RunTime:0.000493s ]
INFO: [ app_end ] --START--
INFO: Run Behavior\ShowPageTraceBehavior [ RunTime:0.000637s ]
INFO: [ app_end ] --END-- [ RunTime:0.000909s ]

[ 2015-10-18T19:18:57+08:00 ] ::1 /NewBlog/index.php?m=Admin&c=Index&a=pageChange
INFO: [ app_init ] --START--
INFO: Run Behavior\BuildLiteBehavior [ RunTime:0.000027s ]
INFO: [ app_init ] --END-- [ RunTime:0.000361s ]
INFO: [ app_begin ] --START--
INFO: Run Behavior\ReadHtmlCacheBehavior [ RunTime:0.000400s ]
INFO: [ app_begin ] --END-- [ RunTime:0.000485s ]
SQL: SHOW COLUMNS FROM `blog_user` [ RunTime:0.0021s ]
SQL: SELECT * FROM `blog_user` LIMIT 1   [ RunTime:0.0002s ]
SQL: SHOW COLUMNS FROM `blog_article_category` [ RunTime:0.0062s ]
SQL: SELECT * FROM `blog_article_category`  [ RunTime:0.0003s ]
INFO: [ view_parse ] --START--
INFO: [ template_filter ] --START--
INFO: Run Behavior\ContentReplaceBehavior [ RunTime:0.000066s ]
INFO: [ template_filter ] --END-- [ RunTime:0.000175s ]
NOTIC: [8] Undefined variable: module D:\wamp\www\NewBlog\ThinkPHP\Common\functions.php 第 988 行.
NOTIC: [8] Undefined variable: var D:\wamp\www\NewBlog\ThinkPHP\Common\functions.php 第 988 行.
NOTIC: [2] array_reverse() expects parameter 1 to be array, null given D:\wamp\www\NewBlog\ThinkPHP\Common\functions.php 第 988 行.
NOTIC: [2] http_build_query() [<a href='function.http-build-query'>function.http-build-query</a>]: Parameter 1 expected to be Array or Object.  Incorrect value given D:\wamp\www\NewBlog\ThinkPHP\Common\functions.php 第 988 行.
INFO: Run Behavior\ParseTemplateBehavior [ RunTime:0.010703s ]
INFO: [ view_parse ] --END-- [ RunTime:0.010818s ]
INFO: [ view_filter ] --START--
INFO: Run Behavior\WriteHtmlCacheBehavior [ RunTime:0.000302s ]
INFO: [ view_filter ] --END-- [ RunTime:0.000397s ]
INFO: [ app_end ] --START--
INFO: Run Behavior\ShowPageTraceBehavior [ RunTime:0.000382s ]
INFO: [ app_end ] --END-- [ RunTime:0.000459s ]

[ 2015-10-18T19:19:04+08:00 ] ::1 /NewBlog/index.php?m=Admin&c=index&a=change&id=6
INFO: [ app_init ] --START--
INFO: Run Behavior\BuildLiteBehavior [ RunTime:0.000022s ]
INFO: [ app_init ] --END-- [ RunTime:0.000343s ]
INFO: [ app_begin ] --START--
INFO: Run Behavior\ReadHtmlCacheBehavior [ RunTime:0.000395s ]
INFO: [ app_begin ] --END-- [ RunTime:0.000483s ]
SQL: SHOW COLUMNS FROM `blog_user` [ RunTime:0.0025s ]
SQL: SELECT * FROM `blog_user` LIMIT 1   [ RunTime:0.0002s ]
SQL: SHOW COLUMNS FROM `blog_article_category` [ RunTime:0.0021s ]
SQL: SELECT * FROM `blog_article_category` WHERE `id` = 6 LIMIT 1   [ RunTime:0.0003s ]
INFO: [ view_parse ] --START--
INFO: [ template_filter ] --START--
INFO: Run Behavior\ContentReplaceBehavior [ RunTime:0.000110s ]
INFO: [ template_filter ] --END-- [ RunTime:0.000400s ]
NOTIC: [8] Undefined variable: module D:\wamp\www\NewBlog\ThinkPHP\Common\functions.php 第 988 行.
NOTIC: [8] Undefined variable: var D:\wamp\www\NewBlog\ThinkPHP\Common\functions.php 第 988 行.
NOTIC: [2] array_reverse() expects parameter 1 to be array, null given D:\wamp\www\NewBlog\ThinkPHP\Common\functions.php 第 988 行.
NOTIC: [2] http_build_query() [<a href='function.http-build-query'>function.http-build-query</a>]: Parameter 1 expected to be Array or Object.  Incorrect value given D:\wamp\www\NewBlog\ThinkPHP\Common\functions.php 第 988 行.
INFO: Run Behavior\ParseTemplateBehavior [ RunTime:0.060348s ]
INFO: [ view_parse ] --END-- [ RunTime:0.060456s ]
INFO: [ view_filter ] --START--
INFO: Run Behavior\WriteHtmlCacheBehavior [ RunTime:0.000323s ]
INFO: [ view_filter ] --END-- [ RunTime:0.000393s ]
INFO: [ app_end ] --START--
INFO: Run Behavior\ShowPageTraceBehavior [ RunTime:0.000352s ]
INFO: [ app_end ] --END-- [ RunTime:0.000425s ]

[ 2015-10-18T19:19:16+08:00 ] ::1 /NewBlog/index.php?m=Admin&c=Index&a=pageChange
INFO: [ app_init ] --START--
INFO: Run Behavior\BuildLiteBehavior [ RunTime:0.000021s ]
INFO: [ app_init ] --END-- [ RunTime:0.000310s ]
INFO: [ app_begin ] --START--
INFO: Run Behavior\ReadHtmlCacheBehavior [ RunTime:0.000402s ]
INFO: [ app_begin ] --END-- [ RunTime:0.000506s ]
SQL: SHOW COLUMNS FROM `blog_user` [ RunTime:0.0490s ]
SQL: SELECT * FROM `blog_user` LIMIT 1   [ RunTime:0.0003s ]
SQL: SHOW COLUMNS FROM `blog_article_category` [ RunTime:0.0020s ]
SQL: SELECT * FROM `blog_article_category`  [ RunTime:0.0002s ]
INFO: [ view_parse ] --START--
INFO: [ template_filter ] --START--
INFO: Run Behavior\ContentReplaceBehavior [ RunTime:0.000062s ]
INFO: [ template_filter ] --END-- [ RunTime:0.000158s ]
NOTIC: [8] Undefined variable: module D:\wamp\www\NewBlog\ThinkPHP\Common\functions.php 第 988 行.
NOTIC: [8] Undefined variable: var D:\wamp\www\NewBlog\ThinkPHP\Common\functions.php 第 988 行.
NOTIC: [2] array_reverse() expects parameter 1 to be array, null given D:\wamp\www\NewBlog\ThinkPHP\Common\functions.php 第 988 行.
NOTIC: [2] http_build_query() [<a href='function.http-build-query'>function.http-build-query</a>]: Parameter 1 expected to be Array or Object.  Incorrect value given D:\wamp\www\NewBlog\ThinkPHP\Common\functions.php 第 988 行.
INFO: Run Behavior\ParseTemplateBehavior [ RunTime:0.010900s ]
INFO: [ view_parse ] --END-- [ RunTime:0.011014s ]
INFO: [ view_filter ] --START--
INFO: Run Behavior\WriteHtmlCacheBehavior [ RunTime:0.000223s ]
INFO: [ view_filter ] --END-- [ RunTime:0.000312s ]
INFO: [ app_end ] --START--
INFO: Run Behavior\ShowPageTraceBehavior [ RunTime:0.000358s ]
INFO: [ app_end ] --END-- [ RunTime:0.000432s ]

[ 2015-10-18T19:19:17+08:00 ] ::1 /NewBlog/index.php?m=Admin&c=Index&a=addBlog
INFO: [ app_init ] --START--
INFO: Run Behavior\BuildLiteBehavior [ RunTime:0.000021s ]
INFO: [ app_init ] --END-- [ RunTime:0.000338s ]
INFO: [ app_begin ] --START--
INFO: Run Behavior\ReadHtmlCacheBehavior [ RunTime:0.000424s ]
INFO: [ app_begin ] --END-- [ RunTime:0.000511s ]
SQL: SHOW COLUMNS FROM `blog_user` [ RunTime:0.0051s ]
SQL: SELECT * FROM `blog_user` LIMIT 1   [ RunTime:0.0002s ]
INFO: [ view_parse ] --START--
INFO: [ template_filter ] --START--
INFO: Run Behavior\ContentReplaceBehavior [ RunTime:0.000155s ]
INFO: [ template_filter ] --END-- [ RunTime:0.000262s ]
NOTIC: [8] Undefined variable: module D:\wamp\www\NewBlog\ThinkPHP\Common\functions.php 第 988 行.
NOTIC: [8] Undefined variable: var D:\wamp\www\NewBlog\ThinkPHP\Common\functions.php 第 988 行.
NOTIC: [2] array_reverse() expects parameter 1 to be array, null given D:\wamp\www\NewBlog\ThinkPHP\Common\functions.php 第 988 行.
NOTIC: [2] http_build_query() [<a href='function.http-build-query'>function.http-build-query</a>]: Parameter 1 expected to be Array or Object.  Incorrect value given D:\wamp\www\NewBlog\ThinkPHP\Common\functions.php 第 988 行.
NOTIC: [8] Undefined variable: id D:\wamp\www\NewBlog\Class\Runtime\Cache\Admin\c271be4512c91459c67cb6b11f9918c9.php 第 42 行.
INFO: Run Behavior\ParseTemplateBehavior [ RunTime:0.017815s ]
INFO: [ view_parse ] --END-- [ RunTime:0.017986s ]
INFO: [ view_filter ] --START--
INFO: Run Behavior\WriteHtmlCacheBehavior [ RunTime:0.001996s ]
INFO: [ view_filter ] --END-- [ RunTime:0.002387s ]
INFO: [ app_end ] --START--
INFO: Run Behavior\ShowPageTraceBehavior [ RunTime:0.001024s ]
INFO: [ app_end ] --END-- [ RunTime:0.001175s ]

[ 2015-10-18T19:19:18+08:00 ] ::1 /NewBlog/index.php?m=Admin&c=Index&a=pageChange
INFO: [ app_init ] --START--
INFO: Run Behavior\BuildLiteBehavior [ RunTime:0.000023s ]
INFO: [ app_init ] --END-- [ RunTime:0.000457s ]
INFO: [ app_begin ] --START--
INFO: Run Behavior\ReadHtmlCacheBehavior [ RunTime:0.000394s ]
INFO: [ app_begin ] --END-- [ RunTime:0.000484s ]
SQL: SHOW COLUMNS FROM `blog_user` [ RunTime:0.0027s ]
SQL: SELECT * FROM `blog_user` LIMIT 1   [ RunTime:0.0003s ]
SQL: SHOW COLUMNS FROM `blog_article_category` [ RunTime:0.0020s ]
SQL: SELECT * FROM `blog_article_category`  [ RunTime:0.0003s ]
INFO: [ view_parse ] --START--
INFO: [ template_filter ] --START--
INFO: Run Behavior\ContentReplaceBehavior [ RunTime:0.000437s ]
INFO: [ template_filter ] --END-- [ RunTime:0.001168s ]
NOTIC: [8] Undefined variable: module D:\wamp\www\NewBlog\ThinkPHP\Common\functions.php 第 988 行.
NOTIC: [8] Undefined variable: var D:\wamp\www\NewBlog\ThinkPHP\Common\functions.php 第 988 行.
NOTIC: [2] array_reverse() expects parameter 1 to be array, null given D:\wamp\www\NewBlog\ThinkPHP\Common\functions.php 第 988 行.
NOTIC: [2] http_build_query() [<a href='function.http-build-query'>function.http-build-query</a>]: Parameter 1 expected to be Array or Object.  Incorrect value given D:\wamp\www\NewBlog\ThinkPHP\Common\functions.php 第 988 行.
INFO: Run Behavior\ParseTemplateBehavior [ RunTime:0.015014s ]
INFO: [ view_parse ] --END-- [ RunTime:0.015098s ]
INFO: [ view_filter ] --START--
INFO: Run Behavior\WriteHtmlCacheBehavior [ RunTime:0.000244s ]
INFO: [ view_filter ] --END-- [ RunTime:0.000321s ]
INFO: [ app_end ] --START--
INFO: Run Behavior\ShowPageTraceBehavior [ RunTime:0.000347s ]
INFO: [ app_end ] --END-- [ RunTime:0.000431s ]

[ 2015-10-18T19:19:20+08:00 ] ::1 /NewBlog/index.php?m=Admin&c=index&a=change&id=1
INFO: [ app_init ] --START--
INFO: Run Behavior\BuildLiteBehavior [ RunTime:0.000018s ]
INFO: [ app_init ] --END-- [ RunTime:0.000343s ]
INFO: [ app_begin ] --START--
INFO: Run Behavior\ReadHtmlCacheBehavior [ RunTime:0.001318s ]
INFO: [ app_begin ] --END-- [ RunTime:0.001589s ]
SQL: SHOW COLUMNS FROM `blog_user` [ RunTime:0.0022s ]
SQL: SELECT * FROM `blog_user` LIMIT 1   [ RunTime:0.0003s ]
SQL: SHOW COLUMNS FROM `blog_article_category` [ RunTime:0.0021s ]
SQL: SELECT * FROM `blog_article_category` WHERE `id` = 1 LIMIT 1   [ RunTime:0.0003s ]
INFO: [ view_parse ] --START--
INFO: [ template_filter ] --START--
INFO: Run Behavior\ContentReplaceBehavior [ RunTime:0.000057s ]
INFO: [ template_filter ] --END-- [ RunTime:0.000176s ]
NOTIC: [8] Undefined variable: module D:\wamp\www\NewBlog\ThinkPHP\Common\functions.php 第 988 行.
NOTIC: [8] Undefined variable: var D:\wamp\www\NewBlog\ThinkPHP\Common\functions.php 第 988 行.
NOTIC: [2] array_reverse() expects parameter 1 to be array, null given D:\wamp\www\NewBlog\ThinkPHP\Common\functions.php 第 988 行.
NOTIC: [2] http_build_query() [<a href='function.http-build-query'>function.http-build-query</a>]: Parameter 1 expected to be Array or Object.  Incorrect value given D:\wamp\www\NewBlog\ThinkPHP\Common\functions.php 第 988 行.
INFO: Run Behavior\ParseTemplateBehavior [ RunTime:0.006658s ]
INFO: [ view_parse ] --END-- [ RunTime:0.006742s ]
INFO: [ view_filter ] --START--
INFO: Run Behavior\WriteHtmlCacheBehavior [ RunTime:0.000236s ]
INFO: [ view_filter ] --END-- [ RunTime:0.000307s ]
INFO: [ app_end ] --START--
INFO: Run Behavior\ShowPageTraceBehavior [ RunTime:0.000450s ]
INFO: [ app_end ] --END-- [ RunTime:0.000540s ]

[ 2015-10-18T19:19:22+08:00 ] ::1 /NewBlog/index.php?m=Admin&c=Index&a=pageChange
INFO: [ app_init ] --START--
INFO: Run Behavior\BuildLiteBehavior [ RunTime:0.000020s ]
INFO: [ app_init ] --END-- [ RunTime:0.000316s ]
INFO: [ app_begin ] --START--
INFO: Run Behavior\ReadHtmlCacheBehavior [ RunTime:0.000368s ]
INFO: [ app_begin ] --END-- [ RunTime:0.000448s ]
SQL: SHOW COLUMNS FROM `blog_user` [ RunTime:0.0024s ]
SQL: SELECT * FROM `blog_user` LIMIT 1   [ RunTime:0.0003s ]
SQL: SHOW COLUMNS FROM `blog_article_category` [ RunTime:0.0026s ]
SQL: SELECT * FROM `blog_article_category`  [ RunTime:0.0002s ]
INFO: [ view_parse ] --START--
INFO: [ template_filter ] --START--
INFO: Run Behavior\ContentReplaceBehavior [ RunTime:0.000064s ]
INFO: [ template_filter ] --END-- [ RunTime:0.000168s ]
NOTIC: [8] Undefined variable: module D:\wamp\www\NewBlog\ThinkPHP\Common\functions.php 第 988 行.
NOTIC: [8] Undefined variable: var D:\wamp\www\NewBlog\ThinkPHP\Common\functions.php 第 988 行.
NOTIC: [2] array_reverse() expects parameter 1 to be array, null given D:\wamp\www\NewBlog\ThinkPHP\Common\functions.php 第 988 行.
NOTIC: [2] http_build_query() [<a href='function.http-build-query'>function.http-build-query</a>]: Parameter 1 expected to be Array or Object.  Incorrect value given D:\wamp\www\NewBlog\ThinkPHP\Common\functions.php 第 988 行.
INFO: Run Behavior\ParseTemplateBehavior [ RunTime:0.015105s ]
INFO: [ view_parse ] --END-- [ RunTime:0.015189s ]
INFO: [ view_filter ] --START--
INFO: Run Behavior\WriteHtmlCacheBehavior [ RunTime:0.000288s ]
INFO: [ view_filter ] --END-- [ RunTime:0.000371s ]
INFO: [ app_end ] --START--
INFO: Run Behavior\ShowPageTraceBehavior [ RunTime:0.000341s ]
INFO: [ app_end ] --END-- [ RunTime:0.000414s ]

[ 2015-10-18T19:19:25+08:00 ] ::1 /NewBlog/index.php?m=Admin&c=index&a=change&id=1
INFO: [ app_init ] --START--
INFO: Run Behavior\BuildLiteBehavior [ RunTime:0.000021s ]
INFO: [ app_init ] --END-- [ RunTime:0.000326s ]
INFO: [ app_begin ] --START--
INFO: Run Behavior\ReadHtmlCacheBehavior [ RunTime:0.000567s ]
INFO: [ app_begin ] --END-- [ RunTime:0.000672s ]
SQL: SHOW COLUMNS FROM `blog_user` [ RunTime:0.0063s ]
SQL: SELECT * FROM `blog_user` LIMIT 1   [ RunTime:0.0003s ]
SQL: SHOW COLUMNS FROM `blog_article_category` [ RunTime:0.0021s ]
SQL: SELECT * FROM `blog_article_category` WHERE `id` = 1 LIMIT 1   [ RunTime:0.0002s ]
INFO: [ view_parse ] --START--
INFO: [ template_filter ] --START--
INFO: Run Behavior\ContentReplaceBehavior [ RunTime:0.000067s ]
INFO: [ template_filter ] --END-- [ RunTime:0.000188s ]
NOTIC: [8] Undefined variable: module D:\wamp\www\NewBlog\ThinkPHP\Common\functions.php 第 988 行.
NOTIC: [8] Undefined variable: var D:\wamp\www\NewBlog\ThinkPHP\Common\functions.php 第 988 行.
NOTIC: [2] array_reverse() expects parameter 1 to be array, null given D:\wamp\www\NewBlog\ThinkPHP\Common\functions.php 第 988 行.
NOTIC: [2] http_build_query() [<a href='function.http-build-query'>function.http-build-query</a>]: Parameter 1 expected to be Array or Object.  Incorrect value given D:\wamp\www\NewBlog\ThinkPHP\Common\functions.php 第 988 行.
INFO: Run Behavior\ParseTemplateBehavior [ RunTime:0.010180s ]
INFO: [ view_parse ] --END-- [ RunTime:0.010742s ]
INFO: [ view_filter ] --START--
INFO: Run Behavior\WriteHtmlCacheBehavior [ RunTime:0.002518s ]
INFO: [ view_filter ] --END-- [ RunTime:0.003336s ]
INFO: [ app_end ] --START--
INFO: Run Behavior\ShowPageTraceBehavior [ RunTime:0.000909s ]
INFO: [ app_end ] --END-- [ RunTime:0.001065s ]

[ 2015-10-18T19:19:37+08:00 ] ::1 /NewBlog/index.php?m=Admin&c=Index&a=pageChange
INFO: [ app_init ] --START--
INFO: Run Behavior\BuildLiteBehavior [ RunTime:0.000021s ]
INFO: [ app_init ] --END-- [ RunTime:0.000318s ]
INFO: [ app_begin ] --START--
INFO: Run Behavior\ReadHtmlCacheBehavior [ RunTime:0.000384s ]
INFO: [ app_begin ] --END-- [ RunTime:0.000471s ]
SQL: SHOW COLUMNS FROM `blog_user` [ RunTime:0.0058s ]
SQL: SELECT * FROM `blog_user` LIMIT 1   [ RunTime:0.0009s ]
SQL: SHOW COLUMNS FROM `blog_article_category` [ RunTime:0.0020s ]
SQL: SELECT * FROM `blog_article_category`  [ RunTime:0.0003s ]
INFO: [ view_parse ] --START--
INFO: [ template_filter ] --START--
INFO: Run Behavior\ContentReplaceBehavior [ RunTime:0.000428s ]
INFO: [ template_filter ] --END-- [ RunTime:0.000838s ]
NOTIC: [8] Undefined variable: module D:\wamp\www\NewBlog\ThinkPHP\Common\functions.php 第 988 行.
NOTIC: [8] Undefined variable: var D:\wamp\www\NewBlog\ThinkPHP\Common\functions.php 第 988 行.
NOTIC: [2] array_reverse() expects parameter 1 to be array, null given D:\wamp\www\NewBlog\ThinkPHP\Common\functions.php 第 988 行.
NOTIC: [2] http_build_query() [<a href='function.http-build-query'>function.http-build-query</a>]: Parameter 1 expected to be Array or Object.  Incorrect value given D:\wamp\www\NewBlog\ThinkPHP\Common\functions.php 第 988 行.
INFO: Run Behavior\ParseTemplateBehavior [ RunTime:0.011851s ]
INFO: [ view_parse ] --END-- [ RunTime:0.012128s ]
INFO: [ view_filter ] --START--
INFO: Run Behavior\WriteHtmlCacheBehavior [ RunTime:0.002074s ]
INFO: [ view_filter ] --END-- [ RunTime:0.002452s ]
INFO: [ app_end ] --START--
INFO: Run Behavior\ShowPageTraceBehavior [ RunTime:0.002056s ]
INFO: [ app_end ] --END-- [ RunTime:0.002248s ]

[ 2015-10-18T19:20:26+08:00 ] ::1 /NewBlog/index.php?m=Admin&c=Index&a=userinfo
INFO: [ app_init ] --START--
INFO: Run Behavior\BuildLiteBehavior [ RunTime:0.000020s ]
INFO: [ app_init ] --END-- [ RunTime:0.000355s ]
INFO: [ app_begin ] --START--
INFO: Run Behavior\ReadHtmlCacheBehavior [ RunTime:0.000450s ]
INFO: [ app_begin ] --END-- [ RunTime:0.000531s ]
SQL: SHOW COLUMNS FROM `blog_user` [ RunTime:0.0154s ]
SQL: SELECT * FROM `blog_user` LIMIT 1   [ RunTime:0.0003s ]
SQL: SELECT * FROM `blog_user` LIMIT 1   [ RunTime:0.0002s ]
INFO: [ view_parse ] --START--
INFO: [ template_filter ] --START--
INFO: Run Behavior\ContentReplaceBehavior [ RunTime:0.000062s ]
INFO: [ template_filter ] --END-- [ RunTime:0.000159s ]
NOTIC: [8] Undefined variable: module D:\wamp\www\NewBlog\ThinkPHP\Common\functions.php 第 988 行.
NOTIC: [8] Undefined variable: var D:\wamp\www\NewBlog\ThinkPHP\Common\functions.php 第 988 行.
NOTIC: [2] array_reverse() expects parameter 1 to be array, null given D:\wamp\www\NewBlog\ThinkPHP\Common\functions.php 第 988 行.
NOTIC: [2] http_build_query() [<a href='function.http-build-query'>function.http-build-query</a>]: Parameter 1 expected to be Array or Object.  Incorrect value given D:\wamp\www\NewBlog\ThinkPHP\Common\functions.php 第 988 行.
NOTIC: [8] Undefined variable: id D:\wamp\www\NewBlog\Class\Runtime\Cache\Admin\2ad3a247a0d981dd2fb66c85e0f35ef2.php 第 39 行.
NOTIC: [8] Undefined variable: id D:\wamp\www\NewBlog\Class\Runtime\Cache\Admin\2ad3a247a0d981dd2fb66c85e0f35ef2.php 第 41 行.
INFO: Run Behavior\ParseTemplateBehavior [ RunTime:0.023325s ]
INFO: [ view_parse ] --END-- [ RunTime:0.023422s ]
INFO: [ view_filter ] --START--
INFO: Run Behavior\WriteHtmlCacheBehavior [ RunTime:0.000273s ]
INFO: [ view_filter ] --END-- [ RunTime:0.000342s ]
INFO: [ app_end ] --START--
INFO: Run Behavior\ShowPageTraceBehavior [ RunTime:0.000423s ]
INFO: [ app_end ] --END-- [ RunTime:0.000498s ]

[ 2015-10-18T19:20:32+08:00 ] ::1 /NewBlog/index.php?m=Admin&c=index&a=editUser&id=1
INFO: [ app_init ] --START--
INFO: Run Behavior\BuildLiteBehavior [ RunTime:0.000020s ]
INFO: [ app_init ] --END-- [ RunTime:0.000305s ]
INFO: [ app_begin ] --START--
INFO: Run Behavior\ReadHtmlCacheBehavior [ RunTime:0.000376s ]
INFO: [ app_begin ] --END-- [ RunTime:0.000455s ]
SQL: SHOW COLUMNS FROM `blog_user` [ RunTime:0.0022s ]
SQL: SELECT * FROM `blog_user` LIMIT 1   [ RunTime:0.0003s ]
SQL: SELECT * FROM `blog_user` WHERE `id` = 1 LIMIT 1   [ RunTime:0.0016s ]
INFO: [ view_parse ] --START--
INFO: [ template_filter ] --START--
INFO: Run Behavior\ContentReplaceBehavior [ RunTime:0.000098s ]
INFO: [ template_filter ] --END-- [ RunTime:0.000299s ]
NOTIC: [8] Undefined variable: module D:\wamp\www\NewBlog\ThinkPHP\Common\functions.php 第 988 行.
NOTIC: [8] Undefined variable: var D:\wamp\www\NewBlog\ThinkPHP\Common\functions.php 第 988 行.
NOTIC: [2] array_reverse() expects parameter 1 to be array, null given D:\wamp\www\NewBlog\ThinkPHP\Common\functions.php 第 988 行.
NOTIC: [2] http_build_query() [<a href='function.http-build-query'>function.http-build-query</a>]: Parameter 1 expected to be Array or Object.  Incorrect value given D:\wamp\www\NewBlog\ThinkPHP\Common\functions.php 第 988 行.
INFO: Run Behavior\ParseTemplateBehavior [ RunTime:0.018261s ]
INFO: [ view_parse ] --END-- [ RunTime:0.018357s ]
INFO: [ view_filter ] --START--
INFO: Run Behavior\WriteHtmlCacheBehavior [ RunTime:0.000222s ]
INFO: [ view_filter ] --END-- [ RunTime:0.000292s ]
INFO: [ app_end ] --START--
INFO: Run Behavior\ShowPageTraceBehavior [ RunTime:0.000353s ]
INFO: [ app_end ] --END-- [ RunTime:0.000445s ]

[ 2015-10-18T19:20:47+08:00 ] ::1 /NewBlog/index.php?m=Admin&c=index&a=userupload&id=1
INFO: [ app_init ] --START--
INFO: Run Behavior\BuildLiteBehavior [ RunTime:0.000027s ]
INFO: [ app_init ] --END-- [ RunTime:0.000444s ]
INFO: [ app_begin ] --START--
INFO: Run Behavior\ReadHtmlCacheBehavior [ RunTime:0.000396s ]
INFO: [ app_begin ] --END-- [ RunTime:0.000502s ]
SQL: SHOW COLUMNS FROM `blog_user` [ RunTime:0.0022s ]
SQL: SELECT * FROM `blog_user` LIMIT 1   [ RunTime:0.0011s ]
NOTIC: [2] call_user_func() expects parameter 1 to be a valid callback, no array or string given D:\wamp\www\NewBlog\ThinkPHP\Library\Think\Upload.class.php 第 170 行.
SQL: SHOW COLUMNS FROM `blog_user` [ RunTime:0.0021s ]
SQL: UPDATE `blog_user` SET `user_id`='1408091071',`name`='我里面有花生',`password`='123456',`avatar_file`='2015-10-18/5623808edb233.jpg' WHERE `id` = 1 [ RunTime:0.0731s ]
INFO: [ view_parse ] --START--
INFO: [ template_filter ] --START--
INFO: Run Behavior\ContentReplaceBehavior [ RunTime:0.000053s ]
INFO: [ template_filter ] --END-- [ RunTime:0.000140s ]
INFO: Run Behavior\ParseTemplateBehavior [ RunTime:0.005734s ]
INFO: [ view_parse ] --END-- [ RunTime:0.005820s ]
INFO: [ view_filter ] --START--
INFO: Run Behavior\WriteHtmlCacheBehavior [ RunTime:0.000392s ]
INFO: [ view_filter ] --END-- [ RunTime:0.000463s ]
INFO: [ app_end ] --START--
INFO: Run Behavior\ShowPageTraceBehavior [ RunTime:0.000600s ]
INFO: [ app_end ] --END-- [ RunTime:0.000674s ]

[ 2015-10-18T19:20:48+08:00 ] ::1 /NewBlog/index.php?m=Admin&c=index&a=editUser&id=1
INFO: [ app_init ] --START--
INFO: Run Behavior\BuildLiteBehavior [ RunTime:0.000019s ]
INFO: [ app_init ] --END-- [ RunTime:0.000327s ]
INFO: [ app_begin ] --START--
INFO: Run Behavior\ReadHtmlCacheBehavior [ RunTime:0.000448s ]
INFO: [ app_begin ] --END-- [ RunTime:0.000529s ]
SQL: SHOW COLUMNS FROM `blog_user` [ RunTime:0.0041s ]
SQL: SELECT * FROM `blog_user` LIMIT 1   [ RunTime:0.0002s ]
SQL: SELECT * FROM `blog_user` WHERE `id` = 1 LIMIT 1   [ RunTime:0.0002s ]
INFO: [ view_parse ] --START--
INFO: [ template_filter ] --START--
INFO: Run Behavior\ContentReplaceBehavior [ RunTime:0.000277s ]
INFO: [ template_filter ] --END-- [ RunTime:0.001011s ]
NOTIC: [8] Undefined variable: module D:\wamp\www\NewBlog\ThinkPHP\Common\functions.php 第 988 行.
NOTIC: [8] Undefined variable: var D:\wamp\www\NewBlog\ThinkPHP\Common\functions.php 第 988 行.
NOTIC: [2] array_reverse() expects parameter 1 to be array, null given D:\wamp\www\NewBlog\ThinkPHP\Common\functions.php 第 988 行.
NOTIC: [2] http_build_query() [<a href='function.http-build-query'>function.http-build-query</a>]: Parameter 1 expected to be Array or Object.  Incorrect value given D:\wamp\www\NewBlog\ThinkPHP\Common\functions.php 第 988 行.
INFO: Run Behavior\ParseTemplateBehavior [ RunTime:0.014874s ]
INFO: [ view_parse ] --END-- [ RunTime:0.014958s ]
INFO: [ view_filter ] --START--
INFO: Run Behavior\WriteHtmlCacheBehavior [ RunTime:0.000341s ]
INFO: [ view_filter ] --END-- [ RunTime:0.000412s ]
INFO: [ app_end ] --START--
INFO: Run Behavior\ShowPageTraceBehavior [ RunTime:0.000471s ]
INFO: [ app_end ] --END-- [ RunTime:0.000544s ]

[ 2015-10-18T19:40:17+08:00 ] ::1 /NewBlog/index.php?m=Admin&c=index&a=login
INFO: [ app_init ] --START--
INFO: Run Behavior\BuildLiteBehavior [ RunTime:0.000021s ]
INFO: [ app_init ] --END-- [ RunTime:0.000343s ]
INFO: [ app_begin ] --START--
INFO: Run Behavior\ReadHtmlCacheBehavior [ RunTime:0.000664s ]
INFO: [ app_begin ] --END-- [ RunTime:0.000783s ]
SQL: SHOW COLUMNS FROM `blog_user` [ RunTime:0.0024s ]
SQL: SELECT * FROM `blog_user` LIMIT 1   [ RunTime:0.0003s ]
INFO: [ view_parse ] --START--
INFO: [ template_filter ] --START--
INFO: Run Behavior\ContentReplaceBehavior [ RunTime:0.000088s ]
INFO: [ template_filter ] --END-- [ RunTime:0.000218s ]
INFO: Run Behavior\ParseTemplateBehavior [ RunTime:0.014635s ]
INFO: [ view_parse ] --END-- [ RunTime:0.014834s ]
INFO: [ view_filter ] --START--
INFO: Run Behavior\WriteHtmlCacheBehavior [ RunTime:0.000412s ]
INFO: [ view_filter ] --END-- [ RunTime:0.000494s ]
INFO: [ app_end ] --START--
INFO: Run Behavior\ShowPageTraceBehavior [ RunTime:0.000462s ]
INFO: [ app_end ] --END-- [ RunTime:0.000535s ]

