[ 2015-10-31T13:35:06+08:00 ] ::1 /NewBlog/
INFO: [ app_init ] --START--
INFO: Run Behavior\BuildLiteBehavior [ RunTime:0.000020s ]
INFO: [ app_init ] --END-- [ RunTime:0.000489s ]
INFO: [ app_begin ] --START--
INFO: Run Behavior\ReadHtmlCacheBehavior [ RunTime:0.000724s ]
INFO: [ app_begin ] --END-- [ RunTime:0.000818s ]
SQL: SHOW COLUMNS FROM `blog_article_detail` [ RunTime:0.0112s ]
SQL: SELECT * FROM blog_article_detail ad WHERE ad.status = 1 AND `category_id` > 0 ORDER BY update_time desc LIMIT 0,4   [ RunTime:0.0011s ]
SQL: SELECT * FROM blog_article_detail ad WHERE ad.status = 1 AND `category_id` > 0 ORDER BY update_time desc LIMIT 0,6   [ RunTime:0.0003s ]
SQL: SELECT * FROM blog_article_detail ad WHERE ad.status = 1 AND `category_id` > 0 ORDER BY update_time desc  [ RunTime:0.0006s ]
SQL: SHOW COLUMNS FROM `blog_article_category` [ RunTime:0.0022s ]
SQL: SELECT * FROM `blog_article_category` WHERE `id` = 5 LIMIT 1   [ RunTime:0.0002s ]
INFO: [ view_parse ] --START--
INFO: [ template_filter ] --START--
INFO: Run Behavior\ContentReplaceBehavior [ RunTime:0.000062s ]
INFO: [ template_filter ] --END-- [ RunTime:0.000148s ]
INFO: Run Behavior\ParseTemplateBehavior [ RunTime:0.046564s ]
INFO: [ view_parse ] --END-- [ RunTime:0.046693s ]
INFO: [ view_filter ] --START--
INFO: Run Behavior\WriteHtmlCacheBehavior [ RunTime:0.013527s ]
INFO: [ view_filter ] --END-- [ RunTime:0.013621s ]
INFO: [ app_end ] --START--
INFO: Run Behavior\ShowPageTraceBehavior [ RunTime:0.000869s ]
INFO: [ app_end ] --END-- [ RunTime:0.000946s ]

[ 2015-10-31T13:35:59+08:00 ] ::1 /NewBlog/index.php?m=Home&c=index&a=index&id=5
INFO: [ app_init ] --START--
INFO: Run Behavior\BuildLiteBehavior [ RunTime:0.000019s ]
INFO: [ app_init ] --END-- [ RunTime:0.000304s ]
INFO: [ app_begin ] --START--
INFO: Run Behavior\ReadHtmlCacheBehavior [ RunTime:0.000468s ]
INFO: [ app_begin ] --END-- [ RunTime:0.000548s ]
SQL: SHOW COLUMNS FROM `blog_article_detail` [ RunTime:0.0023s ]
SQL: SELECT * FROM blog_article_detail ad WHERE ad.status = 1 AND `category_id` > 0 ORDER BY update_time desc LIMIT 0,4   [ RunTime:0.0004s ]
SQL: SELECT * FROM blog_article_detail ad WHERE ad.status = 1 AND `category_id` > 0 ORDER BY update_time desc LIMIT 0,6   [ RunTime:0.0004s ]
SQL: SELECT * FROM blog_article_detail ad WHERE ad.status = 1 AND `category_id` > 0 ORDER BY update_time desc  [ RunTime:0.0005s ]
SQL: SHOW COLUMNS FROM `blog_article_category` [ RunTime:0.0025s ]
SQL: SELECT * FROM `blog_article_category` WHERE `id` = 5 LIMIT 1   [ RunTime:0.0003s ]
INFO: [ view_parse ] --START--
INFO: [ template_filter ] --START--
INFO: Run Behavior\ContentReplaceBehavior [ RunTime:0.000228s ]
INFO: [ template_filter ] --END-- [ RunTime:0.000552s ]
INFO: Run Behavior\ParseTemplateBehavior [ RunTime:0.011851s ]
INFO: [ view_parse ] --END-- [ RunTime:0.011947s ]
INFO: [ view_filter ] --START--
INFO: Run Behavior\WriteHtmlCacheBehavior [ RunTime:0.000368s ]
INFO: [ view_filter ] --END-- [ RunTime:0.000444s ]
INFO: [ app_end ] --START--
INFO: Run Behavior\ShowPageTraceBehavior [ RunTime:0.000490s ]
INFO: [ app_end ] --END-- [ RunTime:0.000567s ]

[ 2015-10-31T13:36:00+08:00 ] ::1 /NewBlog/index.php?m=Home&c=index&a=category&id=1
INFO: [ app_init ] --START--
INFO: Run Behavior\BuildLiteBehavior [ RunTime:0.000019s ]
INFO: [ app_init ] --END-- [ RunTime:0.000352s ]
INFO: [ app_begin ] --START--
INFO: Run Behavior\ReadHtmlCacheBehavior [ RunTime:0.000638s ]
INFO: [ app_begin ] --END-- [ RunTime:0.000736s ]
SQL: SHOW COLUMNS FROM `blog_article_detail` [ RunTime:0.0022s ]
NOTIC: [8] Undefined variable: p D:\wamp\www\NewBlog\Class\Home\Controller\IndexController.class.php 第 22 行.
SQL: SELECT * FROM blog_article_detail ad WHERE ad.status = 1 AND `category_id` = '1' ORDER BY update_time desc LIMIT 0,5   [ RunTime:0.0004s ]
SQL: SELECT * FROM blog_article_detail ad WHERE ad.status = 1 AND `category_id` = '1' ORDER BY update_time desc  [ RunTime:0.0004s ]
SQL: SHOW COLUMNS FROM `blog_article_category` [ RunTime:0.0020s ]
SQL: SELECT * FROM `blog_article_category` WHERE `id` = 1 LIMIT 1   [ RunTime:0.0003s ]
INFO: [ view_parse ] --START--
INFO: [ template_filter ] --START--
INFO: Run Behavior\ContentReplaceBehavior [ RunTime:0.000063s ]
INFO: [ template_filter ] --END-- [ RunTime:0.000159s ]
INFO: Run Behavior\ParseTemplateBehavior [ RunTime:0.028511s ]
INFO: [ view_parse ] --END-- [ RunTime:0.028603s ]
INFO: [ view_filter ] --START--
INFO: Run Behavior\WriteHtmlCacheBehavior [ RunTime:0.000314s ]
INFO: [ view_filter ] --END-- [ RunTime:0.000387s ]
INFO: [ app_end ] --START--
INFO: Run Behavior\ShowPageTraceBehavior [ RunTime:0.000510s ]
INFO: [ app_end ] --END-- [ RunTime:0.000587s ]

[ 2015-10-31T13:36:01+08:00 ] ::1 /NewBlog/index.php?m=Home&c=index&a=index&id=5
INFO: [ app_init ] --START--
INFO: Run Behavior\BuildLiteBehavior [ RunTime:0.000019s ]
INFO: [ app_init ] --END-- [ RunTime:0.000320s ]
INFO: [ app_begin ] --START--
INFO: Run Behavior\ReadHtmlCacheBehavior [ RunTime:0.000534s ]
INFO: [ app_begin ] --END-- [ RunTime:0.000636s ]
SQL: SHOW COLUMNS FROM `blog_article_detail` [ RunTime:0.0022s ]
SQL: SELECT * FROM blog_article_detail ad WHERE ad.status = 1 AND `category_id` > 0 ORDER BY update_time desc LIMIT 0,4   [ RunTime:0.0004s ]
SQL: SELECT * FROM blog_article_detail ad WHERE ad.status = 1 AND `category_id` > 0 ORDER BY update_time desc LIMIT 0,6   [ RunTime:0.0003s ]
SQL: SELECT * FROM blog_article_detail ad WHERE ad.status = 1 AND `category_id` > 0 ORDER BY update_time desc  [ RunTime:0.0005s ]
SQL: SHOW COLUMNS FROM `blog_article_category` [ RunTime:0.0061s ]
SQL: SELECT * FROM `blog_article_category` WHERE `id` = 5 LIMIT 1   [ RunTime:0.0003s ]
INFO: [ view_parse ] --START--
INFO: [ template_filter ] --START--
INFO: Run Behavior\ContentReplaceBehavior [ RunTime:0.000061s ]
INFO: [ template_filter ] --END-- [ RunTime:0.000143s ]
INFO: Run Behavior\ParseTemplateBehavior [ RunTime:0.010160s ]
INFO: [ view_parse ] --END-- [ RunTime:0.010251s ]
INFO: [ view_filter ] --START--
INFO: Run Behavior\WriteHtmlCacheBehavior [ RunTime:0.000330s ]
INFO: [ view_filter ] --END-- [ RunTime:0.000402s ]
INFO: [ app_end ] --START--
INFO: Run Behavior\ShowPageTraceBehavior [ RunTime:0.000502s ]
INFO: [ app_end ] --END-- [ RunTime:0.000613s ]

[ 2015-10-31T15:28:10+08:00 ] ::1 /NewBlog/index.php?m=Home&c=index&a=index&id=5
INFO: [ app_init ] --START--
INFO: Run Behavior\BuildLiteBehavior [ RunTime:0.000019s ]
INFO: [ app_init ] --END-- [ RunTime:0.000342s ]
INFO: [ app_begin ] --START--
INFO: Run Behavior\ReadHtmlCacheBehavior [ RunTime:0.000481s ]
INFO: [ app_begin ] --END-- [ RunTime:0.000562s ]
SQL: SHOW COLUMNS FROM `blog_article_detail` [ RunTime:0.0023s ]
SQL: SELECT * FROM blog_article_detail ad WHERE ad.status = 1 AND `category_id` > 0 ORDER BY update_time desc LIMIT 0,4   [ RunTime:0.0004s ]
SQL: SELECT * FROM blog_article_detail ad WHERE ad.status = 1 AND `category_id` > 0 ORDER BY update_time desc LIMIT 0,6   [ RunTime:0.0003s ]
SQL: SELECT * FROM blog_article_detail ad WHERE ad.status = 1 AND `category_id` > 0 ORDER BY update_time desc  [ RunTime:0.0005s ]
SQL: SHOW COLUMNS FROM `blog_article_category` [ RunTime:0.0021s ]
SQL: SELECT * FROM `blog_article_category` WHERE `id` = 5 LIMIT 1   [ RunTime:0.0003s ]
INFO: [ view_parse ] --START--
INFO: [ template_filter ] --START--
INFO: Run Behavior\ContentReplaceBehavior [ RunTime:0.000061s ]
INFO: [ template_filter ] --END-- [ RunTime:0.000151s ]
INFO: Run Behavior\ParseTemplateBehavior [ RunTime:0.014881s ]
INFO: [ view_parse ] --END-- [ RunTime:0.014978s ]
INFO: [ view_filter ] --START--
INFO: Run Behavior\WriteHtmlCacheBehavior [ RunTime:0.000587s ]
INFO: [ view_filter ] --END-- [ RunTime:0.000734s ]
INFO: [ app_end ] --START--
INFO: Run Behavior\ShowPageTraceBehavior [ RunTime:0.001226s ]
INFO: [ app_end ] --END-- [ RunTime:0.001702s ]

[ 2015-10-31T17:13:43+08:00 ] ::1 /NewBlog/
INFO: [ app_init ] --START--
INFO: Run Behavior\BuildLiteBehavior [ RunTime:0.000020s ]
INFO: [ app_init ] --END-- [ RunTime:0.000636s ]
INFO: [ app_begin ] --START--
INFO: Run Behavior\ReadHtmlCacheBehavior [ RunTime:0.000707s ]
INFO: [ app_begin ] --END-- [ RunTime:0.000799s ]
SQL: SHOW COLUMNS FROM `blog_article_detail` [ RunTime:0.0145s ]
SQL: SELECT * FROM blog_article_detail ad WHERE ad.status = 1 AND `category_id` > 0 ORDER BY update_time desc LIMIT 0,4   [ RunTime:0.0008s ]
SQL: SELECT * FROM blog_article_detail ad WHERE ad.status = 1 AND `category_id` > 0 ORDER BY update_time desc LIMIT 0,6   [ RunTime:0.0004s ]
SQL: SELECT * FROM blog_article_detail ad WHERE ad.status = 1 AND `category_id` > 0 ORDER BY update_time desc  [ RunTime:0.0005s ]
SQL: SHOW COLUMNS FROM `blog_article_category` [ RunTime:0.0023s ]
SQL: SELECT * FROM `blog_article_category` WHERE `id` = 5 LIMIT 1   [ RunTime:0.0002s ]
INFO: [ view_parse ] --START--
INFO: [ template_filter ] --START--
INFO: Run Behavior\ContentReplaceBehavior [ RunTime:0.000098s ]
INFO: [ template_filter ] --END-- [ RunTime:0.000217s ]
INFO: Run Behavior\ParseTemplateBehavior [ RunTime:0.063537s ]
INFO: [ view_parse ] --END-- [ RunTime:0.063655s ]
INFO: [ view_filter ] --START--
INFO: Run Behavior\WriteHtmlCacheBehavior [ RunTime:0.000471s ]
INFO: [ view_filter ] --END-- [ RunTime:0.000549s ]
INFO: [ app_end ] --START--
INFO: Run Behavior\ShowPageTraceBehavior [ RunTime:0.000609s ]
INFO: [ app_end ] --END-- [ RunTime:0.000689s ]

