[ 2015-10-22T19:06:12+08:00 ] ::1 /NewBlog/
INFO: [ app_init ] --START--
INFO: Run Behavior\BuildLiteBehavior [ RunTime:0.000022s ]
INFO: [ app_init ] --END-- [ RunTime:0.000571s ]
INFO: [ app_begin ] --START--
INFO: Run Behavior\ReadHtmlCacheBehavior [ RunTime:0.000854s ]
INFO: [ app_begin ] --END-- [ RunTime:0.000992s ]
SQL: SHOW COLUMNS FROM `blog_article_detail` [ RunTime:0.0375s ]
SQL: SELECT * FROM blog_article_detail ad WHERE ad.status = 1 AND `category_id` > 0 ORDER BY update_time desc LIMIT 0,4   [ RunTime:0.0056s ]
SQL: SELECT * FROM blog_article_detail ad WHERE ad.status = 1 AND `category_id` > 0 ORDER BY update_time desc LIMIT 0,6   [ RunTime:0.0004s ]
SQL: SELECT * FROM blog_article_detail ad WHERE ad.status = 1 AND `category_id` > 0 ORDER BY update_time desc  [ RunTime:0.0011s ]
SQL: SHOW COLUMNS FROM `blog_article_category` [ RunTime:0.0443s ]
SQL: SELECT * FROM `blog_article_category` WHERE `id` = 5 LIMIT 1   [ RunTime:0.0002s ]
INFO: [ view_parse ] --START--
INFO: [ template_filter ] --START--
INFO: Run Behavior\ContentReplaceBehavior [ RunTime:0.000058s ]
INFO: [ template_filter ] --END-- [ RunTime:0.000144s ]
INFO: Run Behavior\ParseTemplateBehavior [ RunTime:0.052348s ]
INFO: [ view_parse ] --END-- [ RunTime:0.052438s ]
INFO: [ view_filter ] --START--
INFO: Run Behavior\WriteHtmlCacheBehavior [ RunTime:0.033303s ]
INFO: [ view_filter ] --END-- [ RunTime:0.033399s ]
INFO: [ app_end ] --START--
INFO: Run Behavior\ShowPageTraceBehavior [ RunTime:0.001551s ]
INFO: [ app_end ] --END-- [ RunTime:0.001653s ]

