[ 2016-04-09T14:49:11+08:00 ] ::1 /NewBlog/
INFO: [ app_init ] --START--
INFO: Run Behavior\BuildLiteBehavior [ RunTime:0.000029s ]
INFO: [ app_init ] --END-- [ RunTime:0.000848s ]
INFO: [ app_begin ] --START--
INFO: Run Behavior\ReadHtmlCacheBehavior [ RunTime:0.001023s ]
INFO: [ app_begin ] --END-- [ RunTime:0.001156s ]
SQL: SHOW COLUMNS FROM `blog_article_category` [ RunTime:0.0037s ]
SQL: SELECT * FROM `blog_article_category` WHERE `status` = 1  [ RunTime:0.0008s ]
NOTIC: [8] Undefined variable: arr F:\wamp\www\NewBlog\Class\Home\Common\function.php 第 15 行.
NOTIC: [8] Undefined variable: arr F:\wamp\www\NewBlog\Class\Home\Common\function.php 第 15 行.
NOTIC: [8] Undefined variable: arr F:\wamp\www\NewBlog\Class\Home\Common\function.php 第 15 行.
NOTIC: [8] Undefined variable: arr F:\wamp\www\NewBlog\Class\Home\Common\function.php 第 15 行.
NOTIC: [8] Undefined variable: arr F:\wamp\www\NewBlog\Class\Home\Common\function.php 第 15 行.
NOTIC: [8] Undefined variable: arr F:\wamp\www\NewBlog\Class\Home\Common\function.php 第 15 行.
SQL: SHOW COLUMNS FROM `blog_article_detail` [ RunTime:0.0042s ]
SQL: SELECT * FROM blog_article_detail ad WHERE ad.status = 1 AND `category_id` > 0 ORDER BY update_time desc LIMIT 0,4   [ RunTime:0.0008s ]
SQL: SELECT * FROM blog_article_detail ad WHERE ad.status = 1 AND `category_id` > 0 ORDER BY update_time desc LIMIT 0,6   [ RunTime:0.0007s ]
SQL: SELECT * FROM blog_article_detail ad WHERE ad.status = 1 AND `category_id` > 0 ORDER BY update_time desc  [ RunTime:0.0025s ]
SQL: SHOW COLUMNS FROM `blog_article_category` [ RunTime:0.0039s ]
SQL: SELECT * FROM `blog_article_category` WHERE `id` = 5 LIMIT 1   [ RunTime:0.0003s ]
INFO: [ view_parse ] --START--
INFO: [ template_filter ] --START--
INFO: Run Behavior\ContentReplaceBehavior [ RunTime:0.000109s ]
INFO: [ template_filter ] --END-- [ RunTime:0.000262s ]
NOTIC: [8] Undefined index: index_show F:\wamp\www\NewBlog\Class\Runtime\Cache\Home\019c94ce4980ea5b42b0fa88e5a3326f.php 第 104 行.
INFO: Run Behavior\ParseTemplateBehavior [ RunTime:0.022895s ]
INFO: [ view_parse ] --END-- [ RunTime:0.023031s ]
INFO: [ view_filter ] --START--
INFO: Run Behavior\WriteHtmlCacheBehavior [ RunTime:0.001284s ]
INFO: [ view_filter ] --END-- [ RunTime:0.001504s ]
INFO: [ app_end ] --START--
INFO: Run Behavior\ShowPageTraceBehavior [ RunTime:0.001179s ]
INFO: [ app_end ] --END-- [ RunTime:0.001331s ]

[ 2016-04-09T14:49:14+08:00 ] ::1 /NewBlog/
INFO: [ app_init ] --START--
INFO: Run Behavior\BuildLiteBehavior [ RunTime:0.000039s ]
INFO: [ app_init ] --END-- [ RunTime:0.001027s ]
INFO: [ app_begin ] --START--
INFO: Run Behavior\ReadHtmlCacheBehavior [ RunTime:0.000727s ]
INFO: [ app_begin ] --END-- [ RunTime:0.000863s ]
SQL: SHOW COLUMNS FROM `blog_article_category` [ RunTime:0.0047s ]
SQL: SELECT * FROM `blog_article_category` WHERE `status` = 1  [ RunTime:0.0004s ]
NOTIC: [8] Undefined variable: arr F:\wamp\www\NewBlog\Class\Home\Common\function.php 第 15 行.
NOTIC: [8] Undefined variable: arr F:\wamp\www\NewBlog\Class\Home\Common\function.php 第 15 行.
NOTIC: [8] Undefined variable: arr F:\wamp\www\NewBlog\Class\Home\Common\function.php 第 15 行.
NOTIC: [8] Undefined variable: arr F:\wamp\www\NewBlog\Class\Home\Common\function.php 第 15 行.
NOTIC: [8] Undefined variable: arr F:\wamp\www\NewBlog\Class\Home\Common\function.php 第 15 行.
NOTIC: [8] Undefined variable: arr F:\wamp\www\NewBlog\Class\Home\Common\function.php 第 15 行.
SQL: SHOW COLUMNS FROM `blog_article_detail` [ RunTime:0.0033s ]
SQL: SELECT * FROM blog_article_detail ad WHERE ad.status = 1 AND `category_id` > 0 ORDER BY update_time desc LIMIT 0,4   [ RunTime:0.0006s ]
SQL: SELECT * FROM blog_article_detail ad WHERE ad.status = 1 AND `category_id` > 0 ORDER BY update_time desc LIMIT 0,6   [ RunTime:0.0006s ]
SQL: SELECT * FROM blog_article_detail ad WHERE ad.status = 1 AND `category_id` > 0 ORDER BY update_time desc  [ RunTime:0.0013s ]
SQL: SHOW COLUMNS FROM `blog_article_category` [ RunTime:0.0036s ]
SQL: SELECT * FROM `blog_article_category` WHERE `id` = 5 LIMIT 1   [ RunTime:0.0003s ]
INFO: [ view_parse ] --START--
INFO: [ template_filter ] --START--
INFO: Run Behavior\ContentReplaceBehavior [ RunTime:0.000099s ]
INFO: [ template_filter ] --END-- [ RunTime:0.000240s ]
NOTIC: [8] Undefined index: index_show F:\wamp\www\NewBlog\Class\Runtime\Cache\Home\019c94ce4980ea5b42b0fa88e5a3326f.php 第 104 行.
INFO: Run Behavior\ParseTemplateBehavior [ RunTime:0.022536s ]
INFO: [ view_parse ] --END-- [ RunTime:0.022676s ]
INFO: [ view_filter ] --START--
INFO: Run Behavior\WriteHtmlCacheBehavior [ RunTime:0.000633s ]
INFO: [ view_filter ] --END-- [ RunTime:0.000749s ]
INFO: [ app_end ] --START--
INFO: Run Behavior\ShowPageTraceBehavior [ RunTime:0.001041s ]
INFO: [ app_end ] --END-- [ RunTime:0.001243s ]

[ 2016-04-09T14:49:21+08:00 ] ::1 /NewBlog/index.php?m=Home&c=index&a=category&id=8
INFO: [ app_init ] --START--
INFO: Run Behavior\BuildLiteBehavior [ RunTime:0.000028s ]
INFO: [ app_init ] --END-- [ RunTime:0.000603s ]
INFO: [ app_begin ] --START--
INFO: Run Behavior\ReadHtmlCacheBehavior [ RunTime:0.000711s ]
INFO: [ app_begin ] --END-- [ RunTime:0.000847s ]
SQL: SHOW COLUMNS FROM `blog_article_category` [ RunTime:0.0037s ]
SQL: SELECT * FROM `blog_article_category` WHERE `status` = 1  [ RunTime:0.0004s ]
NOTIC: [8] Undefined variable: arr F:\wamp\www\NewBlog\Class\Home\Common\function.php 第 15 行.
NOTIC: [8] Undefined variable: arr F:\wamp\www\NewBlog\Class\Home\Common\function.php 第 15 行.
NOTIC: [8] Undefined variable: arr F:\wamp\www\NewBlog\Class\Home\Common\function.php 第 15 行.
NOTIC: [8] Undefined variable: arr F:\wamp\www\NewBlog\Class\Home\Common\function.php 第 15 行.
NOTIC: [8] Undefined variable: arr F:\wamp\www\NewBlog\Class\Home\Common\function.php 第 15 行.
NOTIC: [8] Undefined variable: arr F:\wamp\www\NewBlog\Class\Home\Common\function.php 第 15 行.
SQL: SHOW COLUMNS FROM `blog_article_detail` [ RunTime:0.0050s ]
NOTIC: [8] Undefined variable: p F:\wamp\www\NewBlog\Class\Home\Controller\IndexController.class.php 第 22 行.
SQL: SELECT * FROM blog_article_detail ad WHERE ad.status = 1 AND `category_id` = '8' ORDER BY update_time desc LIMIT 0,5   [ RunTime:0.0005s ]
SQL: SELECT * FROM blog_article_detail ad WHERE ad.status = 1 AND `category_id` = '8' ORDER BY update_time desc  [ RunTime:0.0003s ]
SQL: SHOW COLUMNS FROM `blog_article_category` [ RunTime:0.0031s ]
SQL: SELECT * FROM `blog_article_category` WHERE `id` = 8 LIMIT 1   [ RunTime:0.0003s ]
INFO: [ view_parse ] --START--
INFO: [ template_filter ] --START--
INFO: Run Behavior\ContentReplaceBehavior [ RunTime:0.000091s ]
INFO: [ template_filter ] --END-- [ RunTime:0.000260s ]
INFO: Run Behavior\ParseTemplateBehavior [ RunTime:0.052724s ]
INFO: [ view_parse ] --END-- [ RunTime:0.052862s ]
INFO: [ view_filter ] --START--
INFO: Run Behavior\WriteHtmlCacheBehavior [ RunTime:0.000572s ]
INFO: [ view_filter ] --END-- [ RunTime:0.000686s ]
INFO: [ app_end ] --START--
INFO: Run Behavior\ShowPageTraceBehavior [ RunTime:0.000700s ]
INFO: [ app_end ] --END-- [ RunTime:0.000817s ]

[ 2016-04-09T14:49:24+08:00 ] ::1 /NewBlog/index.php?m=Home&c=index&a=category&id=4
INFO: [ app_init ] --START--
INFO: Run Behavior\BuildLiteBehavior [ RunTime:0.000043s ]
INFO: [ app_init ] --END-- [ RunTime:0.000876s ]
INFO: [ app_begin ] --START--
INFO: Run Behavior\ReadHtmlCacheBehavior [ RunTime:0.000715s ]
INFO: [ app_begin ] --END-- [ RunTime:0.000854s ]
SQL: SHOW COLUMNS FROM `blog_article_category` [ RunTime:0.0047s ]
SQL: SELECT * FROM `blog_article_category` WHERE `status` = 1  [ RunTime:0.0004s ]
NOTIC: [8] Undefined variable: arr F:\wamp\www\NewBlog\Class\Home\Common\function.php 第 15 行.
NOTIC: [8] Undefined variable: arr F:\wamp\www\NewBlog\Class\Home\Common\function.php 第 15 行.
NOTIC: [8] Undefined variable: arr F:\wamp\www\NewBlog\Class\Home\Common\function.php 第 15 行.
NOTIC: [8] Undefined variable: arr F:\wamp\www\NewBlog\Class\Home\Common\function.php 第 15 行.
NOTIC: [8] Undefined variable: arr F:\wamp\www\NewBlog\Class\Home\Common\function.php 第 15 行.
NOTIC: [8] Undefined variable: arr F:\wamp\www\NewBlog\Class\Home\Common\function.php 第 15 行.
SQL: SHOW COLUMNS FROM `blog_article_detail` [ RunTime:0.0035s ]
NOTIC: [8] Undefined variable: p F:\wamp\www\NewBlog\Class\Home\Controller\IndexController.class.php 第 22 行.
SQL: SELECT * FROM blog_article_detail ad WHERE ad.status = 1 AND `category_id` = '4' ORDER BY update_time desc LIMIT 0,5   [ RunTime:0.0006s ]
SQL: SELECT * FROM blog_article_detail ad WHERE ad.status = 1 AND `category_id` = '4' ORDER BY update_time desc  [ RunTime:0.0007s ]
SQL: SHOW COLUMNS FROM `blog_article_category` [ RunTime:0.0035s ]
SQL: SELECT * FROM `blog_article_category` WHERE `id` = 4 LIMIT 1   [ RunTime:0.0003s ]
INFO: [ view_parse ] --START--
INFO: [ template_filter ] --START--
INFO: Run Behavior\ContentReplaceBehavior [ RunTime:0.000082s ]
INFO: [ template_filter ] --END-- [ RunTime:0.000237s ]
INFO: Run Behavior\ParseTemplateBehavior [ RunTime:0.017887s ]
INFO: [ view_parse ] --END-- [ RunTime:0.018028s ]
INFO: [ view_filter ] --START--
INFO: Run Behavior\WriteHtmlCacheBehavior [ RunTime:0.000555s ]
INFO: [ view_filter ] --END-- [ RunTime:0.000671s ]
INFO: [ app_end ] --START--
INFO: Run Behavior\ShowPageTraceBehavior [ RunTime:0.000783s ]
INFO: [ app_end ] --END-- [ RunTime:0.000911s ]

[ 2016-04-09T20:56:08+08:00 ] ::1 /NewBlog/
INFO: [ app_init ] --START--
INFO: Run Behavior\BuildLiteBehavior [ RunTime:0.000057s ]
INFO: [ app_init ] --END-- [ RunTime:0.000983s ]
INFO: [ app_begin ] --START--
INFO: Run Behavior\ReadHtmlCacheBehavior [ RunTime:0.001086s ]
INFO: [ app_begin ] --END-- [ RunTime:0.001227s ]
SQL: SHOW COLUMNS FROM `blog_article_category` [ RunTime:0.0046s ]
SQL: SELECT * FROM `blog_article_category` WHERE `status` = 1  [ RunTime:0.0005s ]
NOTIC: [8] Undefined variable: arr F:\wamp\www\NewBlog\Class\Home\Common\function.php 第 15 行.
NOTIC: [8] Undefined variable: arr F:\wamp\www\NewBlog\Class\Home\Common\function.php 第 15 行.
NOTIC: [8] Undefined variable: arr F:\wamp\www\NewBlog\Class\Home\Common\function.php 第 15 行.
NOTIC: [8] Undefined variable: arr F:\wamp\www\NewBlog\Class\Home\Common\function.php 第 15 行.
NOTIC: [8] Undefined variable: arr F:\wamp\www\NewBlog\Class\Home\Common\function.php 第 15 行.
NOTIC: [8] Undefined variable: arr F:\wamp\www\NewBlog\Class\Home\Common\function.php 第 15 行.
SQL: SHOW COLUMNS FROM `blog_article_detail` [ RunTime:0.0040s ]
SQL: SELECT * FROM blog_article_detail ad WHERE ad.status = 1 AND `category_id` > 0 ORDER BY update_time desc LIMIT 0,4   [ RunTime:0.0014s ]
SQL: SELECT * FROM blog_article_detail ad WHERE ad.status = 1 AND `category_id` > 0 ORDER BY update_time desc LIMIT 0,6   [ RunTime:0.0008s ]
SQL: SELECT * FROM blog_article_detail ad WHERE ad.status = 1 AND `category_id` > 0 ORDER BY update_time desc  [ RunTime:0.0021s ]
SQL: SHOW COLUMNS FROM `blog_article_category` [ RunTime:0.0051s ]
SQL: SELECT * FROM `blog_article_category` WHERE `id` = 5 LIMIT 1   [ RunTime:0.0004s ]
INFO: [ view_parse ] --START--
INFO: [ template_filter ] --START--
INFO: Run Behavior\ContentReplaceBehavior [ RunTime:0.000111s ]
INFO: [ template_filter ] --END-- [ RunTime:0.000257s ]
NOTIC: [8] Undefined index: index_show F:\wamp\www\NewBlog\Class\Runtime\Cache\Home\019c94ce4980ea5b42b0fa88e5a3326f.php 第 104 行.
INFO: Run Behavior\ParseTemplateBehavior [ RunTime:0.025817s ]
INFO: [ view_parse ] --END-- [ RunTime:0.025956s ]
INFO: [ view_filter ] --START--
INFO: Run Behavior\WriteHtmlCacheBehavior [ RunTime:0.000973s ]
INFO: [ view_filter ] --END-- [ RunTime:0.001093s ]
INFO: [ app_end ] --START--
INFO: Run Behavior\ShowPageTraceBehavior [ RunTime:0.001635s ]
INFO: [ app_end ] --END-- [ RunTime:0.002102s ]

[ 2016-04-09T20:56:11+08:00 ] ::1 /NewBlog/index.php?m=Home&c=index&a=category&id=4
INFO: [ app_init ] --START--
INFO: Run Behavior\BuildLiteBehavior [ RunTime:0.000039s ]
INFO: [ app_init ] --END-- [ RunTime:0.000674s ]
INFO: [ app_begin ] --START--
INFO: Run Behavior\ReadHtmlCacheBehavior [ RunTime:0.000834s ]
INFO: [ app_begin ] --END-- [ RunTime:0.001001s ]
SQL: SHOW COLUMNS FROM `blog_article_category` [ RunTime:0.0049s ]
SQL: SELECT * FROM `blog_article_category` WHERE `status` = 1  [ RunTime:0.0004s ]
NOTIC: [8] Undefined variable: arr F:\wamp\www\NewBlog\Class\Home\Common\function.php 第 15 行.
NOTIC: [8] Undefined variable: arr F:\wamp\www\NewBlog\Class\Home\Common\function.php 第 15 行.
NOTIC: [8] Undefined variable: arr F:\wamp\www\NewBlog\Class\Home\Common\function.php 第 15 行.
NOTIC: [8] Undefined variable: arr F:\wamp\www\NewBlog\Class\Home\Common\function.php 第 15 行.
NOTIC: [8] Undefined variable: arr F:\wamp\www\NewBlog\Class\Home\Common\function.php 第 15 行.
NOTIC: [8] Undefined variable: arr F:\wamp\www\NewBlog\Class\Home\Common\function.php 第 15 行.
SQL: SHOW COLUMNS FROM `blog_article_detail` [ RunTime:0.0040s ]
NOTIC: [8] Undefined variable: p F:\wamp\www\NewBlog\Class\Home\Controller\IndexController.class.php 第 22 行.
SQL: SELECT * FROM blog_article_detail ad WHERE ad.status = 1 AND `category_id` = '4' ORDER BY update_time desc LIMIT 0,5   [ RunTime:0.0008s ]
SQL: SELECT * FROM blog_article_detail ad WHERE ad.status = 1 AND `category_id` = '4' ORDER BY update_time desc  [ RunTime:0.0008s ]
SQL: SHOW COLUMNS FROM `blog_article_category` [ RunTime:0.0049s ]
SQL: SELECT * FROM `blog_article_category` WHERE `id` = 4 LIMIT 1   [ RunTime:0.0003s ]
INFO: [ view_parse ] --START--
INFO: [ template_filter ] --START--
INFO: Run Behavior\ContentReplaceBehavior [ RunTime:0.000088s ]
INFO: [ template_filter ] --END-- [ RunTime:0.000215s ]
INFO: Run Behavior\ParseTemplateBehavior [ RunTime:0.027233s ]
INFO: [ view_parse ] --END-- [ RunTime:0.027373s ]
INFO: [ view_filter ] --START--
INFO: Run Behavior\WriteHtmlCacheBehavior [ RunTime:0.000750s ]
INFO: [ view_filter ] --END-- [ RunTime:0.000883s ]
INFO: [ app_end ] --START--
INFO: Run Behavior\ShowPageTraceBehavior [ RunTime:0.000976s ]
INFO: [ app_end ] --END-- [ RunTime:0.001124s ]

[ 2016-04-09T20:56:13+08:00 ] ::1 /NewBlog/index.php?m=Home&c=Index&a=detail&id=61
INFO: [ app_init ] --START--
INFO: Run Behavior\BuildLiteBehavior [ RunTime:0.000031s ]
INFO: [ app_init ] --END-- [ RunTime:0.000710s ]
INFO: [ app_begin ] --START--
INFO: Run Behavior\ReadHtmlCacheBehavior [ RunTime:0.000848s ]
INFO: [ app_begin ] --END-- [ RunTime:0.000981s ]
SQL: SHOW COLUMNS FROM `blog_article_category` [ RunTime:0.0045s ]
SQL: SELECT * FROM `blog_article_category` WHERE `status` = 1  [ RunTime:0.0004s ]
NOTIC: [8] Undefined variable: arr F:\wamp\www\NewBlog\Class\Home\Common\function.php 第 15 行.
NOTIC: [8] Undefined variable: arr F:\wamp\www\NewBlog\Class\Home\Common\function.php 第 15 行.
NOTIC: [8] Undefined variable: arr F:\wamp\www\NewBlog\Class\Home\Common\function.php 第 15 行.
NOTIC: [8] Undefined variable: arr F:\wamp\www\NewBlog\Class\Home\Common\function.php 第 15 行.
NOTIC: [8] Undefined variable: arr F:\wamp\www\NewBlog\Class\Home\Common\function.php 第 15 行.
NOTIC: [8] Undefined variable: arr F:\wamp\www\NewBlog\Class\Home\Common\function.php 第 15 行.
SQL: SHOW COLUMNS FROM `blog_article_detail` [ RunTime:0.0040s ]
SQL: SELECT * FROM `blog_article_detail` WHERE `id` = 61 LIMIT 1   [ RunTime:0.0004s ]
SQL: SELECT COUNT(*) AS tp_count FROM `blog_article_detail` WHERE `category_id` = '4' LIMIT 1   [ RunTime:0.0003s ]
SQL: SELECT COUNT(*) AS tp_count FROM `blog_article_detail` WHERE `category_id` = '4' AND `id` < '61' LIMIT 1   [ RunTime:0.0005s ]
SQL: SELECT * FROM `blog_article_detail` WHERE `category_id` = '4' ORDER BY id asc LIMIT 0,3   [ RunTime:0.0008s ]
INFO: [ view_parse ] --START--
INFO: [ template_filter ] --START--
INFO: Run Behavior\ContentReplaceBehavior [ RunTime:0.000082s ]
INFO: [ template_filter ] --END-- [ RunTime:0.000219s ]
INFO: Run Behavior\ParseTemplateBehavior [ RunTime:0.018073s ]
INFO: [ view_parse ] --END-- [ RunTime:0.018235s ]
INFO: [ view_filter ] --START--
INFO: Run Behavior\WriteHtmlCacheBehavior [ RunTime:0.000673s ]
INFO: [ view_filter ] --END-- [ RunTime:0.000791s ]
NOTIC: [2] Cannot modify header information - headers already sent by (output started at F:\wamp\www\NewBlog\ThinkPHP\Common\functions.php:848) F:\wamp\www\NewBlog\ThinkPHP\Library\Think\View.class.php 第 91 行.
NOTIC: [2] Cannot modify header information - headers already sent by (output started at F:\wamp\www\NewBlog\ThinkPHP\Common\functions.php:848) F:\wamp\www\NewBlog\ThinkPHP\Library\Think\View.class.php 第 92 行.
NOTIC: [2] Cannot modify header information - headers already sent by (output started at F:\wamp\www\NewBlog\ThinkPHP\Common\functions.php:848) F:\wamp\www\NewBlog\ThinkPHP\Library\Think\View.class.php 第 93 行.
INFO: [ app_end ] --START--
INFO: Run Behavior\ShowPageTraceBehavior [ RunTime:0.001876s ]
INFO: [ app_end ] --END-- [ RunTime:0.002091s ]

[ 2016-04-09T20:56:20+08:00 ] ::1 /NewBlog/index.php?m=Home&c=Index&a=detail&id=61
INFO: [ app_init ] --START--
INFO: Run Behavior\BuildLiteBehavior [ RunTime:0.000027s ]
INFO: [ app_init ] --END-- [ RunTime:0.000638s ]
INFO: [ app_begin ] --START--
INFO: Run Behavior\ReadHtmlCacheBehavior [ RunTime:0.001594s ]
INFO: [ app_begin ] --END-- [ RunTime:0.002038s ]
SQL: SHOW COLUMNS FROM `blog_article_category` [ RunTime:0.0063s ]
SQL: SELECT * FROM `blog_article_category` WHERE `status` = 1  [ RunTime:0.0004s ]
NOTIC: [8] Undefined variable: arr F:\wamp\www\NewBlog\Class\Home\Common\function.php 第 15 行.
NOTIC: [8] Undefined variable: arr F:\wamp\www\NewBlog\Class\Home\Common\function.php 第 15 行.
NOTIC: [8] Undefined variable: arr F:\wamp\www\NewBlog\Class\Home\Common\function.php 第 15 行.
NOTIC: [8] Undefined variable: arr F:\wamp\www\NewBlog\Class\Home\Common\function.php 第 15 行.
NOTIC: [8] Undefined variable: arr F:\wamp\www\NewBlog\Class\Home\Common\function.php 第 15 行.
NOTIC: [8] Undefined variable: arr F:\wamp\www\NewBlog\Class\Home\Common\function.php 第 15 行.
SQL: SHOW COLUMNS FROM `blog_article_detail` [ RunTime:0.0041s ]
SQL: SELECT * FROM `blog_article_detail` WHERE `id` = 61 LIMIT 1   [ RunTime:0.0004s ]
SQL: SELECT COUNT(*) AS tp_count FROM `blog_article_detail` WHERE `category_id` = '4' LIMIT 1   [ RunTime:0.0004s ]
SQL: SELECT COUNT(*) AS tp_count FROM `blog_article_detail` WHERE `category_id` = '4' AND `id` < '61' LIMIT 1   [ RunTime:0.0003s ]
SQL: SELECT * FROM `blog_article_detail` WHERE `category_id` = '4' ORDER BY id asc LIMIT 0,3   [ RunTime:0.0004s ]
INFO: [ view_parse ] --START--
INFO: [ template_filter ] --START--
INFO: Run Behavior\ContentReplaceBehavior [ RunTime:0.000083s ]
INFO: [ template_filter ] --END-- [ RunTime:0.000232s ]
INFO: Run Behavior\ParseTemplateBehavior [ RunTime:0.017997s ]
INFO: [ view_parse ] --END-- [ RunTime:0.018460s ]
INFO: [ view_filter ] --START--
INFO: Run Behavior\WriteHtmlCacheBehavior [ RunTime:0.000824s ]
INFO: [ view_filter ] --END-- [ RunTime:0.000977s ]
NOTIC: [2] Cannot modify header information - headers already sent by (output started at F:\wamp\www\NewBlog\ThinkPHP\Common\functions.php:848) F:\wamp\www\NewBlog\ThinkPHP\Library\Think\View.class.php 第 91 行.
NOTIC: [2] Cannot modify header information - headers already sent by (output started at F:\wamp\www\NewBlog\ThinkPHP\Common\functions.php:848) F:\wamp\www\NewBlog\ThinkPHP\Library\Think\View.class.php 第 92 行.
NOTIC: [2] Cannot modify header information - headers already sent by (output started at F:\wamp\www\NewBlog\ThinkPHP\Common\functions.php:848) F:\wamp\www\NewBlog\ThinkPHP\Library\Think\View.class.php 第 93 行.
INFO: [ app_end ] --START--
INFO: Run Behavior\ShowPageTraceBehavior [ RunTime:0.001138s ]
INFO: [ app_end ] --END-- [ RunTime:0.001296s ]

