[ 2016-02-29T22:21:01+08:00 ] ::1 /NewBlog/
INFO: [ app_init ] --START--
INFO: Run Behavior\BuildLiteBehavior [ RunTime:0.000021s ]
INFO: [ app_init ] --END-- [ RunTime:0.001079s ]
INFO: [ app_begin ] --START--
INFO: Run Behavior\ReadHtmlCacheBehavior [ RunTime:0.001214s ]
INFO: [ app_begin ] --END-- [ RunTime:0.001349s ]
SQL: SHOW COLUMNS FROM `blog_article_detail` [ RunTime:0.0508s ]
SQL: SELECT * FROM blog_article_detail ad WHERE ad.status = 1 AND `category_id` > 0 ORDER BY update_time desc LIMIT 0,4   [ RunTime:0.0123s ]
SQL: SELECT * FROM blog_article_detail ad WHERE ad.status = 1 AND `category_id` > 0 ORDER BY update_time desc LIMIT 0,6   [ RunTime:0.0007s ]
SQL: SELECT * FROM blog_article_detail ad WHERE ad.status = 1 AND `category_id` > 0 ORDER BY update_time desc  [ RunTime:0.0007s ]
SQL: SHOW COLUMNS FROM `blog_article_category` [ RunTime:0.0553s ]
SQL: SELECT * FROM `blog_article_category` WHERE `id` = 5 LIMIT 1   [ RunTime:0.0003s ]
INFO: [ view_parse ] --START--
INFO: [ template_filter ] --START--
INFO: Run Behavior\ContentReplaceBehavior [ RunTime:0.000063s ]
INFO: [ template_filter ] --END-- [ RunTime:0.000160s ]
INFO: Run Behavior\ParseTemplateBehavior [ RunTime:0.101777s ]
INFO: [ view_parse ] --END-- [ RunTime:0.101933s ]
INFO: [ view_filter ] --START--
INFO: Run Behavior\WriteHtmlCacheBehavior [ RunTime:0.019350s ]
INFO: [ view_filter ] --END-- [ RunTime:0.019461s ]
INFO: [ app_end ] --START--
INFO: Run Behavior\ShowPageTraceBehavior [ RunTime:0.001239s ]
INFO: [ app_end ] --END-- [ RunTime:0.001340s ]

[ 2016-02-29T22:21:08+08:00 ] ::1 /NewBlog/index.php?m=Home&c=index&a=index&id=5
INFO: [ app_init ] --START--
INFO: Run Behavior\BuildLiteBehavior [ RunTime:0.000021s ]
INFO: [ app_init ] --END-- [ RunTime:0.000323s ]
INFO: [ app_begin ] --START--
INFO: Run Behavior\ReadHtmlCacheBehavior [ RunTime:0.000431s ]
INFO: [ app_begin ] --END-- [ RunTime:0.000510s ]
SQL: SHOW COLUMNS FROM `blog_article_detail` [ RunTime:0.0039s ]
SQL: SELECT * FROM blog_article_detail ad WHERE ad.status = 1 AND `category_id` > 0 ORDER BY update_time desc LIMIT 0,4   [ RunTime:0.0023s ]
SQL: SELECT * FROM blog_article_detail ad WHERE ad.status = 1 AND `category_id` > 0 ORDER BY update_time desc LIMIT 0,6   [ RunTime:0.0008s ]
SQL: SELECT * FROM blog_article_detail ad WHERE ad.status = 1 AND `category_id` > 0 ORDER BY update_time desc  [ RunTime:0.0005s ]
SQL: SHOW COLUMNS FROM `blog_article_category` [ RunTime:0.0023s ]
SQL: SELECT * FROM `blog_article_category` WHERE `id` = 5 LIMIT 1   [ RunTime:0.0002s ]
INFO: [ view_parse ] --START--
INFO: [ template_filter ] --START--
INFO: Run Behavior\ContentReplaceBehavior [ RunTime:0.000063s ]
INFO: [ template_filter ] --END-- [ RunTime:0.000154s ]
INFO: Run Behavior\ParseTemplateBehavior [ RunTime:0.011838s ]
INFO: [ view_parse ] --END-- [ RunTime:0.012013s ]
INFO: [ view_filter ] --START--
INFO: Run Behavior\WriteHtmlCacheBehavior [ RunTime:0.000455s ]
INFO: [ view_filter ] --END-- [ RunTime:0.000560s ]
INFO: [ app_end ] --START--
INFO: Run Behavior\ShowPageTraceBehavior [ RunTime:0.000571s ]
INFO: [ app_end ] --END-- [ RunTime:0.000677s ]

[ 2016-02-29T22:21:10+08:00 ] ::1 /NewBlog/index.php?m=Home&c=index&a=category&id=1
INFO: [ app_init ] --START--
INFO: Run Behavior\BuildLiteBehavior [ RunTime:0.000019s ]
INFO: [ app_init ] --END-- [ RunTime:0.000289s ]
INFO: [ app_begin ] --START--
INFO: Run Behavior\ReadHtmlCacheBehavior [ RunTime:0.000373s ]
INFO: [ app_begin ] --END-- [ RunTime:0.000457s ]
SQL: SHOW COLUMNS FROM `blog_article_detail` [ RunTime:0.0058s ]
NOTIC: [8] Undefined variable: p D:\wamp\www\NewBlog\Class\Home\Controller\IndexController.class.php 第 22 行.
SQL: SELECT * FROM blog_article_detail ad WHERE ad.status = 1 AND `category_id` = '1' ORDER BY update_time desc LIMIT 0,5   [ RunTime:0.0005s ]
SQL: SELECT * FROM blog_article_detail ad WHERE ad.status = 1 AND `category_id` = '1' ORDER BY update_time desc  [ RunTime:0.0003s ]
SQL: SHOW COLUMNS FROM `blog_article_category` [ RunTime:0.0026s ]
SQL: SELECT * FROM `blog_article_category` WHERE `id` = 1 LIMIT 1   [ RunTime:0.0002s ]
INFO: [ view_parse ] --START--
INFO: [ template_filter ] --START--
INFO: Run Behavior\ContentReplaceBehavior [ RunTime:0.000056s ]
INFO: [ template_filter ] --END-- [ RunTime:0.000143s ]
INFO: Run Behavior\ParseTemplateBehavior [ RunTime:0.025668s ]
INFO: [ view_parse ] --END-- [ RunTime:0.025766s ]
INFO: [ view_filter ] --START--
INFO: Run Behavior\WriteHtmlCacheBehavior [ RunTime:0.000336s ]
INFO: [ view_filter ] --END-- [ RunTime:0.000457s ]
INFO: [ app_end ] --START--
INFO: Run Behavior\ShowPageTraceBehavior [ RunTime:0.000661s ]
INFO: [ app_end ] --END-- [ RunTime:0.000831s ]

[ 2016-02-29T22:21:11+08:00 ] ::1 /NewBlog/index.php?m=Home&c=index&a=category&id=2
INFO: [ app_init ] --START--
INFO: Run Behavior\BuildLiteBehavior [ RunTime:0.000032s ]
INFO: [ app_init ] --END-- [ RunTime:0.000559s ]
INFO: [ app_begin ] --START--
INFO: Run Behavior\ReadHtmlCacheBehavior [ RunTime:0.000368s ]
INFO: [ app_begin ] --END-- [ RunTime:0.000455s ]
SQL: SHOW COLUMNS FROM `blog_article_detail` [ RunTime:0.0161s ]
NOTIC: [8] Undefined variable: p D:\wamp\www\NewBlog\Class\Home\Controller\IndexController.class.php 第 22 行.
SQL: SELECT * FROM blog_article_detail ad WHERE ad.status = 1 AND `category_id` = '2' ORDER BY update_time desc LIMIT 0,5   [ RunTime:0.0018s ]
SQL: SELECT * FROM blog_article_detail ad WHERE ad.status = 1 AND `category_id` = '2' ORDER BY update_time desc  [ RunTime:0.0003s ]
SQL: SHOW COLUMNS FROM `blog_article_category` [ RunTime:0.0037s ]
SQL: SELECT * FROM `blog_article_category` WHERE `id` = 2 LIMIT 1   [ RunTime:0.0003s ]
INFO: [ view_parse ] --START--
INFO: [ template_filter ] --START--
INFO: Run Behavior\ContentReplaceBehavior [ RunTime:0.000057s ]
INFO: [ template_filter ] --END-- [ RunTime:0.000148s ]
INFO: Run Behavior\ParseTemplateBehavior [ RunTime:0.007582s ]
INFO: [ view_parse ] --END-- [ RunTime:0.007702s ]
INFO: [ view_filter ] --START--
INFO: Run Behavior\WriteHtmlCacheBehavior [ RunTime:0.000255s ]
INFO: [ view_filter ] --END-- [ RunTime:0.000350s ]
INFO: [ app_end ] --START--
INFO: Run Behavior\ShowPageTraceBehavior [ RunTime:0.000514s ]
INFO: [ app_end ] --END-- [ RunTime:0.000603s ]

[ 2016-02-29T22:21:11+08:00 ] ::1 /NewBlog/index.php?m=Home&c=index&a=category&id=3
INFO: [ app_init ] --START--
INFO: Run Behavior\BuildLiteBehavior [ RunTime:0.000038s ]
INFO: [ app_init ] --END-- [ RunTime:0.000722s ]
INFO: [ app_begin ] --START--
INFO: Run Behavior\ReadHtmlCacheBehavior [ RunTime:0.001457s ]
INFO: [ app_begin ] --END-- [ RunTime:0.001577s ]
SQL: SHOW COLUMNS FROM `blog_article_detail` [ RunTime:0.0047s ]
NOTIC: [8] Undefined variable: p D:\wamp\www\NewBlog\Class\Home\Controller\IndexController.class.php 第 22 行.
SQL: SELECT * FROM blog_article_detail ad WHERE ad.status = 1 AND `category_id` = '3' ORDER BY update_time desc LIMIT 0,5   [ RunTime:0.0004s ]
SQL: SELECT * FROM blog_article_detail ad WHERE ad.status = 1 AND `category_id` = '3' ORDER BY update_time desc  [ RunTime:0.0003s ]
SQL: SHOW COLUMNS FROM `blog_article_category` [ RunTime:0.0024s ]
SQL: SELECT * FROM `blog_article_category` WHERE `id` = 3 LIMIT 1   [ RunTime:0.0004s ]
INFO: [ view_parse ] --START--
INFO: [ template_filter ] --START--
INFO: Run Behavior\ContentReplaceBehavior [ RunTime:0.000060s ]
INFO: [ template_filter ] --END-- [ RunTime:0.000173s ]
INFO: Run Behavior\ParseTemplateBehavior [ RunTime:0.011452s ]
INFO: [ view_parse ] --END-- [ RunTime:0.011718s ]
INFO: [ view_filter ] --START--
INFO: Run Behavior\WriteHtmlCacheBehavior [ RunTime:0.000525s ]
INFO: [ view_filter ] --END-- [ RunTime:0.000799s ]
INFO: [ app_end ] --START--
INFO: Run Behavior\ShowPageTraceBehavior [ RunTime:0.000632s ]
INFO: [ app_end ] --END-- [ RunTime:0.000765s ]

[ 2016-02-29T22:26:29+08:00 ] ::1 /NewBlog/index.php?m=Home&c=index&a=index
INFO: [ app_init ] --START--
INFO: Run Behavior\BuildLiteBehavior [ RunTime:0.000076s ]
INFO: [ app_init ] --END-- [ RunTime:0.000763s ]
INFO: [ app_begin ] --START--
INFO: Run Behavior\ReadHtmlCacheBehavior [ RunTime:0.002860s ]
INFO: [ app_begin ] --END-- [ RunTime:0.003769s ]
SQL: SHOW COLUMNS FROM `blog_article_detail` [ RunTime:0.0044s ]
SQL: SELECT * FROM blog_article_detail ad WHERE ad.status = 1 AND `category_id` > 0 ORDER BY update_time desc LIMIT 0,4   [ RunTime:0.0008s ]
SQL: SELECT * FROM blog_article_detail ad WHERE ad.status = 1 AND `category_id` > 0 ORDER BY update_time desc LIMIT 0,6   [ RunTime:0.0024s ]
SQL: SELECT * FROM blog_article_detail ad WHERE ad.status = 1 AND `category_id` > 0 ORDER BY update_time desc  [ RunTime:0.0008s ]
SQL: SHOW COLUMNS FROM `blog_article_category` [ RunTime:0.0044s ]
SQL: SELECT * FROM `blog_article_category` WHERE `id` = 5 LIMIT 1   [ RunTime:0.0015s ]
INFO: [ view_parse ] --START--
INFO: [ template_filter ] --START--
INFO: Run Behavior\ContentReplaceBehavior [ RunTime:0.000364s ]
INFO: [ template_filter ] --END-- [ RunTime:0.000757s ]
INFO: Run Behavior\ParseTemplateBehavior [ RunTime:0.037604s ]
INFO: [ view_parse ] --END-- [ RunTime:0.037812s ]
INFO: [ view_filter ] --START--
INFO: Run Behavior\WriteHtmlCacheBehavior [ RunTime:0.002520s ]
INFO: [ view_filter ] --END-- [ RunTime:0.002952s ]
INFO: [ app_end ] --START--
INFO: Run Behavior\ShowPageTraceBehavior [ RunTime:0.002459s ]
INFO: [ app_end ] --END-- [ RunTime:0.002668s ]

[ 2016-02-29T22:26:31+08:00 ] ::1 /NewBlog/index.php?m=Home&c=index&a=index&id=5
INFO: [ app_init ] --START--
INFO: Run Behavior\BuildLiteBehavior [ RunTime:0.000018s ]
INFO: [ app_init ] --END-- [ RunTime:0.000289s ]
INFO: [ app_begin ] --START--
INFO: Run Behavior\ReadHtmlCacheBehavior [ RunTime:0.000365s ]
INFO: [ app_begin ] --END-- [ RunTime:0.000443s ]
SQL: SHOW COLUMNS FROM `blog_article_detail` [ RunTime:0.0022s ]
SQL: SELECT * FROM blog_article_detail ad WHERE ad.status = 1 AND `category_id` > 0 ORDER BY update_time desc LIMIT 0,4   [ RunTime:0.0004s ]
SQL: SELECT * FROM blog_article_detail ad WHERE ad.status = 1 AND `category_id` > 0 ORDER BY update_time desc LIMIT 0,6   [ RunTime:0.0004s ]
SQL: SELECT * FROM blog_article_detail ad WHERE ad.status = 1 AND `category_id` > 0 ORDER BY update_time desc  [ RunTime:0.0004s ]
SQL: SHOW COLUMNS FROM `blog_article_category` [ RunTime:0.0021s ]
SQL: SELECT * FROM `blog_article_category` WHERE `id` = 5 LIMIT 1   [ RunTime:0.0002s ]
INFO: [ view_parse ] --START--
INFO: [ template_filter ] --START--
INFO: Run Behavior\ContentReplaceBehavior [ RunTime:0.000062s ]
INFO: [ template_filter ] --END-- [ RunTime:0.000163s ]
INFO: Run Behavior\ParseTemplateBehavior [ RunTime:0.011491s ]
INFO: [ view_parse ] --END-- [ RunTime:0.011595s ]
INFO: [ view_filter ] --START--
INFO: Run Behavior\WriteHtmlCacheBehavior [ RunTime:0.000275s ]
INFO: [ view_filter ] --END-- [ RunTime:0.000346s ]
INFO: [ app_end ] --START--
INFO: Run Behavior\ShowPageTraceBehavior [ RunTime:0.000400s ]
INFO: [ app_end ] --END-- [ RunTime:0.000472s ]

[ 2016-02-29T22:26:31+08:00 ] ::1 /NewBlog/index.php?m=Home&c=index&a=index&id=5
INFO: [ app_init ] --START--
INFO: Run Behavior\BuildLiteBehavior [ RunTime:0.000076s ]
INFO: [ app_init ] --END-- [ RunTime:0.000919s ]
INFO: [ app_begin ] --START--
INFO: Run Behavior\ReadHtmlCacheBehavior [ RunTime:0.001127s ]
INFO: [ app_begin ] --END-- [ RunTime:0.001344s ]
SQL: SHOW COLUMNS FROM `blog_article_detail` [ RunTime:0.0033s ]
SQL: SELECT * FROM blog_article_detail ad WHERE ad.status = 1 AND `category_id` > 0 ORDER BY update_time desc LIMIT 0,4   [ RunTime:0.0004s ]
SQL: SELECT * FROM blog_article_detail ad WHERE ad.status = 1 AND `category_id` > 0 ORDER BY update_time desc LIMIT 0,6   [ RunTime:0.0004s ]
SQL: SELECT * FROM blog_article_detail ad WHERE ad.status = 1 AND `category_id` > 0 ORDER BY update_time desc  [ RunTime:0.0004s ]
SQL: SHOW COLUMNS FROM `blog_article_category` [ RunTime:0.0022s ]
SQL: SELECT * FROM `blog_article_category` WHERE `id` = 5 LIMIT 1   [ RunTime:0.0016s ]
INFO: [ view_parse ] --START--
INFO: [ template_filter ] --START--
INFO: Run Behavior\ContentReplaceBehavior [ RunTime:0.000068s ]
INFO: [ template_filter ] --END-- [ RunTime:0.000183s ]
INFO: Run Behavior\ParseTemplateBehavior [ RunTime:0.011601s ]
INFO: [ view_parse ] --END-- [ RunTime:0.011786s ]
INFO: [ view_filter ] --START--
INFO: Run Behavior\WriteHtmlCacheBehavior [ RunTime:0.000278s ]
INFO: [ view_filter ] --END-- [ RunTime:0.000360s ]
INFO: [ app_end ] --START--
INFO: Run Behavior\ShowPageTraceBehavior [ RunTime:0.000351s ]
INFO: [ app_end ] --END-- [ RunTime:0.000424s ]

[ 2016-02-29T22:27:30+08:00 ] ::1 /NewBlog/index.php?m=Home&c=index&a=index&id=5
INFO: [ app_init ] --START--
INFO: Run Behavior\BuildLiteBehavior [ RunTime:0.000020s ]
INFO: [ app_init ] --END-- [ RunTime:0.000792s ]
INFO: [ app_begin ] --START--
INFO: Run Behavior\ReadHtmlCacheBehavior [ RunTime:0.000479s ]
INFO: [ app_begin ] --END-- [ RunTime:0.000564s ]
SQL: SHOW COLUMNS FROM `blog_article_detail` [ RunTime:0.0027s ]
SQL: SELECT * FROM blog_article_detail ad WHERE ad.status = 1 AND `category_id` > 0 ORDER BY update_time desc LIMIT 0,4   [ RunTime:0.0004s ]
SQL: SELECT * FROM blog_article_detail ad WHERE ad.status = 1 AND `category_id` > 0 ORDER BY update_time desc LIMIT 0,6   [ RunTime:0.0004s ]
SQL: SELECT * FROM blog_article_detail ad WHERE ad.status = 1 AND `category_id` > 0 ORDER BY update_time desc  [ RunTime:0.0006s ]
SQL: SHOW COLUMNS FROM `blog_article_category` [ RunTime:0.0021s ]
SQL: SELECT * FROM `blog_article_category` WHERE `id` = 5 LIMIT 1   [ RunTime:0.0002s ]
INFO: [ view_parse ] --START--
NOTIC: [2] file_get_contents(./Class/Home/View/public/frameset.html) [<a href='function.file-get-contents'>function.file-get-contents</a>]: failed to open stream: No such file or directory D:\wamp\www\NewBlog\ThinkPHP\Library\Think\Template.class.php 第 696 行.
INFO: [ template_filter ] --START--
INFO: Run Behavior\ContentReplaceBehavior [ RunTime:0.000135s ]
INFO: [ template_filter ] --END-- [ RunTime:0.000451s ]
INFO: Run Behavior\ParseTemplateBehavior [ RunTime:0.007554s ]
INFO: [ view_parse ] --END-- [ RunTime:0.007663s ]
INFO: [ view_filter ] --START--
INFO: Run Behavior\WriteHtmlCacheBehavior [ RunTime:0.000301s ]
INFO: [ view_filter ] --END-- [ RunTime:0.000378s ]
INFO: [ app_end ] --START--
INFO: Run Behavior\ShowPageTraceBehavior [ RunTime:0.000661s ]
INFO: [ app_end ] --END-- [ RunTime:0.000766s ]

[ 2016-02-29T22:27:42+08:00 ] ::1 /NewBlog/index.php?m=Home&c=index&a=index&id=5
INFO: [ app_init ] --START--
INFO: Run Behavior\BuildLiteBehavior [ RunTime:0.000035s ]
INFO: [ app_init ] --END-- [ RunTime:0.000691s ]
INFO: [ app_begin ] --START--
INFO: Run Behavior\ReadHtmlCacheBehavior [ RunTime:0.000513s ]
INFO: [ app_begin ] --END-- [ RunTime:0.000605s ]
SQL: SHOW COLUMNS FROM `blog_article_detail` [ RunTime:0.0046s ]
SQL: SELECT * FROM blog_article_detail ad WHERE ad.status = 1 AND `category_id` > 0 ORDER BY update_time desc LIMIT 0,4   [ RunTime:0.0005s ]
SQL: SELECT * FROM blog_article_detail ad WHERE ad.status = 1 AND `category_id` > 0 ORDER BY update_time desc LIMIT 0,6   [ RunTime:0.0004s ]
SQL: SELECT * FROM blog_article_detail ad WHERE ad.status = 1 AND `category_id` > 0 ORDER BY update_time desc  [ RunTime:0.0004s ]
SQL: SHOW COLUMNS FROM `blog_article_category` [ RunTime:0.0021s ]
SQL: SELECT * FROM `blog_article_category` WHERE `id` = 5 LIMIT 1   [ RunTime:0.0002s ]
INFO: [ view_parse ] --START--
INFO: [ template_filter ] --START--
INFO: Run Behavior\ContentReplaceBehavior [ RunTime:0.000074s ]
INFO: [ template_filter ] --END-- [ RunTime:0.000206s ]
INFO: Run Behavior\ParseTemplateBehavior [ RunTime:0.012303s ]
INFO: [ view_parse ] --END-- [ RunTime:0.012412s ]
INFO: [ view_filter ] --START--
INFO: Run Behavior\WriteHtmlCacheBehavior [ RunTime:0.000380s ]
INFO: [ view_filter ] --END-- [ RunTime:0.000454s ]
INFO: [ app_end ] --START--
INFO: Run Behavior\ShowPageTraceBehavior [ RunTime:0.000403s ]
INFO: [ app_end ] --END-- [ RunTime:0.000475s ]

[ 2016-02-29T22:30:43+08:00 ] ::1 /NewBlog/index.php?m=Home&c=index&a=index
INFO: [ app_init ] --START--
INFO: Run Behavior\BuildLiteBehavior [ RunTime:0.000041s ]
INFO: [ app_init ] --END-- [ RunTime:0.000952s ]
INFO: [ app_begin ] --START--
INFO: Run Behavior\ReadHtmlCacheBehavior [ RunTime:0.001154s ]
INFO: [ app_begin ] --END-- [ RunTime:0.001516s ]
SQL: SHOW COLUMNS FROM `blog_article_detail` [ RunTime:0.0048s ]
SQL: SELECT * FROM blog_article_detail ad WHERE ad.status = 1 AND `category_id` > 0 ORDER BY update_time desc LIMIT 0,4   [ RunTime:0.0090s ]
SQL: SELECT * FROM blog_article_detail ad WHERE ad.status = 1 AND `category_id` > 0 ORDER BY update_time desc LIMIT 0,6   [ RunTime:0.0010s ]
SQL: SELECT * FROM blog_article_detail ad WHERE ad.status = 1 AND `category_id` > 0 ORDER BY update_time desc  [ RunTime:0.0015s ]
SQL: SHOW COLUMNS FROM `blog_article_category` [ RunTime:0.0041s ]
SQL: SELECT * FROM `blog_article_category` WHERE `id` = 5 LIMIT 1   [ RunTime:0.0004s ]
INFO: [ view_parse ] --START--
INFO: [ template_filter ] --START--
INFO: Run Behavior\ContentReplaceBehavior [ RunTime:0.000196s ]
INFO: [ template_filter ] --END-- [ RunTime:0.000416s ]
INFO: Run Behavior\ParseTemplateBehavior [ RunTime:0.035895s ]
INFO: [ view_parse ] --END-- [ RunTime:0.036491s ]
INFO: [ view_filter ] --START--
INFO: Run Behavior\WriteHtmlCacheBehavior [ RunTime:0.000463s ]
INFO: [ view_filter ] --END-- [ RunTime:0.000600s ]
INFO: [ app_end ] --START--
INFO: Run Behavior\ShowPageTraceBehavior [ RunTime:0.000681s ]
INFO: [ app_end ] --END-- [ RunTime:0.000814s ]

[ 2016-02-29T22:30:44+08:00 ] ::1 /NewBlog/index.php?m=Home&c=index&a=index&id=5
INFO: [ app_init ] --START--
INFO: Run Behavior\BuildLiteBehavior [ RunTime:0.000020s ]
INFO: [ app_init ] --END-- [ RunTime:0.000294s ]
INFO: [ app_begin ] --START--
INFO: Run Behavior\ReadHtmlCacheBehavior [ RunTime:0.000351s ]
INFO: [ app_begin ] --END-- [ RunTime:0.000432s ]
SQL: SHOW COLUMNS FROM `blog_article_detail` [ RunTime:0.0023s ]
SQL: SELECT * FROM blog_article_detail ad WHERE ad.status = 1 AND `category_id` > 0 ORDER BY update_time desc LIMIT 0,4   [ RunTime:0.0004s ]
SQL: SELECT * FROM blog_article_detail ad WHERE ad.status = 1 AND `category_id` > 0 ORDER BY update_time desc LIMIT 0,6   [ RunTime:0.0004s ]
SQL: SELECT * FROM blog_article_detail ad WHERE ad.status = 1 AND `category_id` > 0 ORDER BY update_time desc  [ RunTime:0.0004s ]
SQL: SHOW COLUMNS FROM `blog_article_category` [ RunTime:0.0022s ]
SQL: SELECT * FROM `blog_article_category` WHERE `id` = 5 LIMIT 1   [ RunTime:0.0002s ]
INFO: [ view_parse ] --START--
INFO: [ template_filter ] --START--
INFO: Run Behavior\ContentReplaceBehavior [ RunTime:0.000062s ]
INFO: [ template_filter ] --END-- [ RunTime:0.000151s ]
INFO: Run Behavior\ParseTemplateBehavior [ RunTime:0.013115s ]
INFO: [ view_parse ] --END-- [ RunTime:0.013249s ]
INFO: [ view_filter ] --START--
INFO: Run Behavior\WriteHtmlCacheBehavior [ RunTime:0.000339s ]
INFO: [ view_filter ] --END-- [ RunTime:0.000457s ]
INFO: [ app_end ] --START--
INFO: Run Behavior\ShowPageTraceBehavior [ RunTime:0.000413s ]
INFO: [ app_end ] --END-- [ RunTime:0.000542s ]

[ 2016-02-29T22:30:46+08:00 ] ::1 /NewBlog/index.php?m=Home&c=index&a=index&id=5
INFO: [ app_init ] --START--
INFO: Run Behavior\BuildLiteBehavior [ RunTime:0.000025s ]
INFO: [ app_init ] --END-- [ RunTime:0.000483s ]
INFO: [ app_begin ] --START--
INFO: Run Behavior\ReadHtmlCacheBehavior [ RunTime:0.003104s ]
INFO: [ app_begin ] --END-- [ RunTime:0.003669s ]
SQL: SHOW COLUMNS FROM `blog_article_detail` [ RunTime:0.0067s ]
SQL: SELECT * FROM blog_article_detail ad WHERE ad.status = 1 AND `category_id` > 0 ORDER BY update_time desc LIMIT 0,4   [ RunTime:0.0005s ]
SQL: SELECT * FROM blog_article_detail ad WHERE ad.status = 1 AND `category_id` > 0 ORDER BY update_time desc LIMIT 0,6   [ RunTime:0.0005s ]
SQL: SELECT * FROM blog_article_detail ad WHERE ad.status = 1 AND `category_id` > 0 ORDER BY update_time desc  [ RunTime:0.0004s ]
SQL: SHOW COLUMNS FROM `blog_article_category` [ RunTime:0.0022s ]
SQL: SELECT * FROM `blog_article_category` WHERE `id` = 5 LIMIT 1   [ RunTime:0.0002s ]
INFO: [ view_parse ] --START--
INFO: [ template_filter ] --START--
INFO: Run Behavior\ContentReplaceBehavior [ RunTime:0.000062s ]
INFO: [ template_filter ] --END-- [ RunTime:0.000158s ]
INFO: Run Behavior\ParseTemplateBehavior [ RunTime:0.011715s ]
INFO: [ view_parse ] --END-- [ RunTime:0.011813s ]
INFO: [ view_filter ] --START--
INFO: Run Behavior\WriteHtmlCacheBehavior [ RunTime:0.000294s ]
INFO: [ view_filter ] --END-- [ RunTime:0.000379s ]
INFO: [ app_end ] --START--
INFO: Run Behavior\ShowPageTraceBehavior [ RunTime:0.000475s ]
INFO: [ app_end ] --END-- [ RunTime:0.000564s ]

[ 2016-02-29T22:30:47+08:00 ] ::1 /NewBlog/index.php?m=Home&c=index&a=index&id=5
INFO: [ app_init ] --START--
INFO: Run Behavior\BuildLiteBehavior [ RunTime:0.000026s ]
INFO: [ app_init ] --END-- [ RunTime:0.001195s ]
INFO: [ app_begin ] --START--
INFO: Run Behavior\ReadHtmlCacheBehavior [ RunTime:0.000386s ]
INFO: [ app_begin ] --END-- [ RunTime:0.000471s ]
SQL: SHOW COLUMNS FROM `blog_article_detail` [ RunTime:0.0059s ]
SQL: SELECT * FROM blog_article_detail ad WHERE ad.status = 1 AND `category_id` > 0 ORDER BY update_time desc LIMIT 0,4   [ RunTime:0.0004s ]
SQL: SELECT * FROM blog_article_detail ad WHERE ad.status = 1 AND `category_id` > 0 ORDER BY update_time desc LIMIT 0,6   [ RunTime:0.0004s ]
SQL: SELECT * FROM blog_article_detail ad WHERE ad.status = 1 AND `category_id` > 0 ORDER BY update_time desc  [ RunTime:0.0004s ]
SQL: SHOW COLUMNS FROM `blog_article_category` [ RunTime:0.0019s ]
SQL: SELECT * FROM `blog_article_category` WHERE `id` = 5 LIMIT 1   [ RunTime:0.0002s ]
INFO: [ view_parse ] --START--
INFO: [ template_filter ] --START--
INFO: Run Behavior\ContentReplaceBehavior [ RunTime:0.000255s ]
INFO: [ template_filter ] --END-- [ RunTime:0.000580s ]
INFO: Run Behavior\ParseTemplateBehavior [ RunTime:0.013093s ]
INFO: [ view_parse ] --END-- [ RunTime:0.013215s ]
INFO: [ view_filter ] --START--
INFO: Run Behavior\WriteHtmlCacheBehavior [ RunTime:0.000295s ]
INFO: [ view_filter ] --END-- [ RunTime:0.000369s ]
INFO: [ app_end ] --START--
INFO: Run Behavior\ShowPageTraceBehavior [ RunTime:0.000509s ]
INFO: [ app_end ] --END-- [ RunTime:0.000593s ]

[ 2016-02-29T22:32:17+08:00 ] ::1 /NewBlog/index.php?m=Home&c=index&a=index&id=5
INFO: [ app_init ] --START--
INFO: Run Behavior\BuildLiteBehavior [ RunTime:0.000090s ]
INFO: [ app_init ] --END-- [ RunTime:0.001136s ]
INFO: [ app_begin ] --START--
INFO: Run Behavior\ReadHtmlCacheBehavior [ RunTime:0.001707s ]
INFO: [ app_begin ] --END-- [ RunTime:0.002051s ]
SQL: SHOW COLUMNS FROM `blog_article_detail` [ RunTime:0.0023s ]
SQL: SELECT * FROM blog_article_detail ad WHERE ad.status = 1 AND `category_id` > 0 ORDER BY update_time desc LIMIT 0,4   [ RunTime:0.0017s ]
SQL: SELECT * FROM blog_article_detail ad WHERE ad.status = 1 AND `category_id` > 0 ORDER BY update_time desc LIMIT 0,6   [ RunTime:0.0004s ]
SQL: SELECT * FROM blog_article_detail ad WHERE ad.status = 1 AND `category_id` > 0 ORDER BY update_time desc  [ RunTime:0.0004s ]
SQL: SHOW COLUMNS FROM `blog_article_category` [ RunTime:0.0021s ]
SQL: SELECT * FROM `blog_article_category` WHERE `id` = 5 LIMIT 1   [ RunTime:0.0002s ]
INFO: [ view_parse ] --START--
INFO: [ template_filter ] --START--
INFO: Run Behavior\ContentReplaceBehavior [ RunTime:0.000063s ]
INFO: [ template_filter ] --END-- [ RunTime:0.000173s ]
INFO: Run Behavior\ParseTemplateBehavior [ RunTime:0.013270s ]
INFO: [ view_parse ] --END-- [ RunTime:0.013398s ]
INFO: [ view_filter ] --START--
INFO: Run Behavior\WriteHtmlCacheBehavior [ RunTime:0.000564s ]
INFO: [ view_filter ] --END-- [ RunTime:0.000777s ]
INFO: [ app_end ] --START--
INFO: Run Behavior\ShowPageTraceBehavior [ RunTime:0.000735s ]
INFO: [ app_end ] --END-- [ RunTime:0.000833s ]

[ 2016-02-29T22:32:51+08:00 ] ::1 /NewBlog/index.php?m=Home&c=index&a=index&id=5
INFO: [ app_init ] --START--
INFO: Run Behavior\BuildLiteBehavior [ RunTime:0.000129s ]
INFO: [ app_init ] --END-- [ RunTime:0.002771s ]
INFO: [ app_begin ] --START--
INFO: Run Behavior\ReadHtmlCacheBehavior [ RunTime:0.000571s ]
INFO: [ app_begin ] --END-- [ RunTime:0.000671s ]
SQL: SHOW COLUMNS FROM `blog_article_detail` [ RunTime:0.0024s ]
SQL: SELECT * FROM blog_article_detail ad WHERE ad.status = 1 AND `category_id` > 0 ORDER BY update_time desc LIMIT 0,4   [ RunTime:0.0004s ]
SQL: SELECT * FROM blog_article_detail ad WHERE ad.status = 1 AND `category_id` > 0 ORDER BY update_time desc LIMIT 0,6   [ RunTime:0.0003s ]
SQL: SELECT * FROM blog_article_detail ad WHERE ad.status = 1 AND `category_id` > 0 ORDER BY update_time desc  [ RunTime:0.0003s ]
SQL: SHOW COLUMNS FROM `blog_article_category` [ RunTime:0.0057s ]
SQL: SELECT * FROM `blog_article_category` WHERE `id` = 5 LIMIT 1   [ RunTime:0.0003s ]
INFO: [ view_parse ] --START--
INFO: [ template_filter ] --START--
INFO: Run Behavior\ContentReplaceBehavior [ RunTime:0.000063s ]
INFO: [ template_filter ] --END-- [ RunTime:0.000151s ]
INFO: Run Behavior\ParseTemplateBehavior [ RunTime:0.011192s ]
INFO: [ view_parse ] --END-- [ RunTime:0.011527s ]
INFO: [ view_filter ] --START--
INFO: Run Behavior\WriteHtmlCacheBehavior [ RunTime:0.002928s ]
INFO: [ view_filter ] --END-- [ RunTime:0.003240s ]
INFO: [ app_end ] --START--
INFO: Run Behavior\ShowPageTraceBehavior [ RunTime:0.000526s ]
INFO: [ app_end ] --END-- [ RunTime:0.000656s ]

[ 2016-02-29T22:33:17+08:00 ] ::1 /NewBlog/index.php?m=&&m=Home&c=index&a=index
INFO: [ app_init ] --START--
INFO: Run Behavior\BuildLiteBehavior [ RunTime:0.000019s ]
INFO: [ app_init ] --END-- [ RunTime:0.000326s ]
INFO: [ app_begin ] --START--
INFO: Run Behavior\ReadHtmlCacheBehavior [ RunTime:0.000340s ]
INFO: [ app_begin ] --END-- [ RunTime:0.000419s ]
SQL: SHOW COLUMNS FROM `blog_article_detail` [ RunTime:0.0022s ]
SQL: SELECT * FROM blog_article_detail ad WHERE ad.status = 1 AND `category_id` > 0 ORDER BY update_time desc LIMIT 0,4   [ RunTime:0.0004s ]
SQL: SELECT * FROM blog_article_detail ad WHERE ad.status = 1 AND `category_id` > 0 ORDER BY update_time desc LIMIT 0,6   [ RunTime:0.0004s ]
SQL: SELECT * FROM blog_article_detail ad WHERE ad.status = 1 AND `category_id` > 0 ORDER BY update_time desc  [ RunTime:0.0004s ]
SQL: SHOW COLUMNS FROM `blog_article_category` [ RunTime:0.0022s ]
SQL: SELECT * FROM `blog_article_category` WHERE `id` = 5 LIMIT 1   [ RunTime:0.0003s ]
INFO: [ view_parse ] --START--
INFO: [ template_filter ] --START--
INFO: Run Behavior\ContentReplaceBehavior [ RunTime:0.000062s ]
INFO: [ template_filter ] --END-- [ RunTime:0.000154s ]
INFO: Run Behavior\ParseTemplateBehavior [ RunTime:0.011665s ]
INFO: [ view_parse ] --END-- [ RunTime:0.011807s ]
INFO: [ view_filter ] --START--
INFO: Run Behavior\WriteHtmlCacheBehavior [ RunTime:0.000261s ]
INFO: [ view_filter ] --END-- [ RunTime:0.000331s ]
INFO: [ app_end ] --START--
INFO: Run Behavior\ShowPageTraceBehavior [ RunTime:0.000353s ]
INFO: [ app_end ] --END-- [ RunTime:0.000426s ]

[ 2016-02-29T22:33:23+08:00 ] ::1 /NewBlog/index.php?m=Home&c=index&a=category&id=1
INFO: [ app_init ] --START--
INFO: Run Behavior\BuildLiteBehavior [ RunTime:0.000018s ]
INFO: [ app_init ] --END-- [ RunTime:0.000321s ]
INFO: [ app_begin ] --START--
INFO: Run Behavior\ReadHtmlCacheBehavior [ RunTime:0.000391s ]
INFO: [ app_begin ] --END-- [ RunTime:0.000469s ]
SQL: SHOW COLUMNS FROM `blog_article_detail` [ RunTime:0.0023s ]
NOTIC: [8] Undefined variable: p D:\wamp\www\NewBlog\Class\Home\Controller\IndexController.class.php 第 22 行.
SQL: SELECT * FROM blog_article_detail ad WHERE ad.status = 1 AND `category_id` = '1' ORDER BY update_time desc LIMIT 0,5   [ RunTime:0.0004s ]
SQL: SELECT * FROM blog_article_detail ad WHERE ad.status = 1 AND `category_id` = '1' ORDER BY update_time desc  [ RunTime:0.0003s ]
SQL: SHOW COLUMNS FROM `blog_article_category` [ RunTime:0.0021s ]
SQL: SELECT * FROM `blog_article_category` WHERE `id` = 1 LIMIT 1   [ RunTime:0.0002s ]
INFO: [ view_parse ] --START--
INFO: [ template_filter ] --START--
INFO: Run Behavior\ContentReplaceBehavior [ RunTime:0.000057s ]
INFO: [ template_filter ] --END-- [ RunTime:0.000142s ]
INFO: Run Behavior\ParseTemplateBehavior [ RunTime:0.008174s ]
INFO: [ view_parse ] --END-- [ RunTime:0.008275s ]
INFO: [ view_filter ] --START--
INFO: Run Behavior\WriteHtmlCacheBehavior [ RunTime:0.000364s ]
INFO: [ view_filter ] --END-- [ RunTime:0.000484s ]
INFO: [ app_end ] --START--
INFO: Run Behavior\ShowPageTraceBehavior [ RunTime:0.000418s ]
INFO: [ app_end ] --END-- [ RunTime:0.000501s ]

[ 2016-02-29T22:33:24+08:00 ] ::1 /NewBlog/index.php?m=Home&c=index&a=category&id=2
INFO: [ app_init ] --START--
INFO: Run Behavior\BuildLiteBehavior [ RunTime:0.000054s ]
INFO: [ app_init ] --END-- [ RunTime:0.000504s ]
INFO: [ app_begin ] --START--
INFO: Run Behavior\ReadHtmlCacheBehavior [ RunTime:0.001190s ]
INFO: [ app_begin ] --END-- [ RunTime:0.001373s ]
SQL: SHOW COLUMNS FROM `blog_article_detail` [ RunTime:0.0028s ]
NOTIC: [8] Undefined variable: p D:\wamp\www\NewBlog\Class\Home\Controller\IndexController.class.php 第 22 行.
SQL: SELECT * FROM blog_article_detail ad WHERE ad.status = 1 AND `category_id` = '2' ORDER BY update_time desc LIMIT 0,5   [ RunTime:0.0009s ]
SQL: SELECT * FROM blog_article_detail ad WHERE ad.status = 1 AND `category_id` = '2' ORDER BY update_time desc  [ RunTime:0.0003s ]
SQL: SHOW COLUMNS FROM `blog_article_category` [ RunTime:0.0021s ]
SQL: SELECT * FROM `blog_article_category` WHERE `id` = 2 LIMIT 1   [ RunTime:0.0002s ]
INFO: [ view_parse ] --START--
INFO: [ template_filter ] --START--
INFO: Run Behavior\ContentReplaceBehavior [ RunTime:0.000057s ]
INFO: [ template_filter ] --END-- [ RunTime:0.000142s ]
INFO: Run Behavior\ParseTemplateBehavior [ RunTime:0.007708s ]
INFO: [ view_parse ] --END-- [ RunTime:0.007832s ]
INFO: [ view_filter ] --START--
INFO: Run Behavior\WriteHtmlCacheBehavior [ RunTime:0.000844s ]
INFO: [ view_filter ] --END-- [ RunTime:0.001198s ]
INFO: [ app_end ] --START--
INFO: Run Behavior\ShowPageTraceBehavior [ RunTime:0.001424s ]
INFO: [ app_end ] --END-- [ RunTime:0.001686s ]

[ 2016-02-29T22:33:24+08:00 ] ::1 /NewBlog/index.php?m=Home&c=index&a=category&id=3
INFO: [ app_init ] --START--
INFO: Run Behavior\BuildLiteBehavior [ RunTime:0.000019s ]
INFO: [ app_init ] --END-- [ RunTime:0.000317s ]
INFO: [ app_begin ] --START--
INFO: Run Behavior\ReadHtmlCacheBehavior [ RunTime:0.000369s ]
INFO: [ app_begin ] --END-- [ RunTime:0.000447s ]
SQL: SHOW COLUMNS FROM `blog_article_detail` [ RunTime:0.0023s ]
NOTIC: [8] Undefined variable: p D:\wamp\www\NewBlog\Class\Home\Controller\IndexController.class.php 第 22 行.
SQL: SELECT * FROM blog_article_detail ad WHERE ad.status = 1 AND `category_id` = '3' ORDER BY update_time desc LIMIT 0,5   [ RunTime:0.0004s ]
SQL: SELECT * FROM blog_article_detail ad WHERE ad.status = 1 AND `category_id` = '3' ORDER BY update_time desc  [ RunTime:0.0003s ]
SQL: SHOW COLUMNS FROM `blog_article_category` [ RunTime:0.0022s ]
SQL: SELECT * FROM `blog_article_category` WHERE `id` = 3 LIMIT 1   [ RunTime:0.0002s ]
INFO: [ view_parse ] --START--
INFO: [ template_filter ] --START--
INFO: Run Behavior\ContentReplaceBehavior [ RunTime:0.000058s ]
INFO: [ template_filter ] --END-- [ RunTime:0.000145s ]
INFO: Run Behavior\ParseTemplateBehavior [ RunTime:0.007961s ]
INFO: [ view_parse ] --END-- [ RunTime:0.008049s ]
INFO: [ view_filter ] --START--
INFO: Run Behavior\WriteHtmlCacheBehavior [ RunTime:0.000194s ]
INFO: [ view_filter ] --END-- [ RunTime:0.000264s ]
INFO: [ app_end ] --START--
INFO: Run Behavior\ShowPageTraceBehavior [ RunTime:0.000346s ]
INFO: [ app_end ] --END-- [ RunTime:0.000418s ]

[ 2016-02-29T22:34:53+08:00 ] ::1 /NewBlog/index.php?m=Home&c=index&a=index&id=5
INFO: [ app_init ] --START--
INFO: Run Behavior\BuildLiteBehavior [ RunTime:0.000023s ]
INFO: [ app_init ] --END-- [ RunTime:0.000317s ]
INFO: [ app_begin ] --START--
INFO: Run Behavior\ReadHtmlCacheBehavior [ RunTime:0.001118s ]
INFO: [ app_begin ] --END-- [ RunTime:0.001342s ]
SQL: SHOW COLUMNS FROM `blog_article_detail` [ RunTime:0.0022s ]
SQL: SELECT * FROM blog_article_detail ad WHERE ad.status = 1 AND `category_id` > 0 ORDER BY update_time desc LIMIT 0,4   [ RunTime:0.0004s ]
SQL: SELECT * FROM blog_article_detail ad WHERE ad.status = 1 AND `category_id` > 0 ORDER BY update_time desc LIMIT 0,6   [ RunTime:0.0004s ]
SQL: SELECT * FROM blog_article_detail ad WHERE ad.status = 1 AND `category_id` > 0 ORDER BY update_time desc  [ RunTime:0.0004s ]
SQL: SHOW COLUMNS FROM `blog_article_category` [ RunTime:0.0030s ]
SQL: SELECT * FROM `blog_article_category` WHERE `id` = 5 LIMIT 1   [ RunTime:0.0002s ]
INFO: [ view_parse ] --START--
INFO: [ template_filter ] --START--
INFO: Run Behavior\ContentReplaceBehavior [ RunTime:0.000062s ]
INFO: [ template_filter ] --END-- [ RunTime:0.000148s ]
INFO: Run Behavior\ParseTemplateBehavior [ RunTime:0.011062s ]
INFO: [ view_parse ] --END-- [ RunTime:0.011158s ]
INFO: [ view_filter ] --START--
INFO: Run Behavior\WriteHtmlCacheBehavior [ RunTime:0.000368s ]
INFO: [ view_filter ] --END-- [ RunTime:0.000484s ]
INFO: [ app_end ] --START--
INFO: Run Behavior\ShowPageTraceBehavior [ RunTime:0.000515s ]
INFO: [ app_end ] --END-- [ RunTime:0.000646s ]

[ 2016-02-29T22:44:46+08:00 ] ::1 /NewBlog/index.php?m=Home&c=index&a=index&id=5
INFO: [ app_init ] --START--
INFO: Run Behavior\BuildLiteBehavior [ RunTime:0.000097s ]
INFO: [ app_init ] --END-- [ RunTime:0.001581s ]
INFO: [ app_begin ] --START--
INFO: Run Behavior\ReadHtmlCacheBehavior [ RunTime:0.000434s ]
INFO: [ app_begin ] --END-- [ RunTime:0.000515s ]
SQL: SHOW COLUMNS FROM `blog_article_detail` [ RunTime:0.0022s ]
SQL: SELECT * FROM blog_article_detail ad WHERE ad.status = 1 AND `category_id` > 0 ORDER BY update_time desc LIMIT 0,4   [ RunTime:0.0005s ]
SQL: SELECT * FROM blog_article_detail ad WHERE ad.status = 1 AND `category_id` > 0 ORDER BY update_time desc LIMIT 0,6   [ RunTime:0.0004s ]
SQL: SELECT * FROM blog_article_detail ad WHERE ad.status = 1 AND `category_id` > 0 ORDER BY update_time desc  [ RunTime:0.0004s ]
SQL: SHOW COLUMNS FROM `blog_article_category` [ RunTime:0.0053s ]
SQL: SELECT * FROM `blog_article_category` WHERE `id` = 5 LIMIT 1   [ RunTime:0.0003s ]
INFO: [ view_parse ] --START--
INFO: [ template_filter ] --START--
INFO: Run Behavior\ContentReplaceBehavior [ RunTime:0.000064s ]
INFO: [ template_filter ] --END-- [ RunTime:0.000157s ]
INFO: Run Behavior\ParseTemplateBehavior [ RunTime:0.014054s ]
INFO: [ view_parse ] --END-- [ RunTime:0.014207s ]
INFO: [ view_filter ] --START--
INFO: Run Behavior\WriteHtmlCacheBehavior [ RunTime:0.000362s ]
INFO: [ view_filter ] --END-- [ RunTime:0.000469s ]
INFO: [ app_end ] --START--
INFO: Run Behavior\ShowPageTraceBehavior [ RunTime:0.000692s ]
INFO: [ app_end ] --END-- [ RunTime:0.000819s ]

[ 2016-02-29T22:45:27+08:00 ] ::1 /NewBlog/index.php?m=Home&c=index&a=index&id=5
INFO: [ app_init ] --START--
INFO: Run Behavior\BuildLiteBehavior [ RunTime:0.000033s ]
INFO: [ app_init ] --END-- [ RunTime:0.000508s ]
INFO: [ app_begin ] --START--
INFO: Run Behavior\ReadHtmlCacheBehavior [ RunTime:0.000452s ]
INFO: [ app_begin ] --END-- [ RunTime:0.000554s ]
SQL: SHOW COLUMNS FROM `blog_article_detail` [ RunTime:0.0023s ]
SQL: SELECT * FROM blog_article_detail ad WHERE ad.status = 1 AND `category_id` > 0 ORDER BY update_time desc LIMIT 0,4   [ RunTime:0.0005s ]
SQL: SELECT * FROM blog_article_detail ad WHERE ad.status = 1 AND `category_id` > 0 ORDER BY update_time desc LIMIT 0,6   [ RunTime:0.0005s ]
SQL: SELECT * FROM blog_article_detail ad WHERE ad.status = 1 AND `category_id` > 0 ORDER BY update_time desc  [ RunTime:0.0004s ]
SQL: SHOW COLUMNS FROM `blog_article_category` [ RunTime:0.0022s ]
SQL: SELECT * FROM `blog_article_category` WHERE `id` = 5 LIMIT 1   [ RunTime:0.0002s ]
INFO: [ view_parse ] --START--
INFO: [ template_filter ] --START--
INFO: Run Behavior\ContentReplaceBehavior [ RunTime:0.000070s ]
INFO: [ template_filter ] --END-- [ RunTime:0.000170s ]
INFO: Run Behavior\ParseTemplateBehavior [ RunTime:0.015128s ]
INFO: [ view_parse ] --END-- [ RunTime:0.015250s ]
INFO: [ view_filter ] --START--
INFO: Run Behavior\WriteHtmlCacheBehavior [ RunTime:0.000311s ]
INFO: [ view_filter ] --END-- [ RunTime:0.000405s ]
INFO: [ app_end ] --START--
INFO: Run Behavior\ShowPageTraceBehavior [ RunTime:0.000368s ]
INFO: [ app_end ] --END-- [ RunTime:0.000443s ]

[ 2016-02-29T22:48:49+08:00 ] ::1 /NewBlog/index.php?m=Home&c=index&a=index&id=5
INFO: [ app_init ] --START--
INFO: Run Behavior\BuildLiteBehavior [ RunTime:0.000035s ]
INFO: [ app_init ] --END-- [ RunTime:0.000446s ]
INFO: [ app_begin ] --START--
INFO: Run Behavior\ReadHtmlCacheBehavior [ RunTime:0.000736s ]
INFO: [ app_begin ] --END-- [ RunTime:0.000909s ]
SQL: SHOW COLUMNS FROM `blog_article_detail` [ RunTime:0.0034s ]
SQL: SELECT * FROM blog_article_detail ad WHERE ad.status = 1 AND `category_id` > 0 ORDER BY update_time desc LIMIT 0,4   [ RunTime:0.0005s ]
SQL: SELECT * FROM blog_article_detail ad WHERE ad.status = 1 AND `category_id` > 0 ORDER BY update_time desc LIMIT 0,6   [ RunTime:0.0004s ]
SQL: SELECT * FROM blog_article_detail ad WHERE ad.status = 1 AND `category_id` > 0 ORDER BY update_time desc  [ RunTime:0.0004s ]
SQL: SHOW COLUMNS FROM `blog_article_category` [ RunTime:0.0021s ]
SQL: SELECT * FROM `blog_article_category` WHERE `id` = 5 LIMIT 1   [ RunTime:0.0003s ]
INFO: [ view_parse ] --START--
INFO: [ template_filter ] --START--
INFO: Run Behavior\ContentReplaceBehavior [ RunTime:0.000066s ]
INFO: [ template_filter ] --END-- [ RunTime:0.000158s ]
INFO: Run Behavior\ParseTemplateBehavior [ RunTime:0.014634s ]
INFO: [ view_parse ] --END-- [ RunTime:0.014762s ]
INFO: [ view_filter ] --START--
INFO: Run Behavior\WriteHtmlCacheBehavior [ RunTime:0.000354s ]
INFO: [ view_filter ] --END-- [ RunTime:0.000429s ]
INFO: [ app_end ] --START--
INFO: Run Behavior\ShowPageTraceBehavior [ RunTime:0.000847s ]
INFO: [ app_end ] --END-- [ RunTime:0.000965s ]

[ 2016-02-29T22:50:29+08:00 ] ::1 /NewBlog/index.php?m=Home&c=index&a=index&id=5
INFO: [ app_init ] --START--
INFO: Run Behavior\BuildLiteBehavior [ RunTime:0.000025s ]
INFO: [ app_init ] --END-- [ RunTime:0.000456s ]
INFO: [ app_begin ] --START--
INFO: Run Behavior\ReadHtmlCacheBehavior [ RunTime:0.000808s ]
INFO: [ app_begin ] --END-- [ RunTime:0.001111s ]
SQL: SHOW COLUMNS FROM `blog_article_detail` [ RunTime:0.0024s ]
SQL: SELECT * FROM blog_article_detail ad WHERE ad.status = 1 AND `category_id` > 0 ORDER BY update_time desc LIMIT 0,4   [ RunTime:0.0004s ]
SQL: SELECT * FROM blog_article_detail ad WHERE ad.status = 1 AND `category_id` > 0 ORDER BY update_time desc LIMIT 0,6   [ RunTime:0.0003s ]
SQL: SELECT * FROM blog_article_detail ad WHERE ad.status = 1 AND `category_id` > 0 ORDER BY update_time desc  [ RunTime:0.0003s ]
SQL: SHOW COLUMNS FROM `blog_article_category` [ RunTime:0.0063s ]
SQL: SELECT * FROM `blog_article_category` WHERE `id` = 5 LIMIT 1   [ RunTime:0.0002s ]
INFO: [ view_parse ] --START--
INFO: [ template_filter ] --START--
INFO: Run Behavior\ContentReplaceBehavior [ RunTime:0.000066s ]
INFO: [ template_filter ] --END-- [ RunTime:0.000160s ]
INFO: Run Behavior\ParseTemplateBehavior [ RunTime:0.014710s ]
INFO: [ view_parse ] --END-- [ RunTime:0.014821s ]
INFO: [ view_filter ] --START--
INFO: Run Behavior\WriteHtmlCacheBehavior [ RunTime:0.000455s ]
INFO: [ view_filter ] --END-- [ RunTime:0.000574s ]
INFO: [ app_end ] --START--
INFO: Run Behavior\ShowPageTraceBehavior [ RunTime:0.000830s ]
INFO: [ app_end ] --END-- [ RunTime:0.000942s ]

[ 2016-02-29T22:51:09+08:00 ] ::1 /NewBlog/index.php?m=Home&c=index&a=index&id=5
INFO: [ app_init ] --START--
INFO: Run Behavior\BuildLiteBehavior [ RunTime:0.000030s ]
INFO: [ app_init ] --END-- [ RunTime:0.002375s ]
INFO: [ app_begin ] --START--
INFO: Run Behavior\ReadHtmlCacheBehavior [ RunTime:0.000471s ]
INFO: [ app_begin ] --END-- [ RunTime:0.000562s ]
SQL: SHOW COLUMNS FROM `blog_article_detail` [ RunTime:0.0053s ]
SQL: SELECT * FROM blog_article_detail ad WHERE ad.status = 1 AND `category_id` > 0 ORDER BY update_time desc LIMIT 0,4   [ RunTime:0.0004s ]
SQL: SELECT * FROM blog_article_detail ad WHERE ad.status = 1 AND `category_id` > 0 ORDER BY update_time desc LIMIT 0,6   [ RunTime:0.0003s ]
SQL: SELECT * FROM blog_article_detail ad WHERE ad.status = 1 AND `category_id` > 0 ORDER BY update_time desc  [ RunTime:0.0004s ]
SQL: SHOW COLUMNS FROM `blog_article_category` [ RunTime:0.0026s ]
SQL: SELECT * FROM `blog_article_category` WHERE `id` = 5 LIMIT 1   [ RunTime:0.0003s ]
INFO: [ view_parse ] --START--
INFO: [ template_filter ] --START--
INFO: Run Behavior\ContentReplaceBehavior [ RunTime:0.000064s ]
INFO: [ template_filter ] --END-- [ RunTime:0.000153s ]
INFO: Run Behavior\ParseTemplateBehavior [ RunTime:0.013893s ]
INFO: [ view_parse ] --END-- [ RunTime:0.014032s ]
INFO: [ view_filter ] --START--
INFO: Run Behavior\WriteHtmlCacheBehavior [ RunTime:0.000371s ]
INFO: [ view_filter ] --END-- [ RunTime:0.000492s ]
INFO: [ app_end ] --START--
INFO: Run Behavior\ShowPageTraceBehavior [ RunTime:0.000478s ]
INFO: [ app_end ] --END-- [ RunTime:0.000580s ]

[ 2016-02-29T23:16:29+08:00 ] ::1 /NewBlog/index.php?m=Home&c=index&a=index&id=5
INFO: [ app_init ] --START--
INFO: Run Behavior\BuildLiteBehavior [ RunTime:0.000025s ]
INFO: [ app_init ] --END-- [ RunTime:0.001011s ]
INFO: [ app_begin ] --START--
INFO: Run Behavior\ReadHtmlCacheBehavior [ RunTime:0.000731s ]
INFO: [ app_begin ] --END-- [ RunTime:0.000869s ]
SQL: SHOW COLUMNS FROM `blog_article_detail` [ RunTime:0.0026s ]
SQL: SELECT * FROM blog_article_detail ad WHERE ad.status = 1 AND `category_id` > 0 ORDER BY update_time desc LIMIT 0,4   [ RunTime:0.0020s ]
SQL: SELECT * FROM blog_article_detail ad WHERE ad.status = 1 AND `category_id` > 0 ORDER BY update_time desc LIMIT 0,6   [ RunTime:0.0004s ]
SQL: SELECT * FROM blog_article_detail ad WHERE ad.status = 1 AND `category_id` > 0 ORDER BY update_time desc  [ RunTime:0.0004s ]
SQL: SHOW COLUMNS FROM `blog_article_category` [ RunTime:0.0023s ]
SQL: SELECT * FROM `blog_article_category` WHERE `id` = 5 LIMIT 1   [ RunTime:0.0002s ]
INFO: [ view_parse ] --START--
INFO: [ template_filter ] --START--
INFO: Run Behavior\ContentReplaceBehavior [ RunTime:0.000192s ]
INFO: [ template_filter ] --END-- [ RunTime:0.000458s ]
INFO: Run Behavior\ParseTemplateBehavior [ RunTime:0.014665s ]
INFO: [ view_parse ] --END-- [ RunTime:0.014773s ]
INFO: [ view_filter ] --START--
INFO: Run Behavior\WriteHtmlCacheBehavior [ RunTime:0.000515s ]
INFO: [ view_filter ] --END-- [ RunTime:0.000638s ]
INFO: [ app_end ] --START--
INFO: Run Behavior\ShowPageTraceBehavior [ RunTime:0.000537s ]
INFO: [ app_end ] --END-- [ RunTime:0.000659s ]

[ 2016-02-29T23:40:28+08:00 ] ::1 /NewBlog/index.php?m=Home&c=index&a=index&id=5
INFO: [ app_init ] --START--
INFO: Run Behavior\BuildLiteBehavior [ RunTime:0.000132s ]
INFO: [ app_init ] --END-- [ RunTime:0.001384s ]
INFO: [ app_begin ] --START--
INFO: Run Behavior\ReadHtmlCacheBehavior [ RunTime:0.000596s ]
INFO: [ app_begin ] --END-- [ RunTime:0.000733s ]
SQL: SHOW COLUMNS FROM `blog_article_detail` [ RunTime:0.0056s ]
SQL: SELECT * FROM blog_article_detail ad WHERE ad.status = 1 AND `category_id` > 0 ORDER BY update_time desc LIMIT 0,4   [ RunTime:0.0004s ]
SQL: SELECT * FROM blog_article_detail ad WHERE ad.status = 1 AND `category_id` > 0 ORDER BY update_time desc LIMIT 0,6   [ RunTime:0.0003s ]
SQL: SELECT * FROM blog_article_detail ad WHERE ad.status = 1 AND `category_id` > 0 ORDER BY update_time desc  [ RunTime:0.0003s ]
SQL: SHOW COLUMNS FROM `blog_article_category` [ RunTime:0.0022s ]
SQL: SELECT * FROM `blog_article_category` WHERE `id` = 5 LIMIT 1   [ RunTime:0.0002s ]
INFO: [ view_parse ] --START--
INFO: [ template_filter ] --START--
INFO: Run Behavior\ContentReplaceBehavior [ RunTime:0.000073s ]
INFO: [ template_filter ] --END-- [ RunTime:0.000237s ]
INFO: Run Behavior\ParseTemplateBehavior [ RunTime:0.015332s ]
INFO: [ view_parse ] --END-- [ RunTime:0.015473s ]
INFO: [ view_filter ] --START--
INFO: Run Behavior\WriteHtmlCacheBehavior [ RunTime:0.000456s ]
INFO: [ view_filter ] --END-- [ RunTime:0.000597s ]
INFO: [ app_end ] --START--
INFO: Run Behavior\ShowPageTraceBehavior [ RunTime:0.000669s ]
INFO: [ app_end ] --END-- [ RunTime:0.000798s ]

