[ 2016-03-25T19:22:52+08:00 ] 127.0.0.1 /NewBlog/
INFO: [ app_init ] --START--
INFO: Run Behavior\BuildLiteBehavior [ RunTime:0.000040s ]
INFO: [ app_init ] --END-- [ RunTime:0.040113s ]
INFO: [ app_begin ] --START--
INFO: Run Behavior\ReadHtmlCacheBehavior [ RunTime:0.035661s ]
INFO: [ app_begin ] --END-- [ RunTime:0.035787s ]
NOTIC: [2] PDO::__construct() [<a href='pdo.--construct'>pdo.--construct</a>]: [2002] ÓÉÓÚÄ¿±ê¼ÆËã»ú»ý¼«¾Ü¾ø£¬ÎÞ·¨Á¬½Ó¡£
 (trying to connect via tcp://localhost:3306) D:\wamp\www\NewBlog\ThinkPHP\Library\Think\Db\Driver.class.php ç¬¬ 103 è¡Œ.
ERR: SQLSTATE[HY000] [2002] ÓÉÓÚÄ¿±ê¼ÆËã»ú»ý¼«¾Ü¾ø£¬ÎÞ·¨Á¬½Ó¡£


[ 2016-03-25T19:23:42+08:00 ] 127.0.0.1 /NewBlog/
INFO: [ app_init ] --START--
INFO: Run Behavior\BuildLiteBehavior [ RunTime:0.000020s ]
INFO: [ app_init ] --END-- [ RunTime:0.000448s ]
INFO: [ app_begin ] --START--
INFO: Run Behavior\ReadHtmlCacheBehavior [ RunTime:0.000580s ]
INFO: [ app_begin ] --END-- [ RunTime:0.000691s ]
SQL: SHOW COLUMNS FROM `blog_article_detail` [ RunTime:0.1549s ]
SQL: SELECT * FROM blog_article_detail ad WHERE ad.status = 1 AND `category_id` > 0 ORDER BY update_time desc LIMIT 0,4   [ RunTime:0.0033s ]
SQL: SELECT * FROM blog_article_detail ad WHERE ad.status = 1 AND `category_id` > 0 ORDER BY update_time desc LIMIT 0,6   [ RunTime:0.0011s ]
SQL: SELECT * FROM blog_article_detail ad WHERE ad.status = 1 AND `category_id` > 0 ORDER BY update_time desc  [ RunTime:0.0010s ]
SQL: SHOW COLUMNS FROM `blog_article_category` [ RunTime:0.0605s ]
SQL: SELECT * FROM `blog_article_category` WHERE `id` = 5 LIMIT 1   [ RunTime:0.0004s ]
INFO: [ view_parse ] --START--
INFO: [ template_filter ] --START--
INFO: Run Behavior\ContentReplaceBehavior [ RunTime:0.000062s ]
INFO: [ template_filter ] --END-- [ RunTime:0.000155s ]
INFO: Run Behavior\ParseTemplateBehavior [ RunTime:0.148306s ]
INFO: [ view_parse ] --END-- [ RunTime:0.148455s ]
INFO: [ view_filter ] --START--
INFO: Run Behavior\WriteHtmlCacheBehavior [ RunTime:0.008253s ]
INFO: [ view_filter ] --END-- [ RunTime:0.008350s ]
INFO: [ app_end ] --START--
INFO: Run Behavior\ShowPageTraceBehavior [ RunTime:0.001136s ]
INFO: [ app_end ] --END-- [ RunTime:0.001265s ]

[ 2016-03-25T19:28:02+08:00 ] 127.0.0.1 /NewBlog/
INFO: [ app_init ] --START--
INFO: Run Behavior\BuildLiteBehavior [ RunTime:0.000020s ]
INFO: [ app_init ] --END-- [ RunTime:0.000468s ]
INFO: [ app_begin ] --START--
INFO: Run Behavior\ReadHtmlCacheBehavior [ RunTime:0.000904s ]
INFO: [ app_begin ] --END-- [ RunTime:0.001038s ]
SQL: SHOW COLUMNS FROM `blog_article_detail` [ RunTime:0.0031s ]
SQL: SELECT * FROM blog_article_detail ad WHERE ad.status = 1 AND `category_id` > 0 ORDER BY update_time desc LIMIT 0,4   [ RunTime:0.0005s ]
SQL: SELECT * FROM blog_article_detail ad WHERE ad.status = 1 AND `category_id` > 0 ORDER BY update_time desc LIMIT 0,6   [ RunTime:0.0004s ]
SQL: SELECT * FROM blog_article_detail ad WHERE ad.status = 1 AND `category_id` > 0 ORDER BY update_time desc  [ RunTime:0.0005s ]
SQL: SHOW COLUMNS FROM `blog_article_category` [ RunTime:0.0028s ]
SQL: SELECT * FROM `blog_article_category` WHERE `id` = 5 LIMIT 1   [ RunTime:0.0002s ]
INFO: [ view_parse ] --START--
INFO: [ template_filter ] --START--
INFO: Run Behavior\ContentReplaceBehavior [ RunTime:0.000060s ]
INFO: [ template_filter ] --END-- [ RunTime:0.000180s ]
INFO: Run Behavior\ParseTemplateBehavior [ RunTime:0.011123s ]
INFO: [ view_parse ] --END-- [ RunTime:0.011216s ]
INFO: [ view_filter ] --START--
INFO: Run Behavior\WriteHtmlCacheBehavior [ RunTime:0.000444s ]
INFO: [ view_filter ] --END-- [ RunTime:0.000519s ]
INFO: [ app_end ] --START--
INFO: Run Behavior\ShowPageTraceBehavior [ RunTime:0.000646s ]
INFO: [ app_end ] --END-- [ RunTime:0.000725s ]

[ 2016-03-25T19:33:20+08:00 ] 127.0.0.1 /NewBlog/
INFO: [ app_init ] --START--
INFO: Run Behavior\BuildLiteBehavior [ RunTime:0.000042s ]
INFO: [ app_init ] --END-- [ RunTime:0.000758s ]
INFO: [ app_begin ] --START--
INFO: Run Behavior\ReadHtmlCacheBehavior [ RunTime:0.001107s ]
INFO: [ app_begin ] --END-- [ RunTime:0.001290s ]
SQL: SHOW COLUMNS FROM `blog_article_detail` [ RunTime:0.0049s ]
SQL: SELECT * FROM blog_article_detail ad WHERE ad.status = 1 AND `category_id` > 0 ORDER BY update_time desc LIMIT 0,4   [ RunTime:0.0007s ]
SQL: SELECT * FROM blog_article_detail ad WHERE ad.status = 1 AND `category_id` > 0 ORDER BY update_time desc LIMIT 0,6   [ RunTime:0.0026s ]
SQL: SELECT * FROM blog_article_detail ad WHERE ad.status = 1 AND `category_id` > 0 ORDER BY update_time desc  [ RunTime:0.0009s ]
SQL: SHOW COLUMNS FROM `blog_article_category` [ RunTime:0.0040s ]
SQL: SELECT * FROM `blog_article_category` WHERE `id` = 5 LIMIT 1   [ RunTime:0.0003s ]
INFO: [ view_parse ] --START--
INFO: [ template_filter ] --START--
INFO: Run Behavior\ContentReplaceBehavior [ RunTime:0.000102s ]
INFO: [ template_filter ] --END-- [ RunTime:0.000284s ]
INFO: Run Behavior\ParseTemplateBehavior [ RunTime:0.046545s ]
INFO: [ view_parse ] --END-- [ RunTime:0.046722s ]
INFO: [ view_filter ] --START--
INFO: Run Behavior\WriteHtmlCacheBehavior [ RunTime:0.000555s ]
INFO: [ view_filter ] --END-- [ RunTime:0.000694s ]
INFO: [ app_end ] --START--
INFO: Run Behavior\ShowPageTraceBehavior [ RunTime:0.000779s ]
INFO: [ app_end ] --END-- [ RunTime:0.000917s ]

[ 2016-03-25T19:37:28+08:00 ] 127.0.0.1 /NewBlog/
INFO: [ app_init ] --START--
INFO: Run Behavior\BuildLiteBehavior [ RunTime:0.000049s ]
INFO: [ app_init ] --END-- [ RunTime:0.000671s ]
INFO: [ app_begin ] --START--
INFO: Run Behavior\ReadHtmlCacheBehavior [ RunTime:0.001045s ]
INFO: [ app_begin ] --END-- [ RunTime:0.001205s ]
SQL: SHOW COLUMNS FROM `blog_article_detail` [ RunTime:0.0049s ]
SQL: SELECT * FROM blog_article_detail ad WHERE ad.status = 1 AND `category_id` > 0 ORDER BY update_time desc LIMIT 0,4   [ RunTime:0.0007s ]
SQL: SELECT * FROM blog_article_detail ad WHERE ad.status = 1 AND `category_id` > 0 ORDER BY update_time desc LIMIT 0,6   [ RunTime:0.0019s ]
SQL: SELECT * FROM blog_article_detail ad WHERE ad.status = 1 AND `category_id` > 0 ORDER BY update_time desc  [ RunTime:0.0008s ]
SQL: SHOW COLUMNS FROM `blog_article_category` [ RunTime:0.0041s ]
SQL: SELECT * FROM `blog_article_category` WHERE `id` = 5 LIMIT 1   [ RunTime:0.0003s ]
INFO: [ view_parse ] --START--
INFO: [ template_filter ] --START--
INFO: Run Behavior\ContentReplaceBehavior [ RunTime:0.000102s ]
INFO: [ template_filter ] --END-- [ RunTime:0.000252s ]
INFO: Run Behavior\ParseTemplateBehavior [ RunTime:0.017143s ]
INFO: [ view_parse ] --END-- [ RunTime:0.017386s ]
INFO: [ view_filter ] --START--
INFO: Run Behavior\WriteHtmlCacheBehavior [ RunTime:0.000878s ]
INFO: [ view_filter ] --END-- [ RunTime:0.001078s ]
INFO: [ app_end ] --START--
INFO: Run Behavior\ShowPageTraceBehavior [ RunTime:0.000956s ]
INFO: [ app_end ] --END-- [ RunTime:0.001123s ]

[ 2016-03-25T19:37:50+08:00 ] 127.0.0.1 /NewBlog/
INFO: [ app_init ] --START--
INFO: Run Behavior\BuildLiteBehavior [ RunTime:0.000034s ]
INFO: [ app_init ] --END-- [ RunTime:0.004196s ]
INFO: [ app_begin ] --START--
INFO: Run Behavior\ReadHtmlCacheBehavior [ RunTime:0.001189s ]
INFO: [ app_begin ] --END-- [ RunTime:0.001346s ]
SQL: SHOW COLUMNS FROM `blog_article_detail` [ RunTime:0.0078s ]
SQL: SELECT * FROM blog_article_detail ad WHERE ad.status = 1 AND `category_id` > 0 ORDER BY update_time desc LIMIT 0,4   [ RunTime:0.0006s ]
SQL: SELECT * FROM blog_article_detail ad WHERE ad.status = 1 AND `category_id` > 0 ORDER BY update_time desc LIMIT 0,6   [ RunTime:0.0005s ]
SQL: SELECT * FROM blog_article_detail ad WHERE ad.status = 1 AND `category_id` > 0 ORDER BY update_time desc  [ RunTime:0.0007s ]
SQL: SHOW COLUMNS FROM `blog_article_category` [ RunTime:0.0041s ]
SQL: SELECT * FROM `blog_article_category` WHERE `id` = 5 LIMIT 1   [ RunTime:0.0003s ]
INFO: [ view_parse ] --START--
INFO: [ template_filter ] --START--
INFO: Run Behavior\ContentReplaceBehavior [ RunTime:0.000098s ]
INFO: [ template_filter ] --END-- [ RunTime:0.000253s ]
INFO: Run Behavior\ParseTemplateBehavior [ RunTime:0.020476s ]
INFO: [ view_parse ] --END-- [ RunTime:0.020630s ]
INFO: [ view_filter ] --START--
INFO: Run Behavior\WriteHtmlCacheBehavior [ RunTime:0.000706s ]
INFO: [ view_filter ] --END-- [ RunTime:0.000855s ]
INFO: [ app_end ] --START--
INFO: Run Behavior\ShowPageTraceBehavior [ RunTime:0.000951s ]
INFO: [ app_end ] --END-- [ RunTime:0.001083s ]

[ 2016-03-25T19:38:43+08:00 ] 127.0.0.1 /NewBlog/
INFO: [ app_init ] --START--
INFO: Run Behavior\BuildLiteBehavior [ RunTime:0.000035s ]
INFO: [ app_init ] --END-- [ RunTime:0.000671s ]
INFO: [ app_begin ] --START--
INFO: Run Behavior\ReadHtmlCacheBehavior [ RunTime:0.001356s ]
INFO: [ app_begin ] --END-- [ RunTime:0.001582s ]
SQL: SHOW COLUMNS FROM `blog_article_detail` [ RunTime:0.0046s ]
SQL: SELECT * FROM blog_article_detail ad WHERE ad.status = 1 AND `category_id` > 0 ORDER BY update_time desc LIMIT 0,4   [ RunTime:0.0007s ]
SQL: SELECT * FROM blog_article_detail ad WHERE ad.status = 1 AND `category_id` > 0 ORDER BY update_time desc LIMIT 0,6   [ RunTime:0.0009s ]
SQL: SELECT * FROM blog_article_detail ad WHERE ad.status = 1 AND `category_id` > 0 ORDER BY update_time desc  [ RunTime:0.0009s ]
SQL: SHOW COLUMNS FROM `blog_article_category` [ RunTime:0.0040s ]
SQL: SELECT * FROM `blog_article_category` WHERE `id` = 5 LIMIT 1   [ RunTime:0.0006s ]
INFO: [ view_parse ] --START--
INFO: [ template_filter ] --START--
INFO: Run Behavior\ContentReplaceBehavior [ RunTime:0.000101s ]
INFO: [ template_filter ] --END-- [ RunTime:0.000247s ]
INFO: Run Behavior\ParseTemplateBehavior [ RunTime:0.023620s ]
INFO: [ view_parse ] --END-- [ RunTime:0.023786s ]
INFO: [ view_filter ] --START--
INFO: Run Behavior\WriteHtmlCacheBehavior [ RunTime:0.000824s ]
INFO: [ view_filter ] --END-- [ RunTime:0.001394s ]
INFO: [ app_end ] --START--
INFO: Run Behavior\ShowPageTraceBehavior [ RunTime:0.002412s ]
INFO: [ app_end ] --END-- [ RunTime:0.002618s ]

[ 2016-03-25T19:38:55+08:00 ] 127.0.0.1 /NewBlog/index.php?m=Home&c=Index&a=index&p=2
INFO: [ app_init ] --START--
INFO: Run Behavior\BuildLiteBehavior [ RunTime:0.000019s ]
INFO: [ app_init ] --END-- [ RunTime:0.000393s ]
INFO: [ app_begin ] --START--
INFO: Run Behavior\ReadHtmlCacheBehavior [ RunTime:0.006079s ]
INFO: [ app_begin ] --END-- [ RunTime:0.006439s ]
SQL: SHOW COLUMNS FROM `blog_article_detail` [ RunTime:0.0028s ]
SQL: SELECT * FROM blog_article_detail ad WHERE ad.status = 1 AND `category_id` > 0 ORDER BY update_time desc LIMIT 4,4   [ RunTime:0.0028s ]
SQL: SELECT * FROM blog_article_detail ad WHERE ad.status = 1 AND `category_id` > 0 ORDER BY update_time desc LIMIT 0,6   [ RunTime:0.0015s ]
SQL: SELECT * FROM blog_article_detail ad WHERE ad.status = 1 AND `category_id` > 0 ORDER BY update_time desc  [ RunTime:0.0006s ]
SQL: SHOW COLUMNS FROM `blog_article_category` [ RunTime:0.0029s ]
SQL: SELECT * FROM `blog_article_category` WHERE `id` = 5 LIMIT 1   [ RunTime:0.0003s ]
INFO: [ view_parse ] --START--
INFO: [ template_filter ] --START--
INFO: Run Behavior\ContentReplaceBehavior [ RunTime:0.000063s ]
INFO: [ template_filter ] --END-- [ RunTime:0.000155s ]
INFO: Run Behavior\ParseTemplateBehavior [ RunTime:0.046873s ]
INFO: [ view_parse ] --END-- [ RunTime:0.047018s ]
INFO: [ view_filter ] --START--
INFO: Run Behavior\WriteHtmlCacheBehavior [ RunTime:0.000647s ]
INFO: [ view_filter ] --END-- [ RunTime:0.000748s ]
INFO: [ app_end ] --START--
INFO: Run Behavior\ShowPageTraceBehavior [ RunTime:0.000600s ]
INFO: [ app_end ] --END-- [ RunTime:0.000680s ]

[ 2016-03-25T19:38:59+08:00 ] 127.0.0.1 /NewBlog/index.php?m=Home&c=Index&a=index&p=3
INFO: [ app_init ] --START--
INFO: Run Behavior\BuildLiteBehavior [ RunTime:0.000139s ]
INFO: [ app_init ] --END-- [ RunTime:0.000978s ]
INFO: [ app_begin ] --START--
INFO: Run Behavior\ReadHtmlCacheBehavior [ RunTime:0.000725s ]
INFO: [ app_begin ] --END-- [ RunTime:0.000878s ]
SQL: SHOW COLUMNS FROM `blog_article_detail` [ RunTime:0.0028s ]
SQL: SELECT * FROM blog_article_detail ad WHERE ad.status = 1 AND `category_id` > 0 ORDER BY update_time desc LIMIT 8,4   [ RunTime:0.0004s ]
SQL: SELECT * FROM blog_article_detail ad WHERE ad.status = 1 AND `category_id` > 0 ORDER BY update_time desc LIMIT 0,6   [ RunTime:0.0004s ]
SQL: SELECT * FROM blog_article_detail ad WHERE ad.status = 1 AND `category_id` > 0 ORDER BY update_time desc  [ RunTime:0.0005s ]
SQL: SHOW COLUMNS FROM `blog_article_category` [ RunTime:0.0056s ]
SQL: SELECT * FROM `blog_article_category` WHERE `id` = 5 LIMIT 1   [ RunTime:0.0003s ]
INFO: [ view_parse ] --START--
INFO: [ template_filter ] --START--
INFO: Run Behavior\ContentReplaceBehavior [ RunTime:0.000062s ]
INFO: [ template_filter ] --END-- [ RunTime:0.000151s ]
INFO: Run Behavior\ParseTemplateBehavior [ RunTime:0.010972s ]
INFO: [ view_parse ] --END-- [ RunTime:0.011089s ]
INFO: [ view_filter ] --START--
INFO: Run Behavior\WriteHtmlCacheBehavior [ RunTime:0.000788s ]
INFO: [ view_filter ] --END-- [ RunTime:0.000934s ]
INFO: [ app_end ] --START--
INFO: Run Behavior\ShowPageTraceBehavior [ RunTime:0.001112s ]
INFO: [ app_end ] --END-- [ RunTime:0.001289s ]

[ 2016-03-25T19:39:02+08:00 ] 127.0.0.1 /NewBlog/index.php?m=Home&c=Index&a=index&p=2
INFO: [ app_init ] --START--
INFO: Run Behavior\BuildLiteBehavior [ RunTime:0.000023s ]
INFO: [ app_init ] --END-- [ RunTime:0.000449s ]
INFO: [ app_begin ] --START--
INFO: Run Behavior\ReadHtmlCacheBehavior [ RunTime:0.000637s ]
INFO: [ app_begin ] --END-- [ RunTime:0.000730s ]
SQL: SHOW COLUMNS FROM `blog_article_detail` [ RunTime:0.0033s ]
SQL: SELECT * FROM blog_article_detail ad WHERE ad.status = 1 AND `category_id` > 0 ORDER BY update_time desc LIMIT 4,4   [ RunTime:0.0005s ]
SQL: SELECT * FROM blog_article_detail ad WHERE ad.status = 1 AND `category_id` > 0 ORDER BY update_time desc LIMIT 0,6   [ RunTime:0.0013s ]
SQL: SELECT * FROM blog_article_detail ad WHERE ad.status = 1 AND `category_id` > 0 ORDER BY update_time desc  [ RunTime:0.0006s ]
SQL: SHOW COLUMNS FROM `blog_article_category` [ RunTime:0.0031s ]
SQL: SELECT * FROM `blog_article_category` WHERE `id` = 5 LIMIT 1   [ RunTime:0.0003s ]
INFO: [ view_parse ] --START--
INFO: [ template_filter ] --START--
INFO: Run Behavior\ContentReplaceBehavior [ RunTime:0.000066s ]
INFO: [ template_filter ] --END-- [ RunTime:0.000167s ]
INFO: Run Behavior\ParseTemplateBehavior [ RunTime:0.013440s ]
INFO: [ view_parse ] --END-- [ RunTime:0.013559s ]
INFO: [ view_filter ] --START--
INFO: Run Behavior\WriteHtmlCacheBehavior [ RunTime:0.000625s ]
INFO: [ view_filter ] --END-- [ RunTime:0.000705s ]
INFO: [ app_end ] --START--
INFO: Run Behavior\ShowPageTraceBehavior [ RunTime:0.000734s ]
INFO: [ app_end ] --END-- [ RunTime:0.000814s ]

[ 2016-03-25T19:39:05+08:00 ] 127.0.0.1 /NewBlog/index.php?m=Home&c=Index&a=index&p=1
INFO: [ app_init ] --START--
INFO: Run Behavior\BuildLiteBehavior [ RunTime:0.000038s ]
INFO: [ app_init ] --END-- [ RunTime:0.000725s ]
INFO: [ app_begin ] --START--
INFO: Run Behavior\ReadHtmlCacheBehavior [ RunTime:0.001708s ]
INFO: [ app_begin ] --END-- [ RunTime:0.001937s ]
SQL: SHOW COLUMNS FROM `blog_article_detail` [ RunTime:0.0040s ]
SQL: SELECT * FROM blog_article_detail ad WHERE ad.status = 1 AND `category_id` > 0 ORDER BY update_time desc LIMIT 0,4   [ RunTime:0.0006s ]
SQL: SELECT * FROM blog_article_detail ad WHERE ad.status = 1 AND `category_id` > 0 ORDER BY update_time desc LIMIT 0,6   [ RunTime:0.0022s ]
SQL: SELECT * FROM blog_article_detail ad WHERE ad.status = 1 AND `category_id` > 0 ORDER BY update_time desc  [ RunTime:0.0008s ]
SQL: SHOW COLUMNS FROM `blog_article_category` [ RunTime:0.0115s ]
SQL: SELECT * FROM `blog_article_category` WHERE `id` = 5 LIMIT 1   [ RunTime:0.0006s ]
INFO: [ view_parse ] --START--
INFO: [ template_filter ] --START--
INFO: Run Behavior\ContentReplaceBehavior [ RunTime:0.000108s ]
INFO: [ template_filter ] --END-- [ RunTime:0.000299s ]
INFO: Run Behavior\ParseTemplateBehavior [ RunTime:0.027353s ]
INFO: [ view_parse ] --END-- [ RunTime:0.027661s ]
INFO: [ view_filter ] --START--
INFO: Run Behavior\WriteHtmlCacheBehavior [ RunTime:0.002525s ]
INFO: [ view_filter ] --END-- [ RunTime:0.002798s ]
INFO: [ app_end ] --START--
INFO: Run Behavior\ShowPageTraceBehavior [ RunTime:0.000928s ]
INFO: [ app_end ] --END-- [ RunTime:0.001113s ]

[ 2016-03-25T19:39:27+08:00 ] 127.0.0.1 /NewBlog/index.php?m=Home&c=index&a=index&id=5
INFO: [ app_init ] --START--
INFO: Run Behavior\BuildLiteBehavior [ RunTime:0.000036s ]
INFO: [ app_init ] --END-- [ RunTime:0.000521s ]
INFO: [ app_begin ] --START--
INFO: Run Behavior\ReadHtmlCacheBehavior [ RunTime:0.000680s ]
INFO: [ app_begin ] --END-- [ RunTime:0.000764s ]
SQL: SHOW COLUMNS FROM `blog_article_detail` [ RunTime:0.0030s ]
SQL: SELECT * FROM blog_article_detail ad WHERE ad.status = 1 AND `category_id` > 0 ORDER BY update_time desc LIMIT 0,4   [ RunTime:0.0005s ]
SQL: SELECT * FROM blog_article_detail ad WHERE ad.status = 1 AND `category_id` > 0 ORDER BY update_time desc LIMIT 0,6   [ RunTime:0.0004s ]
SQL: SELECT * FROM blog_article_detail ad WHERE ad.status = 1 AND `category_id` > 0 ORDER BY update_time desc  [ RunTime:0.0005s ]
SQL: SHOW COLUMNS FROM `blog_article_category` [ RunTime:0.0033s ]
SQL: SELECT * FROM `blog_article_category` WHERE `id` = 5 LIMIT 1   [ RunTime:0.0003s ]
INFO: [ view_parse ] --START--
INFO: [ template_filter ] --START--
INFO: Run Behavior\ContentReplaceBehavior [ RunTime:0.000078s ]
INFO: [ template_filter ] --END-- [ RunTime:0.000165s ]
INFO: Run Behavior\ParseTemplateBehavior [ RunTime:0.012237s ]
INFO: [ view_parse ] --END-- [ RunTime:0.012341s ]
INFO: [ view_filter ] --START--
INFO: Run Behavior\WriteHtmlCacheBehavior [ RunTime:0.000808s ]
INFO: [ view_filter ] --END-- [ RunTime:0.000919s ]
INFO: [ app_end ] --START--
INFO: Run Behavior\ShowPageTraceBehavior [ RunTime:0.000884s ]
INFO: [ app_end ] --END-- [ RunTime:0.001072s ]

[ 2016-03-25T19:39:28+08:00 ] 127.0.0.1 /NewBlog/index.php?m=Home&c=index&a=category&id=1
INFO: [ app_init ] --START--
INFO: Run Behavior\BuildLiteBehavior [ RunTime:0.000020s ]
INFO: [ app_init ] --END-- [ RunTime:0.000407s ]
INFO: [ app_begin ] --START--
INFO: Run Behavior\ReadHtmlCacheBehavior [ RunTime:0.000616s ]
INFO: [ app_begin ] --END-- [ RunTime:0.000704s ]
SQL: SHOW COLUMNS FROM `blog_article_detail` [ RunTime:0.0029s ]
NOTIC: [8] Undefined variable: p D:\wamp\www\NewBlog\Class\Home\Controller\IndexController.class.php ç¬¬ 22 è¡Œ.
SQL: SELECT * FROM blog_article_detail ad WHERE ad.status = 1 AND `category_id` = '1' ORDER BY update_time desc LIMIT 0,5   [ RunTime:0.0507s ]
SQL: SELECT * FROM blog_article_detail ad WHERE ad.status = 1 AND `category_id` = '1' ORDER BY update_time desc  [ RunTime:0.0005s ]
SQL: SHOW COLUMNS FROM `blog_article_category` [ RunTime:0.0043s ]
SQL: SELECT * FROM `blog_article_category` WHERE `id` = 1 LIMIT 1   [ RunTime:0.0006s ]
INFO: [ view_parse ] --START--
INFO: [ template_filter ] --START--
INFO: Run Behavior\ContentReplaceBehavior [ RunTime:0.000064s ]
INFO: [ template_filter ] --END-- [ RunTime:0.000164s ]
INFO: Run Behavior\ParseTemplateBehavior [ RunTime:0.038115s ]
INFO: [ view_parse ] --END-- [ RunTime:0.038269s ]
INFO: [ view_filter ] --START--
INFO: Run Behavior\WriteHtmlCacheBehavior [ RunTime:0.000634s ]
INFO: [ view_filter ] --END-- [ RunTime:0.000740s ]
INFO: [ app_end ] --START--
INFO: Run Behavior\ShowPageTraceBehavior [ RunTime:0.000834s ]
INFO: [ app_end ] --END-- [ RunTime:0.000941s ]

[ 2016-03-25T19:39:29+08:00 ] 127.0.0.1 /NewBlog/index.php?m=Home&c=index&a=category&id=2
INFO: [ app_init ] --START--
INFO: Run Behavior\BuildLiteBehavior [ RunTime:0.000021s ]
INFO: [ app_init ] --END-- [ RunTime:0.000514s ]
INFO: [ app_begin ] --START--
INFO: Run Behavior\ReadHtmlCacheBehavior [ RunTime:0.000693s ]
INFO: [ app_begin ] --END-- [ RunTime:0.000775s ]
SQL: SHOW COLUMNS FROM `blog_article_detail` [ RunTime:0.0045s ]
NOTIC: [8] Undefined variable: p D:\wamp\www\NewBlog\Class\Home\Controller\IndexController.class.php ç¬¬ 22 è¡Œ.
SQL: SELECT * FROM blog_article_detail ad WHERE ad.status = 1 AND `category_id` = '2' ORDER BY update_time desc LIMIT 0,5   [ RunTime:0.0004s ]
SQL: SELECT * FROM blog_article_detail ad WHERE ad.status = 1 AND `category_id` = '2' ORDER BY update_time desc  [ RunTime:0.0003s ]
SQL: SHOW COLUMNS FROM `blog_article_category` [ RunTime:0.0032s ]
SQL: SELECT * FROM `blog_article_category` WHERE `id` = 2 LIMIT 1   [ RunTime:0.0002s ]
INFO: [ view_parse ] --START--
INFO: [ template_filter ] --START--
INFO: Run Behavior\ContentReplaceBehavior [ RunTime:0.000100s ]
INFO: [ template_filter ] --END-- [ RunTime:0.000280s ]
INFO: Run Behavior\ParseTemplateBehavior [ RunTime:0.010937s ]
INFO: [ view_parse ] --END-- [ RunTime:0.011037s ]
INFO: [ view_filter ] --START--
INFO: Run Behavior\WriteHtmlCacheBehavior [ RunTime:0.000553s ]
INFO: [ view_filter ] --END-- [ RunTime:0.000633s ]
INFO: [ app_end ] --START--
INFO: Run Behavior\ShowPageTraceBehavior [ RunTime:0.000847s ]
INFO: [ app_end ] --END-- [ RunTime:0.000982s ]

[ 2016-03-25T19:39:29+08:00 ] 127.0.0.1 /NewBlog/index.php?m=Home&c=index&a=category&id=3
INFO: [ app_init ] --START--
INFO: Run Behavior\BuildLiteBehavior [ RunTime:0.000020s ]
INFO: [ app_init ] --END-- [ RunTime:0.000405s ]
INFO: [ app_begin ] --START--
INFO: Run Behavior\ReadHtmlCacheBehavior [ RunTime:0.000625s ]
INFO: [ app_begin ] --END-- [ RunTime:0.000713s ]
SQL: SHOW COLUMNS FROM `blog_article_detail` [ RunTime:0.0071s ]
NOTIC: [8] Undefined variable: p D:\wamp\www\NewBlog\Class\Home\Controller\IndexController.class.php ç¬¬ 22 è¡Œ.
SQL: SELECT * FROM blog_article_detail ad WHERE ad.status = 1 AND `category_id` = '3' ORDER BY update_time desc LIMIT 0,5   [ RunTime:0.0005s ]
SQL: SELECT * FROM blog_article_detail ad WHERE ad.status = 1 AND `category_id` = '3' ORDER BY update_time desc  [ RunTime:0.0004s ]
SQL: SHOW COLUMNS FROM `blog_article_category` [ RunTime:0.0033s ]
SQL: SELECT * FROM `blog_article_category` WHERE `id` = 3 LIMIT 1   [ RunTime:0.0002s ]
INFO: [ view_parse ] --START--
INFO: [ template_filter ] --START--
INFO: Run Behavior\ContentReplaceBehavior [ RunTime:0.000061s ]
INFO: [ template_filter ] --END-- [ RunTime:0.000149s ]
INFO: Run Behavior\ParseTemplateBehavior [ RunTime:0.008810s ]
INFO: [ view_parse ] --END-- [ RunTime:0.008908s ]
INFO: [ view_filter ] --START--
INFO: Run Behavior\WriteHtmlCacheBehavior [ RunTime:0.000477s ]
INFO: [ view_filter ] --END-- [ RunTime:0.000566s ]
INFO: [ app_end ] --START--
INFO: Run Behavior\ShowPageTraceBehavior [ RunTime:0.000610s ]
INFO: [ app_end ] --END-- [ RunTime:0.000691s ]

[ 2016-03-25T19:39:35+08:00 ] 127.0.0.1 /NewBlog/index.php?m=Home&c=index&a=category&id=1
INFO: [ app_init ] --START--
INFO: Run Behavior\BuildLiteBehavior [ RunTime:0.000024s ]
INFO: [ app_init ] --END-- [ RunTime:0.001158s ]
INFO: [ app_begin ] --START--
INFO: Run Behavior\ReadHtmlCacheBehavior [ RunTime:0.000669s ]
INFO: [ app_begin ] --END-- [ RunTime:0.000753s ]
SQL: SHOW COLUMNS FROM `blog_article_detail` [ RunTime:0.0058s ]
NOTIC: [8] Undefined variable: p D:\wamp\www\NewBlog\Class\Home\Controller\IndexController.class.php ç¬¬ 22 è¡Œ.
SQL: SELECT * FROM blog_article_detail ad WHERE ad.status = 1 AND `category_id` = '1' ORDER BY update_time desc LIMIT 0,5   [ RunTime:0.0005s ]
SQL: SELECT * FROM blog_article_detail ad WHERE ad.status = 1 AND `category_id` = '1' ORDER BY update_time desc  [ RunTime:0.0004s ]
SQL: SHOW COLUMNS FROM `blog_article_category` [ RunTime:0.0028s ]
SQL: SELECT * FROM `blog_article_category` WHERE `id` = 1 LIMIT 1   [ RunTime:0.0002s ]
INFO: [ view_parse ] --START--
INFO: [ template_filter ] --START--
INFO: Run Behavior\ContentReplaceBehavior [ RunTime:0.000058s ]
INFO: [ template_filter ] --END-- [ RunTime:0.000144s ]
INFO: Run Behavior\ParseTemplateBehavior [ RunTime:0.009591s ]
INFO: [ view_parse ] --END-- [ RunTime:0.009704s ]
INFO: [ view_filter ] --START--
INFO: Run Behavior\WriteHtmlCacheBehavior [ RunTime:0.000556s ]
INFO: [ view_filter ] --END-- [ RunTime:0.000641s ]
INFO: [ app_end ] --START--
INFO: Run Behavior\ShowPageTraceBehavior [ RunTime:0.000701s ]
INFO: [ app_end ] --END-- [ RunTime:0.000787s ]

[ 2016-03-25T19:39:53+08:00 ] 127.0.0.1 /NewBlog/index.php?m=Home&c=index&a=index&id=5
INFO: [ app_init ] --START--
INFO: Run Behavior\BuildLiteBehavior [ RunTime:0.000022s ]
INFO: [ app_init ] --END-- [ RunTime:0.000766s ]
INFO: [ app_begin ] --START--
INFO: Run Behavior\ReadHtmlCacheBehavior [ RunTime:0.000707s ]
INFO: [ app_begin ] --END-- [ RunTime:0.000794s ]
SQL: SHOW COLUMNS FROM `blog_article_detail` [ RunTime:0.0032s ]
SQL: SELECT * FROM blog_article_detail ad WHERE ad.status = 1 AND `category_id` > 0 ORDER BY update_time desc LIMIT 0,4   [ RunTime:0.0005s ]
SQL: SELECT * FROM blog_article_detail ad WHERE ad.status = 1 AND `category_id` > 0 ORDER BY update_time desc LIMIT 0,6   [ RunTime:0.0004s ]
SQL: SELECT * FROM blog_article_detail ad WHERE ad.status = 1 AND `category_id` > 0 ORDER BY update_time desc  [ RunTime:0.0005s ]
SQL: SHOW COLUMNS FROM `blog_article_category` [ RunTime:0.0034s ]
SQL: SELECT * FROM `blog_article_category` WHERE `id` = 5 LIMIT 1   [ RunTime:0.0003s ]
INFO: [ view_parse ] --START--
INFO: [ template_filter ] --START--
INFO: Run Behavior\ContentReplaceBehavior [ RunTime:0.000064s ]
INFO: [ template_filter ] --END-- [ RunTime:0.000157s ]
INFO: Run Behavior\ParseTemplateBehavior [ RunTime:0.012420s ]
INFO: [ view_parse ] --END-- [ RunTime:0.012540s ]
INFO: [ view_filter ] --START--
INFO: Run Behavior\WriteHtmlCacheBehavior [ RunTime:0.000555s ]
INFO: [ view_filter ] --END-- [ RunTime:0.000629s ]
INFO: [ app_end ] --START--
INFO: Run Behavior\ShowPageTraceBehavior [ RunTime:0.000694s ]
INFO: [ app_end ] --END-- [ RunTime:0.000791s ]

[ 2016-03-25T19:42:00+08:00 ] 127.0.0.1 /NewBlog/index.php?m=Home&c=index&a=index&id=5
INFO: [ app_init ] --START--
INFO: Run Behavior\BuildLiteBehavior [ RunTime:0.000037s ]
INFO: [ app_init ] --END-- [ RunTime:0.000711s ]
INFO: [ app_begin ] --START--
INFO: Run Behavior\ReadHtmlCacheBehavior [ RunTime:0.001000s ]
INFO: [ app_begin ] --END-- [ RunTime:0.001460s ]
SQL: SHOW COLUMNS FROM `blog_article_detail` [ RunTime:0.0047s ]
SQL: SELECT * FROM blog_article_detail ad WHERE ad.status = 1 AND `category_id` > 0 ORDER BY update_time desc LIMIT 0,4   [ RunTime:0.0006s ]
SQL: SELECT * FROM blog_article_detail ad WHERE ad.status = 1 AND `category_id` > 0 ORDER BY update_time desc LIMIT 0,6   [ RunTime:0.0005s ]
SQL: SELECT * FROM blog_article_detail ad WHERE ad.status = 1 AND `category_id` > 0 ORDER BY update_time desc  [ RunTime:0.0005s ]
SQL: SHOW COLUMNS FROM `blog_article_category` [ RunTime:0.0047s ]
SQL: SELECT * FROM `blog_article_category` WHERE `id` = 5 LIMIT 1   [ RunTime:0.0004s ]
INFO: [ view_parse ] --START--
INFO: [ template_filter ] --START--
INFO: Run Behavior\ContentReplaceBehavior [ RunTime:0.000101s ]
INFO: [ template_filter ] --END-- [ RunTime:0.000253s ]
INFO: Run Behavior\ParseTemplateBehavior [ RunTime:0.021430s ]
INFO: [ view_parse ] --END-- [ RunTime:0.021602s ]
INFO: [ view_filter ] --START--
INFO: Run Behavior\WriteHtmlCacheBehavior [ RunTime:0.000618s ]
INFO: [ view_filter ] --END-- [ RunTime:0.000746s ]
INFO: [ app_end ] --START--
INFO: Run Behavior\ShowPageTraceBehavior [ RunTime:0.000864s ]
INFO: [ app_end ] --END-- [ RunTime:0.001002s ]

[ 2016-03-25T19:44:44+08:00 ] 127.0.0.1 /NewBlog/index.php?m=Home&c=index&a=index&id=5
INFO: [ app_init ] --START--
INFO: Run Behavior\BuildLiteBehavior [ RunTime:0.000035s ]
INFO: [ app_init ] --END-- [ RunTime:0.000989s ]
INFO: [ app_begin ] --START--
INFO: Run Behavior\ReadHtmlCacheBehavior [ RunTime:0.001000s ]
INFO: [ app_begin ] --END-- [ RunTime:0.001198s ]
NOTIC: [2] PDO::__construct() [<a href='pdo.--construct'>pdo.--construct</a>]: [2002] ÓÉÓÚÄ¿±ê¼ÆËã»ú»ý¼«¾Ü¾ø£¬ÎÞ·¨Á¬½Ó¡£
 (trying to connect via tcp://localhost:3306) D:\wamp\www\NewBlog\ThinkPHP\Library\Think\Db\Driver.class.php ç¬¬ 103 è¡Œ.
ERR: SQLSTATE[HY000] [2002] ÓÉÓÚÄ¿±ê¼ÆËã»ú»ý¼«¾Ü¾ø£¬ÎÞ·¨Á¬½Ó¡£


[ 2016-03-25T19:44:48+08:00 ] 127.0.0.1 /NewBlog/index.php?m=Home&c=index&a=index&id=5
INFO: [ app_init ] --START--
INFO: Run Behavior\BuildLiteBehavior [ RunTime:0.000057s ]
INFO: [ app_init ] --END-- [ RunTime:0.000758s ]
INFO: [ app_begin ] --START--
INFO: Run Behavior\ReadHtmlCacheBehavior [ RunTime:0.000769s ]
INFO: [ app_begin ] --END-- [ RunTime:0.000891s ]
NOTIC: [2] PDO::__construct() [<a href='pdo.--construct'>pdo.--construct</a>]: [2002] ÓÉÓÚÄ¿±ê¼ÆËã»ú»ý¼«¾Ü¾ø£¬ÎÞ·¨Á¬½Ó¡£
 (trying to connect via tcp://localhost:3306) D:\wamp\www\NewBlog\ThinkPHP\Library\Think\Db\Driver.class.php ç¬¬ 103 è¡Œ.
ERR: SQLSTATE[HY000] [2002] ÓÉÓÚÄ¿±ê¼ÆËã»ú»ý¼«¾Ü¾ø£¬ÎÞ·¨Á¬½Ó¡£


[ 2016-03-25T19:44:58+08:00 ] 127.0.0.1 /NewBlog/index.php?m=Home&c=index&a=index&id=5
INFO: [ app_init ] --START--
INFO: Run Behavior\BuildLiteBehavior [ RunTime:0.000020s ]
INFO: [ app_init ] --END-- [ RunTime:0.000451s ]
INFO: [ app_begin ] --START--
INFO: Run Behavior\ReadHtmlCacheBehavior [ RunTime:0.000655s ]
INFO: [ app_begin ] --END-- [ RunTime:0.000793s ]
NOTIC: [2] PDO::__construct() [<a href='pdo.--construct'>pdo.--construct</a>]: [2002] ÓÉÓÚÄ¿±ê¼ÆËã»ú»ý¼«¾Ü¾ø£¬ÎÞ·¨Á¬½Ó¡£
 (trying to connect via tcp://localhost:3306) D:\wamp\www\NewBlog\ThinkPHP\Library\Think\Db\Driver.class.php ç¬¬ 103 è¡Œ.
ERR: SQLSTATE[HY000] [2002] ÓÉÓÚÄ¿±ê¼ÆËã»ú»ý¼«¾Ü¾ø£¬ÎÞ·¨Á¬½Ó¡£


[ 2016-03-25T19:45:14+08:00 ] 127.0.0.1 /NewBlog/index.php?m=Home&c=index&a=index&id=5
INFO: [ app_init ] --START--
INFO: Run Behavior\BuildLiteBehavior [ RunTime:0.000019s ]
INFO: [ app_init ] --END-- [ RunTime:0.000499s ]
INFO: [ app_begin ] --START--
INFO: Run Behavior\ReadHtmlCacheBehavior [ RunTime:0.000598s ]
INFO: [ app_begin ] --END-- [ RunTime:0.000680s ]
SQL: SHOW COLUMNS FROM `blog_article_detail` [ RunTime:0.0652s ]
SQL: SELECT * FROM blog_article_detail ad WHERE ad.status = 1 AND `category_id` > 0 ORDER BY update_time desc LIMIT 0,4   [ RunTime:0.0008s ]
SQL: SELECT * FROM blog_article_detail ad WHERE ad.status = 1 AND `category_id` > 0 ORDER BY update_time desc LIMIT 0,6   [ RunTime:0.0007s ]
SQL: SELECT * FROM blog_article_detail ad WHERE ad.status = 1 AND `category_id` > 0 ORDER BY update_time desc  [ RunTime:0.0005s ]
SQL: SHOW COLUMNS FROM `blog_article_category` [ RunTime:0.0190s ]
SQL: SELECT * FROM `blog_article_category` WHERE `id` = 5 LIMIT 1   [ RunTime:0.0003s ]
INFO: [ view_parse ] --START--
INFO: [ template_filter ] --START--
INFO: Run Behavior\ContentReplaceBehavior [ RunTime:0.000103s ]
INFO: [ template_filter ] --END-- [ RunTime:0.000224s ]
INFO: Run Behavior\ParseTemplateBehavior [ RunTime:0.013945s ]
INFO: [ view_parse ] --END-- [ RunTime:0.014190s ]
INFO: [ view_filter ] --START--
INFO: Run Behavior\WriteHtmlCacheBehavior [ RunTime:0.001504s ]
INFO: [ view_filter ] --END-- [ RunTime:0.001608s ]
INFO: [ app_end ] --START--
INFO: Run Behavior\ShowPageTraceBehavior [ RunTime:0.000632s ]
INFO: [ app_end ] --END-- [ RunTime:0.000709s ]

[ 2016-03-25T19:47:39+08:00 ] 127.0.0.1 /NewBlog/index.php?m=Home&c=index&a=index&id=5
INFO: [ app_init ] --START--
INFO: Run Behavior\BuildLiteBehavior [ RunTime:0.000112s ]
INFO: [ app_init ] --END-- [ RunTime:0.002031s ]
INFO: [ app_begin ] --START--
INFO: Run Behavior\ReadHtmlCacheBehavior [ RunTime:0.000602s ]
INFO: [ app_begin ] --END-- [ RunTime:0.000698s ]
SQL: SHOW COLUMNS FROM `blog_article_detail` [ RunTime:0.0043s ]
SQL: SELECT * FROM blog_article_detail ad WHERE ad.status = 1 AND `category_id` > 0 ORDER BY update_time desc LIMIT 0,4   [ RunTime:0.0005s ]
SQL: SELECT * FROM blog_article_detail ad WHERE ad.status = 1 AND `category_id` > 0 ORDER BY update_time desc LIMIT 0,6   [ RunTime:0.0004s ]
SQL: SELECT * FROM blog_article_detail ad WHERE ad.status = 1 AND `category_id` > 0 ORDER BY update_time desc  [ RunTime:0.0008s ]
SQL: SHOW COLUMNS FROM `blog_article_category` [ RunTime:0.0027s ]
SQL: SELECT * FROM `blog_article_category` WHERE `id` = 5 LIMIT 1   [ RunTime:0.0003s ]
INFO: [ view_parse ] --START--
INFO: [ template_filter ] --START--
INFO: Run Behavior\ContentReplaceBehavior [ RunTime:0.000092s ]
INFO: [ template_filter ] --END-- [ RunTime:0.000231s ]
INFO: Run Behavior\ParseTemplateBehavior [ RunTime:0.017037s ]
INFO: [ view_parse ] --END-- [ RunTime:0.017195s ]
INFO: [ view_filter ] --START--
INFO: Run Behavior\WriteHtmlCacheBehavior [ RunTime:0.000908s ]
INFO: [ view_filter ] --END-- [ RunTime:0.001145s ]
INFO: [ app_end ] --START--
INFO: Run Behavior\ShowPageTraceBehavior [ RunTime:0.001525s ]
INFO: [ app_end ] --END-- [ RunTime:0.001654s ]

[ 2016-03-25T19:48:07+08:00 ] 127.0.0.1 /NewBlog/index.php?m=Home&c=index&a=index&id=5
INFO: [ app_init ] --START--
INFO: Run Behavior\BuildLiteBehavior [ RunTime:0.000021s ]
INFO: [ app_init ] --END-- [ RunTime:0.000481s ]
INFO: [ app_begin ] --START--
INFO: Run Behavior\ReadHtmlCacheBehavior [ RunTime:0.000532s ]
INFO: [ app_begin ] --END-- [ RunTime:0.000616s ]
SQL: SHOW COLUMNS FROM `blog_article_detail` [ RunTime:0.0029s ]
SQL: SELECT * FROM blog_article_detail ad WHERE ad.status = 1 AND `category_id` > 0 ORDER BY update_time desc LIMIT 0,4   [ RunTime:0.0004s ]
SQL: SELECT * FROM blog_article_detail ad WHERE ad.status = 1 AND `category_id` > 0 ORDER BY update_time desc LIMIT 0,6   [ RunTime:0.0003s ]
SQL: SELECT * FROM blog_article_detail ad WHERE ad.status = 1 AND `category_id` > 0 ORDER BY update_time desc  [ RunTime:0.0005s ]
SQL: SHOW COLUMNS FROM `blog_article_category` [ RunTime:0.0073s ]
SQL: SELECT * FROM `blog_article_category` WHERE `id` = 5 LIMIT 1   [ RunTime:0.0002s ]
INFO: [ view_parse ] --START--
INFO: [ template_filter ] --START--
INFO: Run Behavior\ContentReplaceBehavior [ RunTime:0.000104s ]
INFO: [ template_filter ] --END-- [ RunTime:0.000271s ]
INFO: Run Behavior\ParseTemplateBehavior [ RunTime:0.017033s ]
INFO: [ view_parse ] --END-- [ RunTime:0.017167s ]
INFO: [ view_filter ] --START--
INFO: Run Behavior\WriteHtmlCacheBehavior [ RunTime:0.000570s ]
INFO: [ view_filter ] --END-- [ RunTime:0.000658s ]
INFO: [ app_end ] --START--
INFO: Run Behavior\ShowPageTraceBehavior [ RunTime:0.000593s ]
INFO: [ app_end ] --END-- [ RunTime:0.000683s ]

[ 2016-03-25T19:48:09+08:00 ] 127.0.0.1 /NewBlog/index.php?m=Home&c=index&a=index&id=5
INFO: [ app_init ] --START--
INFO: Run Behavior\BuildLiteBehavior [ RunTime:0.000039s ]
INFO: [ app_init ] --END-- [ RunTime:0.001767s ]
INFO: [ app_begin ] --START--
INFO: Run Behavior\ReadHtmlCacheBehavior [ RunTime:0.000534s ]
INFO: [ app_begin ] --END-- [ RunTime:0.000647s ]
SQL: SHOW COLUMNS FROM `blog_article_detail` [ RunTime:0.0034s ]
SQL: SELECT * FROM blog_article_detail ad WHERE ad.status = 1 AND `category_id` > 0 ORDER BY update_time desc LIMIT 0,4   [ RunTime:0.0005s ]
SQL: SELECT * FROM blog_article_detail ad WHERE ad.status = 1 AND `category_id` > 0 ORDER BY update_time desc LIMIT 0,6   [ RunTime:0.0004s ]
SQL: SELECT * FROM blog_article_detail ad WHERE ad.status = 1 AND `category_id` > 0 ORDER BY update_time desc  [ RunTime:0.0006s ]
SQL: SHOW COLUMNS FROM `blog_article_category` [ RunTime:0.0049s ]
SQL: SELECT * FROM `blog_article_category` WHERE `id` = 5 LIMIT 1   [ RunTime:0.0003s ]
INFO: [ view_parse ] --START--
INFO: [ template_filter ] --START--
INFO: Run Behavior\ContentReplaceBehavior [ RunTime:0.000063s ]
INFO: [ template_filter ] --END-- [ RunTime:0.000159s ]
INFO: Run Behavior\ParseTemplateBehavior [ RunTime:0.014778s ]
INFO: [ view_parse ] --END-- [ RunTime:0.014959s ]
INFO: [ view_filter ] --START--
INFO: Run Behavior\WriteHtmlCacheBehavior [ RunTime:0.000395s ]
INFO: [ view_filter ] --END-- [ RunTime:0.000483s ]
INFO: [ app_end ] --START--
INFO: Run Behavior\ShowPageTraceBehavior [ RunTime:0.000442s ]
INFO: [ app_end ] --END-- [ RunTime:0.000520s ]

[ 2016-03-25T19:48:29+08:00 ] 127.0.0.1 /NewBlog/index.php?m=Home&c=index&a=index&id=5
INFO: [ app_init ] --START--
INFO: Run Behavior\BuildLiteBehavior [ RunTime:0.000033s ]
INFO: [ app_init ] --END-- [ RunTime:0.000623s ]
INFO: [ app_begin ] --START--
INFO: Run Behavior\ReadHtmlCacheBehavior [ RunTime:0.002090s ]
INFO: [ app_begin ] --END-- [ RunTime:0.002413s ]
SQL: SHOW COLUMNS FROM `blog_article_detail` [ RunTime:0.0069s ]
SQL: SELECT * FROM blog_article_detail ad WHERE ad.status = 1 AND `category_id` > 0 ORDER BY update_time desc LIMIT 0,4   [ RunTime:0.0005s ]
SQL: SELECT * FROM blog_article_detail ad WHERE ad.status = 1 AND `category_id` > 0 ORDER BY update_time desc LIMIT 0,6   [ RunTime:0.0004s ]
SQL: SELECT * FROM blog_article_detail ad WHERE ad.status = 1 AND `category_id` > 0 ORDER BY update_time desc  [ RunTime:0.0006s ]
SQL: SHOW COLUMNS FROM `blog_article_category` [ RunTime:0.0027s ]
SQL: SELECT * FROM `blog_article_category` WHERE `id` = 5 LIMIT 1   [ RunTime:0.0002s ]
INFO: [ view_parse ] --START--
INFO: [ template_filter ] --START--
INFO: Run Behavior\ContentReplaceBehavior [ RunTime:0.000107s ]
INFO: [ template_filter ] --END-- [ RunTime:0.000275s ]
INFO: Run Behavior\ParseTemplateBehavior [ RunTime:0.015573s ]
INFO: [ view_parse ] --END-- [ RunTime:0.015668s ]
INFO: [ view_filter ] --START--
INFO: Run Behavior\WriteHtmlCacheBehavior [ RunTime:0.000378s ]
INFO: [ view_filter ] --END-- [ RunTime:0.000449s ]
INFO: [ app_end ] --START--
INFO: Run Behavior\ShowPageTraceBehavior [ RunTime:0.000485s ]
INFO: [ app_end ] --END-- [ RunTime:0.000561s ]

[ 2016-03-25T19:48:38+08:00 ] 127.0.0.1 /NewBlog/index.php?m=Home&c=index&a=index&id=5
INFO: [ app_init ] --START--
INFO: Run Behavior\BuildLiteBehavior [ RunTime:0.000019s ]
INFO: [ app_init ] --END-- [ RunTime:0.000457s ]
INFO: [ app_begin ] --START--
INFO: Run Behavior\ReadHtmlCacheBehavior [ RunTime:0.000552s ]
INFO: [ app_begin ] --END-- [ RunTime:0.000633s ]
SQL: SHOW COLUMNS FROM `blog_article_detail` [ RunTime:0.0029s ]
SQL: SELECT * FROM blog_article_detail ad WHERE ad.status = 1 AND `category_id` > 0 ORDER BY update_time desc LIMIT 0,4   [ RunTime:0.0005s ]
SQL: SELECT * FROM blog_article_detail ad WHERE ad.status = 1 AND `category_id` > 0 ORDER BY update_time desc LIMIT 0,6   [ RunTime:0.0004s ]
SQL: SELECT * FROM blog_article_detail ad WHERE ad.status = 1 AND `category_id` > 0 ORDER BY update_time desc  [ RunTime:0.0005s ]
SQL: SHOW COLUMNS FROM `blog_article_category` [ RunTime:0.0058s ]
SQL: SELECT * FROM `blog_article_category` WHERE `id` = 5 LIMIT 1   [ RunTime:0.0003s ]
INFO: [ view_parse ] --START--
INFO: [ template_filter ] --START--
INFO: Run Behavior\ContentReplaceBehavior [ RunTime:0.000061s ]
INFO: [ template_filter ] --END-- [ RunTime:0.000149s ]
INFO: Run Behavior\ParseTemplateBehavior [ RunTime:0.014020s ]
INFO: [ view_parse ] --END-- [ RunTime:0.014150s ]
INFO: [ view_filter ] --START--
INFO: Run Behavior\WriteHtmlCacheBehavior [ RunTime:0.000578s ]
INFO: [ view_filter ] --END-- [ RunTime:0.000690s ]
INFO: [ app_end ] --START--
INFO: Run Behavior\ShowPageTraceBehavior [ RunTime:0.000676s ]
INFO: [ app_end ] --END-- [ RunTime:0.000781s ]

[ 2016-03-25T19:49:06+08:00 ] 127.0.0.1 /NewBlog/index.php?m=Home&c=index&a=index&id=5
INFO: [ app_init ] --START--
INFO: Run Behavior\BuildLiteBehavior [ RunTime:0.000063s ]
INFO: [ app_init ] --END-- [ RunTime:0.001147s ]
INFO: [ app_begin ] --START--
INFO: Run Behavior\ReadHtmlCacheBehavior [ RunTime:0.001276s ]
INFO: [ app_begin ] --END-- [ RunTime:0.001417s ]
SQL: SHOW COLUMNS FROM `blog_article_detail` [ RunTime:0.0066s ]
SQL: SELECT * FROM blog_article_detail ad WHERE ad.status = 1 AND `category_id` > 0 ORDER BY update_time desc LIMIT 0,4   [ RunTime:0.0004s ]
SQL: SELECT * FROM blog_article_detail ad WHERE ad.status = 1 AND `category_id` > 0 ORDER BY update_time desc LIMIT 0,6   [ RunTime:0.0004s ]
SQL: SELECT * FROM blog_article_detail ad WHERE ad.status = 1 AND `category_id` > 0 ORDER BY update_time desc  [ RunTime:0.0004s ]
SQL: SHOW COLUMNS FROM `blog_article_category` [ RunTime:0.0027s ]
SQL: SELECT * FROM `blog_article_category` WHERE `id` = 5 LIMIT 1   [ RunTime:0.0002s ]
INFO: [ view_parse ] --START--
INFO: [ template_filter ] --START--
INFO: Run Behavior\ContentReplaceBehavior [ RunTime:0.000067s ]
INFO: [ template_filter ] --END-- [ RunTime:0.000168s ]
INFO: Run Behavior\ParseTemplateBehavior [ RunTime:0.013754s ]
INFO: [ view_parse ] --END-- [ RunTime:0.013857s ]
INFO: [ view_filter ] --START--
INFO: Run Behavior\WriteHtmlCacheBehavior [ RunTime:0.000417s ]
INFO: [ view_filter ] --END-- [ RunTime:0.000494s ]
INFO: [ app_end ] --START--
INFO: Run Behavior\ShowPageTraceBehavior [ RunTime:0.000451s ]
INFO: [ app_end ] --END-- [ RunTime:0.000526s ]

[ 2016-03-25T19:49:26+08:00 ] 127.0.0.1 /NewBlog/index.php?m=Home&c=index&a=index&id=5
INFO: [ app_init ] --START--
INFO: Run Behavior\BuildLiteBehavior [ RunTime:0.000034s ]
INFO: [ app_init ] --END-- [ RunTime:0.000614s ]
INFO: [ app_begin ] --START--
INFO: Run Behavior\ReadHtmlCacheBehavior [ RunTime:0.001356s ]
INFO: [ app_begin ] --END-- [ RunTime:0.001583s ]
SQL: SHOW COLUMNS FROM `blog_article_detail` [ RunTime:0.0063s ]
SQL: SELECT * FROM blog_article_detail ad WHERE ad.status = 1 AND `category_id` > 0 ORDER BY update_time desc LIMIT 0,4   [ RunTime:0.0004s ]
SQL: SELECT * FROM blog_article_detail ad WHERE ad.status = 1 AND `category_id` > 0 ORDER BY update_time desc LIMIT 0,6   [ RunTime:0.0003s ]
SQL: SELECT * FROM blog_article_detail ad WHERE ad.status = 1 AND `category_id` > 0 ORDER BY update_time desc  [ RunTime:0.0005s ]
SQL: SHOW COLUMNS FROM `blog_article_category` [ RunTime:0.0028s ]
SQL: SELECT * FROM `blog_article_category` WHERE `id` = 5 LIMIT 1   [ RunTime:0.0002s ]
INFO: [ view_parse ] --START--
INFO: [ template_filter ] --START--
INFO: Run Behavior\ContentReplaceBehavior [ RunTime:0.000064s ]
INFO: [ template_filter ] --END-- [ RunTime:0.000156s ]
INFO: Run Behavior\ParseTemplateBehavior [ RunTime:0.012539s ]
INFO: [ view_parse ] --END-- [ RunTime:0.012644s ]
INFO: [ view_filter ] --START--
INFO: Run Behavior\WriteHtmlCacheBehavior [ RunTime:0.000399s ]
INFO: [ view_filter ] --END-- [ RunTime:0.000481s ]
INFO: [ app_end ] --START--
INFO: Run Behavior\ShowPageTraceBehavior [ RunTime:0.000457s ]
INFO: [ app_end ] --END-- [ RunTime:0.000532s ]

[ 2016-03-25T19:49:29+08:00 ] 127.0.0.1 /NewBlog/index.php?m=Home&c=index&a=index&id=5
INFO: [ app_init ] --START--
INFO: Run Behavior\BuildLiteBehavior [ RunTime:0.000084s ]
INFO: [ app_init ] --END-- [ RunTime:0.001253s ]
INFO: [ app_begin ] --START--
INFO: Run Behavior\ReadHtmlCacheBehavior [ RunTime:0.000838s ]
INFO: [ app_begin ] --END-- [ RunTime:0.001020s ]
SQL: SHOW COLUMNS FROM `blog_article_detail` [ RunTime:0.0030s ]
SQL: SELECT * FROM blog_article_detail ad WHERE ad.status = 1 AND `category_id` > 0 ORDER BY update_time desc LIMIT 0,4   [ RunTime:0.0004s ]
SQL: SELECT * FROM blog_article_detail ad WHERE ad.status = 1 AND `category_id` > 0 ORDER BY update_time desc LIMIT 0,6   [ RunTime:0.0030s ]
SQL: SELECT * FROM blog_article_detail ad WHERE ad.status = 1 AND `category_id` > 0 ORDER BY update_time desc  [ RunTime:0.0009s ]
SQL: SHOW COLUMNS FROM `blog_article_category` [ RunTime:0.0030s ]
SQL: SELECT * FROM `blog_article_category` WHERE `id` = 5 LIMIT 1   [ RunTime:0.0002s ]
INFO: [ view_parse ] --START--
INFO: [ template_filter ] --START--
INFO: Run Behavior\ContentReplaceBehavior [ RunTime:0.000066s ]
INFO: [ template_filter ] --END-- [ RunTime:0.000162s ]
INFO: Run Behavior\ParseTemplateBehavior [ RunTime:0.015503s ]
INFO: [ view_parse ] --END-- [ RunTime:0.015607s ]
INFO: [ view_filter ] --START--
INFO: Run Behavior\WriteHtmlCacheBehavior [ RunTime:0.000408s ]
INFO: [ view_filter ] --END-- [ RunTime:0.000483s ]
INFO: [ app_end ] --START--
INFO: Run Behavior\ShowPageTraceBehavior [ RunTime:0.000530s ]
INFO: [ app_end ] --END-- [ RunTime:0.000633s ]

[ 2016-03-25T19:49:40+08:00 ] 127.0.0.1 /NewBlog/index.php?m=Home&c=index&a=index&id=5
INFO: [ app_init ] --START--
INFO: Run Behavior\BuildLiteBehavior [ RunTime:0.000172s ]
INFO: [ app_init ] --END-- [ RunTime:0.003986s ]
INFO: [ app_begin ] --START--
INFO: Run Behavior\ReadHtmlCacheBehavior [ RunTime:0.001525s ]
INFO: [ app_begin ] --END-- [ RunTime:0.001673s ]
SQL: SHOW COLUMNS FROM `blog_article_detail` [ RunTime:0.0050s ]
SQL: SELECT * FROM blog_article_detail ad WHERE ad.status = 1 AND `category_id` > 0 ORDER BY update_time desc LIMIT 0,4   [ RunTime:0.0005s ]
SQL: SELECT * FROM blog_article_detail ad WHERE ad.status = 1 AND `category_id` > 0 ORDER BY update_time desc LIMIT 0,6   [ RunTime:0.0004s ]
SQL: SELECT * FROM blog_article_detail ad WHERE ad.status = 1 AND `category_id` > 0 ORDER BY update_time desc  [ RunTime:0.0007s ]
SQL: SHOW COLUMNS FROM `blog_article_category` [ RunTime:0.0075s ]
SQL: SELECT * FROM `blog_article_category` WHERE `id` = 5 LIMIT 1   [ RunTime:0.0006s ]
INFO: [ view_parse ] --START--
INFO: [ template_filter ] --START--
INFO: Run Behavior\ContentReplaceBehavior [ RunTime:0.000103s ]
INFO: [ template_filter ] --END-- [ RunTime:0.000255s ]
INFO: Run Behavior\ParseTemplateBehavior [ RunTime:0.016878s ]
INFO: [ view_parse ] --END-- [ RunTime:0.017037s ]
INFO: [ view_filter ] --START--
INFO: Run Behavior\WriteHtmlCacheBehavior [ RunTime:0.000478s ]
INFO: [ view_filter ] --END-- [ RunTime:0.000563s ]
INFO: [ app_end ] --START--
INFO: Run Behavior\ShowPageTraceBehavior [ RunTime:0.000662s ]
INFO: [ app_end ] --END-- [ RunTime:0.000783s ]

[ 2016-03-25T19:50:08+08:00 ] 127.0.0.1 /NewBlog/index.php?m=Home&c=index&a=index&id=5
INFO: [ app_init ] --START--
INFO: Run Behavior\BuildLiteBehavior [ RunTime:0.000122s ]
INFO: [ app_init ] --END-- [ RunTime:0.002266s ]
INFO: [ app_begin ] --START--
INFO: Run Behavior\ReadHtmlCacheBehavior [ RunTime:0.000699s ]
INFO: [ app_begin ] --END-- [ RunTime:0.000795s ]
SQL: SHOW COLUMNS FROM `blog_article_detail` [ RunTime:0.0030s ]
SQL: SELECT * FROM blog_article_detail ad WHERE ad.status = 1 AND `category_id` > 0 ORDER BY update_time desc LIMIT 0,4   [ RunTime:0.0005s ]
SQL: SELECT * FROM blog_article_detail ad WHERE ad.status = 1 AND `category_id` > 0 ORDER BY update_time desc LIMIT 0,6   [ RunTime:0.0004s ]
SQL: SELECT * FROM blog_article_detail ad WHERE ad.status = 1 AND `category_id` > 0 ORDER BY update_time desc  [ RunTime:0.0005s ]
SQL: SHOW COLUMNS FROM `blog_article_category` [ RunTime:0.0029s ]
SQL: SELECT * FROM `blog_article_category` WHERE `id` = 5 LIMIT 1   [ RunTime:0.0002s ]
INFO: [ view_parse ] --START--
INFO: [ template_filter ] --START--
INFO: Run Behavior\ContentReplaceBehavior [ RunTime:0.000062s ]
INFO: [ template_filter ] --END-- [ RunTime:0.000174s ]
INFO: Run Behavior\ParseTemplateBehavior [ RunTime:0.016321s ]
INFO: [ view_parse ] --END-- [ RunTime:0.016424s ]
INFO: [ view_filter ] --START--
INFO: Run Behavior\WriteHtmlCacheBehavior [ RunTime:0.000471s ]
INFO: [ view_filter ] --END-- [ RunTime:0.000578s ]
INFO: [ app_end ] --START--
INFO: Run Behavior\ShowPageTraceBehavior [ RunTime:0.001578s ]
INFO: [ app_end ] --END-- [ RunTime:0.001791s ]

[ 2016-03-25T19:52:15+08:00 ] 127.0.0.1 /NewBlog/index.php?m=Home&c=index&a=index&id=5
INFO: [ app_init ] --START--
INFO: Run Behavior\BuildLiteBehavior [ RunTime:0.000033s ]
INFO: [ app_init ] --END-- [ RunTime:0.000797s ]
INFO: [ app_begin ] --START--
INFO: Run Behavior\ReadHtmlCacheBehavior [ RunTime:0.000927s ]
INFO: [ app_begin ] --END-- [ RunTime:0.001072s ]
SQL: SHOW COLUMNS FROM `blog_article_detail` [ RunTime:0.0044s ]
SQL: SELECT * FROM blog_article_detail ad WHERE ad.status = 1 AND `category_id` > 0 ORDER BY update_time desc LIMIT 0,4   [ RunTime:0.0010s ]
SQL: SELECT * FROM blog_article_detail ad WHERE ad.status = 1 AND `category_id` > 0 ORDER BY update_time desc LIMIT 0,6   [ RunTime:0.0010s ]
SQL: SELECT * FROM blog_article_detail ad WHERE ad.status = 1 AND `category_id` > 0 ORDER BY update_time desc  [ RunTime:0.0009s ]
SQL: SHOW COLUMNS FROM `blog_article_category` [ RunTime:0.0045s ]
SQL: SELECT * FROM `blog_article_category` WHERE `id` = 5 LIMIT 1   [ RunTime:0.0004s ]
INFO: [ view_parse ] --START--
INFO: [ template_filter ] --START--
INFO: Run Behavior\ContentReplaceBehavior [ RunTime:0.000102s ]
INFO: [ template_filter ] --END-- [ RunTime:0.000250s ]
INFO: Run Behavior\ParseTemplateBehavior [ RunTime:0.023408s ]
INFO: [ view_parse ] --END-- [ RunTime:0.023579s ]
INFO: [ view_filter ] --START--
INFO: Run Behavior\WriteHtmlCacheBehavior [ RunTime:0.000886s ]
INFO: [ view_filter ] --END-- [ RunTime:0.001204s ]
INFO: [ app_end ] --START--
INFO: Run Behavior\ShowPageTraceBehavior [ RunTime:0.001248s ]
INFO: [ app_end ] --END-- [ RunTime:0.001413s ]

[ 2016-03-25T19:52:26+08:00 ] 127.0.0.1 /NewBlog/index.php?m=Home&c=index&a=index&id=5
INFO: [ app_init ] --START--
INFO: Run Behavior\BuildLiteBehavior [ RunTime:0.000020s ]
INFO: [ app_init ] --END-- [ RunTime:0.000476s ]
INFO: [ app_begin ] --START--
INFO: Run Behavior\ReadHtmlCacheBehavior [ RunTime:0.000589s ]
INFO: [ app_begin ] --END-- [ RunTime:0.000694s ]
SQL: SHOW COLUMNS FROM `blog_article_detail` [ RunTime:0.0029s ]
SQL: SELECT * FROM blog_article_detail ad WHERE ad.status = 1 AND `category_id` > 0 ORDER BY update_time desc LIMIT 0,4   [ RunTime:0.0004s ]
SQL: SELECT * FROM blog_article_detail ad WHERE ad.status = 1 AND `category_id` > 0 ORDER BY update_time desc LIMIT 0,6   [ RunTime:0.0003s ]
SQL: SELECT * FROM blog_article_detail ad WHERE ad.status = 1 AND `category_id` > 0 ORDER BY update_time desc  [ RunTime:0.0007s ]
SQL: SHOW COLUMNS FROM `blog_article_category` [ RunTime:0.0070s ]
SQL: SELECT * FROM `blog_article_category` WHERE `id` = 5 LIMIT 1   [ RunTime:0.0003s ]
INFO: [ view_parse ] --START--
INFO: [ template_filter ] --START--
INFO: Run Behavior\ContentReplaceBehavior [ RunTime:0.000065s ]
INFO: [ template_filter ] --END-- [ RunTime:0.000162s ]
INFO: Run Behavior\ParseTemplateBehavior [ RunTime:0.016743s ]
INFO: [ view_parse ] --END-- [ RunTime:0.016881s ]
INFO: [ view_filter ] --START--
INFO: Run Behavior\WriteHtmlCacheBehavior [ RunTime:0.000634s ]
INFO: [ view_filter ] --END-- [ RunTime:0.000741s ]
INFO: [ app_end ] --START--
INFO: Run Behavior\ShowPageTraceBehavior [ RunTime:0.000580s ]
INFO: [ app_end ] --END-- [ RunTime:0.000672s ]

[ 2016-03-25T19:54:02+08:00 ] 127.0.0.1 /NewBlog/index.php?m=Home&c=index&a=index&id=5
INFO: [ app_init ] --START--
INFO: Run Behavior\BuildLiteBehavior [ RunTime:0.000054s ]
INFO: [ app_init ] --END-- [ RunTime:0.000714s ]
INFO: [ app_begin ] --START--
INFO: Run Behavior\ReadHtmlCacheBehavior [ RunTime:0.000930s ]
INFO: [ app_begin ] --END-- [ RunTime:0.001064s ]
SQL: SHOW COLUMNS FROM `blog_article_detail` [ RunTime:0.0054s ]
SQL: SELECT * FROM blog_article_detail ad WHERE ad.status = 1 AND `category_id` > 0 ORDER BY update_time desc LIMIT 0,4   [ RunTime:0.0007s ]
SQL: SELECT * FROM blog_article_detail ad WHERE ad.status = 1 AND `category_id` > 0 ORDER BY update_time desc LIMIT 0,6   [ RunTime:0.0007s ]
SQL: SELECT * FROM blog_article_detail ad WHERE ad.status = 1 AND `category_id` > 0 ORDER BY update_time desc  [ RunTime:0.0007s ]
SQL: SHOW COLUMNS FROM `blog_article_category` [ RunTime:0.0060s ]
SQL: SELECT * FROM `blog_article_category` WHERE `id` = 5 LIMIT 1   [ RunTime:0.0005s ]
INFO: [ view_parse ] --START--
INFO: [ template_filter ] --START--
INFO: Run Behavior\ContentReplaceBehavior [ RunTime:0.000129s ]
INFO: [ template_filter ] --END-- [ RunTime:0.000279s ]
INFO: Run Behavior\ParseTemplateBehavior [ RunTime:0.018648s ]
INFO: [ view_parse ] --END-- [ RunTime:0.018807s ]
INFO: [ view_filter ] --START--
INFO: Run Behavior\WriteHtmlCacheBehavior [ RunTime:0.000649s ]
INFO: [ view_filter ] --END-- [ RunTime:0.000814s ]
INFO: [ app_end ] --START--
INFO: Run Behavior\ShowPageTraceBehavior [ RunTime:0.000828s ]
INFO: [ app_end ] --END-- [ RunTime:0.000960s ]

[ 2016-03-25T19:54:17+08:00 ] 127.0.0.1 /NewBlog/index.php?m=Home&c=index&a=index&id=5
INFO: [ app_init ] --START--
INFO: Run Behavior\BuildLiteBehavior [ RunTime:0.000023s ]
INFO: [ app_init ] --END-- [ RunTime:0.000551s ]
INFO: [ app_begin ] --START--
INFO: Run Behavior\ReadHtmlCacheBehavior [ RunTime:0.001790s ]
INFO: [ app_begin ] --END-- [ RunTime:0.002432s ]
SQL: SHOW COLUMNS FROM `blog_article_detail` [ RunTime:0.0066s ]
SQL: SELECT * FROM blog_article_detail ad WHERE ad.status = 1 AND `category_id` > 0 ORDER BY update_time desc LIMIT 0,4   [ RunTime:0.0004s ]
SQL: SELECT * FROM blog_article_detail ad WHERE ad.status = 1 AND `category_id` > 0 ORDER BY update_time desc LIMIT 0,6   [ RunTime:0.0004s ]
SQL: SELECT * FROM blog_article_detail ad WHERE ad.status = 1 AND `category_id` > 0 ORDER BY update_time desc  [ RunTime:0.0006s ]
SQL: SHOW COLUMNS FROM `blog_article_category` [ RunTime:0.0050s ]
SQL: SELECT * FROM `blog_article_category` WHERE `id` = 5 LIMIT 1   [ RunTime:0.0003s ]
INFO: [ view_parse ] --START--
INFO: [ template_filter ] --START--
INFO: Run Behavior\ContentReplaceBehavior [ RunTime:0.000063s ]
INFO: [ template_filter ] --END-- [ RunTime:0.000160s ]
INFO: Run Behavior\ParseTemplateBehavior [ RunTime:0.017134s ]
INFO: [ view_parse ] --END-- [ RunTime:0.017289s ]
INFO: [ view_filter ] --START--
INFO: Run Behavior\WriteHtmlCacheBehavior [ RunTime:0.000589s ]
INFO: [ view_filter ] --END-- [ RunTime:0.000698s ]
INFO: [ app_end ] --START--
INFO: Run Behavior\ShowPageTraceBehavior [ RunTime:0.000708s ]
INFO: [ app_end ] --END-- [ RunTime:0.000793s ]

[ 2016-03-25T19:54:31+08:00 ] 127.0.0.1 /NewBlog/index.php?m=Home&c=index&a=index&id=5
INFO: [ app_init ] --START--
INFO: Run Behavior\BuildLiteBehavior [ RunTime:0.000028s ]
INFO: [ app_init ] --END-- [ RunTime:0.000847s ]
INFO: [ app_begin ] --START--
INFO: Run Behavior\ReadHtmlCacheBehavior [ RunTime:0.000622s ]
INFO: [ app_begin ] --END-- [ RunTime:0.000777s ]
SQL: SHOW COLUMNS FROM `blog_article_detail` [ RunTime:0.0033s ]
SQL: SELECT * FROM blog_article_detail ad WHERE ad.status = 1 AND `category_id` > 0 ORDER BY update_time desc LIMIT 0,4   [ RunTime:0.0005s ]
SQL: SELECT * FROM blog_article_detail ad WHERE ad.status = 1 AND `category_id` > 0 ORDER BY update_time desc LIMIT 0,6   [ RunTime:0.0004s ]
SQL: SELECT * FROM blog_article_detail ad WHERE ad.status = 1 AND `category_id` > 0 ORDER BY update_time desc  [ RunTime:0.0005s ]
SQL: SHOW COLUMNS FROM `blog_article_category` [ RunTime:0.0031s ]
SQL: SELECT * FROM `blog_article_category` WHERE `id` = 5 LIMIT 1   [ RunTime:0.0002s ]
INFO: [ view_parse ] --START--
INFO: [ template_filter ] --START--
INFO: Run Behavior\ContentReplaceBehavior [ RunTime:0.000065s ]
INFO: [ template_filter ] --END-- [ RunTime:0.000169s ]
INFO: Run Behavior\ParseTemplateBehavior [ RunTime:0.014187s ]
INFO: [ view_parse ] --END-- [ RunTime:0.014311s ]
INFO: [ view_filter ] --START--
INFO: Run Behavior\WriteHtmlCacheBehavior [ RunTime:0.000438s ]
INFO: [ view_filter ] --END-- [ RunTime:0.000517s ]
INFO: [ app_end ] --START--
INFO: Run Behavior\ShowPageTraceBehavior [ RunTime:0.000588s ]
INFO: [ app_end ] --END-- [ RunTime:0.000665s ]

[ 2016-03-25T19:54:41+08:00 ] 127.0.0.1 /NewBlog/index.php?m=Home&c=index&a=index&id=5
INFO: [ app_init ] --START--
INFO: Run Behavior\BuildLiteBehavior [ RunTime:0.000041s ]
INFO: [ app_init ] --END-- [ RunTime:0.000634s ]
INFO: [ app_begin ] --START--
INFO: Run Behavior\ReadHtmlCacheBehavior [ RunTime:0.000562s ]
INFO: [ app_begin ] --END-- [ RunTime:0.000654s ]
SQL: SHOW COLUMNS FROM `blog_article_detail` [ RunTime:0.0030s ]
SQL: SELECT * FROM blog_article_detail ad WHERE ad.status = 1 AND `category_id` > 0 ORDER BY update_time desc LIMIT 0,4   [ RunTime:0.0004s ]
SQL: SELECT * FROM blog_article_detail ad WHERE ad.status = 1 AND `category_id` > 0 ORDER BY update_time desc LIMIT 0,6   [ RunTime:0.0004s ]
SQL: SELECT * FROM blog_article_detail ad WHERE ad.status = 1 AND `category_id` > 0 ORDER BY update_time desc  [ RunTime:0.0005s ]
SQL: SHOW COLUMNS FROM `blog_article_category` [ RunTime:0.0030s ]
SQL: SELECT * FROM `blog_article_category` WHERE `id` = 5 LIMIT 1   [ RunTime:0.0002s ]
INFO: [ view_parse ] --START--
INFO: [ template_filter ] --START--
INFO: Run Behavior\ContentReplaceBehavior [ RunTime:0.000081s ]
INFO: [ template_filter ] --END-- [ RunTime:0.000180s ]
INFO: Run Behavior\ParseTemplateBehavior [ RunTime:0.014815s ]
INFO: [ view_parse ] --END-- [ RunTime:0.014919s ]
INFO: [ view_filter ] --START--
INFO: Run Behavior\WriteHtmlCacheBehavior [ RunTime:0.000470s ]
INFO: [ view_filter ] --END-- [ RunTime:0.000546s ]
INFO: [ app_end ] --START--
INFO: Run Behavior\ShowPageTraceBehavior [ RunTime:0.000518s ]
INFO: [ app_end ] --END-- [ RunTime:0.000596s ]

[ 2016-03-25T19:54:53+08:00 ] 127.0.0.1 /NewBlog/index.php?m=Home&c=index&a=index&id=5
INFO: [ app_init ] --START--
INFO: Run Behavior\BuildLiteBehavior [ RunTime:0.000036s ]
INFO: [ app_init ] --END-- [ RunTime:0.000547s ]
INFO: [ app_begin ] --START--
INFO: Run Behavior\ReadHtmlCacheBehavior [ RunTime:0.000525s ]
INFO: [ app_begin ] --END-- [ RunTime:0.000612s ]
SQL: SHOW COLUMNS FROM `blog_article_detail` [ RunTime:0.0029s ]
SQL: SELECT * FROM blog_article_detail ad WHERE ad.status = 1 AND `category_id` > 0 ORDER BY update_time desc LIMIT 0,4   [ RunTime:0.0023s ]
SQL: SELECT * FROM blog_article_detail ad WHERE ad.status = 1 AND `category_id` > 0 ORDER BY update_time desc LIMIT 0,6   [ RunTime:0.0009s ]
SQL: SELECT * FROM blog_article_detail ad WHERE ad.status = 1 AND `category_id` > 0 ORDER BY update_time desc  [ RunTime:0.0005s ]
SQL: SHOW COLUMNS FROM `blog_article_category` [ RunTime:0.0029s ]
SQL: SELECT * FROM `blog_article_category` WHERE `id` = 5 LIMIT 1   [ RunTime:0.0002s ]
INFO: [ view_parse ] --START--
INFO: [ template_filter ] --START--
INFO: Run Behavior\ContentReplaceBehavior [ RunTime:0.000146s ]
INFO: [ template_filter ] --END-- [ RunTime:0.000369s ]
INFO: Run Behavior\ParseTemplateBehavior [ RunTime:0.012926s ]
INFO: [ view_parse ] --END-- [ RunTime:0.013027s ]
INFO: [ view_filter ] --START--
INFO: Run Behavior\WriteHtmlCacheBehavior [ RunTime:0.000396s ]
INFO: [ view_filter ] --END-- [ RunTime:0.000474s ]
INFO: [ app_end ] --START--
INFO: Run Behavior\ShowPageTraceBehavior [ RunTime:0.000549s ]
INFO: [ app_end ] --END-- [ RunTime:0.000639s ]

[ 2016-03-25T19:55:47+08:00 ] 127.0.0.1 /NewBlog/index.php?m=Home&c=index&a=index&id=5
INFO: [ app_init ] --START--
INFO: Run Behavior\BuildLiteBehavior [ RunTime:0.000021s ]
INFO: [ app_init ] --END-- [ RunTime:0.000480s ]
INFO: [ app_begin ] --START--
INFO: Run Behavior\ReadHtmlCacheBehavior [ RunTime:0.000551s ]
INFO: [ app_begin ] --END-- [ RunTime:0.000633s ]
SQL: SHOW COLUMNS FROM `blog_article_detail` [ RunTime:0.0042s ]
SQL: SELECT * FROM blog_article_detail ad WHERE ad.status = 1 AND `category_id` > 0 ORDER BY update_time desc LIMIT 0,4   [ RunTime:0.0005s ]
SQL: SELECT * FROM blog_article_detail ad WHERE ad.status = 1 AND `category_id` > 0 ORDER BY update_time desc LIMIT 0,6   [ RunTime:0.0004s ]
SQL: SELECT * FROM blog_article_detail ad WHERE ad.status = 1 AND `category_id` > 0 ORDER BY update_time desc  [ RunTime:0.0025s ]
SQL: SHOW COLUMNS FROM `blog_article_category` [ RunTime:0.0033s ]
SQL: SELECT * FROM `blog_article_category` WHERE `id` = 5 LIMIT 1   [ RunTime:0.0002s ]
INFO: [ view_parse ] --START--
INFO: [ template_filter ] --START--
INFO: Run Behavior\ContentReplaceBehavior [ RunTime:0.000065s ]
INFO: [ template_filter ] --END-- [ RunTime:0.000162s ]
INFO: Run Behavior\ParseTemplateBehavior [ RunTime:0.014123s ]
INFO: [ view_parse ] --END-- [ RunTime:0.014219s ]
INFO: [ view_filter ] --START--
INFO: Run Behavior\WriteHtmlCacheBehavior [ RunTime:0.000385s ]
INFO: [ view_filter ] --END-- [ RunTime:0.000466s ]
INFO: [ app_end ] --START--
INFO: Run Behavior\ShowPageTraceBehavior [ RunTime:0.000509s ]
INFO: [ app_end ] --END-- [ RunTime:0.000611s ]

[ 2016-03-25T19:56:12+08:00 ] 127.0.0.1 /NewBlog/index.php?m=Home&c=index&a=index&id=5
INFO: [ app_init ] --START--
INFO: Run Behavior\BuildLiteBehavior [ RunTime:0.000058s ]
INFO: [ app_init ] --END-- [ RunTime:0.000926s ]
INFO: [ app_begin ] --START--
INFO: Run Behavior\ReadHtmlCacheBehavior [ RunTime:0.001573s ]
INFO: [ app_begin ] --END-- [ RunTime:0.001841s ]
SQL: SHOW COLUMNS FROM `blog_article_detail` [ RunTime:0.0058s ]
SQL: SELECT * FROM blog_article_detail ad WHERE ad.status = 1 AND `category_id` > 0 ORDER BY update_time desc LIMIT 0,4   [ RunTime:0.0007s ]
SQL: SELECT * FROM blog_article_detail ad WHERE ad.status = 1 AND `category_id` > 0 ORDER BY update_time desc LIMIT 0,6   [ RunTime:0.0020s ]
SQL: SELECT * FROM blog_article_detail ad WHERE ad.status = 1 AND `category_id` > 0 ORDER BY update_time desc  [ RunTime:0.0010s ]
SQL: SHOW COLUMNS FROM `blog_article_category` [ RunTime:0.0059s ]
SQL: SELECT * FROM `blog_article_category` WHERE `id` = 5 LIMIT 1   [ RunTime:0.0003s ]
INFO: [ view_parse ] --START--
INFO: [ template_filter ] --START--
INFO: Run Behavior\ContentReplaceBehavior [ RunTime:0.000100s ]
INFO: [ template_filter ] --END-- [ RunTime:0.000243s ]
INFO: Run Behavior\ParseTemplateBehavior [ RunTime:0.020052s ]
INFO: [ view_parse ] --END-- [ RunTime:0.020209s ]
INFO: [ view_filter ] --START--
INFO: Run Behavior\WriteHtmlCacheBehavior [ RunTime:0.000604s ]
INFO: [ view_filter ] --END-- [ RunTime:0.000730s ]
INFO: [ app_end ] --START--
INFO: Run Behavior\ShowPageTraceBehavior [ RunTime:0.000766s ]
INFO: [ app_end ] --END-- [ RunTime:0.000898s ]

[ 2016-03-25T19:56:34+08:00 ] 127.0.0.1 /NewBlog/index.php?m=Home&c=index&a=index&id=5
INFO: [ app_init ] --START--
INFO: Run Behavior\BuildLiteBehavior [ RunTime:0.000041s ]
INFO: [ app_init ] --END-- [ RunTime:0.000819s ]
INFO: [ app_begin ] --START--
INFO: Run Behavior\ReadHtmlCacheBehavior [ RunTime:0.000980s ]
INFO: [ app_begin ] --END-- [ RunTime:0.001131s ]
SQL: SHOW COLUMNS FROM `blog_article_detail` [ RunTime:0.0047s ]
SQL: SELECT * FROM blog_article_detail ad WHERE ad.status = 1 AND `category_id` > 0 ORDER BY update_time desc LIMIT 0,4   [ RunTime:0.0009s ]
SQL: SELECT * FROM blog_article_detail ad WHERE ad.status = 1 AND `category_id` > 0 ORDER BY update_time desc LIMIT 0,6   [ RunTime:0.0006s ]
SQL: SELECT * FROM blog_article_detail ad WHERE ad.status = 1 AND `category_id` > 0 ORDER BY update_time desc  [ RunTime:0.0007s ]
SQL: SHOW COLUMNS FROM `blog_article_category` [ RunTime:0.0043s ]
SQL: SELECT * FROM `blog_article_category` WHERE `id` = 5 LIMIT 1   [ RunTime:0.0005s ]
INFO: [ view_parse ] --START--
INFO: [ template_filter ] --START--
INFO: Run Behavior\ContentReplaceBehavior [ RunTime:0.000095s ]
INFO: [ template_filter ] --END-- [ RunTime:0.000233s ]
INFO: Run Behavior\ParseTemplateBehavior [ RunTime:0.020324s ]
INFO: [ view_parse ] --END-- [ RunTime:0.020508s ]
INFO: [ view_filter ] --START--
INFO: Run Behavior\WriteHtmlCacheBehavior [ RunTime:0.000683s ]
INFO: [ view_filter ] --END-- [ RunTime:0.000817s ]
INFO: [ app_end ] --START--
INFO: Run Behavior\ShowPageTraceBehavior [ RunTime:0.000835s ]
INFO: [ app_end ] --END-- [ RunTime:0.000998s ]

[ 2016-03-25T19:57:23+08:00 ] 127.0.0.1 /NewBlog/index.php?m=Home&c=index&a=index&id=5
INFO: [ app_init ] --START--
INFO: Run Behavior\BuildLiteBehavior [ RunTime:0.000067s ]
INFO: [ app_init ] --END-- [ RunTime:0.000818s ]
INFO: [ app_begin ] --START--
INFO: Run Behavior\ReadHtmlCacheBehavior [ RunTime:0.000795s ]
INFO: [ app_begin ] --END-- [ RunTime:0.000931s ]
SQL: SHOW COLUMNS FROM `blog_article_detail` [ RunTime:0.0028s ]
SQL: SELECT * FROM blog_article_detail ad WHERE ad.status = 1 AND `category_id` > 0 ORDER BY update_time desc LIMIT 0,4   [ RunTime:0.0004s ]
SQL: SELECT * FROM blog_article_detail ad WHERE ad.status = 1 AND `category_id` > 0 ORDER BY update_time desc LIMIT 0,6   [ RunTime:0.0003s ]
SQL: SELECT * FROM blog_article_detail ad WHERE ad.status = 1 AND `category_id` > 0 ORDER BY update_time desc  [ RunTime:0.0004s ]
SQL: SHOW COLUMNS FROM `blog_article_category` [ RunTime:0.0029s ]
SQL: SELECT * FROM `blog_article_category` WHERE `id` = 5 LIMIT 1   [ RunTime:0.0002s ]
INFO: [ view_parse ] --START--
INFO: [ template_filter ] --START--
INFO: Run Behavior\ContentReplaceBehavior [ RunTime:0.000064s ]
INFO: [ template_filter ] --END-- [ RunTime:0.000154s ]
INFO: Run Behavior\ParseTemplateBehavior [ RunTime:0.015782s ]
INFO: [ view_parse ] --END-- [ RunTime:0.015944s ]
INFO: [ view_filter ] --START--
INFO: Run Behavior\WriteHtmlCacheBehavior [ RunTime:0.000501s ]
INFO: [ view_filter ] --END-- [ RunTime:0.000599s ]
INFO: [ app_end ] --START--
INFO: Run Behavior\ShowPageTraceBehavior [ RunTime:0.001892s ]
INFO: [ app_end ] --END-- [ RunTime:0.002088s ]

[ 2016-03-25T19:57:55+08:00 ] 127.0.0.1 /NewBlog/index.php?m=Home&c=index&a=index&id=5
INFO: [ app_init ] --START--
INFO: Run Behavior\BuildLiteBehavior [ RunTime:0.000021s ]
INFO: [ app_init ] --END-- [ RunTime:0.000379s ]
INFO: [ app_begin ] --START--
INFO: Run Behavior\ReadHtmlCacheBehavior [ RunTime:0.000445s ]
INFO: [ app_begin ] --END-- [ RunTime:0.000529s ]
SQL: SHOW COLUMNS FROM `blog_article_detail` [ RunTime:0.0067s ]
SQL: SELECT * FROM blog_article_detail ad WHERE ad.status = 1 AND `category_id` > 0 ORDER BY update_time desc LIMIT 0,4   [ RunTime:0.0005s ]
SQL: SELECT * FROM blog_article_detail ad WHERE ad.status = 1 AND `category_id` > 0 ORDER BY update_time desc LIMIT 0,6   [ RunTime:0.0003s ]
SQL: SELECT * FROM blog_article_detail ad WHERE ad.status = 1 AND `category_id` > 0 ORDER BY update_time desc  [ RunTime:0.0005s ]
SQL: SHOW COLUMNS FROM `blog_article_category` [ RunTime:0.0026s ]
SQL: SELECT * FROM `blog_article_category` WHERE `id` = 5 LIMIT 1   [ RunTime:0.0002s ]
INFO: [ view_parse ] --START--
INFO: [ template_filter ] --START--
INFO: Run Behavior\ContentReplaceBehavior [ RunTime:0.000066s ]
INFO: [ template_filter ] --END-- [ RunTime:0.000159s ]
INFO: Run Behavior\ParseTemplateBehavior [ RunTime:0.014899s ]
INFO: [ view_parse ] --END-- [ RunTime:0.014998s ]
INFO: [ view_filter ] --START--
INFO: Run Behavior\WriteHtmlCacheBehavior [ RunTime:0.000364s ]
INFO: [ view_filter ] --END-- [ RunTime:0.000440s ]
INFO: [ app_end ] --START--
INFO: Run Behavior\ShowPageTraceBehavior [ RunTime:0.000438s ]
INFO: [ app_end ] --END-- [ RunTime:0.000520s ]

[ 2016-03-25T19:58:06+08:00 ] 127.0.0.1 /NewBlog/index.php?m=Home&c=index&a=index&id=5
INFO: [ app_init ] --START--
INFO: Run Behavior\BuildLiteBehavior [ RunTime:0.000021s ]
INFO: [ app_init ] --END-- [ RunTime:0.000417s ]
INFO: [ app_begin ] --START--
INFO: Run Behavior\ReadHtmlCacheBehavior [ RunTime:0.000794s ]
INFO: [ app_begin ] --END-- [ RunTime:0.000934s ]
SQL: SHOW COLUMNS FROM `blog_article_detail` [ RunTime:0.0032s ]
SQL: SELECT * FROM blog_article_detail ad WHERE ad.status = 1 AND `category_id` > 0 ORDER BY update_time desc LIMIT 0,4   [ RunTime:0.0005s ]
SQL: SELECT * FROM blog_article_detail ad WHERE ad.status = 1 AND `category_id` > 0 ORDER BY update_time desc LIMIT 0,6   [ RunTime:0.0004s ]
SQL: SELECT * FROM blog_article_detail ad WHERE ad.status = 1 AND `category_id` > 0 ORDER BY update_time desc  [ RunTime:0.0005s ]
SQL: SHOW COLUMNS FROM `blog_article_category` [ RunTime:0.0048s ]
SQL: SELECT * FROM `blog_article_category` WHERE `id` = 5 LIMIT 1   [ RunTime:0.0002s ]
INFO: [ view_parse ] --START--
INFO: [ template_filter ] --START--
INFO: Run Behavior\ContentReplaceBehavior [ RunTime:0.000065s ]
INFO: [ template_filter ] --END-- [ RunTime:0.000157s ]
INFO: Run Behavior\ParseTemplateBehavior [ RunTime:0.013178s ]
INFO: [ view_parse ] --END-- [ RunTime:0.013442s ]
INFO: [ view_filter ] --START--
INFO: Run Behavior\WriteHtmlCacheBehavior [ RunTime:0.000430s ]
INFO: [ view_filter ] --END-- [ RunTime:0.000513s ]
INFO: [ app_end ] --START--
INFO: Run Behavior\ShowPageTraceBehavior [ RunTime:0.000553s ]
INFO: [ app_end ] --END-- [ RunTime:0.000638s ]

[ 2016-03-25T19:59:44+08:00 ] 127.0.0.1 /NewBlog/index.php?m=Home&c=index&a=index&id=5
INFO: [ app_init ] --START--
INFO: Run Behavior\BuildLiteBehavior [ RunTime:0.000035s ]
INFO: [ app_init ] --END-- [ RunTime:0.000706s ]
INFO: [ app_begin ] --START--
INFO: Run Behavior\ReadHtmlCacheBehavior [ RunTime:0.001372s ]
INFO: [ app_begin ] --END-- [ RunTime:0.002018s ]
SQL: SHOW COLUMNS FROM `blog_article_detail` [ RunTime:0.0066s ]
SQL: SELECT * FROM blog_article_detail ad WHERE ad.status = 1 AND `category_id` > 0 ORDER BY update_time desc LIMIT 0,4   [ RunTime:0.0007s ]
SQL: SELECT * FROM blog_article_detail ad WHERE ad.status = 1 AND `category_id` > 0 ORDER BY update_time desc LIMIT 0,6   [ RunTime:0.0006s ]
SQL: SELECT * FROM blog_article_detail ad WHERE ad.status = 1 AND `category_id` > 0 ORDER BY update_time desc  [ RunTime:0.0006s ]
SQL: SHOW COLUMNS FROM `blog_article_category` [ RunTime:0.0046s ]
SQL: SELECT * FROM `blog_article_category` WHERE `id` = 5 LIMIT 1   [ RunTime:0.0005s ]
INFO: [ view_parse ] --START--
INFO: [ template_filter ] --START--
INFO: Run Behavior\ContentReplaceBehavior [ RunTime:0.000101s ]
INFO: [ template_filter ] --END-- [ RunTime:0.000247s ]
INFO: Run Behavior\ParseTemplateBehavior [ RunTime:0.019063s ]
INFO: [ view_parse ] --END-- [ RunTime:0.019224s ]
INFO: [ view_filter ] --START--
INFO: Run Behavior\WriteHtmlCacheBehavior [ RunTime:0.000436s ]
INFO: [ view_filter ] --END-- [ RunTime:0.000541s ]
INFO: [ app_end ] --START--
INFO: Run Behavior\ShowPageTraceBehavior [ RunTime:0.000772s ]
INFO: [ app_end ] --END-- [ RunTime:0.000858s ]

[ 2016-03-25T20:01:49+08:00 ] 127.0.0.1 /NewBlog/index.php?m=Home&c=index&a=index&id=5
INFO: [ app_init ] --START--
INFO: Run Behavior\BuildLiteBehavior [ RunTime:0.000021s ]
INFO: [ app_init ] --END-- [ RunTime:0.000446s ]
INFO: [ app_begin ] --START--
INFO: Run Behavior\ReadHtmlCacheBehavior [ RunTime:0.002130s ]
INFO: [ app_begin ] --END-- [ RunTime:0.002423s ]
SQL: SHOW COLUMNS FROM `blog_article_detail` [ RunTime:0.0030s ]
SQL: SELECT * FROM blog_article_detail ad WHERE ad.status = 1 AND `category_id` > 0 ORDER BY update_time desc LIMIT 0,4   [ RunTime:0.0005s ]
SQL: SELECT * FROM blog_article_detail ad WHERE ad.status = 1 AND `category_id` > 0 ORDER BY update_time desc LIMIT 0,6   [ RunTime:0.0004s ]
SQL: SELECT * FROM blog_article_detail ad WHERE ad.status = 1 AND `category_id` > 0 ORDER BY update_time desc  [ RunTime:0.0004s ]
SQL: SHOW COLUMNS FROM `blog_article_category` [ RunTime:0.0038s ]
SQL: SELECT * FROM `blog_article_category` WHERE `id` = 5 LIMIT 1   [ RunTime:0.0002s ]
INFO: [ view_parse ] --START--
INFO: [ template_filter ] --START--
INFO: Run Behavior\ContentReplaceBehavior [ RunTime:0.000063s ]
INFO: [ template_filter ] --END-- [ RunTime:0.000155s ]
INFO: Run Behavior\ParseTemplateBehavior [ RunTime:0.011484s ]
INFO: [ view_parse ] --END-- [ RunTime:0.011585s ]
INFO: [ view_filter ] --START--
INFO: Run Behavior\WriteHtmlCacheBehavior [ RunTime:0.000432s ]
INFO: [ view_filter ] --END-- [ RunTime:0.000511s ]
INFO: [ app_end ] --START--
INFO: Run Behavior\ShowPageTraceBehavior [ RunTime:0.000804s ]
INFO: [ app_end ] --END-- [ RunTime:0.000924s ]

[ 2016-03-25T20:01:58+08:00 ] 127.0.0.1 /NewBlog/index.php?m=Home&c=index&a=index&id=5
INFO: [ app_init ] --START--
INFO: Run Behavior\BuildLiteBehavior [ RunTime:0.000020s ]
INFO: [ app_init ] --END-- [ RunTime:0.000406s ]
INFO: [ app_begin ] --START--
INFO: Run Behavior\ReadHtmlCacheBehavior [ RunTime:0.000508s ]
INFO: [ app_begin ] --END-- [ RunTime:0.000594s ]
SQL: SHOW COLUMNS FROM `blog_article_detail` [ RunTime:0.0027s ]
SQL: SELECT * FROM blog_article_detail ad WHERE ad.status = 1 AND `category_id` > 0 ORDER BY update_time desc LIMIT 0,4   [ RunTime:0.0004s ]
SQL: SELECT * FROM blog_article_detail ad WHERE ad.status = 1 AND `category_id` > 0 ORDER BY update_time desc LIMIT 0,6   [ RunTime:0.0003s ]
SQL: SELECT * FROM blog_article_detail ad WHERE ad.status = 1 AND `category_id` > 0 ORDER BY update_time desc  [ RunTime:0.0003s ]
SQL: SHOW COLUMNS FROM `blog_article_category` [ RunTime:0.0064s ]
SQL: SELECT * FROM `blog_article_category` WHERE `id` = 5 LIMIT 1   [ RunTime:0.0003s ]
INFO: [ view_parse ] --START--
INFO: [ template_filter ] --START--
INFO: Run Behavior\ContentReplaceBehavior [ RunTime:0.000067s ]
INFO: [ template_filter ] --END-- [ RunTime:0.000166s ]
INFO: Run Behavior\ParseTemplateBehavior [ RunTime:0.012809s ]
INFO: [ view_parse ] --END-- [ RunTime:0.012933s ]
INFO: [ view_filter ] --START--
INFO: Run Behavior\WriteHtmlCacheBehavior [ RunTime:0.000478s ]
INFO: [ view_filter ] --END-- [ RunTime:0.000560s ]
INFO: [ app_end ] --START--
INFO: Run Behavior\ShowPageTraceBehavior [ RunTime:0.000535s ]
INFO: [ app_end ] --END-- [ RunTime:0.000614s ]

[ 2016-03-25T20:02:41+08:00 ] 127.0.0.1 /NewBlog/index.php?m=Home&c=index&a=index&id=5
INFO: [ app_init ] --START--
INFO: Run Behavior\BuildLiteBehavior [ RunTime:0.000039s ]
INFO: [ app_init ] --END-- [ RunTime:0.004863s ]
INFO: [ app_begin ] --START--
INFO: Run Behavior\ReadHtmlCacheBehavior [ RunTime:0.000929s ]
INFO: [ app_begin ] --END-- [ RunTime:0.001126s ]
SQL: SHOW COLUMNS FROM `blog_article_detail` [ RunTime:0.0042s ]
SQL: SELECT * FROM blog_article_detail ad WHERE ad.status = 1 AND `category_id` > 0 ORDER BY update_time desc LIMIT 0,4   [ RunTime:0.0011s ]
SQL: SELECT * FROM blog_article_detail ad WHERE ad.status = 1 AND `category_id` > 0 ORDER BY update_time desc LIMIT 0,6   [ RunTime:0.0006s ]
SQL: SELECT * FROM blog_article_detail ad WHERE ad.status = 1 AND `category_id` > 0 ORDER BY update_time desc  [ RunTime:0.0006s ]
SQL: SHOW COLUMNS FROM `blog_article_category` [ RunTime:0.0067s ]
SQL: SELECT * FROM `blog_article_category` WHERE `id` = 5 LIMIT 1   [ RunTime:0.0006s ]
INFO: [ view_parse ] --START--
INFO: [ template_filter ] --START--
INFO: Run Behavior\ContentReplaceBehavior [ RunTime:0.000104s ]
INFO: [ template_filter ] --END-- [ RunTime:0.000252s ]
INFO: Run Behavior\ParseTemplateBehavior [ RunTime:0.021302s ]
INFO: [ view_parse ] --END-- [ RunTime:0.021808s ]
INFO: [ view_filter ] --START--
INFO: Run Behavior\WriteHtmlCacheBehavior [ RunTime:0.000524s ]
INFO: [ view_filter ] --END-- [ RunTime:0.000786s ]
INFO: [ app_end ] --START--
INFO: Run Behavior\ShowPageTraceBehavior [ RunTime:0.000859s ]
INFO: [ app_end ] --END-- [ RunTime:0.001012s ]

[ 2016-03-25T20:02:50+08:00 ] 127.0.0.1 /NewBlog/index.php?m=Home&c=index&a=index&id=5
INFO: [ app_init ] --START--
INFO: Run Behavior\BuildLiteBehavior [ RunTime:0.000020s ]
INFO: [ app_init ] --END-- [ RunTime:0.000412s ]
INFO: [ app_begin ] --START--
INFO: Run Behavior\ReadHtmlCacheBehavior [ RunTime:0.000528s ]
INFO: [ app_begin ] --END-- [ RunTime:0.000617s ]
SQL: SHOW COLUMNS FROM `blog_article_detail` [ RunTime:0.0048s ]
SQL: SELECT * FROM blog_article_detail ad WHERE ad.status = 1 AND `category_id` > 0 ORDER BY update_time desc LIMIT 0,4   [ RunTime:0.0007s ]
SQL: SELECT * FROM blog_article_detail ad WHERE ad.status = 1 AND `category_id` > 0 ORDER BY update_time desc LIMIT 0,6   [ RunTime:0.0005s ]
SQL: SELECT * FROM blog_article_detail ad WHERE ad.status = 1 AND `category_id` > 0 ORDER BY update_time desc  [ RunTime:0.0005s ]
SQL: SHOW COLUMNS FROM `blog_article_category` [ RunTime:0.0026s ]
SQL: SELECT * FROM `blog_article_category` WHERE `id` = 5 LIMIT 1   [ RunTime:0.0002s ]
INFO: [ view_parse ] --START--
INFO: [ template_filter ] --START--
INFO: Run Behavior\ContentReplaceBehavior [ RunTime:0.000158s ]
INFO: [ template_filter ] --END-- [ RunTime:0.000438s ]
INFO: Run Behavior\ParseTemplateBehavior [ RunTime:0.013304s ]
INFO: [ view_parse ] --END-- [ RunTime:0.013410s ]
INFO: [ view_filter ] --START--
INFO: Run Behavior\WriteHtmlCacheBehavior [ RunTime:0.000444s ]
INFO: [ view_filter ] --END-- [ RunTime:0.000521s ]
INFO: [ app_end ] --START--
INFO: Run Behavior\ShowPageTraceBehavior [ RunTime:0.000510s ]
INFO: [ app_end ] --END-- [ RunTime:0.000587s ]

[ 2016-03-25T20:12:38+08:00 ] 127.0.0.1 /NewBlog/index.php?m=Home&c=index&a=index&id=5
INFO: [ app_init ] --START--
INFO: Run Behavior\BuildLiteBehavior [ RunTime:0.000035s ]
INFO: [ app_init ] --END-- [ RunTime:0.000739s ]
INFO: [ app_begin ] --START--
INFO: Run Behavior\ReadHtmlCacheBehavior [ RunTime:0.001034s ]
INFO: [ app_begin ] --END-- [ RunTime:0.001231s ]
SQL: SHOW COLUMNS FROM `blog_article_detail` [ RunTime:0.0051s ]
SQL: SELECT * FROM blog_article_detail ad WHERE ad.status = 1 AND `category_id` > 0 ORDER BY update_time desc LIMIT 0,4   [ RunTime:0.0008s ]
SQL: SELECT * FROM blog_article_detail ad WHERE ad.status = 1 AND `category_id` > 0 ORDER BY update_time desc LIMIT 0,6   [ RunTime:0.0008s ]
SQL: SELECT * FROM blog_article_detail ad WHERE ad.status = 1 AND `category_id` > 0 ORDER BY update_time desc  [ RunTime:0.0009s ]
SQL: SHOW COLUMNS FROM `blog_article_category` [ RunTime:0.0054s ]
SQL: SELECT * FROM `blog_article_category` WHERE `id` = 5 LIMIT 1   [ RunTime:0.0003s ]
INFO: [ view_parse ] --START--
INFO: [ template_filter ] --START--
INFO: Run Behavior\ContentReplaceBehavior [ RunTime:0.000114s ]
INFO: [ template_filter ] --END-- [ RunTime:0.000301s ]
INFO: Run Behavior\ParseTemplateBehavior [ RunTime:0.032573s ]
INFO: [ view_parse ] --END-- [ RunTime:0.032760s ]
INFO: [ view_filter ] --START--
INFO: Run Behavior\WriteHtmlCacheBehavior [ RunTime:0.007165s ]
INFO: [ view_filter ] --END-- [ RunTime:0.007347s ]
INFO: [ app_end ] --START--
INFO: Run Behavior\ShowPageTraceBehavior [ RunTime:0.000874s ]
INFO: [ app_end ] --END-- [ RunTime:0.001075s ]

[ 2016-03-25T20:12:59+08:00 ] 127.0.0.1 /NewBlog/index.php?m=Home&c=index&a=index&id=5
INFO: [ app_init ] --START--
INFO: Run Behavior\BuildLiteBehavior [ RunTime:0.000021s ]
INFO: [ app_init ] --END-- [ RunTime:0.000547s ]
INFO: [ app_begin ] --START--
INFO: Run Behavior\ReadHtmlCacheBehavior [ RunTime:0.000625s ]
INFO: [ app_begin ] --END-- [ RunTime:0.000705s ]
SQL: SHOW COLUMNS FROM `blog_article_detail` [ RunTime:0.0028s ]
SQL: SELECT * FROM blog_article_detail ad WHERE ad.status = 1 AND `category_id` > 0 ORDER BY update_time desc LIMIT 0,4   [ RunTime:0.0004s ]
SQL: SELECT * FROM blog_article_detail ad WHERE ad.status = 1 AND `category_id` > 0 ORDER BY update_time desc LIMIT 0,6   [ RunTime:0.0003s ]
SQL: SELECT * FROM blog_article_detail ad WHERE ad.status = 1 AND `category_id` > 0 ORDER BY update_time desc  [ RunTime:0.0003s ]
SQL: SHOW COLUMNS FROM `blog_article_category` [ RunTime:0.0029s ]
SQL: SELECT * FROM `blog_article_category` WHERE `id` = 5 LIMIT 1   [ RunTime:0.0002s ]
INFO: [ view_parse ] --START--
INFO: [ template_filter ] --START--
INFO: Run Behavior\ContentReplaceBehavior [ RunTime:0.000100s ]
INFO: [ template_filter ] --END-- [ RunTime:0.000305s ]
INFO: Run Behavior\ParseTemplateBehavior [ RunTime:0.015116s ]
INFO: [ view_parse ] --END-- [ RunTime:0.015217s ]
INFO: [ view_filter ] --START--
INFO: Run Behavior\WriteHtmlCacheBehavior [ RunTime:0.000450s ]
INFO: [ view_filter ] --END-- [ RunTime:0.000527s ]
INFO: [ app_end ] --START--
INFO: Run Behavior\ShowPageTraceBehavior [ RunTime:0.000504s ]
INFO: [ app_end ] --END-- [ RunTime:0.000582s ]

[ 2016-03-25T20:13:08+08:00 ] 127.0.0.1 /NewBlog/index.php?m=Home&c=index&a=category&id=1
INFO: [ app_init ] --START--
INFO: Run Behavior\BuildLiteBehavior [ RunTime:0.000021s ]
INFO: [ app_init ] --END-- [ RunTime:0.000522s ]
INFO: [ app_begin ] --START--
INFO: Run Behavior\ReadHtmlCacheBehavior [ RunTime:0.000583s ]
INFO: [ app_begin ] --END-- [ RunTime:0.000666s ]
SQL: SHOW COLUMNS FROM `blog_article_detail` [ RunTime:0.0031s ]
NOTIC: [8] Undefined variable: p D:\wamp\www\NewBlog\Class\Home\Controller\IndexController.class.php ç¬¬ 22 è¡Œ.
SQL: SELECT * FROM blog_article_detail ad WHERE ad.status = 1 AND `category_id` = '1' ORDER BY update_time desc LIMIT 0,5   [ RunTime:0.0004s ]
SQL: SELECT * FROM blog_article_detail ad WHERE ad.status = 1 AND `category_id` = '1' ORDER BY update_time desc  [ RunTime:0.0005s ]
SQL: SHOW COLUMNS FROM `blog_article_category` [ RunTime:0.0044s ]
SQL: SELECT * FROM `blog_article_category` WHERE `id` = 1 LIMIT 1   [ RunTime:0.0002s ]
INFO: [ view_parse ] --START--
INFO: [ template_filter ] --START--
INFO: Run Behavior\ContentReplaceBehavior [ RunTime:0.000057s ]
INFO: [ template_filter ] --END-- [ RunTime:0.000142s ]
INFO: Run Behavior\ParseTemplateBehavior [ RunTime:0.008880s ]
INFO: [ view_parse ] --END-- [ RunTime:0.009022s ]
INFO: [ view_filter ] --START--
INFO: Run Behavior\WriteHtmlCacheBehavior [ RunTime:0.000606s ]
INFO: [ view_filter ] --END-- [ RunTime:0.000734s ]
INFO: [ app_end ] --START--
INFO: Run Behavior\ShowPageTraceBehavior [ RunTime:0.000641s ]
INFO: [ app_end ] --END-- [ RunTime:0.000734s ]

[ 2016-03-25T20:13:13+08:00 ] 127.0.0.1 /NewBlog/index.php?m=Home&c=index&a=category&id=2
INFO: [ app_init ] --START--
INFO: Run Behavior\BuildLiteBehavior [ RunTime:0.000020s ]
INFO: [ app_init ] --END-- [ RunTime:0.000467s ]
INFO: [ app_begin ] --START--
INFO: Run Behavior\ReadHtmlCacheBehavior [ RunTime:0.000548s ]
INFO: [ app_begin ] --END-- [ RunTime:0.000629s ]
SQL: SHOW COLUMNS FROM `blog_article_detail` [ RunTime:0.0035s ]
NOTIC: [8] Undefined variable: p D:\wamp\www\NewBlog\Class\Home\Controller\IndexController.class.php ç¬¬ 22 è¡Œ.
SQL: SELECT * FROM blog_article_detail ad WHERE ad.status = 1 AND `category_id` = '2' ORDER BY update_time desc LIMIT 0,5   [ RunTime:0.0005s ]
SQL: SELECT * FROM blog_article_detail ad WHERE ad.status = 1 AND `category_id` = '2' ORDER BY update_time desc  [ RunTime:0.0003s ]
SQL: SHOW COLUMNS FROM `blog_article_category` [ RunTime:0.0030s ]
SQL: SELECT * FROM `blog_article_category` WHERE `id` = 2 LIMIT 1   [ RunTime:0.0003s ]
INFO: [ view_parse ] --START--
INFO: [ template_filter ] --START--
INFO: Run Behavior\ContentReplaceBehavior [ RunTime:0.000067s ]
INFO: [ template_filter ] --END-- [ RunTime:0.000168s ]
INFO: Run Behavior\ParseTemplateBehavior [ RunTime:0.009707s ]
INFO: [ view_parse ] --END-- [ RunTime:0.009830s ]
INFO: [ view_filter ] --START--
INFO: Run Behavior\WriteHtmlCacheBehavior [ RunTime:0.000362s ]
INFO: [ view_filter ] --END-- [ RunTime:0.000461s ]
INFO: [ app_end ] --START--
INFO: Run Behavior\ShowPageTraceBehavior [ RunTime:0.000487s ]
INFO: [ app_end ] --END-- [ RunTime:0.000573s ]

[ 2016-03-25T20:13:15+08:00 ] 127.0.0.1 /NewBlog/index.php?m=Home&c=index&a=category&id=3
INFO: [ app_init ] --START--
INFO: Run Behavior\BuildLiteBehavior [ RunTime:0.000020s ]
INFO: [ app_init ] --END-- [ RunTime:0.000461s ]
INFO: [ app_begin ] --START--
INFO: Run Behavior\ReadHtmlCacheBehavior [ RunTime:0.000539s ]
INFO: [ app_begin ] --END-- [ RunTime:0.000619s ]
SQL: SHOW COLUMNS FROM `blog_article_detail` [ RunTime:0.0039s ]
NOTIC: [8] Undefined variable: p D:\wamp\www\NewBlog\Class\Home\Controller\IndexController.class.php ç¬¬ 22 è¡Œ.
SQL: SELECT * FROM blog_article_detail ad WHERE ad.status = 1 AND `category_id` = '3' ORDER BY update_time desc LIMIT 0,5   [ RunTime:0.0005s ]
SQL: SELECT * FROM blog_article_detail ad WHERE ad.status = 1 AND `category_id` = '3' ORDER BY update_time desc  [ RunTime:0.0004s ]
SQL: SHOW COLUMNS FROM `blog_article_category` [ RunTime:0.0045s ]
SQL: SELECT * FROM `blog_article_category` WHERE `id` = 3 LIMIT 1   [ RunTime:0.0003s ]
INFO: [ view_parse ] --START--
INFO: [ template_filter ] --START--
INFO: Run Behavior\ContentReplaceBehavior [ RunTime:0.000060s ]
INFO: [ template_filter ] --END-- [ RunTime:0.000166s ]
INFO: Run Behavior\ParseTemplateBehavior [ RunTime:0.008234s ]
INFO: [ view_parse ] --END-- [ RunTime:0.008333s ]
INFO: [ view_filter ] --START--
INFO: Run Behavior\WriteHtmlCacheBehavior [ RunTime:0.000324s ]
INFO: [ view_filter ] --END-- [ RunTime:0.000425s ]
INFO: [ app_end ] --START--
INFO: Run Behavior\ShowPageTraceBehavior [ RunTime:0.000516s ]
INFO: [ app_end ] --END-- [ RunTime:0.000625s ]

[ 2016-03-25T20:29:23+08:00 ] 127.0.0.1 /NewBlog/
INFO: [ app_init ] --START--
INFO: Run Behavior\BuildLiteBehavior [ RunTime:0.000030s ]
INFO: [ app_init ] --END-- [ RunTime:0.000566s ]
INFO: [ app_begin ] --START--
INFO: Run Behavior\ReadHtmlCacheBehavior [ RunTime:0.000637s ]
INFO: [ app_begin ] --END-- [ RunTime:0.000743s ]
SQL: SHOW COLUMNS FROM `blog_article_detail` [ RunTime:0.0065s ]
SQL: SELECT * FROM blog_article_detail ad WHERE ad.status = 1 AND `category_id` > 0 ORDER BY update_time desc LIMIT 0,4   [ RunTime:0.0006s ]
SQL: SELECT * FROM blog_article_detail ad WHERE ad.status = 1 AND `category_id` > 0 ORDER BY update_time desc LIMIT 0,6   [ RunTime:0.0004s ]
SQL: SELECT * FROM blog_article_detail ad WHERE ad.status = 1 AND `category_id` > 0 ORDER BY update_time desc  [ RunTime:0.0005s ]
SQL: SHOW COLUMNS FROM `blog_article_category` [ RunTime:0.0030s ]
SQL: SELECT * FROM `blog_article_category` WHERE `id` = 5 LIMIT 1   [ RunTime:0.0003s ]
INFO: [ view_parse ] --START--
INFO: [ template_filter ] --START--
INFO: Run Behavior\ContentReplaceBehavior [ RunTime:0.000066s ]
INFO: [ template_filter ] --END-- [ RunTime:0.000157s ]
INFO: Run Behavior\ParseTemplateBehavior [ RunTime:0.011902s ]
INFO: [ view_parse ] --END-- [ RunTime:0.011999s ]
INFO: [ view_filter ] --START--
INFO: Run Behavior\WriteHtmlCacheBehavior [ RunTime:0.000441s ]
INFO: [ view_filter ] --END-- [ RunTime:0.000545s ]
INFO: [ app_end ] --START--
INFO: Run Behavior\ShowPageTraceBehavior [ RunTime:0.000623s ]
INFO: [ app_end ] --END-- [ RunTime:0.000704s ]

[ 2016-03-25T20:29:35+08:00 ] 127.0.0.1 /NewBlog/index.php?m=Home&c=index&a=detail&id=34
INFO: [ app_init ] --START--
INFO: Run Behavior\BuildLiteBehavior [ RunTime:0.000020s ]
INFO: [ app_init ] --END-- [ RunTime:0.000494s ]
INFO: [ app_begin ] --START--
INFO: Run Behavior\ReadHtmlCacheBehavior [ RunTime:0.000508s ]
INFO: [ app_begin ] --END-- [ RunTime:0.000619s ]
SQL: SHOW COLUMNS FROM `blog_article_detail` [ RunTime:0.0033s ]
SQL: SELECT * FROM `blog_article_detail` WHERE `id` = 34 LIMIT 1   [ RunTime:0.0003s ]
SQL: SELECT COUNT(*) AS tp_count FROM `blog_article_detail` WHERE `category_id` = '3' LIMIT 1   [ RunTime:0.0003s ]
SQL: SELECT COUNT(*) AS tp_count FROM `blog_article_detail` WHERE `category_id` = '3' AND `id` < '34' LIMIT 1   [ RunTime:0.0378s ]
SQL: SELECT * FROM `blog_article_detail` WHERE `category_id` = '3' ORDER BY id asc LIMIT 0,2   [ RunTime:0.0003s ]
NOTIC: [8] Undefined offset: 2 D:\wamp\www\NewBlog\Class\Home\Model\ArticleDetailModel.class.php ç¬¬ 33 è¡Œ.
INFO: [ view_parse ] --START--
INFO: [ template_filter ] --START--
INFO: Run Behavior\ContentReplaceBehavior [ RunTime:0.000069s ]
INFO: [ template_filter ] --END-- [ RunTime:0.000170s ]
INFO: Run Behavior\ParseTemplateBehavior [ RunTime:0.009261s ]
INFO: [ view_parse ] --END-- [ RunTime:0.009500s ]
INFO: [ view_filter ] --START--
INFO: Run Behavior\WriteHtmlCacheBehavior [ RunTime:0.000324s ]
INFO: [ view_filter ] --END-- [ RunTime:0.000401s ]
INFO: [ app_end ] --START--
INFO: Run Behavior\ShowPageTraceBehavior [ RunTime:0.000505s ]
INFO: [ app_end ] --END-- [ RunTime:0.000590s ]

[ 2016-03-25T20:29:48+08:00 ] 127.0.0.1 /NewBlog/index.php?m=Home&c=index&a=detail&id=39
INFO: [ app_init ] --START--
INFO: Run Behavior\BuildLiteBehavior [ RunTime:0.000021s ]
INFO: [ app_init ] --END-- [ RunTime:0.000470s ]
INFO: [ app_begin ] --START--
INFO: Run Behavior\ReadHtmlCacheBehavior [ RunTime:0.000521s ]
INFO: [ app_begin ] --END-- [ RunTime:0.000605s ]
SQL: SHOW COLUMNS FROM `blog_article_detail` [ RunTime:0.0031s ]
SQL: SELECT * FROM `blog_article_detail` WHERE `id` = 39 LIMIT 1   [ RunTime:0.0003s ]
SQL: SELECT COUNT(*) AS tp_count FROM `blog_article_detail` WHERE `category_id` = '1,5' LIMIT 1   [ RunTime:0.0002s ]
SQL: SELECT COUNT(*) AS tp_count FROM `blog_article_detail` WHERE `category_id` = '1,5' AND `id` < '39' LIMIT 1   [ RunTime:0.0002s ]
SQL: SELECT * FROM `blog_article_detail` WHERE `category_id` = '1,5' ORDER BY id asc LIMIT 0,2   [ RunTime:0.0002s ]
NOTIC: [8] Undefined offset: 1 D:\wamp\www\NewBlog\Class\Home\Model\ArticleDetailModel.class.php ç¬¬ 33 è¡Œ.
NOTIC: [8] Undefined offset: 2 D:\wamp\www\NewBlog\Class\Home\Model\ArticleDetailModel.class.php ç¬¬ 33 è¡Œ.
NOTIC: [8] Undefined offset: 1 D:\wamp\www\NewBlog\Class\Home\Model\ArticleDetailModel.class.php ç¬¬ 38 è¡Œ.
INFO: [ view_parse ] --START--
INFO: [ template_filter ] --START--
INFO: Run Behavior\ContentReplaceBehavior [ RunTime:0.000058s ]
INFO: [ template_filter ] --END-- [ RunTime:0.000156s ]
INFO: Run Behavior\ParseTemplateBehavior [ RunTime:0.007311s ]
INFO: [ view_parse ] --END-- [ RunTime:0.007451s ]
INFO: [ view_filter ] --START--
INFO: Run Behavior\WriteHtmlCacheBehavior [ RunTime:0.000568s ]
INFO: [ view_filter ] --END-- [ RunTime:0.000728s ]
INFO: [ app_end ] --START--
INFO: Run Behavior\ShowPageTraceBehavior [ RunTime:0.000675s ]
INFO: [ app_end ] --END-- [ RunTime:0.000793s ]

[ 2016-03-25T20:29:55+08:00 ] 127.0.0.1 /NewBlog/index.php?m=Home&c=index&a=detail&id=36
INFO: [ app_init ] --START--
INFO: Run Behavior\BuildLiteBehavior [ RunTime:0.000037s ]
INFO: [ app_init ] --END-- [ RunTime:0.000549s ]
INFO: [ app_begin ] --START--
INFO: Run Behavior\ReadHtmlCacheBehavior [ RunTime:0.000580s ]
INFO: [ app_begin ] --END-- [ RunTime:0.000665s ]
SQL: SHOW COLUMNS FROM `blog_article_detail` [ RunTime:0.0031s ]
SQL: SELECT * FROM `blog_article_detail` WHERE `id` = 36 LIMIT 1   [ RunTime:0.0003s ]
SQL: SELECT COUNT(*) AS tp_count FROM `blog_article_detail` WHERE `category_id` = '3' LIMIT 1   [ RunTime:0.0002s ]
SQL: SELECT COUNT(*) AS tp_count FROM `blog_article_detail` WHERE `category_id` = '3' AND `id` < '36' LIMIT 1   [ RunTime:0.0002s ]
SQL: SELECT * FROM `blog_article_detail` WHERE `category_id` = '3' ORDER BY id asc LIMIT 1,3   [ RunTime:0.0003s ]
NOTIC: [8] Undefined offset: 2 D:\wamp\www\NewBlog\Class\Home\Model\ArticleDetailModel.class.php ç¬¬ 33 è¡Œ.
INFO: [ view_parse ] --START--
INFO: [ template_filter ] --START--
INFO: Run Behavior\ContentReplaceBehavior [ RunTime:0.000086s ]
INFO: [ template_filter ] --END-- [ RunTime:0.000219s ]
INFO: Run Behavior\ParseTemplateBehavior [ RunTime:0.008850s ]
INFO: [ view_parse ] --END-- [ RunTime:0.008980s ]
INFO: [ view_filter ] --START--
INFO: Run Behavior\WriteHtmlCacheBehavior [ RunTime:0.000522s ]
INFO: [ view_filter ] --END-- [ RunTime:0.000624s ]
INFO: [ app_end ] --START--
INFO: Run Behavior\ShowPageTraceBehavior [ RunTime:0.000659s ]
INFO: [ app_end ] --END-- [ RunTime:0.000766s ]

[ 2016-03-25T20:30:00+08:00 ] 127.0.0.1 /NewBlog/index.php?m=Home&c=Index&a=detail&id=35
INFO: [ app_init ] --START--
INFO: Run Behavior\BuildLiteBehavior [ RunTime:0.000020s ]
INFO: [ app_init ] --END-- [ RunTime:0.000476s ]
INFO: [ app_begin ] --START--
INFO: Run Behavior\ReadHtmlCacheBehavior [ RunTime:0.000592s ]
INFO: [ app_begin ] --END-- [ RunTime:0.000802s ]
SQL: SHOW COLUMNS FROM `blog_article_detail` [ RunTime:0.0031s ]
SQL: SELECT * FROM `blog_article_detail` WHERE `id` = 35 LIMIT 1   [ RunTime:0.0003s ]
SQL: SELECT COUNT(*) AS tp_count FROM `blog_article_detail` WHERE `category_id` = '3' LIMIT 1   [ RunTime:0.0004s ]
SQL: SELECT COUNT(*) AS tp_count FROM `blog_article_detail` WHERE `category_id` = '3' AND `id` < '35' LIMIT 1   [ RunTime:0.0003s ]
SQL: SELECT * FROM `blog_article_detail` WHERE `category_id` = '3' ORDER BY id asc LIMIT 0,3   [ RunTime:0.0005s ]
INFO: [ view_parse ] --START--
INFO: [ template_filter ] --START--
INFO: Run Behavior\ContentReplaceBehavior [ RunTime:0.000054s ]
INFO: [ template_filter ] --END-- [ RunTime:0.000138s ]
INFO: Run Behavior\ParseTemplateBehavior [ RunTime:0.007046s ]
INFO: [ view_parse ] --END-- [ RunTime:0.007171s ]
INFO: [ view_filter ] --START--
INFO: Run Behavior\WriteHtmlCacheBehavior [ RunTime:0.000730s ]
INFO: [ view_filter ] --END-- [ RunTime:0.000828s ]
INFO: [ app_end ] --START--
INFO: Run Behavior\ShowPageTraceBehavior [ RunTime:0.000600s ]
INFO: [ app_end ] --END-- [ RunTime:0.000691s ]

[ 2016-03-25T20:30:01+08:00 ] 127.0.0.1 /NewBlog/index.php?m=Home&c=Index&a=detail&id=34
INFO: [ app_init ] --START--
INFO: Run Behavior\BuildLiteBehavior [ RunTime:0.000020s ]
INFO: [ app_init ] --END-- [ RunTime:0.000442s ]
INFO: [ app_begin ] --START--
INFO: Run Behavior\ReadHtmlCacheBehavior [ RunTime:0.000540s ]
INFO: [ app_begin ] --END-- [ RunTime:0.000635s ]
SQL: SHOW COLUMNS FROM `blog_article_detail` [ RunTime:0.0034s ]
SQL: SELECT * FROM `blog_article_detail` WHERE `id` = 34 LIMIT 1   [ RunTime:0.0003s ]
SQL: SELECT COUNT(*) AS tp_count FROM `blog_article_detail` WHERE `category_id` = '3' LIMIT 1   [ RunTime:0.0002s ]
SQL: SELECT COUNT(*) AS tp_count FROM `blog_article_detail` WHERE `category_id` = '3' AND `id` < '34' LIMIT 1   [ RunTime:0.0003s ]
SQL: SELECT * FROM `blog_article_detail` WHERE `category_id` = '3' ORDER BY id asc LIMIT 0,2   [ RunTime:0.0004s ]
NOTIC: [8] Undefined offset: 2 D:\wamp\www\NewBlog\Class\Home\Model\ArticleDetailModel.class.php ç¬¬ 33 è¡Œ.
INFO: [ view_parse ] --START--
INFO: [ template_filter ] --START--
INFO: Run Behavior\ContentReplaceBehavior [ RunTime:0.000054s ]
INFO: [ template_filter ] --END-- [ RunTime:0.000140s ]
INFO: Run Behavior\ParseTemplateBehavior [ RunTime:0.008371s ]
INFO: [ view_parse ] --END-- [ RunTime:0.008774s ]
INFO: [ view_filter ] --START--
INFO: Run Behavior\WriteHtmlCacheBehavior [ RunTime:0.001464s ]
INFO: [ view_filter ] --END-- [ RunTime:0.001663s ]
INFO: [ app_end ] --START--
INFO: Run Behavior\ShowPageTraceBehavior [ RunTime:0.000582s ]
INFO: [ app_end ] --END-- [ RunTime:0.000712s ]

[ 2016-03-25T20:30:06+08:00 ] 127.0.0.1 /NewBlog/index.php?m=Home&c=Index&a=detail&id=35
INFO: [ app_init ] --START--
INFO: Run Behavior\BuildLiteBehavior [ RunTime:0.000020s ]
INFO: [ app_init ] --END-- [ RunTime:0.000443s ]
INFO: [ app_begin ] --START--
INFO: Run Behavior\ReadHtmlCacheBehavior [ RunTime:0.000519s ]
INFO: [ app_begin ] --END-- [ RunTime:0.000604s ]
SQL: SHOW COLUMNS FROM `blog_article_detail` [ RunTime:0.0029s ]
SQL: SELECT * FROM `blog_article_detail` WHERE `id` = 35 LIMIT 1   [ RunTime:0.0003s ]
SQL: SELECT COUNT(*) AS tp_count FROM `blog_article_detail` WHERE `category_id` = '3' LIMIT 1   [ RunTime:0.0002s ]
SQL: SELECT COUNT(*) AS tp_count FROM `blog_article_detail` WHERE `category_id` = '3' AND `id` < '35' LIMIT 1   [ RunTime:0.0003s ]
SQL: SELECT * FROM `blog_article_detail` WHERE `category_id` = '3' ORDER BY id asc LIMIT 0,3   [ RunTime:0.0004s ]
INFO: [ view_parse ] --START--
INFO: [ template_filter ] --START--
INFO: Run Behavior\ContentReplaceBehavior [ RunTime:0.000053s ]
INFO: [ template_filter ] --END-- [ RunTime:0.000138s ]
INFO: Run Behavior\ParseTemplateBehavior [ RunTime:0.007109s ]
INFO: [ view_parse ] --END-- [ RunTime:0.007201s ]
INFO: [ view_filter ] --START--
INFO: Run Behavior\WriteHtmlCacheBehavior [ RunTime:0.000384s ]
INFO: [ view_filter ] --END-- [ RunTime:0.000652s ]
INFO: [ app_end ] --START--
INFO: Run Behavior\ShowPageTraceBehavior [ RunTime:0.002352s ]
INFO: [ app_end ] --END-- [ RunTime:0.002729s ]

[ 2016-03-25T20:30:10+08:00 ] 127.0.0.1 /NewBlog/index.php?m=Home&c=Index&a=detail&id=34
INFO: [ app_init ] --START--
INFO: Run Behavior\BuildLiteBehavior [ RunTime:0.000020s ]
INFO: [ app_init ] --END-- [ RunTime:0.000471s ]
INFO: [ app_begin ] --START--
INFO: Run Behavior\ReadHtmlCacheBehavior [ RunTime:0.000516s ]
INFO: [ app_begin ] --END-- [ RunTime:0.000600s ]
SQL: SHOW COLUMNS FROM `blog_article_detail` [ RunTime:0.0029s ]
SQL: SELECT * FROM `blog_article_detail` WHERE `id` = 34 LIMIT 1   [ RunTime:0.0004s ]
SQL: SELECT COUNT(*) AS tp_count FROM `blog_article_detail` WHERE `category_id` = '3' LIMIT 1   [ RunTime:0.0003s ]
SQL: SELECT COUNT(*) AS tp_count FROM `blog_article_detail` WHERE `category_id` = '3' AND `id` < '34' LIMIT 1   [ RunTime:0.0004s ]
SQL: SELECT * FROM `blog_article_detail` WHERE `category_id` = '3' ORDER BY id asc LIMIT 0,2   [ RunTime:0.0003s ]
NOTIC: [8] Undefined offset: 2 D:\wamp\www\NewBlog\Class\Home\Model\ArticleDetailModel.class.php ç¬¬ 33 è¡Œ.
INFO: [ view_parse ] --START--
INFO: [ template_filter ] --START--
INFO: Run Behavior\ContentReplaceBehavior [ RunTime:0.000055s ]
INFO: [ template_filter ] --END-- [ RunTime:0.000142s ]
INFO: Run Behavior\ParseTemplateBehavior [ RunTime:0.007380s ]
INFO: [ view_parse ] --END-- [ RunTime:0.007476s ]
INFO: [ view_filter ] --START--
INFO: Run Behavior\WriteHtmlCacheBehavior [ RunTime:0.001148s ]
INFO: [ view_filter ] --END-- [ RunTime:0.001394s ]
INFO: [ app_end ] --START--
INFO: Run Behavior\ShowPageTraceBehavior [ RunTime:0.002247s ]
INFO: [ app_end ] --END-- [ RunTime:0.002429s ]

