[ 2016-04-25T22:58:43+08:00 ] ::1 /Blog/NewBlog/
INFO: [ app_init ] --START--
INFO: Run Behavior\BuildLiteBehavior [ RunTime:0.000068s ]
INFO: [ app_init ] --END-- [ RunTime:0.016749s ]
INFO: [ app_begin ] --START--
INFO: Run Behavior\ReadHtmlCacheBehavior [ RunTime:0.010720s ]
INFO: [ app_begin ] --END-- [ RunTime:0.011056s ]
SQL: SHOW COLUMNS FROM `blog_article_category` [ RunTime:0.0721s ]
SQL: SELECT * FROM `blog_article_category` WHERE `status` = 1  [ RunTime:0.0009s ]
NOTIC: [8] Undefined variable: arr C:\wamp\www\Blog\NewBlog\Class\Home\Common\function.php 第 15 行.
NOTIC: [8] Undefined variable: arr C:\wamp\www\Blog\NewBlog\Class\Home\Common\function.php 第 15 行.
NOTIC: [8] Undefined variable: arr C:\wamp\www\Blog\NewBlog\Class\Home\Common\function.php 第 15 行.
NOTIC: [8] Undefined variable: arr C:\wamp\www\Blog\NewBlog\Class\Home\Common\function.php 第 15 行.
NOTIC: [8] Undefined variable: arr C:\wamp\www\Blog\NewBlog\Class\Home\Common\function.php 第 15 行.
NOTIC: [8] Undefined variable: arr C:\wamp\www\Blog\NewBlog\Class\Home\Common\function.php 第 15 行.
SQL: SHOW COLUMNS FROM `blog_article_detail` [ RunTime:0.0441s ]
SQL: SELECT * FROM blog_article_detail ad WHERE ad.status = 1 AND `category_id` > 0 ORDER BY update_time desc LIMIT 0,4   [ RunTime:0.0243s ]
SQL: SELECT * FROM blog_article_detail ad WHERE ad.status = 1 AND `category_id` > 0 ORDER BY update_time desc LIMIT 0,6   [ RunTime:0.0016s ]
SQL: SELECT * FROM blog_article_detail ad WHERE ad.status = 1 AND `category_id` > 0 ORDER BY update_time desc  [ RunTime:0.0095s ]
SQL: SHOW COLUMNS FROM `blog_article_category` [ RunTime:0.0101s ]
SQL: SELECT * FROM `blog_article_category` WHERE `id` = 5 LIMIT 1   [ RunTime:0.0008s ]
INFO: [ view_parse ] --START--
INFO: [ template_filter ] --START--
INFO: Run Behavior\ContentReplaceBehavior [ RunTime:0.000368s ]
INFO: [ template_filter ] --END-- [ RunTime:0.000636s ]
NOTIC: [8] Undefined index: index_show C:\wamp\www\Blog\NewBlog\Class\Runtime\Cache\Home\019c94ce4980ea5b42b0fa88e5a3326f.php 第 104 行.
INFO: Run Behavior\ParseTemplateBehavior [ RunTime:0.127348s ]
INFO: [ view_parse ] --END-- [ RunTime:0.127548s ]
INFO: [ view_filter ] --START--
INFO: Run Behavior\WriteHtmlCacheBehavior [ RunTime:0.015147s ]
INFO: [ view_filter ] --END-- [ RunTime:0.015308s ]
INFO: [ app_end ] --START--
INFO: Run Behavior\ShowPageTraceBehavior [ RunTime:0.032782s ]
INFO: [ app_end ] --END-- [ RunTime:0.033075s ]

[ 2016-04-25T22:58:48+08:00 ] ::1 /Blog/NewBlog/index.php?m=Home&c=index&a=detail&id=34
INFO: [ app_init ] --START--
INFO: Run Behavior\BuildLiteBehavior [ RunTime:0.000039s ]
INFO: [ app_init ] --END-- [ RunTime:0.001472s ]
INFO: [ app_begin ] --START--
INFO: Run Behavior\ReadHtmlCacheBehavior [ RunTime:0.001429s ]
INFO: [ app_begin ] --END-- [ RunTime:0.001574s ]
SQL: SHOW COLUMNS FROM `blog_article_category` [ RunTime:0.0057s ]
SQL: SELECT * FROM `blog_article_category` WHERE `status` = 1  [ RunTime:0.0006s ]
NOTIC: [8] Undefined variable: arr C:\wamp\www\Blog\NewBlog\Class\Home\Common\function.php 第 15 行.
NOTIC: [8] Undefined variable: arr C:\wamp\www\Blog\NewBlog\Class\Home\Common\function.php 第 15 行.
NOTIC: [8] Undefined variable: arr C:\wamp\www\Blog\NewBlog\Class\Home\Common\function.php 第 15 行.
NOTIC: [8] Undefined variable: arr C:\wamp\www\Blog\NewBlog\Class\Home\Common\function.php 第 15 行.
NOTIC: [8] Undefined variable: arr C:\wamp\www\Blog\NewBlog\Class\Home\Common\function.php 第 15 行.
NOTIC: [8] Undefined variable: arr C:\wamp\www\Blog\NewBlog\Class\Home\Common\function.php 第 15 行.
SQL: SHOW COLUMNS FROM `blog_article_detail` [ RunTime:0.0053s ]
SQL: SELECT * FROM `blog_article_detail` WHERE `id` = 34 LIMIT 1   [ RunTime:0.0005s ]
SQL: SELECT COUNT(*) AS tp_count FROM `blog_article_detail` WHERE `category_id` = '10' LIMIT 1   [ RunTime:0.1535s ]
SQL: SELECT COUNT(*) AS tp_count FROM `blog_article_detail` WHERE `category_id` = '10' AND `id` < '34' LIMIT 1   [ RunTime:0.0094s ]
SQL: SELECT * FROM `blog_article_detail` WHERE `category_id` = '10' ORDER BY id asc LIMIT 0,2   [ RunTime:0.0005s ]
NOTIC: [8] Undefined offset: 2 C:\wamp\www\Blog\NewBlog\Class\Home\Model\ArticleDetailModel.class.php 第 33 行.
INFO: [ view_parse ] --START--
INFO: [ template_filter ] --START--
INFO: Run Behavior\ContentReplaceBehavior [ RunTime:0.000129s ]
INFO: [ template_filter ] --END-- [ RunTime:0.000307s ]
INFO: Run Behavior\ParseTemplateBehavior [ RunTime:0.023053s ]
INFO: [ view_parse ] --END-- [ RunTime:0.023203s ]
INFO: [ view_filter ] --START--
INFO: Run Behavior\WriteHtmlCacheBehavior [ RunTime:0.001258s ]
INFO: [ view_filter ] --END-- [ RunTime:0.001423s ]
INFO: [ app_end ] --START--
INFO: Run Behavior\ShowPageTraceBehavior [ RunTime:0.001457s ]
INFO: [ app_end ] --END-- [ RunTime:0.001583s ]

[ 2016-04-25T22:59:25+08:00 ] ::1 /Blog/NewBlog/index.php?m=Home&c=index&a=detail&id=34
INFO: [ app_init ] --START--
INFO: Run Behavior\BuildLiteBehavior [ RunTime:0.000043s ]
INFO: [ app_init ] --END-- [ RunTime:0.001287s ]
INFO: [ app_begin ] --START--
INFO: Run Behavior\ReadHtmlCacheBehavior [ RunTime:0.001168s ]
INFO: [ app_begin ] --END-- [ RunTime:0.001303s ]
SQL: SHOW COLUMNS FROM `blog_article_category` [ RunTime:0.0244s ]
SQL: SELECT * FROM `blog_article_category` WHERE `status` = 1  [ RunTime:0.0007s ]
NOTIC: [8] Undefined variable: arr C:\wamp\www\Blog\NewBlog\Class\Home\Common\function.php 第 15 行.
NOTIC: [8] Undefined variable: arr C:\wamp\www\Blog\NewBlog\Class\Home\Common\function.php 第 15 行.
NOTIC: [8] Undefined variable: arr C:\wamp\www\Blog\NewBlog\Class\Home\Common\function.php 第 15 行.
NOTIC: [8] Undefined variable: arr C:\wamp\www\Blog\NewBlog\Class\Home\Common\function.php 第 15 行.
NOTIC: [8] Undefined variable: arr C:\wamp\www\Blog\NewBlog\Class\Home\Common\function.php 第 15 行.
NOTIC: [8] Undefined variable: arr C:\wamp\www\Blog\NewBlog\Class\Home\Common\function.php 第 15 行.
SQL: SHOW COLUMNS FROM `blog_article_detail` [ RunTime:0.0054s ]
SQL: SELECT * FROM `blog_article_detail` WHERE `id` = 34 LIMIT 1   [ RunTime:0.0006s ]
SQL: SELECT COUNT(*) AS tp_count FROM `blog_article_detail` WHERE `category_id` = '10' LIMIT 1   [ RunTime:0.0005s ]
SQL: SELECT COUNT(*) AS tp_count FROM `blog_article_detail` WHERE `category_id` = '10' AND `id` < '34' LIMIT 1   [ RunTime:0.0005s ]
SQL: SELECT * FROM `blog_article_detail` WHERE `category_id` = '10' ORDER BY id asc LIMIT 0,2   [ RunTime:0.0006s ]
NOTIC: [8] Undefined offset: 2 C:\wamp\www\Blog\NewBlog\Class\Home\Model\ArticleDetailModel.class.php 第 33 行.
INFO: [ view_parse ] --START--
INFO: [ template_filter ] --START--
INFO: Run Behavior\ContentReplaceBehavior [ RunTime:0.000138s ]
INFO: [ template_filter ] --END-- [ RunTime:0.000279s ]
INFO: Run Behavior\ParseTemplateBehavior [ RunTime:0.021149s ]
INFO: [ view_parse ] --END-- [ RunTime:0.021293s ]
INFO: [ view_filter ] --START--
INFO: Run Behavior\WriteHtmlCacheBehavior [ RunTime:0.000873s ]
INFO: [ view_filter ] --END-- [ RunTime:0.000993s ]
INFO: [ app_end ] --START--
INFO: Run Behavior\ShowPageTraceBehavior [ RunTime:0.001203s ]
INFO: [ app_end ] --END-- [ RunTime:0.001326s ]

[ 2016-04-25T22:59:25+08:00 ] ::1 /Blog/NewBlog/index.php?m=Home&c=index&a=detail&id=34
INFO: [ app_init ] --START--
INFO: Run Behavior\BuildLiteBehavior [ RunTime:0.000034s ]
INFO: [ app_init ] --END-- [ RunTime:0.000873s ]
INFO: [ app_begin ] --START--
INFO: Run Behavior\ReadHtmlCacheBehavior [ RunTime:0.001382s ]
INFO: [ app_begin ] --END-- [ RunTime:0.001531s ]
SQL: SHOW COLUMNS FROM `blog_article_category` [ RunTime:0.0057s ]
SQL: SELECT * FROM `blog_article_category` WHERE `status` = 1  [ RunTime:0.0006s ]
NOTIC: [8] Undefined variable: arr C:\wamp\www\Blog\NewBlog\Class\Home\Common\function.php 第 15 行.
NOTIC: [8] Undefined variable: arr C:\wamp\www\Blog\NewBlog\Class\Home\Common\function.php 第 15 行.
NOTIC: [8] Undefined variable: arr C:\wamp\www\Blog\NewBlog\Class\Home\Common\function.php 第 15 行.
NOTIC: [8] Undefined variable: arr C:\wamp\www\Blog\NewBlog\Class\Home\Common\function.php 第 15 行.
NOTIC: [8] Undefined variable: arr C:\wamp\www\Blog\NewBlog\Class\Home\Common\function.php 第 15 行.
NOTIC: [8] Undefined variable: arr C:\wamp\www\Blog\NewBlog\Class\Home\Common\function.php 第 15 行.
SQL: SHOW COLUMNS FROM `blog_article_detail` [ RunTime:0.0054s ]
SQL: SELECT * FROM `blog_article_detail` WHERE `id` = 34 LIMIT 1   [ RunTime:0.0005s ]
SQL: SELECT COUNT(*) AS tp_count FROM `blog_article_detail` WHERE `category_id` = '10' LIMIT 1   [ RunTime:0.0007s ]
SQL: SELECT COUNT(*) AS tp_count FROM `blog_article_detail` WHERE `category_id` = '10' AND `id` < '34' LIMIT 1   [ RunTime:0.0007s ]
SQL: SELECT * FROM `blog_article_detail` WHERE `category_id` = '10' ORDER BY id asc LIMIT 0,2   [ RunTime:0.0006s ]
NOTIC: [8] Undefined offset: 2 C:\wamp\www\Blog\NewBlog\Class\Home\Model\ArticleDetailModel.class.php 第 33 行.
INFO: [ view_parse ] --START--
INFO: [ template_filter ] --START--
INFO: Run Behavior\ContentReplaceBehavior [ RunTime:0.000130s ]
INFO: [ template_filter ] --END-- [ RunTime:0.000269s ]
INFO: Run Behavior\ParseTemplateBehavior [ RunTime:0.021840s ]
INFO: [ view_parse ] --END-- [ RunTime:0.022010s ]
INFO: [ view_filter ] --START--
INFO: Run Behavior\WriteHtmlCacheBehavior [ RunTime:0.000983s ]
INFO: [ view_filter ] --END-- [ RunTime:0.001119s ]
INFO: [ app_end ] --START--
INFO: Run Behavior\ShowPageTraceBehavior [ RunTime:0.001155s ]
INFO: [ app_end ] --END-- [ RunTime:0.001274s ]

[ 2016-04-25T22:59:26+08:00 ] ::1 /Blog/NewBlog/index.php?m=Home&c=index&a=detail&id=34
INFO: [ app_init ] --START--
INFO: Run Behavior\BuildLiteBehavior [ RunTime:0.000114s ]
INFO: [ app_init ] --END-- [ RunTime:0.000802s ]
INFO: [ app_begin ] --START--
INFO: Run Behavior\ReadHtmlCacheBehavior [ RunTime:0.001227s ]
INFO: [ app_begin ] --END-- [ RunTime:0.001401s ]
SQL: SHOW COLUMNS FROM `blog_article_category` [ RunTime:0.0051s ]
SQL: SELECT * FROM `blog_article_category` WHERE `status` = 1  [ RunTime:0.0004s ]
NOTIC: [8] Undefined variable: arr C:\wamp\www\Blog\NewBlog\Class\Home\Common\function.php 第 15 行.
NOTIC: [8] Undefined variable: arr C:\wamp\www\Blog\NewBlog\Class\Home\Common\function.php 第 15 行.
NOTIC: [8] Undefined variable: arr C:\wamp\www\Blog\NewBlog\Class\Home\Common\function.php 第 15 行.
NOTIC: [8] Undefined variable: arr C:\wamp\www\Blog\NewBlog\Class\Home\Common\function.php 第 15 行.
NOTIC: [8] Undefined variable: arr C:\wamp\www\Blog\NewBlog\Class\Home\Common\function.php 第 15 行.
NOTIC: [8] Undefined variable: arr C:\wamp\www\Blog\NewBlog\Class\Home\Common\function.php 第 15 行.
SQL: SHOW COLUMNS FROM `blog_article_detail` [ RunTime:0.0069s ]
SQL: SELECT * FROM `blog_article_detail` WHERE `id` = 34 LIMIT 1   [ RunTime:0.0005s ]
SQL: SELECT COUNT(*) AS tp_count FROM `blog_article_detail` WHERE `category_id` = '10' LIMIT 1   [ RunTime:0.0004s ]
SQL: SELECT COUNT(*) AS tp_count FROM `blog_article_detail` WHERE `category_id` = '10' AND `id` < '34' LIMIT 1   [ RunTime:0.0003s ]
SQL: SELECT * FROM `blog_article_detail` WHERE `category_id` = '10' ORDER BY id asc LIMIT 0,2   [ RunTime:0.0004s ]
NOTIC: [8] Undefined offset: 2 C:\wamp\www\Blog\NewBlog\Class\Home\Model\ArticleDetailModel.class.php 第 33 行.
INFO: [ view_parse ] --START--
INFO: [ template_filter ] --START--
INFO: Run Behavior\ContentReplaceBehavior [ RunTime:0.000122s ]
INFO: [ template_filter ] --END-- [ RunTime:0.000258s ]
INFO: Run Behavior\ParseTemplateBehavior [ RunTime:0.022201s ]
INFO: [ view_parse ] --END-- [ RunTime:0.022359s ]
INFO: [ view_filter ] --START--
INFO: Run Behavior\WriteHtmlCacheBehavior [ RunTime:0.001211s ]
INFO: [ view_filter ] --END-- [ RunTime:0.001372s ]
INFO: [ app_end ] --START--
INFO: Run Behavior\ShowPageTraceBehavior [ RunTime:0.001171s ]
INFO: [ app_end ] --END-- [ RunTime:0.001296s ]

[ 2016-04-25T22:59:26+08:00 ] ::1 /Blog/NewBlog/index.php?m=Home&c=index&a=detail&id=34
INFO: [ app_init ] --START--
INFO: Run Behavior\BuildLiteBehavior [ RunTime:0.000034s ]
INFO: [ app_init ] --END-- [ RunTime:0.000979s ]
INFO: [ app_begin ] --START--
INFO: Run Behavior\ReadHtmlCacheBehavior [ RunTime:0.001414s ]
INFO: [ app_begin ] --END-- [ RunTime:0.001587s ]
SQL: SHOW COLUMNS FROM `blog_article_category` [ RunTime:0.0062s ]
SQL: SELECT * FROM `blog_article_category` WHERE `status` = 1  [ RunTime:0.0004s ]
NOTIC: [8] Undefined variable: arr C:\wamp\www\Blog\NewBlog\Class\Home\Common\function.php 第 15 行.
NOTIC: [8] Undefined variable: arr C:\wamp\www\Blog\NewBlog\Class\Home\Common\function.php 第 15 行.
NOTIC: [8] Undefined variable: arr C:\wamp\www\Blog\NewBlog\Class\Home\Common\function.php 第 15 行.
NOTIC: [8] Undefined variable: arr C:\wamp\www\Blog\NewBlog\Class\Home\Common\function.php 第 15 行.
NOTIC: [8] Undefined variable: arr C:\wamp\www\Blog\NewBlog\Class\Home\Common\function.php 第 15 行.
NOTIC: [8] Undefined variable: arr C:\wamp\www\Blog\NewBlog\Class\Home\Common\function.php 第 15 行.
SQL: SHOW COLUMNS FROM `blog_article_detail` [ RunTime:0.0057s ]
SQL: SELECT * FROM `blog_article_detail` WHERE `id` = 34 LIMIT 1   [ RunTime:0.0007s ]
SQL: SELECT COUNT(*) AS tp_count FROM `blog_article_detail` WHERE `category_id` = '10' LIMIT 1   [ RunTime:0.0004s ]
SQL: SELECT COUNT(*) AS tp_count FROM `blog_article_detail` WHERE `category_id` = '10' AND `id` < '34' LIMIT 1   [ RunTime:0.0003s ]
SQL: SELECT * FROM `blog_article_detail` WHERE `category_id` = '10' ORDER BY id asc LIMIT 0,2   [ RunTime:0.0004s ]
NOTIC: [8] Undefined offset: 2 C:\wamp\www\Blog\NewBlog\Class\Home\Model\ArticleDetailModel.class.php 第 33 行.
INFO: [ view_parse ] --START--
INFO: [ template_filter ] --START--
INFO: Run Behavior\ContentReplaceBehavior [ RunTime:0.000133s ]
INFO: [ template_filter ] --END-- [ RunTime:0.000281s ]
INFO: Run Behavior\ParseTemplateBehavior [ RunTime:0.022000s ]
INFO: [ view_parse ] --END-- [ RunTime:0.022161s ]
INFO: [ view_filter ] --START--
INFO: Run Behavior\WriteHtmlCacheBehavior [ RunTime:0.001232s ]
INFO: [ view_filter ] --END-- [ RunTime:0.001367s ]
INFO: [ app_end ] --START--
INFO: Run Behavior\ShowPageTraceBehavior [ RunTime:0.001585s ]
INFO: [ app_end ] --END-- [ RunTime:0.001736s ]

[ 2016-04-25T22:59:26+08:00 ] ::1 /Blog/NewBlog/index.php?m=Home&c=index&a=detail&id=34
INFO: [ app_init ] --START--
INFO: Run Behavior\BuildLiteBehavior [ RunTime:0.000036s ]
INFO: [ app_init ] --END-- [ RunTime:0.000677s ]
INFO: [ app_begin ] --START--
INFO: Run Behavior\ReadHtmlCacheBehavior [ RunTime:0.000802s ]
INFO: [ app_begin ] --END-- [ RunTime:0.000921s ]
SQL: SHOW COLUMNS FROM `blog_article_category` [ RunTime:0.0063s ]
SQL: SELECT * FROM `blog_article_category` WHERE `status` = 1  [ RunTime:0.0004s ]
NOTIC: [8] Undefined variable: arr C:\wamp\www\Blog\NewBlog\Class\Home\Common\function.php 第 15 行.
NOTIC: [8] Undefined variable: arr C:\wamp\www\Blog\NewBlog\Class\Home\Common\function.php 第 15 行.
NOTIC: [8] Undefined variable: arr C:\wamp\www\Blog\NewBlog\Class\Home\Common\function.php 第 15 行.
NOTIC: [8] Undefined variable: arr C:\wamp\www\Blog\NewBlog\Class\Home\Common\function.php 第 15 行.
NOTIC: [8] Undefined variable: arr C:\wamp\www\Blog\NewBlog\Class\Home\Common\function.php 第 15 行.
NOTIC: [8] Undefined variable: arr C:\wamp\www\Blog\NewBlog\Class\Home\Common\function.php 第 15 行.
SQL: SHOW COLUMNS FROM `blog_article_detail` [ RunTime:0.0055s ]
SQL: SELECT * FROM `blog_article_detail` WHERE `id` = 34 LIMIT 1   [ RunTime:0.0005s ]
SQL: SELECT COUNT(*) AS tp_count FROM `blog_article_detail` WHERE `category_id` = '10' LIMIT 1   [ RunTime:0.0003s ]
SQL: SELECT COUNT(*) AS tp_count FROM `blog_article_detail` WHERE `category_id` = '10' AND `id` < '34' LIMIT 1   [ RunTime:0.0003s ]
SQL: SELECT * FROM `blog_article_detail` WHERE `category_id` = '10' ORDER BY id asc LIMIT 0,2   [ RunTime:0.0004s ]
NOTIC: [8] Undefined offset: 2 C:\wamp\www\Blog\NewBlog\Class\Home\Model\ArticleDetailModel.class.php 第 33 行.
INFO: [ view_parse ] --START--
INFO: [ template_filter ] --START--
INFO: Run Behavior\ContentReplaceBehavior [ RunTime:0.000127s ]
INFO: [ template_filter ] --END-- [ RunTime:0.000262s ]
INFO: Run Behavior\ParseTemplateBehavior [ RunTime:0.020801s ]
INFO: [ view_parse ] --END-- [ RunTime:0.020945s ]
INFO: [ view_filter ] --START--
INFO: Run Behavior\WriteHtmlCacheBehavior [ RunTime:0.000798s ]
INFO: [ view_filter ] --END-- [ RunTime:0.000922s ]
INFO: [ app_end ] --START--
INFO: Run Behavior\ShowPageTraceBehavior [ RunTime:0.001039s ]
INFO: [ app_end ] --END-- [ RunTime:0.001157s ]

[ 2016-04-25T22:59:34+08:00 ] ::1 /Blog/NewBlog/index.php?m=Home&c=index&a=detail&id=34
INFO: [ app_init ] --START--
INFO: Run Behavior\BuildLiteBehavior [ RunTime:0.000076s ]
INFO: [ app_init ] --END-- [ RunTime:0.000812s ]
INFO: [ app_begin ] --START--
INFO: Run Behavior\ReadHtmlCacheBehavior [ RunTime:0.000820s ]
INFO: [ app_begin ] --END-- [ RunTime:0.000962s ]
SQL: SHOW COLUMNS FROM `blog_article_category` [ RunTime:0.0212s ]
SQL: SELECT * FROM `blog_article_category` WHERE `status` = 1  [ RunTime:0.0004s ]
NOTIC: [8] Undefined variable: arr C:\wamp\www\Blog\NewBlog\Class\Home\Common\function.php 第 15 行.
NOTIC: [8] Undefined variable: arr C:\wamp\www\Blog\NewBlog\Class\Home\Common\function.php 第 15 行.
NOTIC: [8] Undefined variable: arr C:\wamp\www\Blog\NewBlog\Class\Home\Common\function.php 第 15 行.
NOTIC: [8] Undefined variable: arr C:\wamp\www\Blog\NewBlog\Class\Home\Common\function.php 第 15 行.
NOTIC: [8] Undefined variable: arr C:\wamp\www\Blog\NewBlog\Class\Home\Common\function.php 第 15 行.
NOTIC: [8] Undefined variable: arr C:\wamp\www\Blog\NewBlog\Class\Home\Common\function.php 第 15 行.
SQL: SHOW COLUMNS FROM `blog_article_detail` [ RunTime:0.0052s ]
SQL: SELECT * FROM `blog_article_detail` WHERE `id` = 34 LIMIT 1   [ RunTime:0.0004s ]
SQL: SELECT COUNT(*) AS tp_count FROM `blog_article_detail` WHERE `category_id` = '10' LIMIT 1   [ RunTime:0.0003s ]
SQL: SELECT COUNT(*) AS tp_count FROM `blog_article_detail` WHERE `category_id` = '10' AND `id` < '34' LIMIT 1   [ RunTime:0.0006s ]
SQL: SELECT * FROM `blog_article_detail` WHERE `category_id` = '10' ORDER BY id asc LIMIT 0,2   [ RunTime:0.0007s ]
NOTIC: [8] Undefined offset: 2 C:\wamp\www\Blog\NewBlog\Class\Home\Model\ArticleDetailModel.class.php 第 33 行.
INFO: [ view_parse ] --START--
INFO: [ template_filter ] --START--
INFO: Run Behavior\ContentReplaceBehavior [ RunTime:0.000125s ]
INFO: [ template_filter ] --END-- [ RunTime:0.000263s ]
INFO: Run Behavior\ParseTemplateBehavior [ RunTime:0.020875s ]
INFO: [ view_parse ] --END-- [ RunTime:0.021040s ]
INFO: [ view_filter ] --START--
INFO: Run Behavior\WriteHtmlCacheBehavior [ RunTime:0.000759s ]
INFO: [ view_filter ] --END-- [ RunTime:0.000877s ]
INFO: [ app_end ] --START--
INFO: Run Behavior\ShowPageTraceBehavior [ RunTime:0.001160s ]
INFO: [ app_end ] --END-- [ RunTime:0.001285s ]

[ 2016-04-25T22:59:34+08:00 ] ::1 /Blog/NewBlog/index.php?m=Home&c=index&a=detail&id=34
INFO: [ app_init ] --START--
INFO: Run Behavior\BuildLiteBehavior [ RunTime:0.000033s ]
INFO: [ app_init ] --END-- [ RunTime:0.000899s ]
INFO: [ app_begin ] --START--
INFO: Run Behavior\ReadHtmlCacheBehavior [ RunTime:0.001746s ]
INFO: [ app_begin ] --END-- [ RunTime:0.001951s ]
SQL: SHOW COLUMNS FROM `blog_article_category` [ RunTime:0.0067s ]
SQL: SELECT * FROM `blog_article_category` WHERE `status` = 1  [ RunTime:0.0005s ]
NOTIC: [8] Undefined variable: arr C:\wamp\www\Blog\NewBlog\Class\Home\Common\function.php 第 15 行.
NOTIC: [8] Undefined variable: arr C:\wamp\www\Blog\NewBlog\Class\Home\Common\function.php 第 15 行.
NOTIC: [8] Undefined variable: arr C:\wamp\www\Blog\NewBlog\Class\Home\Common\function.php 第 15 行.
NOTIC: [8] Undefined variable: arr C:\wamp\www\Blog\NewBlog\Class\Home\Common\function.php 第 15 行.
NOTIC: [8] Undefined variable: arr C:\wamp\www\Blog\NewBlog\Class\Home\Common\function.php 第 15 行.
NOTIC: [8] Undefined variable: arr C:\wamp\www\Blog\NewBlog\Class\Home\Common\function.php 第 15 行.
SQL: SHOW COLUMNS FROM `blog_article_detail` [ RunTime:0.0060s ]
SQL: SELECT * FROM `blog_article_detail` WHERE `id` = 34 LIMIT 1   [ RunTime:0.0005s ]
SQL: SELECT COUNT(*) AS tp_count FROM `blog_article_detail` WHERE `category_id` = '10' LIMIT 1   [ RunTime:0.0003s ]
SQL: SELECT COUNT(*) AS tp_count FROM `blog_article_detail` WHERE `category_id` = '10' AND `id` < '34' LIMIT 1   [ RunTime:0.0003s ]
SQL: SELECT * FROM `blog_article_detail` WHERE `category_id` = '10' ORDER BY id asc LIMIT 0,2   [ RunTime:0.0004s ]
NOTIC: [8] Undefined offset: 2 C:\wamp\www\Blog\NewBlog\Class\Home\Model\ArticleDetailModel.class.php 第 33 行.
INFO: [ view_parse ] --START--
INFO: [ template_filter ] --START--
INFO: Run Behavior\ContentReplaceBehavior [ RunTime:0.000119s ]
INFO: [ template_filter ] --END-- [ RunTime:0.000255s ]
INFO: Run Behavior\ParseTemplateBehavior [ RunTime:0.022384s ]
INFO: [ view_parse ] --END-- [ RunTime:0.022529s ]
INFO: [ view_filter ] --START--
INFO: Run Behavior\WriteHtmlCacheBehavior [ RunTime:0.001002s ]
INFO: [ view_filter ] --END-- [ RunTime:0.001137s ]
INFO: [ app_end ] --START--
INFO: Run Behavior\ShowPageTraceBehavior [ RunTime:0.001606s ]
INFO: [ app_end ] --END-- [ RunTime:0.001769s ]

[ 2016-04-25T22:59:34+08:00 ] ::1 /Blog/NewBlog/index.php?m=Home&c=index&a=detail&id=34
INFO: [ app_init ] --START--
INFO: Run Behavior\BuildLiteBehavior [ RunTime:0.000045s ]
INFO: [ app_init ] --END-- [ RunTime:0.001091s ]
INFO: [ app_begin ] --START--
INFO: Run Behavior\ReadHtmlCacheBehavior [ RunTime:0.001413s ]
INFO: [ app_begin ] --END-- [ RunTime:0.001606s ]
SQL: SHOW COLUMNS FROM `blog_article_category` [ RunTime:0.0058s ]
SQL: SELECT * FROM `blog_article_category` WHERE `status` = 1  [ RunTime:0.0004s ]
NOTIC: [8] Undefined variable: arr C:\wamp\www\Blog\NewBlog\Class\Home\Common\function.php 第 15 行.
NOTIC: [8] Undefined variable: arr C:\wamp\www\Blog\NewBlog\Class\Home\Common\function.php 第 15 行.
NOTIC: [8] Undefined variable: arr C:\wamp\www\Blog\NewBlog\Class\Home\Common\function.php 第 15 行.
NOTIC: [8] Undefined variable: arr C:\wamp\www\Blog\NewBlog\Class\Home\Common\function.php 第 15 行.
NOTIC: [8] Undefined variable: arr C:\wamp\www\Blog\NewBlog\Class\Home\Common\function.php 第 15 行.
NOTIC: [8] Undefined variable: arr C:\wamp\www\Blog\NewBlog\Class\Home\Common\function.php 第 15 行.
SQL: SHOW COLUMNS FROM `blog_article_detail` [ RunTime:0.0058s ]
SQL: SELECT * FROM `blog_article_detail` WHERE `id` = 34 LIMIT 1   [ RunTime:0.0005s ]
SQL: SELECT COUNT(*) AS tp_count FROM `blog_article_detail` WHERE `category_id` = '10' LIMIT 1   [ RunTime:0.0003s ]
SQL: SELECT COUNT(*) AS tp_count FROM `blog_article_detail` WHERE `category_id` = '10' AND `id` < '34' LIMIT 1   [ RunTime:0.0003s ]
SQL: SELECT * FROM `blog_article_detail` WHERE `category_id` = '10' ORDER BY id asc LIMIT 0,2   [ RunTime:0.0004s ]
NOTIC: [8] Undefined offset: 2 C:\wamp\www\Blog\NewBlog\Class\Home\Model\ArticleDetailModel.class.php 第 33 行.
INFO: [ view_parse ] --START--
INFO: [ template_filter ] --START--
INFO: Run Behavior\ContentReplaceBehavior [ RunTime:0.000134s ]
INFO: [ template_filter ] --END-- [ RunTime:0.000280s ]
INFO: Run Behavior\ParseTemplateBehavior [ RunTime:0.022970s ]
INFO: [ view_parse ] --END-- [ RunTime:0.023112s ]
INFO: [ view_filter ] --START--
INFO: Run Behavior\WriteHtmlCacheBehavior [ RunTime:0.000978s ]
INFO: [ view_filter ] --END-- [ RunTime:0.001102s ]
INFO: [ app_end ] --START--
INFO: Run Behavior\ShowPageTraceBehavior [ RunTime:0.001324s ]
INFO: [ app_end ] --END-- [ RunTime:0.001463s ]

[ 2016-04-25T23:05:31+08:00 ] ::1 /Blog/NewBlog/
INFO: [ app_init ] --START--
INFO: Run Behavior\BuildLiteBehavior [ RunTime:0.000044s ]
INFO: [ app_init ] --END-- [ RunTime:0.001050s ]
INFO: [ app_begin ] --START--
INFO: Run Behavior\ReadHtmlCacheBehavior [ RunTime:0.001041s ]
INFO: [ app_begin ] --END-- [ RunTime:0.001192s ]
SQL: SHOW COLUMNS FROM `blog_article_category` [ RunTime:0.0223s ]
SQL: SELECT * FROM `blog_article_category` WHERE `status` = 1  [ RunTime:0.0004s ]
NOTIC: [8] Undefined variable: arr C:\wamp\www\Blog\NewBlog\Class\Home\Common\function.php 第 15 行.
NOTIC: [8] Undefined variable: arr C:\wamp\www\Blog\NewBlog\Class\Home\Common\function.php 第 15 行.
NOTIC: [8] Undefined variable: arr C:\wamp\www\Blog\NewBlog\Class\Home\Common\function.php 第 15 行.
NOTIC: [8] Undefined variable: arr C:\wamp\www\Blog\NewBlog\Class\Home\Common\function.php 第 15 行.
NOTIC: [8] Undefined variable: arr C:\wamp\www\Blog\NewBlog\Class\Home\Common\function.php 第 15 行.
NOTIC: [8] Undefined variable: arr C:\wamp\www\Blog\NewBlog\Class\Home\Common\function.php 第 15 行.
SQL: SHOW COLUMNS FROM `blog_article_detail` [ RunTime:0.0060s ]
SQL: SELECT * FROM blog_article_detail ad WHERE ad.status = 1 AND `category_id` > 0 ORDER BY update_time desc LIMIT 0,4   [ RunTime:0.0014s ]
SQL: SELECT * FROM blog_article_detail ad WHERE ad.status = 1 AND `category_id` > 0 ORDER BY update_time desc LIMIT 0,6   [ RunTime:0.0009s ]
SQL: SELECT * FROM blog_article_detail ad WHERE ad.status = 1 AND `category_id` > 0 ORDER BY update_time desc  [ RunTime:0.0027s ]
SQL: SHOW COLUMNS FROM `blog_article_category` [ RunTime:0.0052s ]
SQL: SELECT * FROM `blog_article_category` WHERE `id` = 5 LIMIT 1   [ RunTime:0.0003s ]
INFO: [ view_parse ] --START--
INFO: [ template_filter ] --START--
INFO: Run Behavior\ContentReplaceBehavior [ RunTime:0.000202s ]
INFO: [ template_filter ] --END-- [ RunTime:0.000355s ]
NOTIC: [8] Undefined index: index_show C:\wamp\www\Blog\NewBlog\Class\Runtime\Cache\Home\019c94ce4980ea5b42b0fa88e5a3326f.php 第 104 行.
INFO: Run Behavior\ParseTemplateBehavior [ RunTime:0.030019s ]
INFO: [ view_parse ] --END-- [ RunTime:0.030151s ]
INFO: [ view_filter ] --START--
INFO: Run Behavior\WriteHtmlCacheBehavior [ RunTime:0.000902s ]
INFO: [ view_filter ] --END-- [ RunTime:0.001023s ]
INFO: [ app_end ] --START--
INFO: Run Behavior\ShowPageTraceBehavior [ RunTime:0.001233s ]
INFO: [ app_end ] --END-- [ RunTime:0.001358s ]

[ 2016-04-25T23:05:34+08:00 ] ::1 /Blog/NewBlog/index.php?m=Home&c=index&a=detail&id=34
INFO: [ app_init ] --START--
INFO: Run Behavior\BuildLiteBehavior [ RunTime:0.000042s ]
INFO: [ app_init ] --END-- [ RunTime:0.000861s ]
INFO: [ app_begin ] --START--
INFO: Run Behavior\ReadHtmlCacheBehavior [ RunTime:0.001117s ]
INFO: [ app_begin ] --END-- [ RunTime:0.001318s ]
SQL: SHOW COLUMNS FROM `blog_article_category` [ RunTime:0.0247s ]
SQL: SELECT * FROM `blog_article_category` WHERE `status` = 1  [ RunTime:0.0008s ]
NOTIC: [8] Undefined variable: arr C:\wamp\www\Blog\NewBlog\Class\Home\Common\function.php 第 15 行.
NOTIC: [8] Undefined variable: arr C:\wamp\www\Blog\NewBlog\Class\Home\Common\function.php 第 15 行.
NOTIC: [8] Undefined variable: arr C:\wamp\www\Blog\NewBlog\Class\Home\Common\function.php 第 15 行.
NOTIC: [8] Undefined variable: arr C:\wamp\www\Blog\NewBlog\Class\Home\Common\function.php 第 15 行.
NOTIC: [8] Undefined variable: arr C:\wamp\www\Blog\NewBlog\Class\Home\Common\function.php 第 15 行.
NOTIC: [8] Undefined variable: arr C:\wamp\www\Blog\NewBlog\Class\Home\Common\function.php 第 15 行.
SQL: SHOW COLUMNS FROM `blog_article_detail` [ RunTime:0.0093s ]
SQL: SELECT * FROM `blog_article_detail` WHERE `id` = 34 LIMIT 1   [ RunTime:0.0009s ]
SQL: SELECT COUNT(*) AS tp_count FROM `blog_article_detail` WHERE `category_id` = '10' LIMIT 1   [ RunTime:0.0008s ]
SQL: SELECT COUNT(*) AS tp_count FROM `blog_article_detail` WHERE `category_id` = '10' AND `id` < '34' LIMIT 1   [ RunTime:0.0008s ]
SQL: SELECT * FROM `blog_article_detail` WHERE `category_id` = '10' ORDER BY id asc LIMIT 0,2   [ RunTime:0.0008s ]
NOTIC: [8] Undefined offset: 2 C:\wamp\www\Blog\NewBlog\Class\Home\Model\ArticleDetailModel.class.php 第 33 行.
INFO: [ view_parse ] --START--
INFO: [ template_filter ] --START--
INFO: Run Behavior\ContentReplaceBehavior [ RunTime:0.000168s ]
INFO: [ template_filter ] --END-- [ RunTime:0.000386s ]
INFO: Run Behavior\ParseTemplateBehavior [ RunTime:0.027638s ]
INFO: [ view_parse ] --END-- [ RunTime:0.027868s ]
INFO: [ view_filter ] --START--
INFO: Run Behavior\WriteHtmlCacheBehavior [ RunTime:0.001421s ]
INFO: [ view_filter ] --END-- [ RunTime:0.001785s ]
INFO: [ app_end ] --START--
INFO: Run Behavior\ShowPageTraceBehavior [ RunTime:0.001533s ]
INFO: [ app_end ] --END-- [ RunTime:0.001705s ]

