[ 2016-04-15T21:12:57+08:00 ] ::1 /NewBlog/
INFO: [ app_init ] --START--
INFO: Run Behavior\BuildLiteBehavior [ RunTime:0.000089s ]
INFO: [ app_init ] --END-- [ RunTime:0.002546s ]
INFO: [ app_begin ] --START--
INFO: Run Behavior\ReadHtmlCacheBehavior [ RunTime:0.003218s ]
INFO: [ app_begin ] --END-- [ RunTime:0.003691s ]
SQL: SHOW COLUMNS FROM `blog_article_category` [ RunTime:0.0139s ]
SQL: SELECT * FROM `blog_article_category` WHERE `status` = 1  [ RunTime:0.0012s ]
NOTIC: [8] Undefined variable: arr F:\wamp\www\NewBlog\Class\Home\Common\function.php 第 15 行.
NOTIC: [8] Undefined variable: arr F:\wamp\www\NewBlog\Class\Home\Common\function.php 第 15 行.
NOTIC: [8] Undefined variable: arr F:\wamp\www\NewBlog\Class\Home\Common\function.php 第 15 行.
NOTIC: [8] Undefined variable: arr F:\wamp\www\NewBlog\Class\Home\Common\function.php 第 15 行.
NOTIC: [8] Undefined variable: arr F:\wamp\www\NewBlog\Class\Home\Common\function.php 第 15 行.
NOTIC: [8] Undefined variable: arr F:\wamp\www\NewBlog\Class\Home\Common\function.php 第 15 行.
SQL: SHOW COLUMNS FROM `blog_article_detail` [ RunTime:0.0115s ]
SQL: SELECT * FROM blog_article_detail ad WHERE ad.status = 1 AND `category_id` > 0 ORDER BY update_time desc LIMIT 0,4   [ RunTime:0.0051s ]
SQL: SELECT * FROM blog_article_detail ad WHERE ad.status = 1 AND `category_id` > 0 ORDER BY update_time desc LIMIT 0,6   [ RunTime:0.0019s ]
SQL: SELECT * FROM blog_article_detail ad WHERE ad.status = 1 AND `category_id` > 0 ORDER BY update_time desc  [ RunTime:0.0058s ]
SQL: SHOW COLUMNS FROM `blog_article_category` [ RunTime:0.0126s ]
SQL: SELECT * FROM `blog_article_category` WHERE `id` = 5 LIMIT 1   [ RunTime:0.0012s ]
INFO: [ view_parse ] --START--
INFO: [ template_filter ] --START--
INFO: Run Behavior\ContentReplaceBehavior [ RunTime:0.000333s ]
INFO: [ template_filter ] --END-- [ RunTime:0.000773s ]
NOTIC: [8] Undefined index: index_show F:\wamp\www\NewBlog\Class\Runtime\Cache\Home\019c94ce4980ea5b42b0fa88e5a3326f.php 第 104 行.
INFO: Run Behavior\ParseTemplateBehavior [ RunTime:0.094883s ]
INFO: [ view_parse ] --END-- [ RunTime:0.095344s ]
INFO: [ view_filter ] --START--
INFO: Run Behavior\WriteHtmlCacheBehavior [ RunTime:0.002310s ]
INFO: [ view_filter ] --END-- [ RunTime:0.002658s ]
INFO: [ app_end ] --START--
INFO: Run Behavior\ShowPageTraceBehavior [ RunTime:0.002777s ]
INFO: [ app_end ] --END-- [ RunTime:0.003048s ]

[ 2016-04-15T21:32:47+08:00 ] ::1 /NewBlog/
INFO: [ app_init ] --START--
INFO: Run Behavior\BuildLiteBehavior [ RunTime:0.000034s ]
INFO: [ app_init ] --END-- [ RunTime:0.000924s ]
INFO: [ app_begin ] --START--
INFO: Run Behavior\ReadHtmlCacheBehavior [ RunTime:0.003254s ]
INFO: [ app_begin ] --END-- [ RunTime:0.003546s ]
SQL: SHOW COLUMNS FROM `blog_article_category` [ RunTime:0.0078s ]
SQL: SELECT * FROM `blog_article_category` WHERE `status` = 1  [ RunTime:0.0009s ]
NOTIC: [8] Undefined variable: arr F:\wamp\www\NewBlog\Class\Home\Common\function.php 第 15 行.
NOTIC: [8] Undefined variable: arr F:\wamp\www\NewBlog\Class\Home\Common\function.php 第 15 行.
NOTIC: [8] Undefined variable: arr F:\wamp\www\NewBlog\Class\Home\Common\function.php 第 15 行.
NOTIC: [8] Undefined variable: arr F:\wamp\www\NewBlog\Class\Home\Common\function.php 第 15 行.
NOTIC: [8] Undefined variable: arr F:\wamp\www\NewBlog\Class\Home\Common\function.php 第 15 行.
NOTIC: [8] Undefined variable: arr F:\wamp\www\NewBlog\Class\Home\Common\function.php 第 15 行.
SQL: SHOW COLUMNS FROM `blog_article_detail` [ RunTime:0.0103s ]
SQL: SELECT * FROM blog_article_detail ad WHERE ad.status = 1 AND `category_id` > 0 ORDER BY update_time desc LIMIT 0,4   [ RunTime:0.0010s ]
SQL: SELECT * FROM blog_article_detail ad WHERE ad.status = 1 AND `category_id` > 0 ORDER BY update_time desc LIMIT 0,6   [ RunTime:0.0013s ]
SQL: SELECT * FROM blog_article_detail ad WHERE ad.status = 1 AND `category_id` > 0 ORDER BY update_time desc  [ RunTime:0.0020s ]
SQL: SHOW COLUMNS FROM `blog_article_category` [ RunTime:0.0072s ]
SQL: SELECT * FROM `blog_article_category` WHERE `id` = 5 LIMIT 1   [ RunTime:0.0003s ]
INFO: [ view_parse ] --START--
INFO: [ template_filter ] --START--
INFO: Run Behavior\ContentReplaceBehavior [ RunTime:0.000310s ]
INFO: [ template_filter ] --END-- [ RunTime:0.001178s ]
NOTIC: [8] Undefined index: index_show F:\wamp\www\NewBlog\Class\Runtime\Cache\Home\019c94ce4980ea5b42b0fa88e5a3326f.php 第 104 行.
INFO: Run Behavior\ParseTemplateBehavior [ RunTime:0.043867s ]
INFO: [ view_parse ] --END-- [ RunTime:0.044135s ]
INFO: [ view_filter ] --START--
INFO: Run Behavior\WriteHtmlCacheBehavior [ RunTime:0.001245s ]
INFO: [ view_filter ] --END-- [ RunTime:0.001456s ]
INFO: [ app_end ] --START--
INFO: Run Behavior\ShowPageTraceBehavior [ RunTime:0.003718s ]
INFO: [ app_end ] --END-- [ RunTime:0.004278s ]

[ 2016-04-15T21:33:21+08:00 ] ::1 /NewBlog/
INFO: [ app_init ] --START--
INFO: Run Behavior\BuildLiteBehavior [ RunTime:0.000059s ]
INFO: [ app_init ] --END-- [ RunTime:0.003347s ]
INFO: [ app_begin ] --START--
INFO: Run Behavior\ReadHtmlCacheBehavior [ RunTime:0.001556s ]
INFO: [ app_begin ] --END-- [ RunTime:0.001854s ]
SQL: SHOW COLUMNS FROM `blog_article_category` [ RunTime:0.0069s ]
SQL: SELECT * FROM `blog_article_category` WHERE `status` = 1  [ RunTime:0.0006s ]
NOTIC: [8] Undefined variable: arr F:\wamp\www\NewBlog\Class\Home\Common\function.php 第 15 行.
NOTIC: [8] Undefined variable: arr F:\wamp\www\NewBlog\Class\Home\Common\function.php 第 15 行.
NOTIC: [8] Undefined variable: arr F:\wamp\www\NewBlog\Class\Home\Common\function.php 第 15 行.
NOTIC: [8] Undefined variable: arr F:\wamp\www\NewBlog\Class\Home\Common\function.php 第 15 行.
NOTIC: [8] Undefined variable: arr F:\wamp\www\NewBlog\Class\Home\Common\function.php 第 15 行.
NOTIC: [8] Undefined variable: arr F:\wamp\www\NewBlog\Class\Home\Common\function.php 第 15 行.
SQL: SHOW COLUMNS FROM `blog_article_detail` [ RunTime:0.0070s ]
SQL: SELECT * FROM blog_article_detail ad WHERE ad.status = 1 AND `category_id` > 0 ORDER BY update_time desc LIMIT 0,4   [ RunTime:0.0011s ]
SQL: SELECT * FROM blog_article_detail ad WHERE ad.status = 1 AND `category_id` > 0 ORDER BY update_time desc LIMIT 0,6   [ RunTime:0.0014s ]
SQL: SELECT * FROM blog_article_detail ad WHERE ad.status = 1 AND `category_id` > 0 ORDER BY update_time desc  [ RunTime:0.0034s ]
SQL: SHOW COLUMNS FROM `blog_article_category` [ RunTime:0.0059s ]
SQL: SELECT * FROM `blog_article_category` WHERE `id` = 5 LIMIT 1   [ RunTime:0.0005s ]
INFO: [ view_parse ] --START--
INFO: [ template_filter ] --START--
INFO: Run Behavior\ContentReplaceBehavior [ RunTime:0.000208s ]
INFO: [ template_filter ] --END-- [ RunTime:0.000493s ]
NOTIC: [8] Undefined index: index_show F:\wamp\www\NewBlog\Class\Runtime\Cache\Home\019c94ce4980ea5b42b0fa88e5a3326f.php 第 104 行.
INFO: Run Behavior\ParseTemplateBehavior [ RunTime:0.047101s ]
INFO: [ view_parse ] --END-- [ RunTime:0.047364s ]
INFO: [ view_filter ] --START--
INFO: Run Behavior\WriteHtmlCacheBehavior [ RunTime:0.001310s ]
INFO: [ view_filter ] --END-- [ RunTime:0.001550s ]
INFO: [ app_end ] --START--
INFO: Run Behavior\ShowPageTraceBehavior [ RunTime:0.001874s ]
INFO: [ app_end ] --END-- [ RunTime:0.002234s ]

[ 2016-04-15T21:33:58+08:00 ] ::1 /NewBlog/
INFO: [ app_init ] --START--
INFO: Run Behavior\BuildLiteBehavior [ RunTime:0.000056s ]
INFO: [ app_init ] --END-- [ RunTime:0.001206s ]
INFO: [ app_begin ] --START--
INFO: Run Behavior\ReadHtmlCacheBehavior [ RunTime:0.001480s ]
INFO: [ app_begin ] --END-- [ RunTime:0.001755s ]
SQL: SHOW COLUMNS FROM `blog_article_category` [ RunTime:0.0071s ]
SQL: SELECT * FROM `blog_article_category` WHERE `status` = 1  [ RunTime:0.0006s ]
NOTIC: [8] Undefined variable: arr F:\wamp\www\NewBlog\Class\Home\Common\function.php 第 15 行.
NOTIC: [8] Undefined variable: arr F:\wamp\www\NewBlog\Class\Home\Common\function.php 第 15 行.
NOTIC: [8] Undefined variable: arr F:\wamp\www\NewBlog\Class\Home\Common\function.php 第 15 行.
NOTIC: [8] Undefined variable: arr F:\wamp\www\NewBlog\Class\Home\Common\function.php 第 15 行.
NOTIC: [8] Undefined variable: arr F:\wamp\www\NewBlog\Class\Home\Common\function.php 第 15 行.
NOTIC: [8] Undefined variable: arr F:\wamp\www\NewBlog\Class\Home\Common\function.php 第 15 行.
SQL: SHOW COLUMNS FROM `blog_article_detail` [ RunTime:0.0084s ]
SQL: SELECT * FROM blog_article_detail ad WHERE ad.status = 1 AND `category_id` > 0 ORDER BY update_time desc LIMIT 0,4   [ RunTime:0.0011s ]
SQL: SELECT * FROM blog_article_detail ad WHERE ad.status = 1 AND `category_id` > 0 ORDER BY update_time desc LIMIT 0,6   [ RunTime:0.0012s ]
SQL: SELECT * FROM blog_article_detail ad WHERE ad.status = 1 AND `category_id` > 0 ORDER BY update_time desc  [ RunTime:0.0033s ]
SQL: SHOW COLUMNS FROM `blog_article_category` [ RunTime:0.0072s ]
SQL: SELECT * FROM `blog_article_category` WHERE `id` = 5 LIMIT 1   [ RunTime:0.0005s ]
INFO: [ view_parse ] --START--
INFO: [ template_filter ] --START--
INFO: Run Behavior\ContentReplaceBehavior [ RunTime:0.000203s ]
INFO: [ template_filter ] --END-- [ RunTime:0.000472s ]
NOTIC: [8] Undefined index: index_show F:\wamp\www\NewBlog\Class\Runtime\Cache\Home\019c94ce4980ea5b42b0fa88e5a3326f.php 第 104 行.
INFO: Run Behavior\ParseTemplateBehavior [ RunTime:0.046054s ]
INFO: [ view_parse ] --END-- [ RunTime:0.046320s ]
INFO: [ view_filter ] --START--
INFO: Run Behavior\WriteHtmlCacheBehavior [ RunTime:0.001287s ]
INFO: [ view_filter ] --END-- [ RunTime:0.001481s ]
INFO: [ app_end ] --START--
INFO: Run Behavior\ShowPageTraceBehavior [ RunTime:0.001298s ]
INFO: [ app_end ] --END-- [ RunTime:0.001496s ]

